Loading plugins phase: Elapsed time ==> 0s.410ms
<CYPRESSTAG name="CyDsfit arguments...">
cydsfit arguments: -.fdsnotice -.fdswarpdepfile=warp_dependencies.txt -.fdselabdepfile=elab_dependencies.txt -.fdsbldfile=generated_files.txt -.fdsreffile=referenced_files.txt -p D:\CYTEST\MyELock\eLock\MyELock.cydsn\MyELock.cyprj -d CY8C4247LQI-BL483 -s D:\CYTEST\MyELock\eLock\MyELock.cydsn\Generated_Source\PSoC4 -- -yv2 -q10 -ygs -o2 -v3 -.fftcfgtype=LE
</CYPRESSTAG>
<CYPRESSTAG name="Design elaboration results...">
</CYPRESSTAG>
Elaboration phase: Elapsed time ==> 4s.346ms
<CYPRESSTAG name="HDL generation results...">
</CYPRESSTAG>
HDL generation phase: Elapsed time ==> 0s.090ms
<CYPRESSTAG name="Synthesis results...">

     | | | | | | |
   _________________
  -|               |-
  -|               |-
  -|               |-
  -|    CYPRESS    |-
  -|               |-
  -|               |-   Warp Verilog Synthesis Compiler: Version 6.3 IR 41
  -|               |-   Copyright (C) 1991-2001 Cypress Semiconductor
   |_______________|
     | | | | | | |

======================================================================
Compiling:  MyELock.v
Program  :   C:\Program Files (x86)\Cypress\PSoC Creator\4.2\PSoC Creator\warp\bin\warp.exe
Options  :    -yv2 -q10 -ygs -o2 -v3 -.fftcfgtype=LE -ya -.fftprj=D:\CYTEST\MyELock\eLock\MyELock.cydsn\MyELock.cyprj -dcpsoc3 MyELock.v -verilog
======================================================================

======================================================================
Compiling:  MyELock.v
Program  :   C:\Program Files (x86)\Cypress\PSoC Creator\4.2\PSoC Creator\warp\bin\warp.exe
Options  :    -yv2 -q10 -ygs -o2 -v3 -.fftcfgtype=LE -ya -.fftprj=D:\CYTEST\MyELock\eLock\MyELock.cydsn\MyELock.cyprj -dcpsoc3 MyELock.v -verilog
======================================================================

======================================================================
Compiling:  MyELock.v
Program  :   vlogfe
Options  :    -yv2 -q10 -ygs -o2 -v3 -.fftcfgtype=LE -ya -.fftprj=D:\CYTEST\MyELock\eLock\MyELock.cydsn\MyELock.cyprj -dcpsoc3 -verilog MyELock.v
======================================================================

vlogfe V6.3 IR 41:  Verilog parser
Thu Dec 20 19:39:34 2018


======================================================================
Compiling:  MyELock.v
Program  :   vpp
Options  :    -yv2 -q10 MyELock.v
======================================================================

vpp V6.3 IR 41:  Verilog Pre-Processor
Thu Dec 20 19:39:34 2018

Flattening file 'C:\Program Files (x86)\Cypress\PSoC Creator\4.2\PSoC Creator\psoc\content\CyPrimitives\cyprimitives.cylib\cy_virtualmux_v1_0\cy_virtualmux_v1_0.v'
Flattening file 'C:\Program Files (x86)\Cypress\PSoC Creator\4.2\PSoC Creator\psoc\content\CyPrimitives\cyprimitives.cylib\or_v1_0\or_v1_0.v'
Flattening file 'C:\Program Files (x86)\Cypress\PSoC Creator\4.2\PSoC Creator\psoc\content\CyPrimitives\cyprimitives.cylib\cy_constant_v1_0\cy_constant_v1_0.v'
Flattening file 'C:\Program Files (x86)\Cypress\PSoC Creator\4.2\PSoC Creator\psoc\content\CyPrimitives\cyprimitives.cylib\OneTerminal\OneTerminal.v'
Flattening file 'C:\Program Files (x86)\Cypress\PSoC Creator\4.2\PSoC Creator\psoc\content\CyPrimitives\cyprimitives.cylib\ZeroTerminal\ZeroTerminal.v'
Flattening file 'C:\Program Files (x86)\Cypress\PSoC Creator\4.2\PSoC Creator\psoc\content\CyPrimitives\cyprimitives.cylib\cy_analog_virtualmux_v1_0\cy_analog_virtualmux_v1_0.v'

vpp:  No errors.

Library 'work' => directory 'lcpsoc3'
General_symbol_table
General_symbol_table
Linking 'C:\Program Files (x86)\Cypress\PSoC Creator\4.2\PSoC Creator\warp\lib\common\std.vhd'.
Linking 'C:\Program Files (x86)\Cypress\PSoC Creator\4.2\PSoC Creator\warp\lib\common\cypress.vhd'.
Linking 'C:\Program Files (x86)\Cypress\PSoC Creator\4.2\PSoC Creator\warp\lib\common\work\cypress.vif'.
Linking 'C:\Program Files (x86)\Cypress\PSoC Creator\4.2\PSoC Creator\warp\lib\ieee\work\stdlogic.vif'.
Linking 'C:\Program Files (x86)\Cypress\PSoC Creator\4.2\PSoC Creator\warp\lib\common\stdlogic\lpmpkg.vif'.
Linking 'C:\Program Files (x86)\Cypress\PSoC Creator\4.2\PSoC Creator\warp\lib\common\stdlogic\rtlpkg.vif'.
Linking 'C:\Program Files (x86)\Cypress\PSoC Creator\4.2\PSoC Creator\warp\lib\common\stdlogic\mod_cnst.vif'.
Linking 'C:\Program Files (x86)\Cypress\PSoC Creator\4.2\PSoC Creator\warp\lib\common\stdlogic\mod_mthv.vif'.
Linking 'C:\Program Files (x86)\Cypress\PSoC Creator\4.2\PSoC Creator\warp\lib\common\stdlogic\mod_genv.vif'.
Using control file 'MyELock.ctl'.

vlogfe:  No errors.


======================================================================
Compiling:  MyELock.v
Program  :   tovif
Options  :    -yv2 -q10 -ygs -o2 -v3 -.fftcfgtype=LE -ya -.fftprj=D:\CYTEST\MyELock\eLock\MyELock.cydsn\MyELock.cyprj -dcpsoc3 -verilog MyELock.v
======================================================================

tovif V6.3 IR 41:  High-level synthesis
Thu Dec 20 19:39:34 2018

Linking 'C:\Program Files (x86)\Cypress\PSoC Creator\4.2\PSoC Creator\warp\lib\common\std.vhd'.
Linking 'C:\Program Files (x86)\Cypress\PSoC Creator\4.2\PSoC Creator\warp\lib\common\cypress.vhd'.
Linking 'C:\Program Files (x86)\Cypress\PSoC Creator\4.2\PSoC Creator\warp\lib\common\work\cypress.vif'.
Linking 'C:\Program Files (x86)\Cypress\PSoC Creator\4.2\PSoC Creator\warp\lib\ieee\work\stdlogic.vif'.
Linking 'C:\Program Files (x86)\Cypress\PSoC Creator\4.2\PSoC Creator\warp\lib\common\stdlogic\lpmpkg.vif'.
Linking 'C:\Program Files (x86)\Cypress\PSoC Creator\4.2\PSoC Creator\warp\lib\common\stdlogic\rtlpkg.vif'.
Linking 'C:\Program Files (x86)\Cypress\PSoC Creator\4.2\PSoC Creator\warp\lib\common\stdlogic\mod_cnst.vif'.
Linking 'C:\Program Files (x86)\Cypress\PSoC Creator\4.2\PSoC Creator\warp\lib\common\stdlogic\mod_mthv.vif'.
Linking 'C:\Program Files (x86)\Cypress\PSoC Creator\4.2\PSoC Creator\warp\lib\common\stdlogic\mod_genv.vif'.
Linking 'D:\CYTEST\MyELock\eLock\MyELock.cydsn\codegentemp\MyELock.ctl'.
Linking 'C:\Program Files (x86)\Cypress\PSoC Creator\4.2\PSoC Creator\psoc\content\CyPrimitives\cyprimitives.cylib\cy_virtualmux_v1_0\cy_virtualmux_v1_0.v'.
Linking 'D:\CYTEST\MyELock\eLock\MyELock.cydsn\codegentemp\MyELock.v'.
Linking 'C:\Program Files (x86)\Cypress\PSoC Creator\4.2\PSoC Creator\psoc\content\CyPrimitives\cyprimitives.cylib\or_v1_0\or_v1_0.v'.
Linking 'C:\Program Files (x86)\Cypress\PSoC Creator\4.2\PSoC Creator\psoc\content\CyPrimitives\cyprimitives.cylib\cy_constant_v1_0\cy_constant_v1_0.v'.
Linking 'C:\Program Files (x86)\Cypress\PSoC Creator\4.2\PSoC Creator\psoc\content\CyPrimitives\cyprimitives.cylib\OneTerminal\OneTerminal.v'.
Linking 'C:\Program Files (x86)\Cypress\PSoC Creator\4.2\PSoC Creator\psoc\content\CyPrimitives\cyprimitives.cylib\ZeroTerminal\ZeroTerminal.v'.
Linking 'C:\Program Files (x86)\Cypress\PSoC Creator\4.2\PSoC Creator\psoc\content\CyPrimitives\cyprimitives.cylib\cy_analog_virtualmux_v1_0\cy_analog_virtualmux_v1_0.v'.

tovif:  No errors.


======================================================================
Compiling:  MyELock.v
Program  :   topld
Options  :    -yv2 -q10 -ygs -o2 -v3 -.fftcfgtype=LE -ya -.fftprj=D:\CYTEST\MyELock\eLock\MyELock.cydsn\MyELock.cyprj -dcpsoc3 -verilog MyELock.v
======================================================================

topld V6.3 IR 41:  Synthesis and optimization
Thu Dec 20 19:39:34 2018

Linking 'C:\Program Files (x86)\Cypress\PSoC Creator\4.2\PSoC Creator\warp\lib\common\std.vhd'.
Linking 'C:\Program Files (x86)\Cypress\PSoC Creator\4.2\PSoC Creator\warp\lib\common\cypress.vhd'.
Linking 'C:\Program Files (x86)\Cypress\PSoC Creator\4.2\PSoC Creator\warp\lib\common\work\cypress.vif'.
Linking 'C:\Program Files (x86)\Cypress\PSoC Creator\4.2\PSoC Creator\warp\lib\ieee\work\stdlogic.vif'.
Linking 'C:\Program Files (x86)\Cypress\PSoC Creator\4.2\PSoC Creator\warp\lib\common\stdlogic\lpmpkg.vif'.
Linking 'C:\Program Files (x86)\Cypress\PSoC Creator\4.2\PSoC Creator\warp\lib\common\stdlogic\rtlpkg.vif'.
Linking 'C:\Program Files (x86)\Cypress\PSoC Creator\4.2\PSoC Creator\warp\lib\common\stdlogic\mod_cnst.vif'.
Linking 'C:\Program Files (x86)\Cypress\PSoC Creator\4.2\PSoC Creator\warp\lib\common\stdlogic\mod_mthv.vif'.
Linking 'C:\Program Files (x86)\Cypress\PSoC Creator\4.2\PSoC Creator\warp\lib\common\stdlogic\mod_genv.vif'.
Linking 'D:\CYTEST\MyELock\eLock\MyELock.cydsn\codegentemp\MyELock.ctl'.
Linking 'C:\Program Files (x86)\Cypress\PSoC Creator\4.2\PSoC Creator\psoc\content\CyPrimitives\cyprimitives.cylib\cy_virtualmux_v1_0\cy_virtualmux_v1_0.v'.
Linking 'D:\CYTEST\MyELock\eLock\MyELock.cydsn\codegentemp\MyELock.v'.
Linking 'C:\Program Files (x86)\Cypress\PSoC Creator\4.2\PSoC Creator\psoc\content\CyPrimitives\cyprimitives.cylib\or_v1_0\or_v1_0.v'.
Linking 'C:\Program Files (x86)\Cypress\PSoC Creator\4.2\PSoC Creator\psoc\content\CyPrimitives\cyprimitives.cylib\cy_constant_v1_0\cy_constant_v1_0.v'.
Linking 'C:\Program Files (x86)\Cypress\PSoC Creator\4.2\PSoC Creator\psoc\content\CyPrimitives\cyprimitives.cylib\OneTerminal\OneTerminal.v'.
Linking 'C:\Program Files (x86)\Cypress\PSoC Creator\4.2\PSoC Creator\psoc\content\CyPrimitives\cyprimitives.cylib\ZeroTerminal\ZeroTerminal.v'.
Linking 'C:\Program Files (x86)\Cypress\PSoC Creator\4.2\PSoC Creator\psoc\content\CyPrimitives\cyprimitives.cylib\cy_analog_virtualmux_v1_0\cy_analog_virtualmux_v1_0.v'.
Linking 'C:\Program Files (x86)\Cypress\PSoC Creator\4.2\PSoC Creator\warp\lib\lcpsoc3\stdlogic\cpsoc3.vif'.

----------------------------------------------------------
Detecting unused logic.
----------------------------------------------------------
    User names
	Net_285
	\BLE_1:Net_55\
	\CapSense:Net_1664\
	\CapSense:Net_1665\


Deleted 4 User equations/components.
Deleted 0 Synthesized equations/components.

------------------------------------------------------
Alias Detection
------------------------------------------------------
Aliasing one to tmpOE__MOTOR_A_net_0
Aliasing tmpOE__MOTOR_B_net_0 to tmpOE__MOTOR_A_net_0
Aliasing tmpOE__MOTOR_C_net_0 to tmpOE__MOTOR_A_net_0
Aliasing tmpOE__MOTOR_D_net_0 to tmpOE__MOTOR_A_net_0
Aliasing tmpOE__Pin_BackLight_net_0 to tmpOE__MOTOR_A_net_0
Aliasing \PWM:Net_75\ to zero
Aliasing \PWM:Net_69\ to tmpOE__MOTOR_A_net_0
Aliasing \PWM:Net_66\ to zero
Aliasing \PWM:Net_82\ to zero
Aliasing \PWM:Net_72\ to zero
Aliasing tmpOE__Pin_Buzz_net_0 to tmpOE__MOTOR_A_net_0
Aliasing \CapSense:IDACComp:Net_3\ to tmpOE__MOTOR_A_net_0
Aliasing \CapSense:Net_1919\ to zero
Aliasing \CapSense:Net_1921\ to zero
Aliasing \CapSense:tmpOE__Cmod_net_0\ to tmpOE__MOTOR_A_net_0
Aliasing \CapSense:tmpOE__Sns_net_12\ to tmpOE__MOTOR_A_net_0
Aliasing \CapSense:tmpOE__Sns_net_11\ to tmpOE__MOTOR_A_net_0
Aliasing \CapSense:tmpOE__Sns_net_10\ to tmpOE__MOTOR_A_net_0
Aliasing \CapSense:tmpOE__Sns_net_9\ to tmpOE__MOTOR_A_net_0
Aliasing \CapSense:tmpOE__Sns_net_8\ to tmpOE__MOTOR_A_net_0
Aliasing \CapSense:tmpOE__Sns_net_7\ to tmpOE__MOTOR_A_net_0
Aliasing \CapSense:tmpOE__Sns_net_6\ to tmpOE__MOTOR_A_net_0
Aliasing \CapSense:tmpOE__Sns_net_5\ to tmpOE__MOTOR_A_net_0
Aliasing \CapSense:tmpOE__Sns_net_4\ to tmpOE__MOTOR_A_net_0
Aliasing \CapSense:tmpOE__Sns_net_3\ to tmpOE__MOTOR_A_net_0
Aliasing \CapSense:tmpOE__Sns_net_2\ to tmpOE__MOTOR_A_net_0
Aliasing \CapSense:tmpOE__Sns_net_1\ to tmpOE__MOTOR_A_net_0
Aliasing \CapSense:tmpOE__Sns_net_0\ to tmpOE__MOTOR_A_net_0
Aliasing \CapSense:IDACMod:Net_3\ to tmpOE__MOTOR_A_net_0
Aliasing tmpOE__Pin_Finger_net_0 to tmpOE__MOTOR_A_net_0
Aliasing tmpOE__Pin_G_net_0 to tmpOE__MOTOR_A_net_0
Aliasing tmpOE__Pin_B_net_0 to tmpOE__MOTOR_A_net_0
Removing Lhs of wire one[7] = tmpOE__MOTOR_A_net_0[1]
Removing Lhs of wire tmpOE__MOTOR_B_net_0[10] = tmpOE__MOTOR_A_net_0[1]
Removing Lhs of wire tmpOE__MOTOR_C_net_0[17] = tmpOE__MOTOR_A_net_0[1]
Removing Lhs of wire tmpOE__MOTOR_D_net_0[24] = tmpOE__MOTOR_A_net_0[1]
Removing Lhs of wire tmpOE__Pin_BackLight_net_0[31] = tmpOE__MOTOR_A_net_0[1]
Removing Lhs of wire \PWM:Net_81\[38] = Net_14[50]
Removing Lhs of wire \PWM:Net_75\[39] = zero[2]
Removing Lhs of wire \PWM:Net_69\[40] = tmpOE__MOTOR_A_net_0[1]
Removing Lhs of wire \PWM:Net_66\[41] = zero[2]
Removing Lhs of wire \PWM:Net_82\[42] = zero[2]
Removing Lhs of wire \PWM:Net_72\[43] = zero[2]
Removing Lhs of wire tmpOE__Pin_Buzz_net_0[52] = tmpOE__MOTOR_A_net_0[1]
Removing Lhs of wire \CapSense:IDACComp:Net_3\[70] = tmpOE__MOTOR_A_net_0[1]
Removing Lhs of wire \CapSense:Net_1919\[93] = zero[2]
Removing Lhs of wire \CapSense:Net_1921\[97] = zero[2]
Removing Lhs of wire \CapSense:tmpOE__Cmod_net_0\[103] = tmpOE__MOTOR_A_net_0[1]
Removing Lhs of wire \CapSense:tmpOE__Sns_net_12\[109] = tmpOE__MOTOR_A_net_0[1]
Removing Lhs of wire \CapSense:tmpOE__Sns_net_11\[110] = tmpOE__MOTOR_A_net_0[1]
Removing Lhs of wire \CapSense:tmpOE__Sns_net_10\[111] = tmpOE__MOTOR_A_net_0[1]
Removing Lhs of wire \CapSense:tmpOE__Sns_net_9\[112] = tmpOE__MOTOR_A_net_0[1]
Removing Lhs of wire \CapSense:tmpOE__Sns_net_8\[113] = tmpOE__MOTOR_A_net_0[1]
Removing Lhs of wire \CapSense:tmpOE__Sns_net_7\[114] = tmpOE__MOTOR_A_net_0[1]
Removing Lhs of wire \CapSense:tmpOE__Sns_net_6\[115] = tmpOE__MOTOR_A_net_0[1]
Removing Lhs of wire \CapSense:tmpOE__Sns_net_5\[116] = tmpOE__MOTOR_A_net_0[1]
Removing Lhs of wire \CapSense:tmpOE__Sns_net_4\[117] = tmpOE__MOTOR_A_net_0[1]
Removing Lhs of wire \CapSense:tmpOE__Sns_net_3\[118] = tmpOE__MOTOR_A_net_0[1]
Removing Lhs of wire \CapSense:tmpOE__Sns_net_2\[119] = tmpOE__MOTOR_A_net_0[1]
Removing Lhs of wire \CapSense:tmpOE__Sns_net_1\[120] = tmpOE__MOTOR_A_net_0[1]
Removing Lhs of wire \CapSense:tmpOE__Sns_net_0\[121] = tmpOE__MOTOR_A_net_0[1]
Removing Lhs of wire \CapSense:IDACMod:Net_3\[152] = tmpOE__MOTOR_A_net_0[1]
Removing Lhs of wire tmpOE__Pin_Finger_net_0[158] = tmpOE__MOTOR_A_net_0[1]
Removing Lhs of wire tmpOE__Pin_G_net_0[163] = tmpOE__MOTOR_A_net_0[1]
Removing Lhs of wire tmpOE__Pin_B_net_0[169] = tmpOE__MOTOR_A_net_0[1]

------------------------------------------------------
Aliased 0 equations, 33 wires.
------------------------------------------------------

----------------------------------------------------------
Circuit simplification
----------------------------------------------------------

Substituting virtuals - pass 1:


----------------------------------------------------------
Circuit simplification results:

	Expanded 0 signals.
	Turned 0 signals into soft nodes.
	Maximum default expansion cost was set at 3.
----------------------------------------------------------

topld:  No errors.

CYPRESS_DIR    : C:\Program Files (x86)\Cypress\PSoC Creator\4.2\PSoC Creator\warp
Warp Program   : C:\Program Files (x86)\Cypress\PSoC Creator\4.2\PSoC Creator\warp\bin\warp.exe
Warp Arguments : -yv2 -q10 -ygs -o2 -v3 -.fftcfgtype=LE -ya -.fftprj=D:\CYTEST\MyELock\eLock\MyELock.cydsn\MyELock.cyprj -dcpsoc3 MyELock.v -verilog
</CYPRESSTAG>
Warp synthesis phase: Elapsed time ==> 0s.950ms
<CYPRESSTAG name="Fitter results...">
<CYPRESSTAG name="Fitter startup details...">
cyp3fit: V4.2.0.641, Family: PSoC3, Started at: Thursday, 20 December 2018 19:39:35
Options: -yv2 -q10 -ygs -o2 -v3 -.fftcfgtype=LE -ya -.fftprj=D:\CYTEST\MyELock\eLock\MyELock.cydsn\MyELock.cyprj -d CY8C4247LQI-BL483 MyELock.v -verilog
</CYPRESSTAG>
<CYPRESSTAG name="Design parsing">
Design parsing phase: Elapsed time ==> 0s.020ms
</CYPRESSTAG>
<CYPRESSTAG name="Tech Mapping">
<CYPRESSTAG name="Initial Mapping" icon="FILE_RPT_TECHM">
Assigning clock BLE_1_LFCLK to clock LFClk because it is a pass-through
<CYPRESSTAG name="Global Clock Selection" icon="FILE_RPT_TECHM">
    Fixed Function Clock 5: Automatic-assigning  clock 'CapSense_ModClk'. Signal=\CapSense:Net_1946_ff5\
    Fixed Function Clock 4: Automatic-assigning  clock 'CapSense_SnsClk'. Signal=\CapSense:Net_1785_ff4\
    Fixed Function Clock 7: Automatic-assigning  clock 'Clock_1'. Signal=Net_14_ff7
<CYPRESSTAG name="UDB Clock/Enable Remapping Results">
</CYPRESSTAG>
</CYPRESSTAG>

Removing unused cells resulting from optimization
Done removing unused cells.
<CYPRESSTAG name="Duplicate Macrocell detection">
</CYPRESSTAG>
</CYPRESSTAG>
<CYPRESSTAG name="Duplicate Macrocell detection">
</CYPRESSTAG>
<CYPRESSTAG name="Design Equations" icon="FILE_RPT_EQUATION">

------------------------------------------------------------
Design Equations
------------------------------------------------------------
    <CYPRESSTAG name="Pin listing">

    ------------------------------------------------------------
    Pin listing
    ------------------------------------------------------------

    Pin : Name = MOTOR_A(0)
        Attributes:
            In Group/Port: True
            In Sync Option: AUTO
            Out Sync Option: NOSYNC
            Interrupt generated: False
            Interrupt mode: NONE
            Drive mode: CMOS_OUT
            VTrip: EITHER
            Slew: FAST
            Input Sync needed: False
            Output Sync needed: False
            SC shield enabled: False
            POR State: ANY
            LCD Mode: COMMON
            Register Mode: RegComb
            CaSense Mode: NEITHER
            Treat as pin: True
            Is OE Registered: False
            Uses Analog: False
            Can contain Digital: True
            Is SIO: False
            SIO Output Buf: NONREGULATED
            SIO Input Buf: SINGLE_ENDED
            SIO HiFreq: LOW
            SIO Hyst: DISABLED
            SIO Vtrip: MULTIPLIER_0_5
            SIO Multiplier Index: 0
            SIO RefSel: VCC_IO
            Required Capabilities: DIGITAL
            Initial Value: 0
            IO Voltage: 0
        PORT MAP (
            pa_out => MOTOR_A(0)__PA ,
            pad => MOTOR_A(0)_PAD );
        Properties:
        {
        }

    Pin : Name = MOTOR_B(0)
        Attributes:
            In Group/Port: True
            In Sync Option: AUTO
            Out Sync Option: NOSYNC
            Interrupt generated: False
            Interrupt mode: NONE
            Drive mode: CMOS_OUT
            VTrip: EITHER
            Slew: FAST
            Input Sync needed: False
            Output Sync needed: False
            SC shield enabled: False
            POR State: ANY
            LCD Mode: COMMON
            Register Mode: RegComb
            CaSense Mode: NEITHER
            Treat as pin: True
            Is OE Registered: False
            Uses Analog: False
            Can contain Digital: True
            Is SIO: False
            SIO Output Buf: NONREGULATED
            SIO Input Buf: SINGLE_ENDED
            SIO HiFreq: LOW
            SIO Hyst: DISABLED
            SIO Vtrip: MULTIPLIER_0_5
            SIO Multiplier Index: 0
            SIO RefSel: VCC_IO
            Required Capabilities: DIGITAL
            Initial Value: 0
            IO Voltage: 0
        PORT MAP (
            pa_out => MOTOR_B(0)__PA ,
            pad => MOTOR_B(0)_PAD );
        Properties:
        {
        }

    Pin : Name = MOTOR_C(0)
        Attributes:
            In Group/Port: True
            In Sync Option: AUTO
            Out Sync Option: NOSYNC
            Interrupt generated: False
            Interrupt mode: NONE
            Drive mode: CMOS_OUT
            VTrip: EITHER
            Slew: FAST
            Input Sync needed: False
            Output Sync needed: False
            SC shield enabled: False
            POR State: ANY
            LCD Mode: COMMON
            Register Mode: RegComb
            CaSense Mode: NEITHER
            Treat as pin: True
            Is OE Registered: False
            Uses Analog: False
            Can contain Digital: True
            Is SIO: False
            SIO Output Buf: NONREGULATED
            SIO Input Buf: SINGLE_ENDED
            SIO HiFreq: LOW
            SIO Hyst: DISABLED
            SIO Vtrip: MULTIPLIER_0_5
            SIO Multiplier Index: 0
            SIO RefSel: VCC_IO
            Required Capabilities: DIGITAL
            Initial Value: 0
            IO Voltage: 0
        PORT MAP (
            pa_out => MOTOR_C(0)__PA ,
            pad => MOTOR_C(0)_PAD );
        Properties:
        {
        }

    Pin : Name = MOTOR_D(0)
        Attributes:
            In Group/Port: True
            In Sync Option: AUTO
            Out Sync Option: NOSYNC
            Interrupt generated: False
            Interrupt mode: NONE
            Drive mode: CMOS_OUT
            VTrip: EITHER
            Slew: FAST
            Input Sync needed: False
            Output Sync needed: False
            SC shield enabled: False
            POR State: ANY
            LCD Mode: COMMON
            Register Mode: RegComb
            CaSense Mode: NEITHER
            Treat as pin: True
            Is OE Registered: False
            Uses Analog: False
            Can contain Digital: True
            Is SIO: False
            SIO Output Buf: NONREGULATED
            SIO Input Buf: SINGLE_ENDED
            SIO HiFreq: LOW
            SIO Hyst: DISABLED
            SIO Vtrip: MULTIPLIER_0_5
            SIO Multiplier Index: 0
            SIO RefSel: VCC_IO
            Required Capabilities: DIGITAL
            Initial Value: 0
            IO Voltage: 0
        PORT MAP (
            pa_out => MOTOR_D(0)__PA ,
            pad => MOTOR_D(0)_PAD );
        Properties:
        {
        }

    Pin : Name = Pin_BackLight(0)
        Attributes:
            In Group/Port: True
            In Sync Option: AUTO
            Out Sync Option: NOSYNC
            Interrupt generated: False
            Interrupt mode: NONE
            Drive mode: CMOS_OUT
            VTrip: EITHER
            Slew: FAST
            Input Sync needed: False
            Output Sync needed: False
            SC shield enabled: False
            POR State: ANY
            LCD Mode: COMMON
            Register Mode: RegComb
            CaSense Mode: NEITHER
            Treat as pin: True
            Is OE Registered: False
            Uses Analog: False
            Can contain Digital: True
            Is SIO: False
            SIO Output Buf: NONREGULATED
            SIO Input Buf: SINGLE_ENDED
            SIO HiFreq: LOW
            SIO Hyst: DISABLED
            SIO Vtrip: MULTIPLIER_0_5
            SIO Multiplier Index: 0
            SIO RefSel: VCC_IO
            Required Capabilities: DIGITAL
            Initial Value: 0
            IO Voltage: 0
        PORT MAP (
            pa_out => Pin_BackLight(0)__PA ,
            pad => Pin_BackLight(0)_PAD );
        Properties:
        {
        }

    Pin : Name = Pin_Buzz(0)
        Attributes:
            In Group/Port: True
            In Sync Option: AUTO
            Out Sync Option: NOSYNC
            Interrupt generated: False
            Interrupt mode: NONE
            Drive mode: CMOS_OUT
            VTrip: EITHER
            Slew: FAST
            Input Sync needed: False
            Output Sync needed: False
            SC shield enabled: False
            POR State: ANY
            LCD Mode: COMMON
            Register Mode: RegComb
            CaSense Mode: NEITHER
            Treat as pin: True
            Is OE Registered: False
            Uses Analog: False
            Can contain Digital: True
            Is SIO: False
            SIO Output Buf: NONREGULATED
            SIO Input Buf: SINGLE_ENDED
            SIO HiFreq: LOW
            SIO Hyst: DISABLED
            SIO Vtrip: MULTIPLIER_0_5
            SIO Multiplier Index: 0
            SIO RefSel: VCC_IO
            Required Capabilities: DIGITAL
            Initial Value: 1
            IO Voltage: 0
        PORT MAP (
            pa_out => Pin_Buzz(0)__PA ,
            pin_input => Net_316 ,
            pad => Pin_Buzz(0)_PAD );
        Properties:
        {
        }

    Pin : Name = \CapSense:Cmod(0)\
        Attributes:
            Alias: Cmod
            In Group/Port: True
            In Sync Option: AUTO
            Out Sync Option: AUTO
            Interrupt generated: False
            Interrupt mode: NONE
            Drive mode: HI_Z_ANALOG
            VTrip: EITHER
            Slew: FAST
            Input Sync needed: False
            Output Sync needed: False
            SC shield enabled: False
            POR State: ANY
            LCD Mode: COMMON
            Register Mode: RegComb
            CaSense Mode: NEITHER
            Treat as pin: True
            Is OE Registered: False
            Uses Analog: True
            Can contain Digital: False
            Is SIO: False
            SIO Output Buf: NONREGULATED
            SIO Input Buf: SINGLE_ENDED
            SIO HiFreq: LOW
            SIO Hyst: DISABLED
            SIO Vtrip: MULTIPLIER_0_5
            SIO Multiplier Index: 0
            SIO RefSel: VCC_IO
            Required Capabilities: ANALOG
            Initial Value: 0
            IO Voltage: 0
        PORT MAP (
            pa_out => \CapSense:Cmod(0)\__PA ,
            analog_term => \CapSense:Net_1924\ ,
            pad => \CapSense:Cmod(0)_PAD\ );
        Properties:
        {
        }

    Pin : Name = \CapSense:Sns(0)\
        Attributes:
            Alias: Button0_Sns0
            In Group/Port: True
            In Sync Option: AUTO
            Out Sync Option: AUTO
            Interrupt generated: False
            Interrupt mode: NONE
            Drive mode: HI_Z_ANALOG
            VTrip: EITHER
            Slew: FAST
            Input Sync needed: False
            Output Sync needed: False
            SC shield enabled: False
            POR State: ANY
            LCD Mode: COMMON
            Register Mode: RegComb
            CaSense Mode: NEITHER
            Treat as pin: True
            Is OE Registered: False
            Uses Analog: True
            Can contain Digital: False
            Is SIO: False
            SIO Output Buf: NONREGULATED
            SIO Input Buf: SINGLE_ENDED
            SIO HiFreq: LOW
            SIO Hyst: DISABLED
            SIO Vtrip: MULTIPLIER_0_5
            SIO Multiplier Index: 0
            SIO RefSel: VCC_IO
            Required Capabilities: ANALOG
            Initial Value: 0
            IO Voltage: 0
        PORT MAP (
            pa_out => \CapSense:Sns(0)\__PA ,
            analog_term => \CapSense:Net_1909_0\ ,
            pad => \CapSense:Sns(0)_PAD\ );
        Properties:
        {
        }

    Pin : Name = \CapSense:Sns(1)\
        Attributes:
            Alias: Button1_Sns0
            In Group/Port: True
            In Sync Option: AUTO
            Out Sync Option: AUTO
            Interrupt generated: False
            Interrupt mode: NONE
            Drive mode: HI_Z_ANALOG
            VTrip: EITHER
            Slew: FAST
            Input Sync needed: False
            Output Sync needed: False
            SC shield enabled: False
            POR State: ANY
            LCD Mode: COMMON
            Register Mode: RegComb
            CaSense Mode: NEITHER
            Treat as pin: True
            Is OE Registered: False
            Uses Analog: True
            Can contain Digital: False
            Is SIO: False
            SIO Output Buf: NONREGULATED
            SIO Input Buf: SINGLE_ENDED
            SIO HiFreq: LOW
            SIO Hyst: DISABLED
            SIO Vtrip: MULTIPLIER_0_5
            SIO Multiplier Index: 0
            SIO RefSel: VCC_IO
            Required Capabilities: ANALOG
            Initial Value: 1
            IO Voltage: 0
        PORT MAP (
            pa_out => \CapSense:Sns(1)\__PA ,
            analog_term => \CapSense:Net_1909_0\ ,
            pad => \CapSense:Sns(1)_PAD\ );
        Properties:
        {
        }

    Pin : Name = \CapSense:Sns(2)\
        Attributes:
            Alias: Button2_Sns0
            In Group/Port: True
            In Sync Option: AUTO
            Out Sync Option: AUTO
            Interrupt generated: False
            Interrupt mode: NONE
            Drive mode: HI_Z_ANALOG
            VTrip: EITHER
            Slew: FAST
            Input Sync needed: False
            Output Sync needed: False
            SC shield enabled: False
            POR State: ANY
            LCD Mode: COMMON
            Register Mode: RegComb
            CaSense Mode: NEITHER
            Treat as pin: True
            Is OE Registered: False
            Uses Analog: True
            Can contain Digital: False
            Is SIO: False
            SIO Output Buf: NONREGULATED
            SIO Input Buf: SINGLE_ENDED
            SIO HiFreq: LOW
            SIO Hyst: DISABLED
            SIO Vtrip: MULTIPLIER_0_5
            SIO Multiplier Index: 0
            SIO RefSel: VCC_IO
            Required Capabilities: ANALOG
            Initial Value: 1
            IO Voltage: 0
        PORT MAP (
            pa_out => \CapSense:Sns(2)\__PA ,
            analog_term => \CapSense:Net_1909_0\ ,
            pad => \CapSense:Sns(2)_PAD\ );
        Properties:
        {
        }

    Pin : Name = \CapSense:Sns(3)\
        Attributes:
            Alias: Button3_Sns0
            In Group/Port: True
            In Sync Option: AUTO
            Out Sync Option: AUTO
            Interrupt generated: False
            Interrupt mode: NONE
            Drive mode: HI_Z_ANALOG
            VTrip: EITHER
            Slew: FAST
            Input Sync needed: False
            Output Sync needed: False
            SC shield enabled: False
            POR State: ANY
            LCD Mode: COMMON
            Register Mode: RegComb
            CaSense Mode: NEITHER
            Treat as pin: True
            Is OE Registered: False
            Uses Analog: True
            Can contain Digital: False
            Is SIO: False
            SIO Output Buf: NONREGULATED
            SIO Input Buf: SINGLE_ENDED
            SIO HiFreq: LOW
            SIO Hyst: DISABLED
            SIO Vtrip: MULTIPLIER_0_5
            SIO Multiplier Index: 0
            SIO RefSel: VCC_IO
            Required Capabilities: ANALOG
            Initial Value: 1
            IO Voltage: 0
        PORT MAP (
            pa_out => \CapSense:Sns(3)\__PA ,
            analog_term => \CapSense:Net_1909_0\ ,
            pad => \CapSense:Sns(3)_PAD\ );
        Properties:
        {
        }

    Pin : Name = \CapSense:Sns(4)\
        Attributes:
            Alias: Button4_Sns0
            In Group/Port: True
            In Sync Option: AUTO
            Out Sync Option: AUTO
            Interrupt generated: False
            Interrupt mode: NONE
            Drive mode: HI_Z_ANALOG
            VTrip: EITHER
            Slew: FAST
            Input Sync needed: False
            Output Sync needed: False
            SC shield enabled: False
            POR State: ANY
            LCD Mode: COMMON
            Register Mode: RegComb
            CaSense Mode: NEITHER
            Treat as pin: True
            Is OE Registered: False
            Uses Analog: True
            Can contain Digital: False
            Is SIO: False
            SIO Output Buf: NONREGULATED
            SIO Input Buf: SINGLE_ENDED
            SIO HiFreq: LOW
            SIO Hyst: DISABLED
            SIO Vtrip: MULTIPLIER_0_5
            SIO Multiplier Index: 0
            SIO RefSel: VCC_IO
            Required Capabilities: ANALOG
            Initial Value: 1
            IO Voltage: 0
        PORT MAP (
            pa_out => \CapSense:Sns(4)\__PA ,
            analog_term => \CapSense:Net_1909_0\ ,
            pad => \CapSense:Sns(4)_PAD\ );
        Properties:
        {
        }

    Pin : Name = \CapSense:Sns(5)\
        Attributes:
            Alias: Button5_Sns0
            In Group/Port: True
            In Sync Option: AUTO
            Out Sync Option: AUTO
            Interrupt generated: False
            Interrupt mode: NONE
            Drive mode: HI_Z_ANALOG
            VTrip: EITHER
            Slew: FAST
            Input Sync needed: False
            Output Sync needed: False
            SC shield enabled: False
            POR State: ANY
            LCD Mode: COMMON
            Register Mode: RegComb
            CaSense Mode: NEITHER
            Treat as pin: True
            Is OE Registered: False
            Uses Analog: True
            Can contain Digital: False
            Is SIO: False
            SIO Output Buf: NONREGULATED
            SIO Input Buf: SINGLE_ENDED
            SIO HiFreq: LOW
            SIO Hyst: DISABLED
            SIO Vtrip: MULTIPLIER_0_5
            SIO Multiplier Index: 0
            SIO RefSel: VCC_IO
            Required Capabilities: ANALOG
            Initial Value: 1
            IO Voltage: 0
        PORT MAP (
            pa_out => \CapSense:Sns(5)\__PA ,
            analog_term => \CapSense:Net_1909_0\ ,
            pad => \CapSense:Sns(5)_PAD\ );
        Properties:
        {
        }

    Pin : Name = \CapSense:Sns(6)\
        Attributes:
            Alias: Button6_Sns0
            In Group/Port: True
            In Sync Option: AUTO
            Out Sync Option: AUTO
            Interrupt generated: False
            Interrupt mode: NONE
            Drive mode: HI_Z_ANALOG
            VTrip: EITHER
            Slew: FAST
            Input Sync needed: False
            Output Sync needed: False
            SC shield enabled: False
            POR State: ANY
            LCD Mode: COMMON
            Register Mode: RegComb
            CaSense Mode: NEITHER
            Treat as pin: True
            Is OE Registered: False
            Uses Analog: True
            Can contain Digital: False
            Is SIO: False
            SIO Output Buf: NONREGULATED
            SIO Input Buf: SINGLE_ENDED
            SIO HiFreq: LOW
            SIO Hyst: DISABLED
            SIO Vtrip: MULTIPLIER_0_5
            SIO Multiplier Index: 0
            SIO RefSel: VCC_IO
            Required Capabilities: ANALOG
            Initial Value: 1
            IO Voltage: 0
        PORT MAP (
            pa_out => \CapSense:Sns(6)\__PA ,
            analog_term => \CapSense:Net_1909_0\ ,
            pad => \CapSense:Sns(6)_PAD\ );
        Properties:
        {
        }

    Pin : Name = \CapSense:Sns(7)\
        Attributes:
            Alias: Button7_Sns0
            In Group/Port: True
            In Sync Option: AUTO
            Out Sync Option: AUTO
            Interrupt generated: False
            Interrupt mode: NONE
            Drive mode: HI_Z_ANALOG
            VTrip: EITHER
            Slew: FAST
            Input Sync needed: False
            Output Sync needed: False
            SC shield enabled: False
            POR State: ANY
            LCD Mode: COMMON
            Register Mode: RegComb
            CaSense Mode: NEITHER
            Treat as pin: True
            Is OE Registered: False
            Uses Analog: True
            Can contain Digital: False
            Is SIO: False
            SIO Output Buf: NONREGULATED
            SIO Input Buf: SINGLE_ENDED
            SIO HiFreq: LOW
            SIO Hyst: DISABLED
            SIO Vtrip: MULTIPLIER_0_5
            SIO Multiplier Index: 0
            SIO RefSel: VCC_IO
            Required Capabilities: ANALOG
            Initial Value: 1
            IO Voltage: 0
        PORT MAP (
            pa_out => \CapSense:Sns(7)\__PA ,
            analog_term => \CapSense:Net_1909_0\ ,
            pad => \CapSense:Sns(7)_PAD\ );
        Properties:
        {
        }

    Pin : Name = \CapSense:Sns(8)\
        Attributes:
            Alias: Button8_Sns0
            In Group/Port: True
            In Sync Option: AUTO
            Out Sync Option: AUTO
            Interrupt generated: False
            Interrupt mode: NONE
            Drive mode: HI_Z_ANALOG
            VTrip: EITHER
            Slew: FAST
            Input Sync needed: False
            Output Sync needed: False
            SC shield enabled: False
            POR State: ANY
            LCD Mode: COMMON
            Register Mode: RegComb
            CaSense Mode: NEITHER
            Treat as pin: True
            Is OE Registered: False
            Uses Analog: True
            Can contain Digital: False
            Is SIO: False
            SIO Output Buf: NONREGULATED
            SIO Input Buf: SINGLE_ENDED
            SIO HiFreq: LOW
            SIO Hyst: DISABLED
            SIO Vtrip: MULTIPLIER_0_5
            SIO Multiplier Index: 0
            SIO RefSel: VCC_IO
            Required Capabilities: ANALOG
            Initial Value: 1
            IO Voltage: 0
        PORT MAP (
            pa_out => \CapSense:Sns(8)\__PA ,
            analog_term => \CapSense:Net_1909_0\ ,
            pad => \CapSense:Sns(8)_PAD\ );
        Properties:
        {
        }

    Pin : Name = \CapSense:Sns(9)\
        Attributes:
            Alias: Button9_Sns0
            In Group/Port: True
            In Sync Option: AUTO
            Out Sync Option: AUTO
            Interrupt generated: False
            Interrupt mode: NONE
            Drive mode: HI_Z_ANALOG
            VTrip: EITHER
            Slew: FAST
            Input Sync needed: False
            Output Sync needed: False
            SC shield enabled: False
            POR State: ANY
            LCD Mode: COMMON
            Register Mode: RegComb
            CaSense Mode: NEITHER
            Treat as pin: True
            Is OE Registered: False
            Uses Analog: True
            Can contain Digital: False
            Is SIO: False
            SIO Output Buf: NONREGULATED
            SIO Input Buf: SINGLE_ENDED
            SIO HiFreq: LOW
            SIO Hyst: DISABLED
            SIO Vtrip: MULTIPLIER_0_5
            SIO Multiplier Index: 0
            SIO RefSel: VCC_IO
            Required Capabilities: ANALOG
            Initial Value: 1
            IO Voltage: 0
        PORT MAP (
            pa_out => \CapSense:Sns(9)\__PA ,
            analog_term => \CapSense:Net_1909_0\ ,
            pad => \CapSense:Sns(9)_PAD\ );
        Properties:
        {
        }

    Pin : Name = \CapSense:Sns(10)\
        Attributes:
            Alias: ButtonCLR_Sns0
            In Group/Port: True
            In Sync Option: AUTO
            Out Sync Option: AUTO
            Interrupt generated: False
            Interrupt mode: NONE
            Drive mode: HI_Z_ANALOG
            VTrip: EITHER
            Slew: FAST
            Input Sync needed: False
            Output Sync needed: False
            SC shield enabled: False
            POR State: ANY
            LCD Mode: COMMON
            Register Mode: RegComb
            CaSense Mode: NEITHER
            Treat as pin: True
            Is OE Registered: False
            Uses Analog: True
            Can contain Digital: False
            Is SIO: False
            SIO Output Buf: NONREGULATED
            SIO Input Buf: SINGLE_ENDED
            SIO HiFreq: LOW
            SIO Hyst: DISABLED
            SIO Vtrip: MULTIPLIER_0_5
            SIO Multiplier Index: 0
            SIO RefSel: VCC_IO
            Required Capabilities: ANALOG
            Initial Value: 1
            IO Voltage: 0
        PORT MAP (
            pa_out => \CapSense:Sns(10)\__PA ,
            analog_term => \CapSense:Net_1909_0\ ,
            pad => \CapSense:Sns(10)_PAD\ );
        Properties:
        {
        }

    Pin : Name = \CapSense:Sns(11)\
        Attributes:
            Alias: ButtonENTR_Sns0
            In Group/Port: True
            In Sync Option: AUTO
            Out Sync Option: AUTO
            Interrupt generated: False
            Interrupt mode: NONE
            Drive mode: HI_Z_ANALOG
            VTrip: EITHER
            Slew: FAST
            Input Sync needed: False
            Output Sync needed: False
            SC shield enabled: False
            POR State: ANY
            LCD Mode: COMMON
            Register Mode: RegComb
            CaSense Mode: NEITHER
            Treat as pin: True
            Is OE Registered: False
            Uses Analog: True
            Can contain Digital: False
            Is SIO: False
            SIO Output Buf: NONREGULATED
            SIO Input Buf: SINGLE_ENDED
            SIO HiFreq: LOW
            SIO Hyst: DISABLED
            SIO Vtrip: MULTIPLIER_0_5
            SIO Multiplier Index: 0
            SIO RefSel: VCC_IO
            Required Capabilities: ANALOG
            Initial Value: 1
            IO Voltage: 0
        PORT MAP (
            pa_out => \CapSense:Sns(11)\__PA ,
            analog_term => \CapSense:Net_1909_0\ ,
            pad => \CapSense:Sns(11)_PAD\ );
        Properties:
        {
        }

    Pin : Name = \CapSense:Sns(12)\
        Attributes:
            Alias: Proximity0_Sns0
            In Group/Port: True
            In Sync Option: AUTO
            Out Sync Option: AUTO
            Interrupt generated: False
            Interrupt mode: NONE
            Drive mode: HI_Z_ANALOG
            VTrip: EITHER
            Slew: FAST
            Input Sync needed: False
            Output Sync needed: False
            SC shield enabled: False
            POR State: ANY
            LCD Mode: COMMON
            Register Mode: RegComb
            CaSense Mode: NEITHER
            Treat as pin: True
            Is OE Registered: False
            Uses Analog: True
            Can contain Digital: False
            Is SIO: False
            SIO Output Buf: NONREGULATED
            SIO Input Buf: SINGLE_ENDED
            SIO HiFreq: LOW
            SIO Hyst: DISABLED
            SIO Vtrip: MULTIPLIER_0_5
            SIO Multiplier Index: 0
            SIO RefSel: VCC_IO
            Required Capabilities: ANALOG
            Initial Value: 1
            IO Voltage: 0
        PORT MAP (
            pa_out => \CapSense:Sns(12)\__PA ,
            analog_term => \CapSense:Net_1909_0\ ,
            pad => \CapSense:Sns(12)_PAD\ );
        Properties:
        {
        }

    Pin : Name = Pin_Finger(0)
        Attributes:
            In Group/Port: True
            In Sync Option: SYNC
            Out Sync Option: AUTO
            Interrupt generated: True
            Interrupt mode: RISING
            Drive mode: RES_PULL_DOWN
            VTrip: CMOS
            Slew: FAST
            Input Sync needed: True
            Output Sync needed: False
            SC shield enabled: False
            POR State: ANY
            LCD Mode: COMMON
            Register Mode: RegComb
            CaSense Mode: NEITHER
            Treat as pin: False
            Is OE Registered: False
            Uses Analog: False
            Can contain Digital: True
            Is SIO: False
            SIO Output Buf: NONREGULATED
            SIO Input Buf: SINGLE_ENDED
            SIO HiFreq: LOW
            SIO Hyst: DISABLED
            SIO Vtrip: MULTIPLIER_0_5
            SIO Multiplier Index: 0
            SIO RefSel: VCC_IO
            Required Capabilities: DIGITAL, ROUTABLE
            Initial Value: 0
            IO Voltage: 0
        PORT MAP (
            pa_out => Pin_Finger(0)__PA ,
            fb => Net_287 ,
            pad => Pin_Finger(0)_PAD );
        Properties:
        {
        }

    Pin : Name = Pin_G(0)
        Attributes:
            In Group/Port: True
            In Sync Option: AUTO
            Out Sync Option: NOSYNC
            Interrupt generated: False
            Interrupt mode: NONE
            Drive mode: CMOS_OUT
            VTrip: EITHER
            Slew: FAST
            Input Sync needed: False
            Output Sync needed: False
            SC shield enabled: False
            POR State: ANY
            LCD Mode: COMMON
            Register Mode: RegComb
            CaSense Mode: NEITHER
            Treat as pin: True
            Is OE Registered: False
            Uses Analog: False
            Can contain Digital: True
            Is SIO: False
            SIO Output Buf: NONREGULATED
            SIO Input Buf: SINGLE_ENDED
            SIO HiFreq: LOW
            SIO Hyst: DISABLED
            SIO Vtrip: MULTIPLIER_0_5
            SIO Multiplier Index: 0
            SIO RefSel: VCC_IO
            Required Capabilities: DIGITAL
            Initial Value: 0
            IO Voltage: 0
        PORT MAP (
            pa_out => Pin_G(0)__PA ,
            pad => Pin_G(0)_PAD );
        Properties:
        {
        }

    Pin : Name = Pin_B(0)
        Attributes:
            In Group/Port: True
            In Sync Option: AUTO
            Out Sync Option: NOSYNC
            Interrupt generated: False
            Interrupt mode: NONE
            Drive mode: CMOS_OUT
            VTrip: EITHER
            Slew: FAST
            Input Sync needed: False
            Output Sync needed: False
            SC shield enabled: False
            POR State: ANY
            LCD Mode: COMMON
            Register Mode: RegComb
            CaSense Mode: NEITHER
            Treat as pin: True
            Is OE Registered: False
            Uses Analog: False
            Can contain Digital: True
            Is SIO: False
            SIO Output Buf: NONREGULATED
            SIO Input Buf: SINGLE_ENDED
            SIO HiFreq: LOW
            SIO Hyst: DISABLED
            SIO Vtrip: MULTIPLIER_0_5
            SIO Multiplier Index: 0
            SIO RefSel: VCC_IO
            Required Capabilities: DIGITAL
            Initial Value: 0
            IO Voltage: 0
        PORT MAP (
            pa_out => Pin_B(0)__PA ,
            pad => Pin_B(0)_PAD );
        Properties:
        {
        }
    </CYPRESSTAG>
    <CYPRESSTAG name="Macrocell listing" icon="FILE_RPT_EQUATION">

    ------------------------------------------------------------
    Macrocell listing
    ------------------------------------------------------------

    MacroCell: Name=__ONE__, Mode=(Combinatorial)
        Total # of inputs        : 0
        Total # of product terms : 0
            Clock Enable: True
        Main Equation            : 0 pterms
        !(
            0
        );
        Output = __ONE__ (fanout=2)
    </CYPRESSTAG>
    <CYPRESSTAG name="Datapath listing">
    </CYPRESSTAG>
    <CYPRESSTAG name="Status register listing">
    </CYPRESSTAG>
    <CYPRESSTAG name="StatusI register listing">
    </CYPRESSTAG>
    <CYPRESSTAG name="Sync listing">
    </CYPRESSTAG>
    <CYPRESSTAG name="Control register listing">
    </CYPRESSTAG>
    <CYPRESSTAG name="Count7 listing">
    </CYPRESSTAG>
    <CYPRESSTAG name="DRQ listing">
    </CYPRESSTAG>
    <CYPRESSTAG name="Interrupt listing">

    ------------------------------------------------------------
    Interrupt listing
    ------------------------------------------------------------

    interrupt: Name =ISR_PWM
        PORT MAP (
            interrupt => Net_281 );
        Properties:
        {
            int_type = "10"
            is_nmi = 0
        }

    interrupt: Name =\BLE_1:bless_isr\
        PORT MAP (
            interrupt => \BLE_1:Net_15\ );
        Properties:
        {
            int_type = "10"
            is_nmi = 0
        }

    interrupt: Name =\CapSense:ISR\
        PORT MAP (
            interrupt => \CapSense:Net_815\ );
        Properties:
        {
            int_type = "10"
            is_nmi = 0
        }

    interrupt: Name =ISR_Finger
        PORT MAP (
            interrupt => Net_287 );
        Properties:
        {
            int_type = "00"
            is_nmi = 0
        }
    </CYPRESSTAG>
</CYPRESSTAG>
<CYPRESSTAG name="Technology mapping summary" expanded>

------------------------------------------------------------
Technology mapping summary
------------------------------------------------------------

Resource Type                 : Used : Free :  Max :  % Used
============================================================
Digital Clocks                :    0 :    4 :    4 :  0.00 %
Interrupts                    :    4 :   28 :   32 : 12.50 %
IO                            :   27 :   11 :   38 : 71.05 %
Segment LCD                   :    0 :    1 :    1 :  0.00 %
CapSense                      :    1 :    0 :    1 : 100.00 %
Die Temp                      :    0 :    1 :    1 :  0.00 %
Serial Communication (SCB)    :    0 :    2 :    2 :  0.00 %
BLE                           :    1 :    0 :    1 : 100.00 %
Timer/Counter/PWM             :    1 :    3 :    4 : 25.00 %
UDB                           :      :      :      :        
  Macrocells                  :    1 :   31 :   32 :  3.13 %
  Unique P-terms              :    0 :   64 :   64 :  0.00 %
  Total P-terms               :    0 :      :      :        
  Datapath Cells              :    0 :    4 :    4 :  0.00 %
  Status Cells                :    0 :    4 :    4 :  0.00 %
  Control Cells               :    0 :    4 :    4 :  0.00 %
Comparator/Opamp              :    0 :    4 :    4 :  0.00 %
LP Comparator                 :    0 :    2 :    2 :  0.00 %
SAR ADC                       :    0 :    1 :    1 :  0.00 %
DAC                           :      :      :      :        
  7-bit IDAC                  :    1 :    0 :    1 : 100.00 %
  8-bit IDAC                  :    1 :    0 :    1 : 100.00 %
</CYPRESSTAG>
Technology Mapping: Elapsed time ==> 0s.070ms
Tech Mapping phase: Elapsed time ==> 0s.120ms
</CYPRESSTAG>
<CYPRESSTAG name="Analog Placement">
<CYPRESSTAG name="FFB & IO Pre Placement">
<CYPRESSTAG name="Placement" icon="FILE_RPT_PLACEMENT">

Cell                                : Block                              
=========================================================================
MOTOR_A(0)                          : [IOP=(1)][IoId=(4)]                
MOTOR_B(0)                          : [IOP=(1)][IoId=(5)]                
MOTOR_C(0)                          : [IOP=(1)][IoId=(6)]                
MOTOR_D(0)                          : [IOP=(1)][IoId=(7)]                
Pin_BackLight(0)                    : [IOP=(1)][IoId=(1)]                
Pin_Buzz(0)                         : [IOP=(1)][IoId=(2)]                
\CapSense:Cmod(0)\                  : [IOP=(4)][IoId=(0)]                
\CapSense:Sns(0)\                   : [IOP=(2)][IoId=(1)]                
\CapSense:Sns(1)\                   : [IOP=(3)][IoId=(2)]                
\CapSense:Sns(2)\                   : [IOP=(3)][IoId=(0)]                
\CapSense:Sns(3)\                   : [IOP=(3)][IoId=(1)]                
\CapSense:Sns(4)\                   : [IOP=(0)][IoId=(5)]                
\CapSense:Sns(5)\                   : [IOP=(2)][IoId=(5)]                
\CapSense:Sns(6)\                   : [IOP=(3)][IoId=(3)]                
\CapSense:Sns(7)\                   : [IOP=(0)][IoId=(4)]                
\CapSense:Sns(8)\                   : [IOP=(2)][IoId=(3)]                
\CapSense:Sns(9)\                   : [IOP=(2)][IoId=(4)]                
\CapSense:Sns(10)\                  : [IOP=(0)][IoId=(2)]                
\CapSense:Sns(11)\                  : [IOP=(2)][IoId=(2)]                
\CapSense:Sns(12)\                  : [IOP=(2)][IoId=(0)]                
Pin_Finger(0)                       : [IOP=(1)][IoId=(3)]                
Pin_G(0)                            : [IOP=(3)][IoId=(6)]                
Pin_B(0)                            : [IOP=(3)][IoId=(7)]                
ClockGenBlock                       : CLK_GEN_[FFB(CLK_GEN,0)]           
\BLE_1:cy_m0s8_ble\                 : BLE_[FFB(BLE,0)]                   
\CapSense:IDACComp:cy_psoc4_idac\   : CSIDAC7_[FFB(CSIDAC7,0)]           
\CapSense:CSD\                      : CSD_[FFB(CSD,0)]                   
\CapSense:IDACMod:cy_psoc4_idac\    : CSIDAC8_[FFB(CSIDAC8,0)]           
\PWM:cy_m0s8_tcpwm_1\               : TCPWM_[FFB(TCPWM,1)]               

</CYPRESSTAG>
</CYPRESSTAG>
<CYPRESSTAG name="Real Analog Placement">
Elapsed time ==> 0.2445189s
</CYPRESSTAG>
Analog Placement phase: Elapsed time ==> 0s.920ms
</CYPRESSTAG>
<CYPRESSTAG name="Analog Routing">
<CYPRESSTAG name="Analog Routing">
Route success=True, Iterations=1 Elapsed=0.0066376 secs
</CYPRESSTAG>
Analog Routing phase: Elapsed time ==> 0s.010ms
</CYPRESSTAG>
<CYPRESSTAG name="Analog Code Generation">
============ Analog Final Answer Routes ============
Dump of CyAnalogRoutingResultsDB
Map of net to items {
  Net: \CapSense:Net_1909_0\ {
    source0
    swh_13
    amuxbusa_sar
    P3_P42
    p3_2
    P2_P41
    p2_1
    P2_P42
    p2_2
    P3_P41
    p3_1
    P2_P45
    p2_5
    P3_P43
    p3_3
    P2_P44
    p2_4
    P3_P40
    p3_0
    P2_P40
    p2_0
    P2_P43
    p2_3
    AMUX_CTB_SAR_SWITCH_A_SL
    amuxbridge_ctb_sar_a
    AMUX_CTB_SAR_SWITCH_A_SR
    amuxbusa_ctb
    P0_P42
    p0_2
    P0_P44
    p0_4
    P0_P45
    p0_5
    swhv_1
    idac0_out
    P4_P40
    p4_0
  }
}
Map of item to net {
  source0                                          -> \CapSense:Net_1909_0\
  swh_13                                           -> \CapSense:Net_1909_0\
  amuxbusa_sar                                     -> \CapSense:Net_1909_0\
  P3_P42                                           -> \CapSense:Net_1909_0\
  p3_2                                             -> \CapSense:Net_1909_0\
  P2_P41                                           -> \CapSense:Net_1909_0\
  p2_1                                             -> \CapSense:Net_1909_0\
  P2_P42                                           -> \CapSense:Net_1909_0\
  p2_2                                             -> \CapSense:Net_1909_0\
  P3_P41                                           -> \CapSense:Net_1909_0\
  p3_1                                             -> \CapSense:Net_1909_0\
  P2_P45                                           -> \CapSense:Net_1909_0\
  p2_5                                             -> \CapSense:Net_1909_0\
  P3_P43                                           -> \CapSense:Net_1909_0\
  p3_3                                             -> \CapSense:Net_1909_0\
  P2_P44                                           -> \CapSense:Net_1909_0\
  p2_4                                             -> \CapSense:Net_1909_0\
  P3_P40                                           -> \CapSense:Net_1909_0\
  p3_0                                             -> \CapSense:Net_1909_0\
  P2_P40                                           -> \CapSense:Net_1909_0\
  p2_0                                             -> \CapSense:Net_1909_0\
  P2_P43                                           -> \CapSense:Net_1909_0\
  p2_3                                             -> \CapSense:Net_1909_0\
  AMUX_CTB_SAR_SWITCH_A_SL                         -> \CapSense:Net_1909_0\
  amuxbridge_ctb_sar_a                             -> \CapSense:Net_1909_0\
  AMUX_CTB_SAR_SWITCH_A_SR                         -> \CapSense:Net_1909_0\
  amuxbusa_ctb                                     -> \CapSense:Net_1909_0\
  P0_P42                                           -> \CapSense:Net_1909_0\
  p0_2                                             -> \CapSense:Net_1909_0\
  P0_P44                                           -> \CapSense:Net_1909_0\
  p0_4                                             -> \CapSense:Net_1909_0\
  P0_P45                                           -> \CapSense:Net_1909_0\
  p0_5                                             -> \CapSense:Net_1909_0\
  swhv_1                                           -> \CapSense:Net_1909_0\
  idac0_out                                        -> \CapSense:Net_1909_0\
  P4_P40                                           -> \CapSense:Net_1909_0\
  p4_0                                             -> \CapSense:Net_1909_0\
}
Mux Info {
}
Analog Code Generation phase: Elapsed time ==> 0s.037ms
</CYPRESSTAG>
<CYPRESSTAG name="Digital Placement">
<CYPRESSTAG name="Detailed placement messages">
I2659: No Constrained paths were found. The placer will run in non-timing driven mode.
I2076: Total run-time: 0.7 sec.

</CYPRESSTAG>
<CYPRESSTAG name="PLD Packing">
<CYPRESSTAG name="PLD Packing Summary" expanded>

------------------------------------------------------------
PLD Packing Summary
------------------------------------------------------------
            Resource Type : Used : Free :  Max :  % Used
    ====================================================
                     PLDs :    1 :    7 :    8 :  12.50%

<CYPRESSTAG name="PLD Statistics">

        PLD Resource Type :     Average/LAB
    =======================================
                   Inputs :            0.00
                   Pterms :            0.00
               Macrocells :            1.00
</CYPRESSTAG>
<CYPRESSTAG name="Packed PLD Contents">
Packed PLD Contents not displayed at this verbose level.</CYPRESSTAG>
</CYPRESSTAG>
PLD Packing: Elapsed time ==> 0s.000ms
</CYPRESSTAG>
<CYPRESSTAG name="Partitioning">
<CYPRESSTAG name="Initial Partitioning Summary">
Initial Partitioning Summary not displayed at this verbose level.</CYPRESSTAG>
<CYPRESSTAG name="Final Partitioning Summary">
Final Partitioning Summary not displayed at this verbose level.</CYPRESSTAG>
Partitioning: Elapsed time ==> 0s.030ms
</CYPRESSTAG>
<CYPRESSTAG name="Final Placement Summary">

------------------------------------------------------------
Final Placement Summary
------------------------------------------------------------

       Resource Type :      Count : Avg Inputs : Avg Outputs
    ========================================================
                 UDB :          1 :       0.00 :       1.00
<CYPRESSTAG name="Final Placement Details">
<CYPRESSTAG name="Component Details">

------------------------------------------------------------
Component Placement Details
------------------------------------------------------------
UDB [UDB=(0,0)] is empty.
UDB [UDB=(0,1)] contents:
LAB@[UDB=(0,1)][LB=0] #macrocells=1, #inputs=0, #pterms=0
{
    [McSlotId=0]:     MacroCell: Name=__ONE__, Mode=(Combinatorial) @ [UDB=(0,1)][LB=0][MC=0]
        Total # of inputs        : 0
        Total # of product terms : 0
            Clock Enable: True
        Main Equation            : 0 pterms
        !(
            0
        );
        Output = __ONE__ (fanout=2)
        Properties               : 
        {
        }

    [McSlotId=1]: (empty)
    [McSlotId=2]: (empty)
    [McSlotId=3]: (empty)
}

UDB [UDB=(1,0)] is empty.
UDB [UDB=(1,1)] is empty.
Intr container @ [IntrContainer=(0)]: 
  Intr@ [IntrContainer=(0)][IntrId=(1)] 
    interrupt: Name =ISR_Finger
        PORT MAP (
            interrupt => Net_287 );
        Properties:
        {
            int_type = "00"
            is_nmi = 0
        }
  Intr@ [IntrContainer=(0)][IntrId=(12)] 
    interrupt: Name =\BLE_1:bless_isr\
        PORT MAP (
            interrupt => \BLE_1:Net_15\ );
        Properties:
        {
            int_type = "10"
            is_nmi = 0
        }
  Intr@ [IntrContainer=(0)][IntrId=(16)] 
    interrupt: Name =\CapSense:ISR\
        PORT MAP (
            interrupt => \CapSense:Net_815\ );
        Properties:
        {
            int_type = "10"
            is_nmi = 0
        }
  Intr@ [IntrContainer=(0)][IntrId=(18)] 
    interrupt: Name =ISR_PWM
        PORT MAP (
            interrupt => Net_281 );
        Properties:
        {
            int_type = "10"
            is_nmi = 0
        }
Port 0 contains the following IO cells:
[IoId=2]: 
Pin : Name = \CapSense:Sns(10)\
    Attributes:
        Alias: ButtonCLR_Sns0
        In Group/Port: True
        In Sync Option: AUTO
        Out Sync Option: AUTO
        Interrupt generated: False
        Interrupt mode: NONE
        Drive mode: HI_Z_ANALOG
        VTrip: EITHER
        Slew: FAST
        Input Sync needed: False
        Output Sync needed: False
        SC shield enabled: False
        POR State: ANY
        LCD Mode: COMMON
        Register Mode: RegComb
        CaSense Mode: NEITHER
        Treat as pin: True
        Is OE Registered: False
        Uses Analog: True
        Can contain Digital: False
        Is SIO: False
        SIO Output Buf: NONREGULATED
        SIO Input Buf: SINGLE_ENDED
        SIO HiFreq: LOW
        SIO Hyst: DISABLED
        SIO Vtrip: MULTIPLIER_0_5
        SIO Multiplier Index: 0
        SIO RefSel: VCC_IO
        Required Capabilities: ANALOG
        Initial Value: 1
        IO Voltage: 0
    PORT MAP (
        pa_out => \CapSense:Sns(10)\__PA ,
        analog_term => \CapSense:Net_1909_0\ ,
        pad => \CapSense:Sns(10)_PAD\ );
    Properties:
    {
    }

[IoId=4]: 
Pin : Name = \CapSense:Sns(7)\
    Attributes:
        Alias: Button7_Sns0
        In Group/Port: True
        In Sync Option: AUTO
        Out Sync Option: AUTO
        Interrupt generated: False
        Interrupt mode: NONE
        Drive mode: HI_Z_ANALOG
        VTrip: EITHER
        Slew: FAST
        Input Sync needed: False
        Output Sync needed: False
        SC shield enabled: False
        POR State: ANY
        LCD Mode: COMMON
        Register Mode: RegComb
        CaSense Mode: NEITHER
        Treat as pin: True
        Is OE Registered: False
        Uses Analog: True
        Can contain Digital: False
        Is SIO: False
        SIO Output Buf: NONREGULATED
        SIO Input Buf: SINGLE_ENDED
        SIO HiFreq: LOW
        SIO Hyst: DISABLED
        SIO Vtrip: MULTIPLIER_0_5
        SIO Multiplier Index: 0
        SIO RefSel: VCC_IO
        Required Capabilities: ANALOG
        Initial Value: 1
        IO Voltage: 0
    PORT MAP (
        pa_out => \CapSense:Sns(7)\__PA ,
        analog_term => \CapSense:Net_1909_0\ ,
        pad => \CapSense:Sns(7)_PAD\ );
    Properties:
    {
    }

[IoId=5]: 
Pin : Name = \CapSense:Sns(4)\
    Attributes:
        Alias: Button4_Sns0
        In Group/Port: True
        In Sync Option: AUTO
        Out Sync Option: AUTO
        Interrupt generated: False
        Interrupt mode: NONE
        Drive mode: HI_Z_ANALOG
        VTrip: EITHER
        Slew: FAST
        Input Sync needed: False
        Output Sync needed: False
        SC shield enabled: False
        POR State: ANY
        LCD Mode: COMMON
        Register Mode: RegComb
        CaSense Mode: NEITHER
        Treat as pin: True
        Is OE Registered: False
        Uses Analog: True
        Can contain Digital: False
        Is SIO: False
        SIO Output Buf: NONREGULATED
        SIO Input Buf: SINGLE_ENDED
        SIO HiFreq: LOW
        SIO Hyst: DISABLED
        SIO Vtrip: MULTIPLIER_0_5
        SIO Multiplier Index: 0
        SIO RefSel: VCC_IO
        Required Capabilities: ANALOG
        Initial Value: 1
        IO Voltage: 0
    PORT MAP (
        pa_out => \CapSense:Sns(4)\__PA ,
        analog_term => \CapSense:Net_1909_0\ ,
        pad => \CapSense:Sns(4)_PAD\ );
    Properties:
    {
    }

Port 1 generates interrupt for logical port:
    logicalport: Name =Pin_Finger
        PORT MAP (
            in_clock_en => tmpOE__MOTOR_A_net_0 ,
            in_reset => zero ,
            out_clock_en => tmpOE__MOTOR_A_net_0 ,
            out_reset => zero ,
            in_clock => ClockBlock_HFClk );
        Properties:
        {
            drive_mode = "011"
            ibuf_enabled = "1"
            id = "8d318d8b-cf7b-4b6b-b02c-ab1c5c49d0ba"
            init_dr_st = "0"
            input_buffer_sel = "00"
            input_clk_en = 0
            input_sync = "1"
            input_sync_mode = "0"
            intr_mode = "01"
            invert_in_clock = 0
            invert_in_clock_en = 0
            invert_in_reset = 0
            invert_out_clock = 0
            invert_out_clock_en = 0
            invert_out_reset = 0
            io_voltage = ""
            layout_mode = "CONTIGUOUS"
            oe_conn = "0"
            oe_reset = 0
            oe_sync = "0"
            output_clk_en = 0
            output_clock_mode = "0"
            output_conn = "0"
            output_mode = "0"
            output_reset = 0
            output_sync = "0"
            ovt_hyst_trim = "0"
            ovt_needed = "0"
            ovt_slew_control = "00"
            pa_in_clock = -1
            pa_in_clock_en = -1
            pa_in_reset = -1
            pa_out_clock = -1
            pa_out_clock_en = -1
            pa_out_reset = -1
            pin_aliases = ""
            pin_mode = "I"
            por_state = 4
            port_alias_group = ""
            port_alias_required = 0
            sio_group_cnt = 0
            sio_hifreq = "00000000"
            sio_hyst = "1"
            sio_ibuf = "00000000"
            sio_info = "00"
            sio_obuf = "00000000"
            sio_refsel = "00000000"
            sio_vohsel = "00000000"
            sio_vtrip = "00000000"
            slew_rate = "0"
            spanning = 0
            sw_only = 0
            use_annotation = "0"
            vtrip = "00"
            width = 1
        }
    and contains the following IO cells:
[IoId=1]: 
Pin : Name = Pin_BackLight(0)
    Attributes:
        In Group/Port: True
        In Sync Option: AUTO
        Out Sync Option: NOSYNC
        Interrupt generated: False
        Interrupt mode: NONE
        Drive mode: CMOS_OUT
        VTrip: EITHER
        Slew: FAST
        Input Sync needed: False
        Output Sync needed: False
        SC shield enabled: False
        POR State: ANY
        LCD Mode: COMMON
        Register Mode: RegComb
        CaSense Mode: NEITHER
        Treat as pin: True
        Is OE Registered: False
        Uses Analog: False
        Can contain Digital: True
        Is SIO: False
        SIO Output Buf: NONREGULATED
        SIO Input Buf: SINGLE_ENDED
        SIO HiFreq: LOW
        SIO Hyst: DISABLED
        SIO Vtrip: MULTIPLIER_0_5
        SIO Multiplier Index: 0
        SIO RefSel: VCC_IO
        Required Capabilities: DIGITAL
        Initial Value: 0
        IO Voltage: 0
    PORT MAP (
        pa_out => Pin_BackLight(0)__PA ,
        pad => Pin_BackLight(0)_PAD );
    Properties:
    {
    }

[IoId=2]: 
Pin : Name = Pin_Buzz(0)
    Attributes:
        In Group/Port: True
        In Sync Option: AUTO
        Out Sync Option: NOSYNC
        Interrupt generated: False
        Interrupt mode: NONE
        Drive mode: CMOS_OUT
        VTrip: EITHER
        Slew: FAST
        Input Sync needed: False
        Output Sync needed: False
        SC shield enabled: False
        POR State: ANY
        LCD Mode: COMMON
        Register Mode: RegComb
        CaSense Mode: NEITHER
        Treat as pin: True
        Is OE Registered: False
        Uses Analog: False
        Can contain Digital: True
        Is SIO: False
        SIO Output Buf: NONREGULATED
        SIO Input Buf: SINGLE_ENDED
        SIO HiFreq: LOW
        SIO Hyst: DISABLED
        SIO Vtrip: MULTIPLIER_0_5
        SIO Multiplier Index: 0
        SIO RefSel: VCC_IO
        Required Capabilities: DIGITAL
        Initial Value: 1
        IO Voltage: 0
    PORT MAP (
        pa_out => Pin_Buzz(0)__PA ,
        pin_input => Net_316 ,
        pad => Pin_Buzz(0)_PAD );
    Properties:
    {
    }

[IoId=3]: 
Pin : Name = Pin_Finger(0)
    Attributes:
        In Group/Port: True
        In Sync Option: SYNC
        Out Sync Option: AUTO
        Interrupt generated: True
        Interrupt mode: RISING
        Drive mode: RES_PULL_DOWN
        VTrip: CMOS
        Slew: FAST
        Input Sync needed: True
        Output Sync needed: False
        SC shield enabled: False
        POR State: ANY
        LCD Mode: COMMON
        Register Mode: RegComb
        CaSense Mode: NEITHER
        Treat as pin: False
        Is OE Registered: False
        Uses Analog: False
        Can contain Digital: True
        Is SIO: False
        SIO Output Buf: NONREGULATED
        SIO Input Buf: SINGLE_ENDED
        SIO HiFreq: LOW
        SIO Hyst: DISABLED
        SIO Vtrip: MULTIPLIER_0_5
        SIO Multiplier Index: 0
        SIO RefSel: VCC_IO
        Required Capabilities: DIGITAL, ROUTABLE
        Initial Value: 0
        IO Voltage: 0
    PORT MAP (
        pa_out => Pin_Finger(0)__PA ,
        fb => Net_287 ,
        pad => Pin_Finger(0)_PAD );
    Properties:
    {
    }

[IoId=4]: 
Pin : Name = MOTOR_A(0)
    Attributes:
        In Group/Port: True
        In Sync Option: AUTO
        Out Sync Option: NOSYNC
        Interrupt generated: False
        Interrupt mode: NONE
        Drive mode: CMOS_OUT
        VTrip: EITHER
        Slew: FAST
        Input Sync needed: False
        Output Sync needed: False
        SC shield enabled: False
        POR State: ANY
        LCD Mode: COMMON
        Register Mode: RegComb
        CaSense Mode: NEITHER
        Treat as pin: True
        Is OE Registered: False
        Uses Analog: False
        Can contain Digital: True
        Is SIO: False
        SIO Output Buf: NONREGULATED
        SIO Input Buf: SINGLE_ENDED
        SIO HiFreq: LOW
        SIO Hyst: DISABLED
        SIO Vtrip: MULTIPLIER_0_5
        SIO Multiplier Index: 0
        SIO RefSel: VCC_IO
        Required Capabilities: DIGITAL
        Initial Value: 0
        IO Voltage: 0
    PORT MAP (
        pa_out => MOTOR_A(0)__PA ,
        pad => MOTOR_A(0)_PAD );
    Properties:
    {
    }

[IoId=5]: 
Pin : Name = MOTOR_B(0)
    Attributes:
        In Group/Port: True
        In Sync Option: AUTO
        Out Sync Option: NOSYNC
        Interrupt generated: False
        Interrupt mode: NONE
        Drive mode: CMOS_OUT
        VTrip: EITHER
        Slew: FAST
        Input Sync needed: False
        Output Sync needed: False
        SC shield enabled: False
        POR State: ANY
        LCD Mode: COMMON
        Register Mode: RegComb
        CaSense Mode: NEITHER
        Treat as pin: True
        Is OE Registered: False
        Uses Analog: False
        Can contain Digital: True
        Is SIO: False
        SIO Output Buf: NONREGULATED
        SIO Input Buf: SINGLE_ENDED
        SIO HiFreq: LOW
        SIO Hyst: DISABLED
        SIO Vtrip: MULTIPLIER_0_5
        SIO Multiplier Index: 0
        SIO RefSel: VCC_IO
        Required Capabilities: DIGITAL
        Initial Value: 0
        IO Voltage: 0
    PORT MAP (
        pa_out => MOTOR_B(0)__PA ,
        pad => MOTOR_B(0)_PAD );
    Properties:
    {
    }

[IoId=6]: 
Pin : Name = MOTOR_C(0)
    Attributes:
        In Group/Port: True
        In Sync Option: AUTO
        Out Sync Option: NOSYNC
        Interrupt generated: False
        Interrupt mode: NONE
        Drive mode: CMOS_OUT
        VTrip: EITHER
        Slew: FAST
        Input Sync needed: False
        Output Sync needed: False
        SC shield enabled: False
        POR State: ANY
        LCD Mode: COMMON
        Register Mode: RegComb
        CaSense Mode: NEITHER
        Treat as pin: True
        Is OE Registered: False
        Uses Analog: False
        Can contain Digital: True
        Is SIO: False
        SIO Output Buf: NONREGULATED
        SIO Input Buf: SINGLE_ENDED
        SIO HiFreq: LOW
        SIO Hyst: DISABLED
        SIO Vtrip: MULTIPLIER_0_5
        SIO Multiplier Index: 0
        SIO RefSel: VCC_IO
        Required Capabilities: DIGITAL
        Initial Value: 0
        IO Voltage: 0
    PORT MAP (
        pa_out => MOTOR_C(0)__PA ,
        pad => MOTOR_C(0)_PAD );
    Properties:
    {
    }

[IoId=7]: 
Pin : Name = MOTOR_D(0)
    Attributes:
        In Group/Port: True
        In Sync Option: AUTO
        Out Sync Option: NOSYNC
        Interrupt generated: False
        Interrupt mode: NONE
        Drive mode: CMOS_OUT
        VTrip: EITHER
        Slew: FAST
        Input Sync needed: False
        Output Sync needed: False
        SC shield enabled: False
        POR State: ANY
        LCD Mode: COMMON
        Register Mode: RegComb
        CaSense Mode: NEITHER
        Treat as pin: True
        Is OE Registered: False
        Uses Analog: False
        Can contain Digital: True
        Is SIO: False
        SIO Output Buf: NONREGULATED
        SIO Input Buf: SINGLE_ENDED
        SIO HiFreq: LOW
        SIO Hyst: DISABLED
        SIO Vtrip: MULTIPLIER_0_5
        SIO Multiplier Index: 0
        SIO RefSel: VCC_IO
        Required Capabilities: DIGITAL
        Initial Value: 0
        IO Voltage: 0
    PORT MAP (
        pa_out => MOTOR_D(0)__PA ,
        pad => MOTOR_D(0)_PAD );
    Properties:
    {
    }

Port 2 contains the following IO cells:
[IoId=0]: 
Pin : Name = \CapSense:Sns(12)\
    Attributes:
        Alias: Proximity0_Sns0
        In Group/Port: True
        In Sync Option: AUTO
        Out Sync Option: AUTO
        Interrupt generated: False
        Interrupt mode: NONE
        Drive mode: HI_Z_ANALOG
        VTrip: EITHER
        Slew: FAST
        Input Sync needed: False
        Output Sync needed: False
        SC shield enabled: False
        POR State: ANY
        LCD Mode: COMMON
        Register Mode: RegComb
        CaSense Mode: NEITHER
        Treat as pin: True
        Is OE Registered: False
        Uses Analog: True
        Can contain Digital: False
        Is SIO: False
        SIO Output Buf: NONREGULATED
        SIO Input Buf: SINGLE_ENDED
        SIO HiFreq: LOW
        SIO Hyst: DISABLED
        SIO Vtrip: MULTIPLIER_0_5
        SIO Multiplier Index: 0
        SIO RefSel: VCC_IO
        Required Capabilities: ANALOG
        Initial Value: 1
        IO Voltage: 0
    PORT MAP (
        pa_out => \CapSense:Sns(12)\__PA ,
        analog_term => \CapSense:Net_1909_0\ ,
        pad => \CapSense:Sns(12)_PAD\ );
    Properties:
    {
    }

[IoId=1]: 
Pin : Name = \CapSense:Sns(0)\
    Attributes:
        Alias: Button0_Sns0
        In Group/Port: True
        In Sync Option: AUTO
        Out Sync Option: AUTO
        Interrupt generated: False
        Interrupt mode: NONE
        Drive mode: HI_Z_ANALOG
        VTrip: EITHER
        Slew: FAST
        Input Sync needed: False
        Output Sync needed: False
        SC shield enabled: False
        POR State: ANY
        LCD Mode: COMMON
        Register Mode: RegComb
        CaSense Mode: NEITHER
        Treat as pin: True
        Is OE Registered: False
        Uses Analog: True
        Can contain Digital: False
        Is SIO: False
        SIO Output Buf: NONREGULATED
        SIO Input Buf: SINGLE_ENDED
        SIO HiFreq: LOW
        SIO Hyst: DISABLED
        SIO Vtrip: MULTIPLIER_0_5
        SIO Multiplier Index: 0
        SIO RefSel: VCC_IO
        Required Capabilities: ANALOG
        Initial Value: 0
        IO Voltage: 0
    PORT MAP (
        pa_out => \CapSense:Sns(0)\__PA ,
        analog_term => \CapSense:Net_1909_0\ ,
        pad => \CapSense:Sns(0)_PAD\ );
    Properties:
    {
    }

[IoId=2]: 
Pin : Name = \CapSense:Sns(11)\
    Attributes:
        Alias: ButtonENTR_Sns0
        In Group/Port: True
        In Sync Option: AUTO
        Out Sync Option: AUTO
        Interrupt generated: False
        Interrupt mode: NONE
        Drive mode: HI_Z_ANALOG
        VTrip: EITHER
        Slew: FAST
        Input Sync needed: False
        Output Sync needed: False
        SC shield enabled: False
        POR State: ANY
        LCD Mode: COMMON
        Register Mode: RegComb
        CaSense Mode: NEITHER
        Treat as pin: True
        Is OE Registered: False
        Uses Analog: True
        Can contain Digital: False
        Is SIO: False
        SIO Output Buf: NONREGULATED
        SIO Input Buf: SINGLE_ENDED
        SIO HiFreq: LOW
        SIO Hyst: DISABLED
        SIO Vtrip: MULTIPLIER_0_5
        SIO Multiplier Index: 0
        SIO RefSel: VCC_IO
        Required Capabilities: ANALOG
        Initial Value: 1
        IO Voltage: 0
    PORT MAP (
        pa_out => \CapSense:Sns(11)\__PA ,
        analog_term => \CapSense:Net_1909_0\ ,
        pad => \CapSense:Sns(11)_PAD\ );
    Properties:
    {
    }

[IoId=3]: 
Pin : Name = \CapSense:Sns(8)\
    Attributes:
        Alias: Button8_Sns0
        In Group/Port: True
        In Sync Option: AUTO
        Out Sync Option: AUTO
        Interrupt generated: False
        Interrupt mode: NONE
        Drive mode: HI_Z_ANALOG
        VTrip: EITHER
        Slew: FAST
        Input Sync needed: False
        Output Sync needed: False
        SC shield enabled: False
        POR State: ANY
        LCD Mode: COMMON
        Register Mode: RegComb
        CaSense Mode: NEITHER
        Treat as pin: True
        Is OE Registered: False
        Uses Analog: True
        Can contain Digital: False
        Is SIO: False
        SIO Output Buf: NONREGULATED
        SIO Input Buf: SINGLE_ENDED
        SIO HiFreq: LOW
        SIO Hyst: DISABLED
        SIO Vtrip: MULTIPLIER_0_5
        SIO Multiplier Index: 0
        SIO RefSel: VCC_IO
        Required Capabilities: ANALOG
        Initial Value: 1
        IO Voltage: 0
    PORT MAP (
        pa_out => \CapSense:Sns(8)\__PA ,
        analog_term => \CapSense:Net_1909_0\ ,
        pad => \CapSense:Sns(8)_PAD\ );
    Properties:
    {
    }

[IoId=4]: 
Pin : Name = \CapSense:Sns(9)\
    Attributes:
        Alias: Button9_Sns0
        In Group/Port: True
        In Sync Option: AUTO
        Out Sync Option: AUTO
        Interrupt generated: False
        Interrupt mode: NONE
        Drive mode: HI_Z_ANALOG
        VTrip: EITHER
        Slew: FAST
        Input Sync needed: False
        Output Sync needed: False
        SC shield enabled: False
        POR State: ANY
        LCD Mode: COMMON
        Register Mode: RegComb
        CaSense Mode: NEITHER
        Treat as pin: True
        Is OE Registered: False
        Uses Analog: True
        Can contain Digital: False
        Is SIO: False
        SIO Output Buf: NONREGULATED
        SIO Input Buf: SINGLE_ENDED
        SIO HiFreq: LOW
        SIO Hyst: DISABLED
        SIO Vtrip: MULTIPLIER_0_5
        SIO Multiplier Index: 0
        SIO RefSel: VCC_IO
        Required Capabilities: ANALOG
        Initial Value: 1
        IO Voltage: 0
    PORT MAP (
        pa_out => \CapSense:Sns(9)\__PA ,
        analog_term => \CapSense:Net_1909_0\ ,
        pad => \CapSense:Sns(9)_PAD\ );
    Properties:
    {
    }

[IoId=5]: 
Pin : Name = \CapSense:Sns(5)\
    Attributes:
        Alias: Button5_Sns0
        In Group/Port: True
        In Sync Option: AUTO
        Out Sync Option: AUTO
        Interrupt generated: False
        Interrupt mode: NONE
        Drive mode: HI_Z_ANALOG
        VTrip: EITHER
        Slew: FAST
        Input Sync needed: False
        Output Sync needed: False
        SC shield enabled: False
        POR State: ANY
        LCD Mode: COMMON
        Register Mode: RegComb
        CaSense Mode: NEITHER
        Treat as pin: True
        Is OE Registered: False
        Uses Analog: True
        Can contain Digital: False
        Is SIO: False
        SIO Output Buf: NONREGULATED
        SIO Input Buf: SINGLE_ENDED
        SIO HiFreq: LOW
        SIO Hyst: DISABLED
        SIO Vtrip: MULTIPLIER_0_5
        SIO Multiplier Index: 0
        SIO RefSel: VCC_IO
        Required Capabilities: ANALOG
        Initial Value: 1
        IO Voltage: 0
    PORT MAP (
        pa_out => \CapSense:Sns(5)\__PA ,
        analog_term => \CapSense:Net_1909_0\ ,
        pad => \CapSense:Sns(5)_PAD\ );
    Properties:
    {
    }

Port 3 contains the following IO cells:
[IoId=0]: 
Pin : Name = \CapSense:Sns(2)\
    Attributes:
        Alias: Button2_Sns0
        In Group/Port: True
        In Sync Option: AUTO
        Out Sync Option: AUTO
        Interrupt generated: False
        Interrupt mode: NONE
        Drive mode: HI_Z_ANALOG
        VTrip: EITHER
        Slew: FAST
        Input Sync needed: False
        Output Sync needed: False
        SC shield enabled: False
        POR State: ANY
        LCD Mode: COMMON
        Register Mode: RegComb
        CaSense Mode: NEITHER
        Treat as pin: True
        Is OE Registered: False
        Uses Analog: True
        Can contain Digital: False
        Is SIO: False
        SIO Output Buf: NONREGULATED
        SIO Input Buf: SINGLE_ENDED
        SIO HiFreq: LOW
        SIO Hyst: DISABLED
        SIO Vtrip: MULTIPLIER_0_5
        SIO Multiplier Index: 0
        SIO RefSel: VCC_IO
        Required Capabilities: ANALOG
        Initial Value: 1
        IO Voltage: 0
    PORT MAP (
        pa_out => \CapSense:Sns(2)\__PA ,
        analog_term => \CapSense:Net_1909_0\ ,
        pad => \CapSense:Sns(2)_PAD\ );
    Properties:
    {
    }

[IoId=1]: 
Pin : Name = \CapSense:Sns(3)\
    Attributes:
        Alias: Button3_Sns0
        In Group/Port: True
        In Sync Option: AUTO
        Out Sync Option: AUTO
        Interrupt generated: False
        Interrupt mode: NONE
        Drive mode: HI_Z_ANALOG
        VTrip: EITHER
        Slew: FAST
        Input Sync needed: False
        Output Sync needed: False
        SC shield enabled: False
        POR State: ANY
        LCD Mode: COMMON
        Register Mode: RegComb
        CaSense Mode: NEITHER
        Treat as pin: True
        Is OE Registered: False
        Uses Analog: True
        Can contain Digital: False
        Is SIO: False
        SIO Output Buf: NONREGULATED
        SIO Input Buf: SINGLE_ENDED
        SIO HiFreq: LOW
        SIO Hyst: DISABLED
        SIO Vtrip: MULTIPLIER_0_5
        SIO Multiplier Index: 0
        SIO RefSel: VCC_IO
        Required Capabilities: ANALOG
        Initial Value: 1
        IO Voltage: 0
    PORT MAP (
        pa_out => \CapSense:Sns(3)\__PA ,
        analog_term => \CapSense:Net_1909_0\ ,
        pad => \CapSense:Sns(3)_PAD\ );
    Properties:
    {
    }

[IoId=2]: 
Pin : Name = \CapSense:Sns(1)\
    Attributes:
        Alias: Button1_Sns0
        In Group/Port: True
        In Sync Option: AUTO
        Out Sync Option: AUTO
        Interrupt generated: False
        Interrupt mode: NONE
        Drive mode: HI_Z_ANALOG
        VTrip: EITHER
        Slew: FAST
        Input Sync needed: False
        Output Sync needed: False
        SC shield enabled: False
        POR State: ANY
        LCD Mode: COMMON
        Register Mode: RegComb
        CaSense Mode: NEITHER
        Treat as pin: True
        Is OE Registered: False
        Uses Analog: True
        Can contain Digital: False
        Is SIO: False
        SIO Output Buf: NONREGULATED
        SIO Input Buf: SINGLE_ENDED
        SIO HiFreq: LOW
        SIO Hyst: DISABLED
        SIO Vtrip: MULTIPLIER_0_5
        SIO Multiplier Index: 0
        SIO RefSel: VCC_IO
        Required Capabilities: ANALOG
        Initial Value: 1
        IO Voltage: 0
    PORT MAP (
        pa_out => \CapSense:Sns(1)\__PA ,
        analog_term => \CapSense:Net_1909_0\ ,
        pad => \CapSense:Sns(1)_PAD\ );
    Properties:
    {
    }

[IoId=3]: 
Pin : Name = \CapSense:Sns(6)\
    Attributes:
        Alias: Button6_Sns0
        In Group/Port: True
        In Sync Option: AUTO
        Out Sync Option: AUTO
        Interrupt generated: False
        Interrupt mode: NONE
        Drive mode: HI_Z_ANALOG
        VTrip: EITHER
        Slew: FAST
        Input Sync needed: False
        Output Sync needed: False
        SC shield enabled: False
        POR State: ANY
        LCD Mode: COMMON
        Register Mode: RegComb
        CaSense Mode: NEITHER
        Treat as pin: True
        Is OE Registered: False
        Uses Analog: True
        Can contain Digital: False
        Is SIO: False
        SIO Output Buf: NONREGULATED
        SIO Input Buf: SINGLE_ENDED
        SIO HiFreq: LOW
        SIO Hyst: DISABLED
        SIO Vtrip: MULTIPLIER_0_5
        SIO Multiplier Index: 0
        SIO RefSel: VCC_IO
        Required Capabilities: ANALOG
        Initial Value: 1
        IO Voltage: 0
    PORT MAP (
        pa_out => \CapSense:Sns(6)\__PA ,
        analog_term => \CapSense:Net_1909_0\ ,
        pad => \CapSense:Sns(6)_PAD\ );
    Properties:
    {
    }

[IoId=6]: 
Pin : Name = Pin_G(0)
    Attributes:
        In Group/Port: True
        In Sync Option: AUTO
        Out Sync Option: NOSYNC
        Interrupt generated: False
        Interrupt mode: NONE
        Drive mode: CMOS_OUT
        VTrip: EITHER
        Slew: FAST
        Input Sync needed: False
        Output Sync needed: False
        SC shield enabled: False
        POR State: ANY
        LCD Mode: COMMON
        Register Mode: RegComb
        CaSense Mode: NEITHER
        Treat as pin: True
        Is OE Registered: False
        Uses Analog: False
        Can contain Digital: True
        Is SIO: False
        SIO Output Buf: NONREGULATED
        SIO Input Buf: SINGLE_ENDED
        SIO HiFreq: LOW
        SIO Hyst: DISABLED
        SIO Vtrip: MULTIPLIER_0_5
        SIO Multiplier Index: 0
        SIO RefSel: VCC_IO
        Required Capabilities: DIGITAL
        Initial Value: 0
        IO Voltage: 0
    PORT MAP (
        pa_out => Pin_G(0)__PA ,
        pad => Pin_G(0)_PAD );
    Properties:
    {
    }

[IoId=7]: 
Pin : Name = Pin_B(0)
    Attributes:
        In Group/Port: True
        In Sync Option: AUTO
        Out Sync Option: NOSYNC
        Interrupt generated: False
        Interrupt mode: NONE
        Drive mode: CMOS_OUT
        VTrip: EITHER
        Slew: FAST
        Input Sync needed: False
        Output Sync needed: False
        SC shield enabled: False
        POR State: ANY
        LCD Mode: COMMON
        Register Mode: RegComb
        CaSense Mode: NEITHER
        Treat as pin: True
        Is OE Registered: False
        Uses Analog: False
        Can contain Digital: True
        Is SIO: False
        SIO Output Buf: NONREGULATED
        SIO Input Buf: SINGLE_ENDED
        SIO HiFreq: LOW
        SIO Hyst: DISABLED
        SIO Vtrip: MULTIPLIER_0_5
        SIO Multiplier Index: 0
        SIO RefSel: VCC_IO
        Required Capabilities: DIGITAL
        Initial Value: 0
        IO Voltage: 0
    PORT MAP (
        pa_out => Pin_B(0)__PA ,
        pad => Pin_B(0)_PAD );
    Properties:
    {
    }

Port 4 contains the following IO cells:
[IoId=0]: 
Pin : Name = \CapSense:Cmod(0)\
    Attributes:
        Alias: Cmod
        In Group/Port: True
        In Sync Option: AUTO
        Out Sync Option: AUTO
        Interrupt generated: False
        Interrupt mode: NONE
        Drive mode: HI_Z_ANALOG
        VTrip: EITHER
        Slew: FAST
        Input Sync needed: False
        Output Sync needed: False
        SC shield enabled: False
        POR State: ANY
        LCD Mode: COMMON
        Register Mode: RegComb
        CaSense Mode: NEITHER
        Treat as pin: True
        Is OE Registered: False
        Uses Analog: True
        Can contain Digital: False
        Is SIO: False
        SIO Output Buf: NONREGULATED
        SIO Input Buf: SINGLE_ENDED
        SIO HiFreq: LOW
        SIO Hyst: DISABLED
        SIO Vtrip: MULTIPLIER_0_5
        SIO Multiplier Index: 0
        SIO RefSel: VCC_IO
        Required Capabilities: ANALOG
        Initial Value: 0
        IO Voltage: 0
    PORT MAP (
        pa_out => \CapSense:Cmod(0)\__PA ,
        pad => \CapSense:Cmod(0)_PAD\ );
    Properties:
    {
    }

Port 5 contains the following IO cells:
Port 6 contains the following IO cells:
ARM group 0: empty
Clock group 0: 
    Clock Block @ F(Clock,0): 
    m0s8clockblockcell: Name =ClockBlock
        PORT MAP (
            hfclk => ClockBlock_HFClk ,
            imo => ClockBlock_IMO ,
            ext => ClockBlock_ExtClk ,
            sysclk => ClockBlock_SysClk ,
            eco => ClockBlock_ECO ,
            ilo => ClockBlock_ILO ,
            lfclk => ClockBlock_LFClk ,
            wco => ClockBlock_WCO ,
            dsi_in_0 => ClockBlock_Routed1 ,
            ff_div_5 => \CapSense:Net_1946_ff5\ ,
            ff_div_4 => \CapSense:Net_1785_ff4\ ,
            ff_div_7 => Net_14_ff7 );
        Properties:
        {
        }
LCD group 0: empty
PICU group 0: empty
LPCOMP group 0: empty
SCB group 0: empty
CSD group 0: 
    CapSense @ F(CSD,0): 
    p4csdcell: Name =\CapSense:CSD\
        PORT MAP (
            source => \CapSense:Net_1909_0\ ,
            shield => \CapSense:Net_817\ ,
            csh => \CapSense:Net_2084\ ,
            cmod => \CapSense:Net_804\ ,
            sense_out => \CapSense:Net_1913\ ,
            sample_out => \CapSense:Net_1911\ ,
            clk1 => \CapSense:Net_1785_ff4\ ,
            clk2 => \CapSense:Net_1946_ff5\ ,
            irq => \CapSense:Net_815\ );
        Properties:
        {
            cy_registers = ""
            ganged_csx = 0
            is_capsense = 1
            is_cmod_charge = 0
            is_csh_charge = 0
            is_mutual = 0
            rx_count = 1
            sense_as_shield = 0
            sensors_count = 13
            shield_as_sense = 0
            shield_count = 1
            tx_count = 1
        }
CSIDAC8 group 0: 
    8-bit IDAC @ F(CSIDAC8,0): 
    p4csidac8cell: Name =\CapSense:IDACMod:cy_psoc4_idac\
        PORT MAP (
            en => __ONE__ );
        Properties:
        {
            cy_registers = ""
            resolution = 8
        }
CSIDAC7 group 0: 
    7-bit IDAC @ F(CSIDAC7,0): 
    p4csidac7cell: Name =\CapSense:IDACComp:cy_psoc4_idac\
        PORT MAP (
            en => __ONE__ );
        Properties:
        {
            cy_registers = ""
            resolution = 7
        }
TCPWM group 0: 
    Tcpwm Block @ F(TCPWM,1): 
    m0s8tcpwmcell: Name =\PWM:cy_m0s8_tcpwm_1\
        PORT MAP (
            clock => Net_14_ff7 ,
            capture => zero ,
            count => tmpOE__MOTOR_A_net_0 ,
            reload => zero ,
            stop => zero ,
            start => zero ,
            tr_underflow => Net_272 ,
            tr_overflow => Net_271 ,
            tr_compare_match => Net_273 ,
            line => Net_316 ,
            line_compl => Net_293 ,
            interrupt => Net_281 );
        Properties:
        {
            cy_registers = ""
        }
OA group 0: empty
TEMP group 0: empty
SARADC group 0: empty
CLK_GEN group 0: 
    M0S8 Clock Gen Block @ F(CLK_GEN,0): 
    m0s8clockgenblockcell: Name =ClockGenBlock
        PORT MAP (
             );
        Properties:
        {
        }
LPCOMPBLOCK group 0: empty
PASSBLOCK group 0: empty
BLE group 0: 
    BLE Block @ F(BLE,0): 
    p4blecell: Name =\BLE_1:cy_m0s8_ble\
        PORT MAP (
            interrupt => \BLE_1:Net_15\ ,
            rfctrl_extpa_en => Net_286 );
        Properties:
        {
            cy_registers = ""
        }
WCO group 0: empty
SRSS group 0: empty
CPUSS group 0: empty
IOSS group 0: empty
EXCO group 0: empty
</CYPRESSTAG>
<CYPRESSTAG name="Port Configuration Details">

------------------------------------------------------------
Port Configuration report
------------------------------------------------------------
     |     |       | Interrupt |                  |                    | 
Port | Pin | Fixed |      Type |       Drive Mode |               Name | Connections
-----+-----+-------+-----------+------------------+--------------------+------------------------------
   0 |   2 |     * |      NONE |      HI_Z_ANALOG | \CapSense:Sns(10)\ | Analog(\CapSense:Net_1909_0\)
     |   4 |     * |      NONE |      HI_Z_ANALOG |  \CapSense:Sns(7)\ | Analog(\CapSense:Net_1909_0\)
     |   5 |     * |      NONE |      HI_Z_ANALOG |  \CapSense:Sns(4)\ | Analog(\CapSense:Net_1909_0\)
-----+-----+-------+-----------+------------------+--------------------+------------------------------
   1 |   1 |     * |      NONE |         CMOS_OUT |   Pin_BackLight(0) | 
     |   2 |     * |      NONE |         CMOS_OUT |        Pin_Buzz(0) | In(Net_316)
     |   3 |     * |    RISING |    RES_PULL_DOWN |      Pin_Finger(0) | FB(Net_287)
     |   4 |     * |      NONE |         CMOS_OUT |         MOTOR_A(0) | 
     |   5 |     * |      NONE |         CMOS_OUT |         MOTOR_B(0) | 
     |   6 |     * |      NONE |         CMOS_OUT |         MOTOR_C(0) | 
     |   7 |     * |      NONE |         CMOS_OUT |         MOTOR_D(0) | 
-----+-----+-------+-----------+------------------+--------------------+------------------------------
   2 |   0 |     * |      NONE |      HI_Z_ANALOG | \CapSense:Sns(12)\ | Analog(\CapSense:Net_1909_0\)
     |   1 |     * |      NONE |      HI_Z_ANALOG |  \CapSense:Sns(0)\ | Analog(\CapSense:Net_1909_0\)
     |   2 |     * |      NONE |      HI_Z_ANALOG | \CapSense:Sns(11)\ | Analog(\CapSense:Net_1909_0\)
     |   3 |     * |      NONE |      HI_Z_ANALOG |  \CapSense:Sns(8)\ | Analog(\CapSense:Net_1909_0\)
     |   4 |     * |      NONE |      HI_Z_ANALOG |  \CapSense:Sns(9)\ | Analog(\CapSense:Net_1909_0\)
     |   5 |     * |      NONE |      HI_Z_ANALOG |  \CapSense:Sns(5)\ | Analog(\CapSense:Net_1909_0\)
-----+-----+-------+-----------+------------------+--------------------+------------------------------
   3 |   0 |     * |      NONE |      HI_Z_ANALOG |  \CapSense:Sns(2)\ | Analog(\CapSense:Net_1909_0\)
     |   1 |     * |      NONE |      HI_Z_ANALOG |  \CapSense:Sns(3)\ | Analog(\CapSense:Net_1909_0\)
     |   2 |     * |      NONE |      HI_Z_ANALOG |  \CapSense:Sns(1)\ | Analog(\CapSense:Net_1909_0\)
     |   3 |     * |      NONE |      HI_Z_ANALOG |  \CapSense:Sns(6)\ | Analog(\CapSense:Net_1909_0\)
     |   6 |     * |      NONE |         CMOS_OUT |           Pin_G(0) | 
     |   7 |     * |      NONE |         CMOS_OUT |           Pin_B(0) | 
-----+-----+-------+-----------+------------------+--------------------+------------------------------
   4 |   0 |     * |      NONE |      HI_Z_ANALOG | \CapSense:Cmod(0)\ | 
------------------------------------------------------------------------------------------------------
</CYPRESSTAG>
</CYPRESSTAG>
</CYPRESSTAG>
Digital component placer commit/Report: Elapsed time ==> 0s.050ms
Digital Placement phase: Elapsed time ==> 1s.126ms
</CYPRESSTAG>
<CYPRESSTAG name="Digital Routing">
"C:\Program Files (x86)\Cypress\PSoC Creator\4.2\PSoC Creator\bin/sjrouter.exe" --xml-path "C:\Program Files (x86)\Cypress\PSoC Creator\4.2\PSoC Creator\dev\psoc4/3/128k/route_arch-rrg.cydata" --vh2-path "MyELock_r.vh2" --pcf-path "MyELock.pco" --des-name "MyELock" --dsf-path "MyELock.dsf" --sdc-path "MyELock.sdc" --lib-path "MyELock_r.lib"
Routing successful.
Digital Routing phase: Elapsed time ==> 1s.170ms
</CYPRESSTAG>
<CYPRESSTAG name="Bitstream Generation">
Bitstream Generation phase: Elapsed time ==> 0s.380ms
</CYPRESSTAG>
<CYPRESSTAG name="Bitstream Verification">
Bitstream Verification phase: Elapsed time ==> 0s.040ms
</CYPRESSTAG>
<CYPRESSTAG name="Static timing analysis">
Timing report is in MyELock_timing.html.
Static timing analysis phase: Elapsed time ==> 0s.360ms
</CYPRESSTAG>
<CYPRESSTAG name="Data reporting">
Data reporting phase: Elapsed time ==> 0s.000ms
</CYPRESSTAG>
<CYPRESSTAG name="Database update...">
Design database save phase: Elapsed time ==> 0s.270ms
</CYPRESSTAG>
cydsfit: Elapsed time ==> 4s.483ms
</CYPRESSTAG>
Fitter phase: Elapsed time ==> 4s.483ms
API generation phase: Elapsed time ==> 4s.257ms
Dependency generation phase: Elapsed time ==> 0s.020ms
Cleanup phase: Elapsed time ==> 0s.000ms
