ARM GAS  C:\Users\Zhu\AppData\Local\Temp\ccVGXYPR.s 			page 1


   1              		.syntax unified
   2              		.cpu cortex-m0
   3              		.fpu softvfp
   4              		.eabi_attribute 20, 1
   5              		.eabi_attribute 21, 1
   6              		.eabi_attribute 23, 3
   7              		.eabi_attribute 24, 1
   8              		.eabi_attribute 25, 1
   9              		.eabi_attribute 26, 1
  10              		.eabi_attribute 30, 1
  11              		.eabi_attribute 34, 0
  12              		.eabi_attribute 18, 4
  13              		.thumb
  14              		.syntax unified
  15              		.file	"BLE_1_custom.c"
  16              		.text
  17              	.Ltext0:
  18              		.cfi_sections	.debug_frame
  19              		.section	.text.CyBle_CustomInit,"ax",%progbits
  20              		.align	2
  21              		.global	CyBle_CustomInit
  22              		.code	16
  23              		.thumb_func
  24              		.type	CyBle_CustomInit, %function
  25              	CyBle_CustomInit:
  26              	.LFB2:
  27              		.file 1 "Generated_Source\\PSoC4\\BLE_1_custom.c"
   1:Generated_Source\PSoC4/BLE_1_custom.c **** /***************************************************************************//**
   2:Generated_Source\PSoC4/BLE_1_custom.c **** * \file CYBLE_custom.c
   3:Generated_Source\PSoC4/BLE_1_custom.c **** * \version 3.54
   4:Generated_Source\PSoC4/BLE_1_custom.c **** * 
   5:Generated_Source\PSoC4/BLE_1_custom.c **** * \brief
   6:Generated_Source\PSoC4/BLE_1_custom.c **** *  Contains the source code for the Custom Service.
   7:Generated_Source\PSoC4/BLE_1_custom.c **** * 
   8:Generated_Source\PSoC4/BLE_1_custom.c **** ********************************************************************************
   9:Generated_Source\PSoC4/BLE_1_custom.c **** * \copyright
  10:Generated_Source\PSoC4/BLE_1_custom.c **** * Copyright 2014-2018, Cypress Semiconductor Corporation.  All rights reserved.
  11:Generated_Source\PSoC4/BLE_1_custom.c **** * You may use this file only in accordance with the license, terms, conditions,
  12:Generated_Source\PSoC4/BLE_1_custom.c **** * disclaimers, and limitations in the end user license agreement accompanying
  13:Generated_Source\PSoC4/BLE_1_custom.c **** * the software package with which this file was provided.
  14:Generated_Source\PSoC4/BLE_1_custom.c **** *******************************************************************************/
  15:Generated_Source\PSoC4/BLE_1_custom.c **** 
  16:Generated_Source\PSoC4/BLE_1_custom.c **** 
  17:Generated_Source\PSoC4/BLE_1_custom.c **** #include "BLE_1_eventHandler.h"
  18:Generated_Source\PSoC4/BLE_1_custom.c **** 
  19:Generated_Source\PSoC4/BLE_1_custom.c **** #ifdef CYBLE_CUSTOM_SERVER
  20:Generated_Source\PSoC4/BLE_1_custom.c **** 
  21:Generated_Source\PSoC4/BLE_1_custom.c **** /* If any custom service with custom characteristics is defined in the
  22:Generated_Source\PSoC4/BLE_1_custom.c **** * customizer's GUI their handles will be present in this array.
  23:Generated_Source\PSoC4/BLE_1_custom.c **** */
  24:Generated_Source\PSoC4/BLE_1_custom.c **** /* This array contains attribute handles for the defined Custom Services and their characteristics 
  25:Generated_Source\PSoC4/BLE_1_custom.c ****    The array index definitions are located in the CYBLE_custom.h file. */
  26:Generated_Source\PSoC4/BLE_1_custom.c **** const CYBLE_CUSTOMS_T cyBle_customs[0x01u] = {
  27:Generated_Source\PSoC4/BLE_1_custom.c **** 
  28:Generated_Source\PSoC4/BLE_1_custom.c ****     /* Custom Service service */
  29:Generated_Source\PSoC4/BLE_1_custom.c ****     {
  30:Generated_Source\PSoC4/BLE_1_custom.c ****         0x0010u, /* Handle of the Custom Service service */ 
ARM GAS  C:\Users\Zhu\AppData\Local\Temp\ccVGXYPR.s 			page 2


  31:Generated_Source\PSoC4/BLE_1_custom.c ****         {
  32:Generated_Source\PSoC4/BLE_1_custom.c **** 
  33:Generated_Source\PSoC4/BLE_1_custom.c ****             /* Custom Characteristic characteristic */
  34:Generated_Source\PSoC4/BLE_1_custom.c ****             {
  35:Generated_Source\PSoC4/BLE_1_custom.c ****                 0x0012u, /* Handle of the Custom Characteristic characteristic */ 
  36:Generated_Source\PSoC4/BLE_1_custom.c ****                 
  37:Generated_Source\PSoC4/BLE_1_custom.c ****                 /* Array of Descriptors handles */
  38:Generated_Source\PSoC4/BLE_1_custom.c ****                 {
  39:Generated_Source\PSoC4/BLE_1_custom.c ****                     0x0013u, /* Handle of the Custom Descriptor descriptor */ 
  40:Generated_Source\PSoC4/BLE_1_custom.c ****                 }, 
  41:Generated_Source\PSoC4/BLE_1_custom.c ****             },
  42:Generated_Source\PSoC4/BLE_1_custom.c ****         }, 
  43:Generated_Source\PSoC4/BLE_1_custom.c ****     },
  44:Generated_Source\PSoC4/BLE_1_custom.c **** };
  45:Generated_Source\PSoC4/BLE_1_custom.c **** 
  46:Generated_Source\PSoC4/BLE_1_custom.c **** 
  47:Generated_Source\PSoC4/BLE_1_custom.c **** #endif /* (CYBLE_CUSTOM_SERVER) */
  48:Generated_Source\PSoC4/BLE_1_custom.c **** 
  49:Generated_Source\PSoC4/BLE_1_custom.c **** #ifdef CYBLE_CUSTOM_CLIENT
  50:Generated_Source\PSoC4/BLE_1_custom.c ****     
  51:Generated_Source\PSoC4/BLE_1_custom.c **** 
  52:Generated_Source\PSoC4/BLE_1_custom.c **** static uint16 cyBle_customDisServIndex;
  53:Generated_Source\PSoC4/BLE_1_custom.c **** static uint16 cyBle_customDisCharIndex;
  54:Generated_Source\PSoC4/BLE_1_custom.c **** 
  55:Generated_Source\PSoC4/BLE_1_custom.c **** #endif /* (CYBLE_CUSTOM_CLIENT) */
  56:Generated_Source\PSoC4/BLE_1_custom.c **** 
  57:Generated_Source\PSoC4/BLE_1_custom.c **** 
  58:Generated_Source\PSoC4/BLE_1_custom.c **** /****************************************************************************** 
  59:Generated_Source\PSoC4/BLE_1_custom.c **** * Function Name: CyBle_CustomInit
  60:Generated_Source\PSoC4/BLE_1_custom.c **** ***************************************************************************//**
  61:Generated_Source\PSoC4/BLE_1_custom.c **** * 
  62:Generated_Source\PSoC4/BLE_1_custom.c **** *  This function initializes Custom Service.
  63:Generated_Source\PSoC4/BLE_1_custom.c **** * 
  64:Generated_Source\PSoC4/BLE_1_custom.c **** * \return
  65:Generated_Source\PSoC4/BLE_1_custom.c **** *  None
  66:Generated_Source\PSoC4/BLE_1_custom.c **** * 
  67:Generated_Source\PSoC4/BLE_1_custom.c **** ******************************************************************************/
  68:Generated_Source\PSoC4/BLE_1_custom.c **** void CyBle_CustomInit(void)
  69:Generated_Source\PSoC4/BLE_1_custom.c **** {
  28              		.loc 1 69 0
  29              		.cfi_startproc
  30              		@ args = 0, pretend = 0, frame = 0
  31              		@ frame_needed = 0, uses_anonymous_args = 0
  32              		@ link register save eliminated.
  70:Generated_Source\PSoC4/BLE_1_custom.c ****     
  71:Generated_Source\PSoC4/BLE_1_custom.c **** #ifdef CYBLE_CUSTOM_CLIENT
  72:Generated_Source\PSoC4/BLE_1_custom.c **** 
  73:Generated_Source\PSoC4/BLE_1_custom.c ****     uint16 locServIndex;
  74:Generated_Source\PSoC4/BLE_1_custom.c ****     uint16 locCharIndex;
  75:Generated_Source\PSoC4/BLE_1_custom.c ****     uint16 locDescIndex;
  76:Generated_Source\PSoC4/BLE_1_custom.c ****     
  77:Generated_Source\PSoC4/BLE_1_custom.c ****     for(locServIndex = 0u; locServIndex < CYBLE_CUSTOMC_SERVICE_COUNT; locServIndex++)
  78:Generated_Source\PSoC4/BLE_1_custom.c ****     {
  79:Generated_Source\PSoC4/BLE_1_custom.c ****         if(cyBle_serverInfo[CYBLE_SRVI_CUSTOMS + locServIndex].range.startHandle == CYBLE_GATT_INVA
  80:Generated_Source\PSoC4/BLE_1_custom.c ****         {
  81:Generated_Source\PSoC4/BLE_1_custom.c ****             for(locCharIndex = 0u; locCharIndex < cyBle_customCServ[locServIndex].charCount; locCha
  82:Generated_Source\PSoC4/BLE_1_custom.c ****             {
ARM GAS  C:\Users\Zhu\AppData\Local\Temp\ccVGXYPR.s 			page 3


  83:Generated_Source\PSoC4/BLE_1_custom.c ****                 cyBle_customCServ[locServIndex].customServChar[locCharIndex].
  84:Generated_Source\PSoC4/BLE_1_custom.c ****                     customServCharHandle = 0u;
  85:Generated_Source\PSoC4/BLE_1_custom.c ****                 
  86:Generated_Source\PSoC4/BLE_1_custom.c ****                 for(locDescIndex = 0u; locDescIndex < 
  87:Generated_Source\PSoC4/BLE_1_custom.c ****                     cyBle_customCServ[locServIndex].customServChar[locCharIndex].descCount; 
  88:Generated_Source\PSoC4/BLE_1_custom.c ****                         locDescIndex++)
  89:Generated_Source\PSoC4/BLE_1_custom.c ****                 {
  90:Generated_Source\PSoC4/BLE_1_custom.c ****                     cyBle_customCServ[locServIndex].customServChar[locCharIndex].
  91:Generated_Source\PSoC4/BLE_1_custom.c ****                         customServCharDesc[locDescIndex].descHandle = 0u;
  92:Generated_Source\PSoC4/BLE_1_custom.c ****                 }
  93:Generated_Source\PSoC4/BLE_1_custom.c ****             }
  94:Generated_Source\PSoC4/BLE_1_custom.c ****         }
  95:Generated_Source\PSoC4/BLE_1_custom.c ****     }
  96:Generated_Source\PSoC4/BLE_1_custom.c **** 
  97:Generated_Source\PSoC4/BLE_1_custom.c **** #endif /* (CYBLE_CUSTOM_CLIENT) */
  98:Generated_Source\PSoC4/BLE_1_custom.c **** }
  33              		.loc 1 98 0
  34              		@ sp needed
  35 0000 7047     		bx	lr
  36              		.cfi_endproc
  37              	.LFE2:
  38              		.size	CyBle_CustomInit, .-CyBle_CustomInit
  39              		.global	cyBle_customs
  40 0002 C046     		.section	.rodata
  41              		.align	2
  42              		.type	cyBle_customs, %object
  43              		.size	cyBle_customs, 6
  44              	cyBle_customs:
  45 0000 1000     		.short	16
  46 0002 1200     		.short	18
  47 0004 1300     		.short	19
  48              		.text
  49              	.Letext0:
  50              		.file 2 "Generated_Source\\PSoC4\\cytypes.h"
  51              		.file 3 "Generated_Source\\PSoC4\\BLE_1_StackGatt.h"
  52              		.file 4 "Generated_Source\\PSoC4\\BLE_1_custom.h"
  53              		.file 5 "Generated_Source\\PSoC4\\BLE_1_Stack.h"
  54              		.section	.debug_info,"",%progbits
  55              	.Ldebug_info0:
  56 0000 15030000 		.4byte	0x315
  57 0004 0400     		.2byte	0x4
  58 0006 00000000 		.4byte	.Ldebug_abbrev0
  59 000a 04       		.byte	0x4
  60 000b 01       		.uleb128 0x1
  61 000c CE010000 		.4byte	.LASF94
  62 0010 0C       		.byte	0xc
  63 0011 D7020000 		.4byte	.LASF95
  64 0015 98080000 		.4byte	.LASF96
  65 0019 00000000 		.4byte	.Ldebug_ranges0+0
  66 001d 00000000 		.4byte	0
  67 0021 00000000 		.4byte	.Ldebug_line0
  68 0025 02       		.uleb128 0x2
  69 0026 01       		.byte	0x1
  70 0027 06       		.byte	0x6
  71 0028 A5050000 		.4byte	.LASF0
  72 002c 02       		.uleb128 0x2
  73 002d 01       		.byte	0x1
ARM GAS  C:\Users\Zhu\AppData\Local\Temp\ccVGXYPR.s 			page 4


  74 002e 08       		.byte	0x8
  75 002f 2C050000 		.4byte	.LASF1
  76 0033 02       		.uleb128 0x2
  77 0034 02       		.byte	0x2
  78 0035 05       		.byte	0x5
  79 0036 B7000000 		.4byte	.LASF2
  80 003a 02       		.uleb128 0x2
  81 003b 02       		.byte	0x2
  82 003c 07       		.byte	0x7
  83 003d D8060000 		.4byte	.LASF3
  84 0041 02       		.uleb128 0x2
  85 0042 04       		.byte	0x4
  86 0043 05       		.byte	0x5
  87 0044 D4030000 		.4byte	.LASF4
  88 0048 02       		.uleb128 0x2
  89 0049 04       		.byte	0x4
  90 004a 07       		.byte	0x7
  91 004b 36060000 		.4byte	.LASF5
  92 004f 02       		.uleb128 0x2
  93 0050 08       		.byte	0x8
  94 0051 05       		.byte	0x5
  95 0052 23010000 		.4byte	.LASF6
  96 0056 02       		.uleb128 0x2
  97 0057 08       		.byte	0x8
  98 0058 07       		.byte	0x7
  99 0059 87030000 		.4byte	.LASF7
 100 005d 03       		.uleb128 0x3
 101 005e 04       		.byte	0x4
 102 005f 05       		.byte	0x5
 103 0060 696E7400 		.ascii	"int\000"
 104 0064 02       		.uleb128 0x2
 105 0065 04       		.byte	0x4
 106 0066 07       		.byte	0x7
 107 0067 0E060000 		.4byte	.LASF8
 108 006b 04       		.uleb128 0x4
 109 006c 98070000 		.4byte	.LASF86
 110 0070 02       		.byte	0x2
 111 0071 E501     		.2byte	0x1e5
 112 0073 3A000000 		.4byte	0x3a
 113 0077 02       		.uleb128 0x2
 114 0078 04       		.byte	0x4
 115 0079 04       		.byte	0x4
 116 007a 1E030000 		.4byte	.LASF9
 117 007e 02       		.uleb128 0x2
 118 007f 08       		.byte	0x8
 119 0080 04       		.byte	0x4
 120 0081 3C080000 		.4byte	.LASF10
 121 0085 02       		.uleb128 0x2
 122 0086 01       		.byte	0x1
 123 0087 08       		.byte	0x8
 124 0088 53070000 		.4byte	.LASF11
 125 008c 02       		.uleb128 0x2
 126 008d 08       		.byte	0x8
 127 008e 04       		.byte	0x4
 128 008f FA040000 		.4byte	.LASF12
 129 0093 02       		.uleb128 0x2
 130 0094 04       		.byte	0x4
ARM GAS  C:\Users\Zhu\AppData\Local\Temp\ccVGXYPR.s 			page 5


 131 0095 07       		.byte	0x7
 132 0096 F9000000 		.4byte	.LASF13
 133 009a 05       		.uleb128 0x5
 134 009b 01       		.byte	0x1
 135 009c 2C000000 		.4byte	0x2c
 136 00a0 05       		.byte	0x5
 137 00a1 3501     		.2byte	0x135
 138 00a3 58020000 		.4byte	0x258
 139 00a7 06       		.uleb128 0x6
 140 00a8 C0020000 		.4byte	.LASF14
 141 00ac 00       		.byte	0
 142 00ad 06       		.uleb128 0x6
 143 00ae 68010000 		.4byte	.LASF15
 144 00b2 01       		.byte	0x1
 145 00b3 06       		.uleb128 0x6
 146 00b4 EF090000 		.4byte	.LASF16
 147 00b8 02       		.byte	0x2
 148 00b9 06       		.uleb128 0x6
 149 00ba B8080000 		.4byte	.LASF17
 150 00be 03       		.byte	0x3
 151 00bf 06       		.uleb128 0x6
 152 00c0 42010000 		.4byte	.LASF18
 153 00c4 04       		.byte	0x4
 154 00c5 06       		.uleb128 0x6
 155 00c6 66040000 		.4byte	.LASF19
 156 00ca 05       		.byte	0x5
 157 00cb 06       		.uleb128 0x6
 158 00cc 3E000000 		.4byte	.LASF20
 159 00d0 06       		.byte	0x6
 160 00d1 06       		.uleb128 0x6
 161 00d2 74070000 		.4byte	.LASF21
 162 00d6 20       		.byte	0x20
 163 00d7 06       		.uleb128 0x6
 164 00d8 48060000 		.4byte	.LASF22
 165 00dc 21       		.byte	0x21
 166 00dd 06       		.uleb128 0x6
 167 00de 00000000 		.4byte	.LASF23
 168 00e2 22       		.byte	0x22
 169 00e3 06       		.uleb128 0x6
 170 00e4 82040000 		.4byte	.LASF24
 171 00e8 23       		.byte	0x23
 172 00e9 06       		.uleb128 0x6
 173 00ea F2050000 		.4byte	.LASF25
 174 00ee 24       		.byte	0x24
 175 00ef 06       		.uleb128 0x6
 176 00f0 C1000000 		.4byte	.LASF26
 177 00f4 25       		.byte	0x25
 178 00f5 06       		.uleb128 0x6
 179 00f6 1D040000 		.4byte	.LASF27
 180 00fa 26       		.byte	0x26
 181 00fb 06       		.uleb128 0x6
 182 00fc FE030000 		.4byte	.LASF28
 183 0100 27       		.byte	0x27
 184 0101 06       		.uleb128 0x6
 185 0102 71000000 		.4byte	.LASF29
 186 0106 28       		.byte	0x28
 187 0107 06       		.uleb128 0x6
ARM GAS  C:\Users\Zhu\AppData\Local\Temp\ccVGXYPR.s 			page 6


 188 0108 80060000 		.4byte	.LASF30
 189 010c 29       		.byte	0x29
 190 010d 06       		.uleb128 0x6
 191 010e 03070000 		.4byte	.LASF31
 192 0112 2A       		.byte	0x2a
 193 0113 06       		.uleb128 0x6
 194 0114 DC070000 		.4byte	.LASF32
 195 0118 2B       		.byte	0x2b
 196 0119 06       		.uleb128 0x6
 197 011a 5C020000 		.4byte	.LASF33
 198 011e 2C       		.byte	0x2c
 199 011f 06       		.uleb128 0x6
 200 0120 3D030000 		.4byte	.LASF34
 201 0124 2D       		.byte	0x2d
 202 0125 06       		.uleb128 0x6
 203 0126 93000000 		.4byte	.LASF35
 204 012a 2E       		.byte	0x2e
 205 012b 06       		.uleb128 0x6
 206 012c D90A0000 		.4byte	.LASF36
 207 0130 2F       		.byte	0x2f
 208 0131 06       		.uleb128 0x6
 209 0132 02010000 		.4byte	.LASF37
 210 0136 30       		.byte	0x30
 211 0137 06       		.uleb128 0x6
 212 0138 D6040000 		.4byte	.LASF38
 213 013c 31       		.byte	0x31
 214 013d 06       		.uleb128 0x6
 215 013e 66030000 		.4byte	.LASF39
 216 0142 32       		.byte	0x32
 217 0143 06       		.uleb128 0x6
 218 0144 2C070000 		.4byte	.LASF40
 219 0148 33       		.byte	0x33
 220 0149 06       		.uleb128 0x6
 221 014a 9D060000 		.4byte	.LASF41
 222 014e 34       		.byte	0x34
 223 014f 06       		.uleb128 0x6
 224 0150 7B080000 		.4byte	.LASF42
 225 0154 35       		.byte	0x35
 226 0155 06       		.uleb128 0x6
 227 0156 B3030000 		.4byte	.LASF43
 228 015a 36       		.byte	0x36
 229 015b 06       		.uleb128 0x6
 230 015c 7B010000 		.4byte	.LASF44
 231 0160 37       		.byte	0x37
 232 0161 06       		.uleb128 0x6
 233 0162 57000000 		.4byte	.LASF45
 234 0166 40       		.byte	0x40
 235 0167 06       		.uleb128 0x6
 236 0168 1B060000 		.4byte	.LASF46
 237 016c 41       		.byte	0x41
 238 016d 06       		.uleb128 0x6
 239 016e DB000000 		.4byte	.LASF47
 240 0172 42       		.byte	0x42
 241 0173 06       		.uleb128 0x6
 242 0174 B0010000 		.4byte	.LASF48
 243 0178 43       		.byte	0x43
 244 0179 06       		.uleb128 0x6
ARM GAS  C:\Users\Zhu\AppData\Local\Temp\ccVGXYPR.s 			page 7


 245 017a 9A090000 		.4byte	.LASF49
 246 017e 44       		.byte	0x44
 247 017f 06       		.uleb128 0x6
 248 0180 34090000 		.4byte	.LASF50
 249 0184 45       		.byte	0x45
 250 0185 06       		.uleb128 0x6
 251 0186 79090000 		.4byte	.LASF51
 252 018a 46       		.byte	0x46
 253 018b 06       		.uleb128 0x6
 254 018c 87050000 		.4byte	.LASF52
 255 0190 47       		.byte	0x47
 256 0191 06       		.uleb128 0x6
 257 0192 CB050000 		.4byte	.LASF53
 258 0196 48       		.byte	0x48
 259 0197 06       		.uleb128 0x6
 260 0198 24030000 		.4byte	.LASF54
 261 019c 49       		.byte	0x49
 262 019d 06       		.uleb128 0x6
 263 019e 9F070000 		.4byte	.LASF55
 264 01a2 4A       		.byte	0x4a
 265 01a3 06       		.uleb128 0x6
 266 01a4 80020000 		.4byte	.LASF56
 267 01a8 4B       		.byte	0x4b
 268 01a9 06       		.uleb128 0x6
 269 01aa B1050000 		.4byte	.LASF57
 270 01ae 4C       		.byte	0x4c
 271 01af 06       		.uleb128 0x6
 272 01b0 24000000 		.4byte	.LASF58
 273 01b4 4D       		.byte	0x4d
 274 01b5 06       		.uleb128 0x6
 275 01b6 5B090000 		.4byte	.LASF59
 276 01ba 4E       		.byte	0x4e
 277 01bb 06       		.uleb128 0x6
 278 01bc 49050000 		.4byte	.LASF60
 279 01c0 4F       		.byte	0x4f
 280 01c1 06       		.uleb128 0x6
 281 01c2 5A0A0000 		.4byte	.LASF61
 282 01c6 50       		.byte	0x50
 283 01c7 06       		.uleb128 0x6
 284 01c8 BD070000 		.4byte	.LASF62
 285 01cc 51       		.byte	0x51
 286 01cd 06       		.uleb128 0x6
 287 01ce 45040000 		.4byte	.LASF63
 288 01d2 52       		.byte	0x52
 289 01d3 06       		.uleb128 0x6
 290 01d4 DD030000 		.4byte	.LASF64
 291 01d8 53       		.byte	0x53
 292 01d9 06       		.uleb128 0x6
 293 01da 9F020000 		.4byte	.LASF65
 294 01de 54       		.byte	0x54
 295 01df 06       		.uleb128 0x6
 296 01e0 A30A0000 		.4byte	.LASF66
 297 01e4 55       		.byte	0x55
 298 01e5 06       		.uleb128 0x6
 299 01e6 380A0000 		.4byte	.LASF67
 300 01ea 56       		.byte	0x56
 301 01eb 06       		.uleb128 0x6
ARM GAS  C:\Users\Zhu\AppData\Local\Temp\ccVGXYPR.s 			page 8


 302 01ec 0F0A0000 		.4byte	.LASF68
 303 01f0 57       		.byte	0x57
 304 01f1 06       		.uleb128 0x6
 305 01f2 B5060000 		.4byte	.LASF69
 306 01f6 58       		.byte	0x58
 307 01f7 06       		.uleb128 0x6
 308 01f8 06050000 		.4byte	.LASF70
 309 01fc 70       		.byte	0x70
 310 01fd 06       		.uleb128 0x6
 311 01fe F0080000 		.4byte	.LASF71
 312 0202 71       		.byte	0x71
 313 0203 06       		.uleb128 0x6
 314 0204 58070000 		.4byte	.LASF72
 315 0208 72       		.byte	0x72
 316 0209 06       		.uleb128 0x6
 317 020a 16090000 		.4byte	.LASF73
 318 020e 73       		.byte	0x73
 319 020f 06       		.uleb128 0x6
 320 0210 B8040000 		.4byte	.LASF74
 321 0214 74       		.byte	0x74
 322 0215 06       		.uleb128 0x6
 323 0216 5F060000 		.4byte	.LASF75
 324 021a 75       		.byte	0x75
 325 021b 06       		.uleb128 0x6
 326 021c FD020000 		.4byte	.LASF76
 327 0220 76       		.byte	0x76
 328 0221 06       		.uleb128 0x6
 329 0222 D1080000 		.4byte	.LASF77
 330 0226 77       		.byte	0x77
 331 0227 06       		.uleb128 0x6
 332 0228 19080000 		.4byte	.LASF78
 333 022c 78       		.byte	0x78
 334 022d 06       		.uleb128 0x6
 335 022e 43080000 		.4byte	.LASF79
 336 0232 79       		.byte	0x79
 337 0233 06       		.uleb128 0x6
 338 0234 CB090000 		.4byte	.LASF80
 339 0238 7A       		.byte	0x7a
 340 0239 06       		.uleb128 0x6
 341 023a FB070000 		.4byte	.LASF81
 342 023e FA       		.byte	0xfa
 343 023f 06       		.uleb128 0x6
 344 0240 68050000 		.4byte	.LASF82
 345 0244 FB       		.byte	0xfb
 346 0245 06       		.uleb128 0x6
 347 0246 C70A0000 		.4byte	.LASF83
 348 024a FC       		.byte	0xfc
 349 024b 06       		.uleb128 0x6
 350 024c EB060000 		.4byte	.LASF84
 351 0250 FD       		.byte	0xfd
 352 0251 06       		.uleb128 0x6
 353 0252 010A0000 		.4byte	.LASF85
 354 0256 FF       		.byte	0xff
 355 0257 00       		.byte	0
 356 0258 04       		.uleb128 0x4
 357 0259 790A0000 		.4byte	.LASF87
 358 025d 03       		.byte	0x3
ARM GAS  C:\Users\Zhu\AppData\Local\Temp\ccVGXYPR.s 			page 9


 359 025e 8901     		.2byte	0x189
 360 0260 6B000000 		.4byte	0x6b
 361 0264 07       		.uleb128 0x7
 362 0265 04       		.byte	0x4
 363 0266 04       		.byte	0x4
 364 0267 41       		.byte	0x41
 365 0268 85020000 		.4byte	0x285
 366 026c 08       		.uleb128 0x8
 367 026d 66080000 		.4byte	.LASF88
 368 0271 04       		.byte	0x4
 369 0272 44       		.byte	0x44
 370 0273 58020000 		.4byte	0x258
 371 0277 00       		.byte	0
 372 0278 08       		.uleb128 0x8
 373 0279 B8090000 		.4byte	.LASF89
 374 027d 04       		.byte	0x4
 375 027e 46       		.byte	0x46
 376 027f 85020000 		.4byte	0x285
 377 0283 02       		.byte	0x2
 378 0284 00       		.byte	0
 379 0285 09       		.uleb128 0x9
 380 0286 58020000 		.4byte	0x258
 381 028a 95020000 		.4byte	0x295
 382 028e 0A       		.uleb128 0xa
 383 028f 93000000 		.4byte	0x93
 384 0293 00       		.byte	0
 385 0294 00       		.byte	0
 386 0295 0B       		.uleb128 0xb
 387 0296 9E030000 		.4byte	.LASF90
 388 029a 04       		.byte	0x4
 389 029b 48       		.byte	0x48
 390 029c 64020000 		.4byte	0x264
 391 02a0 07       		.uleb128 0x7
 392 02a1 06       		.byte	0x6
 393 02a2 04       		.byte	0x4
 394 02a3 4B       		.byte	0x4b
 395 02a4 C1020000 		.4byte	0x2c1
 396 02a8 08       		.uleb128 0x8
 397 02a9 31010000 		.4byte	.LASF91
 398 02ad 04       		.byte	0x4
 399 02ae 4E       		.byte	0x4e
 400 02af 58020000 		.4byte	0x258
 401 02b3 00       		.byte	0
 402 02b4 08       		.uleb128 0x8
 403 02b5 3A050000 		.4byte	.LASF92
 404 02b9 04       		.byte	0x4
 405 02ba 51       		.byte	0x51
 406 02bb C1020000 		.4byte	0x2c1
 407 02bf 02       		.byte	0x2
 408 02c0 00       		.byte	0
 409 02c1 09       		.uleb128 0x9
 410 02c2 95020000 		.4byte	0x295
 411 02c6 D1020000 		.4byte	0x2d1
 412 02ca 0A       		.uleb128 0xa
 413 02cb 93000000 		.4byte	0x93
 414 02cf 00       		.byte	0
 415 02d0 00       		.byte	0
ARM GAS  C:\Users\Zhu\AppData\Local\Temp\ccVGXYPR.s 			page 10


 416 02d1 0B       		.uleb128 0xb
 417 02d2 A8040000 		.4byte	.LASF93
 418 02d6 04       		.byte	0x4
 419 02d7 53       		.byte	0x53
 420 02d8 A0020000 		.4byte	0x2a0
 421 02dc 0C       		.uleb128 0xc
 422 02dd 57010000 		.4byte	.LASF97
 423 02e1 01       		.byte	0x1
 424 02e2 44       		.byte	0x44
 425 02e3 00000000 		.4byte	.LFB2
 426 02e7 02000000 		.4byte	.LFE2-.LFB2
 427 02eb 01       		.uleb128 0x1
 428 02ec 9C       		.byte	0x9c
 429 02ed 09       		.uleb128 0x9
 430 02ee FD020000 		.4byte	0x2fd
 431 02f2 FD020000 		.4byte	0x2fd
 432 02f6 0A       		.uleb128 0xa
 433 02f7 93000000 		.4byte	0x93
 434 02fb 00       		.byte	0
 435 02fc 00       		.byte	0
 436 02fd 0D       		.uleb128 0xd
 437 02fe D1020000 		.4byte	0x2d1
 438 0302 0E       		.uleb128 0xe
 439 0303 950A0000 		.4byte	.LASF98
 440 0307 01       		.byte	0x1
 441 0308 1A       		.byte	0x1a
 442 0309 13030000 		.4byte	0x313
 443 030d 05       		.uleb128 0x5
 444 030e 03       		.byte	0x3
 445 030f 00000000 		.4byte	cyBle_customs
 446 0313 0D       		.uleb128 0xd
 447 0314 ED020000 		.4byte	0x2ed
 448 0318 00       		.byte	0
 449              		.section	.debug_abbrev,"",%progbits
 450              	.Ldebug_abbrev0:
 451 0000 01       		.uleb128 0x1
 452 0001 11       		.uleb128 0x11
 453 0002 01       		.byte	0x1
 454 0003 25       		.uleb128 0x25
 455 0004 0E       		.uleb128 0xe
 456 0005 13       		.uleb128 0x13
 457 0006 0B       		.uleb128 0xb
 458 0007 03       		.uleb128 0x3
 459 0008 0E       		.uleb128 0xe
 460 0009 1B       		.uleb128 0x1b
 461 000a 0E       		.uleb128 0xe
 462 000b 55       		.uleb128 0x55
 463 000c 17       		.uleb128 0x17
 464 000d 11       		.uleb128 0x11
 465 000e 01       		.uleb128 0x1
 466 000f 10       		.uleb128 0x10
 467 0010 17       		.uleb128 0x17
 468 0011 00       		.byte	0
 469 0012 00       		.byte	0
 470 0013 02       		.uleb128 0x2
 471 0014 24       		.uleb128 0x24
 472 0015 00       		.byte	0
ARM GAS  C:\Users\Zhu\AppData\Local\Temp\ccVGXYPR.s 			page 11


 473 0016 0B       		.uleb128 0xb
 474 0017 0B       		.uleb128 0xb
 475 0018 3E       		.uleb128 0x3e
 476 0019 0B       		.uleb128 0xb
 477 001a 03       		.uleb128 0x3
 478 001b 0E       		.uleb128 0xe
 479 001c 00       		.byte	0
 480 001d 00       		.byte	0
 481 001e 03       		.uleb128 0x3
 482 001f 24       		.uleb128 0x24
 483 0020 00       		.byte	0
 484 0021 0B       		.uleb128 0xb
 485 0022 0B       		.uleb128 0xb
 486 0023 3E       		.uleb128 0x3e
 487 0024 0B       		.uleb128 0xb
 488 0025 03       		.uleb128 0x3
 489 0026 08       		.uleb128 0x8
 490 0027 00       		.byte	0
 491 0028 00       		.byte	0
 492 0029 04       		.uleb128 0x4
 493 002a 16       		.uleb128 0x16
 494 002b 00       		.byte	0
 495 002c 03       		.uleb128 0x3
 496 002d 0E       		.uleb128 0xe
 497 002e 3A       		.uleb128 0x3a
 498 002f 0B       		.uleb128 0xb
 499 0030 3B       		.uleb128 0x3b
 500 0031 05       		.uleb128 0x5
 501 0032 49       		.uleb128 0x49
 502 0033 13       		.uleb128 0x13
 503 0034 00       		.byte	0
 504 0035 00       		.byte	0
 505 0036 05       		.uleb128 0x5
 506 0037 04       		.uleb128 0x4
 507 0038 01       		.byte	0x1
 508 0039 0B       		.uleb128 0xb
 509 003a 0B       		.uleb128 0xb
 510 003b 49       		.uleb128 0x49
 511 003c 13       		.uleb128 0x13
 512 003d 3A       		.uleb128 0x3a
 513 003e 0B       		.uleb128 0xb
 514 003f 3B       		.uleb128 0x3b
 515 0040 05       		.uleb128 0x5
 516 0041 01       		.uleb128 0x1
 517 0042 13       		.uleb128 0x13
 518 0043 00       		.byte	0
 519 0044 00       		.byte	0
 520 0045 06       		.uleb128 0x6
 521 0046 28       		.uleb128 0x28
 522 0047 00       		.byte	0
 523 0048 03       		.uleb128 0x3
 524 0049 0E       		.uleb128 0xe
 525 004a 1C       		.uleb128 0x1c
 526 004b 0B       		.uleb128 0xb
 527 004c 00       		.byte	0
 528 004d 00       		.byte	0
 529 004e 07       		.uleb128 0x7
ARM GAS  C:\Users\Zhu\AppData\Local\Temp\ccVGXYPR.s 			page 12


 530 004f 13       		.uleb128 0x13
 531 0050 01       		.byte	0x1
 532 0051 0B       		.uleb128 0xb
 533 0052 0B       		.uleb128 0xb
 534 0053 3A       		.uleb128 0x3a
 535 0054 0B       		.uleb128 0xb
 536 0055 3B       		.uleb128 0x3b
 537 0056 0B       		.uleb128 0xb
 538 0057 01       		.uleb128 0x1
 539 0058 13       		.uleb128 0x13
 540 0059 00       		.byte	0
 541 005a 00       		.byte	0
 542 005b 08       		.uleb128 0x8
 543 005c 0D       		.uleb128 0xd
 544 005d 00       		.byte	0
 545 005e 03       		.uleb128 0x3
 546 005f 0E       		.uleb128 0xe
 547 0060 3A       		.uleb128 0x3a
 548 0061 0B       		.uleb128 0xb
 549 0062 3B       		.uleb128 0x3b
 550 0063 0B       		.uleb128 0xb
 551 0064 49       		.uleb128 0x49
 552 0065 13       		.uleb128 0x13
 553 0066 38       		.uleb128 0x38
 554 0067 0B       		.uleb128 0xb
 555 0068 00       		.byte	0
 556 0069 00       		.byte	0
 557 006a 09       		.uleb128 0x9
 558 006b 01       		.uleb128 0x1
 559 006c 01       		.byte	0x1
 560 006d 49       		.uleb128 0x49
 561 006e 13       		.uleb128 0x13
 562 006f 01       		.uleb128 0x1
 563 0070 13       		.uleb128 0x13
 564 0071 00       		.byte	0
 565 0072 00       		.byte	0
 566 0073 0A       		.uleb128 0xa
 567 0074 21       		.uleb128 0x21
 568 0075 00       		.byte	0
 569 0076 49       		.uleb128 0x49
 570 0077 13       		.uleb128 0x13
 571 0078 2F       		.uleb128 0x2f
 572 0079 0B       		.uleb128 0xb
 573 007a 00       		.byte	0
 574 007b 00       		.byte	0
 575 007c 0B       		.uleb128 0xb
 576 007d 16       		.uleb128 0x16
 577 007e 00       		.byte	0
 578 007f 03       		.uleb128 0x3
 579 0080 0E       		.uleb128 0xe
 580 0081 3A       		.uleb128 0x3a
 581 0082 0B       		.uleb128 0xb
 582 0083 3B       		.uleb128 0x3b
 583 0084 0B       		.uleb128 0xb
 584 0085 49       		.uleb128 0x49
 585 0086 13       		.uleb128 0x13
 586 0087 00       		.byte	0
ARM GAS  C:\Users\Zhu\AppData\Local\Temp\ccVGXYPR.s 			page 13


 587 0088 00       		.byte	0
 588 0089 0C       		.uleb128 0xc
 589 008a 2E       		.uleb128 0x2e
 590 008b 00       		.byte	0
 591 008c 3F       		.uleb128 0x3f
 592 008d 19       		.uleb128 0x19
 593 008e 03       		.uleb128 0x3
 594 008f 0E       		.uleb128 0xe
 595 0090 3A       		.uleb128 0x3a
 596 0091 0B       		.uleb128 0xb
 597 0092 3B       		.uleb128 0x3b
 598 0093 0B       		.uleb128 0xb
 599 0094 27       		.uleb128 0x27
 600 0095 19       		.uleb128 0x19
 601 0096 11       		.uleb128 0x11
 602 0097 01       		.uleb128 0x1
 603 0098 12       		.uleb128 0x12
 604 0099 06       		.uleb128 0x6
 605 009a 40       		.uleb128 0x40
 606 009b 18       		.uleb128 0x18
 607 009c 9742     		.uleb128 0x2117
 608 009e 19       		.uleb128 0x19
 609 009f 00       		.byte	0
 610 00a0 00       		.byte	0
 611 00a1 0D       		.uleb128 0xd
 612 00a2 26       		.uleb128 0x26
 613 00a3 00       		.byte	0
 614 00a4 49       		.uleb128 0x49
 615 00a5 13       		.uleb128 0x13
 616 00a6 00       		.byte	0
 617 00a7 00       		.byte	0
 618 00a8 0E       		.uleb128 0xe
 619 00a9 34       		.uleb128 0x34
 620 00aa 00       		.byte	0
 621 00ab 03       		.uleb128 0x3
 622 00ac 0E       		.uleb128 0xe
 623 00ad 3A       		.uleb128 0x3a
 624 00ae 0B       		.uleb128 0xb
 625 00af 3B       		.uleb128 0x3b
 626 00b0 0B       		.uleb128 0xb
 627 00b1 49       		.uleb128 0x49
 628 00b2 13       		.uleb128 0x13
 629 00b3 3F       		.uleb128 0x3f
 630 00b4 19       		.uleb128 0x19
 631 00b5 02       		.uleb128 0x2
 632 00b6 18       		.uleb128 0x18
 633 00b7 00       		.byte	0
 634 00b8 00       		.byte	0
 635 00b9 00       		.byte	0
 636              		.section	.debug_aranges,"",%progbits
 637 0000 1C000000 		.4byte	0x1c
 638 0004 0200     		.2byte	0x2
 639 0006 00000000 		.4byte	.Ldebug_info0
 640 000a 04       		.byte	0x4
 641 000b 00       		.byte	0
 642 000c 0000     		.2byte	0
 643 000e 0000     		.2byte	0
ARM GAS  C:\Users\Zhu\AppData\Local\Temp\ccVGXYPR.s 			page 14


 644 0010 00000000 		.4byte	.LFB2
 645 0014 02000000 		.4byte	.LFE2-.LFB2
 646 0018 00000000 		.4byte	0
 647 001c 00000000 		.4byte	0
 648              		.section	.debug_ranges,"",%progbits
 649              	.Ldebug_ranges0:
 650 0000 00000000 		.4byte	.LFB2
 651 0004 02000000 		.4byte	.LFE2
 652 0008 00000000 		.4byte	0
 653 000c 00000000 		.4byte	0
 654              		.section	.debug_line,"",%progbits
 655              	.Ldebug_line0:
 656 0000 9A000000 		.section	.debug_str,"MS",%progbits,1
 656      02008100 
 656      00000201 
 656      FB0E0D00 
 656      01010101 
 657              	.LASF23:
 658 0000 4359424C 		.ascii	"CYBLE_EVT_GAP_PASSKEY_ENTRY_REQUEST\000"
 658      455F4556 
 658      545F4741 
 658      505F5041 
 658      53534B45 
 659              	.LASF58:
 660 0024 4359424C 		.ascii	"CYBLE_EVT_GATTC_WRITE_RSP\000"
 660      455F4556 
 660      545F4741 
 660      5454435F 
 660      57524954 
 661              	.LASF20:
 662 003e 4359424C 		.ascii	"CYBLE_EVT_MEMORY_REQUEST\000"
 662      455F4556 
 662      545F4D45 
 662      4D4F5259 
 662      5F524551 
 663              	.LASF45:
 664 0057 4359424C 		.ascii	"CYBLE_EVT_GATTC_ERROR_RSP\000"
 664      455F4556 
 664      545F4741 
 664      5454435F 
 664      4552524F 
 665              	.LASF29:
 666 0071 4359424C 		.ascii	"CYBLE_EVT_GAP_DEVICE_DISCONNECTED\000"
 666      455F4556 
 666      545F4741 
 666      505F4445 
 666      56494345 
 667              	.LASF35:
 668 0093 4359424C 		.ascii	"CYBLE_EVT_GAP_KEYPRESS_NOTIFICATION\000"
 668      455F4556 
 668      545F4741 
 668      505F4B45 
 668      59505245 
 669              	.LASF2:
 670 00b7 73686F72 		.ascii	"short int\000"
 670      7420696E 
 670      7400
ARM GAS  C:\Users\Zhu\AppData\Local\Temp\ccVGXYPR.s 			page 15


 671              	.LASF26:
 672 00c1 4359424C 		.ascii	"CYBLE_EVT_GAP_AUTH_FAILED\000"
 672      455F4556 
 672      545F4741 
 672      505F4155 
 672      54485F46 
 673              	.LASF47:
 674 00db 4359424C 		.ascii	"CYBLE_EVT_GATT_DISCONNECT_IND\000"
 674      455F4556 
 674      545F4741 
 674      54545F44 
 674      4953434F 
 675              	.LASF13:
 676 00f9 73697A65 		.ascii	"sizetype\000"
 676      74797065 
 676      00
 677              	.LASF37:
 678 0102 4359424C 		.ascii	"CYBLE_EVT_GAP_DATA_LENGTH_CHANGE\000"
 678      455F4556 
 678      545F4741 
 678      505F4441 
 678      54415F4C 
 679              	.LASF6:
 680 0123 6C6F6E67 		.ascii	"long long int\000"
 680      206C6F6E 
 680      6720696E 
 680      7400
 681              	.LASF91:
 682 0131 63757374 		.ascii	"customServHandle\000"
 682      6F6D5365 
 682      72764861 
 682      6E646C65 
 682      00
 683              	.LASF18:
 684 0142 4359424C 		.ascii	"CYBLE_EVT_HCI_STATUS\000"
 684      455F4556 
 684      545F4843 
 684      495F5354 
 684      41545553 
 685              	.LASF97:
 686 0157 4379426C 		.ascii	"CyBle_CustomInit\000"
 686      655F4375 
 686      73746F6D 
 686      496E6974 
 686      00
 687              	.LASF15:
 688 0168 4359424C 		.ascii	"CYBLE_EVT_STACK_ON\000"
 688      455F4556 
 688      545F5354 
 688      41434B5F 
 688      4F4E00
 689              	.LASF44:
 690 017b 4359424C 		.ascii	"CYBLE_EVT_GAP_SMP_LOC_P256_KEYS_GEN_AND_SET_COMPLET"
 690      455F4556 
 690      545F4741 
 690      505F534D 
 690      505F4C4F 
ARM GAS  C:\Users\Zhu\AppData\Local\Temp\ccVGXYPR.s 			page 16


 691 01ae 4500     		.ascii	"E\000"
 692              	.LASF48:
 693 01b0 4359424C 		.ascii	"CYBLE_EVT_GATTS_XCNHG_MTU_REQ\000"
 693      455F4556 
 693      545F4741 
 693      5454535F 
 693      58434E48 
 694              	.LASF94:
 695 01ce 474E5520 		.ascii	"GNU C11 5.4.1 20160609 (release) [ARM/embedded-5-br"
 695      43313120 
 695      352E342E 
 695      31203230 
 695      31363036 
 696 0201 616E6368 		.ascii	"anch revision 237715] -mcpu=cortex-m0 -mthumb -g -O"
 696      20726576 
 696      6973696F 
 696      6E203233 
 696      37373135 
 697 0234 67202D66 		.ascii	"g -ffunction-sections -ffat-lto-objects\000"
 697      66756E63 
 697      74696F6E 
 697      2D736563 
 697      74696F6E 
 698              	.LASF33:
 699 025c 4359424C 		.ascii	"CYBLE_EVT_GAP_KEYINFO_EXCHNGE_CMPLT\000"
 699      455F4556 
 699      545F4741 
 699      505F4B45 
 699      59494E46 
 700              	.LASF56:
 701 0280 4359424C 		.ascii	"CYBLE_EVT_GATTC_READ_MULTI_RSP\000"
 701      455F4556 
 701      545F4741 
 701      5454435F 
 701      52454144 
 702              	.LASF65:
 703 029f 4359424C 		.ascii	"CYBLE_EVT_GATTS_HANDLE_VALUE_CNF\000"
 703      455F4556 
 703      545F4741 
 703      5454535F 
 703      48414E44 
 704              	.LASF14:
 705 02c0 4359424C 		.ascii	"CYBLE_EVT_HOST_INVALID\000"
 705      455F4556 
 705      545F484F 
 705      53545F49 
 705      4E56414C 
 706              	.LASF95:
 707 02d7 47656E65 		.ascii	"Generated_Source\\PSoC4\\BLE_1_custom.c\000"
 707      72617465 
 707      645F536F 
 707      75726365 
 707      5C50536F 
 708              	.LASF76:
 709 02fd 4359424C 		.ascii	"CYBLE_EVT_L2CAP_CBFC_DISCONN_CNF\000"
 709      455F4556 
 709      545F4C32 
ARM GAS  C:\Users\Zhu\AppData\Local\Temp\ccVGXYPR.s 			page 17


 709      4341505F 
 709      43424643 
 710              	.LASF9:
 711 031e 666C6F61 		.ascii	"float\000"
 711      7400
 712              	.LASF54:
 713 0324 4359424C 		.ascii	"CYBLE_EVT_GATTC_READ_RSP\000"
 713      455F4556 
 713      545F4741 
 713      5454435F 
 713      52454144 
 714              	.LASF34:
 715 033d 4359424C 		.ascii	"CYBLE_EVT_GAP_NUMERIC_COMPARISON_REQUEST\000"
 715      455F4556 
 715      545F4741 
 715      505F4E55 
 715      4D455249 
 716              	.LASF39:
 717 0366 4359424C 		.ascii	"CYBLE_EVT_GAPC_DIRECT_ADV_REPORT\000"
 717      455F4556 
 717      545F4741 
 717      50435F44 
 717      49524543 
 718              	.LASF7:
 719 0387 6C6F6E67 		.ascii	"long long unsigned int\000"
 719      206C6F6E 
 719      6720756E 
 719      7369676E 
 719      65642069 
 720              	.LASF90:
 721 039e 4359424C 		.ascii	"CYBLE_CUSTOMS_INFO_T\000"
 721      455F4355 
 721      53544F4D 
 721      535F494E 
 721      464F5F54 
 722              	.LASF43:
 723 03b3 4359424C 		.ascii	"CYBLE_EVT_GAP_AUTH_REQ_REPLY_ERR\000"
 723      455F4556 
 723      545F4741 
 723      505F4155 
 723      54485F52 
 724              	.LASF4:
 725 03d4 6C6F6E67 		.ascii	"long int\000"
 725      20696E74 
 725      00
 726              	.LASF64:
 727 03dd 4359424C 		.ascii	"CYBLE_EVT_GATTC_HANDLE_VALUE_IND\000"
 727      455F4556 
 727      545F4741 
 727      5454435F 
 727      48414E44 
 728              	.LASF28:
 729 03fe 4359424C 		.ascii	"CYBLE_EVT_GAP_DEVICE_CONNECTED\000"
 729      455F4556 
 729      545F4741 
 729      505F4445 
 729      56494345 
ARM GAS  C:\Users\Zhu\AppData\Local\Temp\ccVGXYPR.s 			page 18


 730              	.LASF27:
 731 041d 4359424C 		.ascii	"CYBLE_EVT_GAPP_ADVERTISEMENT_START_STOP\000"
 731      455F4556 
 731      545F4741 
 731      50505F41 
 731      44564552 
 732              	.LASF63:
 733 0445 4359424C 		.ascii	"CYBLE_EVT_GATTC_HANDLE_VALUE_NTF\000"
 733      455F4556 
 733      545F4741 
 733      5454435F 
 733      48414E44 
 734              	.LASF19:
 735 0466 4359424C 		.ascii	"CYBLE_EVT_STACK_BUSY_STATUS\000"
 735      455F4556 
 735      545F5354 
 735      41434B5F 
 735      42555359 
 736              	.LASF24:
 737 0482 4359424C 		.ascii	"CYBLE_EVT_GAP_PASSKEY_DISPLAY_REQUEST\000"
 737      455F4556 
 737      545F4741 
 737      505F5041 
 737      53534B45 
 738              	.LASF93:
 739 04a8 4359424C 		.ascii	"CYBLE_CUSTOMS_T\000"
 739      455F4355 
 739      53544F4D 
 739      535F5400 
 740              	.LASF74:
 741 04b8 4359424C 		.ascii	"CYBLE_EVT_L2CAP_CBFC_CONN_CNF\000"
 741      455F4556 
 741      545F4C32 
 741      4341505F 
 741      43424643 
 742              	.LASF38:
 743 04d6 4359424C 		.ascii	"CYBLE_EVT_GAP_ENHANCE_CONN_COMPLETE\000"
 743      455F4556 
 743      545F4741 
 743      505F454E 
 743      48414E43 
 744              	.LASF12:
 745 04fa 6C6F6E67 		.ascii	"long double\000"
 745      20646F75 
 745      626C6500 
 746              	.LASF70:
 747 0506 4359424C 		.ascii	"CYBLE_EVT_L2CAP_CONN_PARAM_UPDATE_REQ\000"
 747      455F4556 
 747      545F4C32 
 747      4341505F 
 747      434F4E4E 
 748              	.LASF1:
 749 052c 756E7369 		.ascii	"unsigned char\000"
 749      676E6564 
 749      20636861 
 749      7200
 750              	.LASF92:
ARM GAS  C:\Users\Zhu\AppData\Local\Temp\ccVGXYPR.s 			page 19


 751 053a 63757374 		.ascii	"customServInfo\000"
 751      6F6D5365 
 751      7276496E 
 751      666F00
 752              	.LASF60:
 753 0549 4359424C 		.ascii	"CYBLE_EVT_GATTS_PREP_WRITE_REQ\000"
 753      455F4556 
 753      545F4741 
 753      5454535F 
 753      50524550 
 754              	.LASF82:
 755 0568 4359424C 		.ascii	"CYBLE_EVT_LE_PING_AUTH_TIMEOUT\000"
 755      455F4556 
 755      545F4C45 
 755      5F50494E 
 755      475F4155 
 756              	.LASF52:
 757 0587 4359424C 		.ascii	"CYBLE_EVT_GATTC_FIND_INFO_RSP\000"
 757      455F4556 
 757      545F4741 
 757      5454435F 
 757      46494E44 
 758              	.LASF0:
 759 05a5 7369676E 		.ascii	"signed char\000"
 759      65642063 
 759      68617200 
 760              	.LASF57:
 761 05b1 4359424C 		.ascii	"CYBLE_EVT_GATTS_WRITE_REQ\000"
 761      455F4556 
 761      545F4741 
 761      5454535F 
 761      57524954 
 762              	.LASF53:
 763 05cb 4359424C 		.ascii	"CYBLE_EVT_GATTC_FIND_BY_TYPE_VALUE_RSP\000"
 763      455F4556 
 763      545F4741 
 763      5454435F 
 763      46494E44 
 764              	.LASF25:
 765 05f2 4359424C 		.ascii	"CYBLE_EVT_GAP_AUTH_COMPLETE\000"
 765      455F4556 
 765      545F4741 
 765      505F4155 
 765      54485F43 
 766              	.LASF8:
 767 060e 756E7369 		.ascii	"unsigned int\000"
 767      676E6564 
 767      20696E74 
 767      00
 768              	.LASF46:
 769 061b 4359424C 		.ascii	"CYBLE_EVT_GATT_CONNECT_IND\000"
 769      455F4556 
 769      545F4741 
 769      54545F43 
 769      4F4E4E45 
 770              	.LASF5:
 771 0636 6C6F6E67 		.ascii	"long unsigned int\000"
ARM GAS  C:\Users\Zhu\AppData\Local\Temp\ccVGXYPR.s 			page 20


 771      20756E73 
 771      69676E65 
 771      6420696E 
 771      7400
 772              	.LASF22:
 773 0648 4359424C 		.ascii	"CYBLE_EVT_GAP_AUTH_REQ\000"
 773      455F4556 
 773      545F4741 
 773      505F4155 
 773      54485F52 
 774              	.LASF75:
 775 065f 4359424C 		.ascii	"CYBLE_EVT_L2CAP_CBFC_DISCONN_IND\000"
 775      455F4556 
 775      545F4C32 
 775      4341505F 
 775      43424643 
 776              	.LASF30:
 777 0680 4359424C 		.ascii	"CYBLE_EVT_GAP_ENCRYPT_CHANGE\000"
 777      455F4556 
 777      545F4741 
 777      505F454E 
 777      43525950 
 778              	.LASF41:
 779 069d 4359424C 		.ascii	"CYBLE_EVT_GAP_CONN_ESTB\000"
 779      455F4556 
 779      545F4741 
 779      505F434F 
 779      4E4E5F45 
 780              	.LASF69:
 781 06b5 4359424C 		.ascii	"CYBLE_EVT_GATTC_LONG_PROCEDURE_END\000"
 781      455F4556 
 781      545F4741 
 781      5454435F 
 781      4C4F4E47 
 782              	.LASF3:
 783 06d8 73686F72 		.ascii	"short unsigned int\000"
 783      7420756E 
 783      7369676E 
 783      65642069 
 783      6E7400
 784              	.LASF84:
 785 06eb 4359424C 		.ascii	"CYBLE_EVT_FLASH_CORRUPT\000"
 785      455F4556 
 785      545F464C 
 785      4153485F 
 785      434F5252 
 786              	.LASF31:
 787 0703 4359424C 		.ascii	"CYBLE_EVT_GAP_CONNECTION_UPDATE_COMPLETE\000"
 787      455F4556 
 787      545F4741 
 787      505F434F 
 787      4E4E4543 
 788              	.LASF40:
 789 072c 4359424C 		.ascii	"CYBLE_EVT_GAP_SMP_NEGOTIATED_AUTH_INFO\000"
 789      455F4556 
 789      545F4741 
 789      505F534D 
ARM GAS  C:\Users\Zhu\AppData\Local\Temp\ccVGXYPR.s 			page 21


 789      505F4E45 
 790              	.LASF11:
 791 0753 63686172 		.ascii	"char\000"
 791      00
 792              	.LASF72:
 793 0758 4359424C 		.ascii	"CYBLE_EVT_L2CAP_COMMAND_REJ\000"
 793      455F4556 
 793      545F4C32 
 793      4341505F 
 793      434F4D4D 
 794              	.LASF21:
 795 0774 4359424C 		.ascii	"CYBLE_EVT_GAPC_SCAN_PROGRESS_RESULT\000"
 795      455F4556 
 795      545F4741 
 795      50435F53 
 795      43414E5F 
 796              	.LASF86:
 797 0798 75696E74 		.ascii	"uint16\000"
 797      313600
 798              	.LASF55:
 799 079f 4359424C 		.ascii	"CYBLE_EVT_GATTC_READ_BLOB_RSP\000"
 799      455F4556 
 799      545F4741 
 799      5454435F 
 799      52454144 
 800              	.LASF62:
 801 07bd 4359424C 		.ascii	"CYBLE_EVT_GATTC_EXEC_WRITE_RSP\000"
 801      455F4556 
 801      545F4741 
 801      5454435F 
 801      45584543 
 802              	.LASF32:
 803 07dc 4359424C 		.ascii	"CYBLE_EVT_GAPC_SCAN_START_STOP\000"
 803      455F4556 
 803      545F4741 
 803      50435F53 
 803      43414E5F 
 804              	.LASF81:
 805 07fb 4359424C 		.ascii	"CYBLE_EVT_PENDING_FLASH_WRITE\000"
 805      455F4556 
 805      545F5045 
 805      4E44494E 
 805      475F464C 
 806              	.LASF78:
 807 0819 4359424C 		.ascii	"CYBLE_EVT_L2CAP_CBFC_RX_CREDIT_IND\000"
 807      455F4556 
 807      545F4C32 
 807      4341505F 
 807      43424643 
 808              	.LASF10:
 809 083c 646F7562 		.ascii	"double\000"
 809      6C6500
 810              	.LASF79:
 811 0843 4359424C 		.ascii	"CYBLE_EVT_L2CAP_CBFC_TX_CREDIT_IND\000"
 811      455F4556 
 811      545F4C32 
 811      4341505F 
ARM GAS  C:\Users\Zhu\AppData\Local\Temp\ccVGXYPR.s 			page 22


 811      43424643 
 812              	.LASF88:
 813 0866 63757374 		.ascii	"customServCharHandle\000"
 813      6F6D5365 
 813      72764368 
 813      61724861 
 813      6E646C65 
 814              	.LASF42:
 815 087b 4359424C 		.ascii	"CYBLE_EVT_GAP_SCAN_REQ_RECVD\000"
 815      455F4556 
 815      545F4741 
 815      505F5343 
 815      414E5F52 
 816              	.LASF96:
 817 0898 443A5C43 		.ascii	"D:\\CYTest\\MyELock\\MyELock.cydsn\000"
 817      59546573 
 817      745C4D79 
 817      454C6F63 
 817      6B5C4D79 
 818              	.LASF17:
 819 08b8 4359424C 		.ascii	"CYBLE_EVT_HARDWARE_ERROR\000"
 819      455F4556 
 819      545F4841 
 819      52445741 
 819      52455F45 
 820              	.LASF77:
 821 08d1 4359424C 		.ascii	"CYBLE_EVT_L2CAP_CBFC_DATA_READ\000"
 821      455F4556 
 821      545F4C32 
 821      4341505F 
 821      43424643 
 822              	.LASF71:
 823 08f0 4359424C 		.ascii	"CYBLE_EVT_L2CAP_CONN_PARAM_UPDATE_RSP\000"
 823      455F4556 
 823      545F4C32 
 823      4341505F 
 823      434F4E4E 
 824              	.LASF73:
 825 0916 4359424C 		.ascii	"CYBLE_EVT_L2CAP_CBFC_CONN_IND\000"
 825      455F4556 
 825      545F4C32 
 825      4341505F 
 825      43424643 
 826              	.LASF50:
 827 0934 4359424C 		.ascii	"CYBLE_EVT_GATTC_READ_BY_GROUP_TYPE_RSP\000"
 827      455F4556 
 827      545F4741 
 827      5454435F 
 827      52454144 
 828              	.LASF59:
 829 095b 4359424C 		.ascii	"CYBLE_EVT_GATTS_WRITE_CMD_REQ\000"
 829      455F4556 
 829      545F4741 
 829      5454535F 
 829      57524954 
 830              	.LASF51:
 831 0979 4359424C 		.ascii	"CYBLE_EVT_GATTC_READ_BY_TYPE_RSP\000"
ARM GAS  C:\Users\Zhu\AppData\Local\Temp\ccVGXYPR.s 			page 23


 831      455F4556 
 831      545F4741 
 831      5454435F 
 831      52454144 
 832              	.LASF49:
 833 099a 4359424C 		.ascii	"CYBLE_EVT_GATTC_XCHNG_MTU_RSP\000"
 833      455F4556 
 833      545F4741 
 833      5454435F 
 833      5843484E 
 834              	.LASF89:
 835 09b8 63757374 		.ascii	"customServCharDesc\000"
 835      6F6D5365 
 835      72764368 
 835      61724465 
 835      736300
 836              	.LASF80:
 837 09cb 4359424C 		.ascii	"CYBLE_EVT_L2CAP_CBFC_DATA_WRITE_IND\000"
 837      455F4556 
 837      545F4C32 
 837      4341505F 
 837      43424643 
 838              	.LASF16:
 839 09ef 4359424C 		.ascii	"CYBLE_EVT_TIMEOUT\000"
 839      455F4556 
 839      545F5449 
 839      4D454F55 
 839      5400
 840              	.LASF85:
 841 0a01 4359424C 		.ascii	"CYBLE_EVT_MAX\000"
 841      455F4556 
 841      545F4D41 
 841      5800
 842              	.LASF68:
 843 0a0f 4359424C 		.ascii	"CYBLE_EVT_GATTS_READ_CHAR_VAL_ACCESS_REQ\000"
 843      455F4556 
 843      545F4741 
 843      5454535F 
 843      52454144 
 844              	.LASF67:
 845 0a38 4359424C 		.ascii	"CYBLE_EVT_GATTC_STOP_CMD_COMPLETE\000"
 845      455F4556 
 845      545F4741 
 845      5454435F 
 845      53544F50 
 846              	.LASF61:
 847 0a5a 4359424C 		.ascii	"CYBLE_EVT_GATTS_EXEC_WRITE_REQ\000"
 847      455F4556 
 847      545F4741 
 847      5454535F 
 847      45584543 
 848              	.LASF87:
 849 0a79 4359424C 		.ascii	"CYBLE_GATT_DB_ATTR_HANDLE_T\000"
 849      455F4741 
 849      54545F44 
 849      425F4154 
 849      54525F48 
ARM GAS  C:\Users\Zhu\AppData\Local\Temp\ccVGXYPR.s 			page 24


 850              	.LASF98:
 851 0a95 6379426C 		.ascii	"cyBle_customs\000"
 851      655F6375 
 851      73746F6D 
 851      7300
 852              	.LASF66:
 853 0aa3 4359424C 		.ascii	"CYBLE_EVT_GATTS_DATA_SIGNED_CMD_REQ\000"
 853      455F4556 
 853      545F4741 
 853      5454535F 
 853      44415441 
 854              	.LASF83:
 855 0ac7 4359424C 		.ascii	"CYBLE_EVT_HCI_PKT\000"
 855      455F4556 
 855      545F4843 
 855      495F504B 
 855      5400
 856              	.LASF36:
 857 0ad9 4359424C 		.ascii	"CYBLE_EVT_GAP_OOB_GENERATED_NOTIFICATION\000"
 857      455F4556 
 857      545F4741 
 857      505F4F4F 
 857      425F4745 
 858              		.ident	"GCC: (GNU Tools for ARM Embedded Processors) 5.4.1 20160609 (release) [ARM/embedded-5-bran
