ARM GAS  C:\Users\ADMINI~1\AppData\Local\Temp\ccQJEUDY.s 			page 1


   1              		.syntax unified
   2              		.cpu cortex-m0
   3              		.fpu softvfp
   4              		.eabi_attribute 20, 1
   5              		.eabi_attribute 21, 1
   6              		.eabi_attribute 23, 3
   7              		.eabi_attribute 24, 1
   8              		.eabi_attribute 25, 1
   9              		.eabi_attribute 26, 1
  10              		.eabi_attribute 30, 1
  11              		.eabi_attribute 34, 0
  12              		.eabi_attribute 18, 4
  13              		.thumb
  14              		.syntax unified
  15              		.file	"eeprom.c"
  16              		.text
  17              	.Ltext0:
  18              		.cfi_sections	.debug_frame
  19              		.section	.text.EEPROM_HandleError,"ax",%progbits
  20              		.align	2
  21              		.global	EEPROM_HandleError
  22              		.code	16
  23              		.thumb_func
  24              		.type	EEPROM_HandleError, %function
  25              	EEPROM_HandleError:
  26              	.LFB36:
  27              		.file 1 "eeprom.c"
   1:eeprom.c      **** #include <project.h>
   2:eeprom.c      **** #include "zmain.h"
   3:eeprom.c      **** 
   4:eeprom.c      **** /* EEPROM storage in work flash, this is defined in Em_EEPROM.c*/
   5:eeprom.c      **** #if defined (__ICCARM__)
   6:eeprom.c      **** #pragma data_alignment = CY_FLASH_SIZEOF_ROW
   7:eeprom.c      **** const uint8_t Em_EEPROM_em_EepromStorage[Em_EEPROM_PHYSICAL_SIZE] = {0u};
   8:eeprom.c      **** #else
   9:eeprom.c      **** const uint8_t Em_EEPROM_em_EepromStorage[Em_EEPROM_PHYSICAL_SIZE]
  10:eeprom.c      **** __ALIGNED(CY_FLASH_SIZEOF_ROW) = {0u};
  11:eeprom.c      **** #endif /* defined (__ICCARM__) */
  12:eeprom.c      **** 
  13:eeprom.c      **** /*Return status for EEPROM and UART*/ 
  14:eeprom.c      **** cy_en_em_eeprom_status_t eepromReturnValue;
  15:eeprom.c      **** 
  16:eeprom.c      **** uint8_t eepromArray[256];
  17:eeprom.c      **** 
  18:eeprom.c      **** 
  19:eeprom.c      **** /*Funciton protorype for handling errors*/
  20:eeprom.c      **** void EEPROM_HandleError(void)
  21:eeprom.c      **** {   
  28              		.loc 1 21 0
  29              		.cfi_startproc
  30              		@ Volatile: function does not return.
  31              		@ args = 0, pretend = 0, frame = 0
  32              		@ frame_needed = 0, uses_anonymous_args = 0
  33              		@ link register save eliminated.
  34              	.LBB4:
  35              	.LBB5:
  36              		.file 2 "Generated_Source\\PSoC4/cmsis_gcc.h"
ARM GAS  C:\Users\ADMINI~1\AppData\Local\Temp\ccQJEUDY.s 			page 2


   1:Generated_Source\PSoC4/cmsis_gcc.h **** /**************************************************************************//**
   2:Generated_Source\PSoC4/cmsis_gcc.h ****  * @file     cmsis_gcc.h
   3:Generated_Source\PSoC4/cmsis_gcc.h ****  * @brief    CMSIS Cortex-M Core Function/Instruction Header File
   4:Generated_Source\PSoC4/cmsis_gcc.h ****  * @version  V5.00
   5:Generated_Source\PSoC4/cmsis_gcc.h ****  * @date     28. October 2016
   6:Generated_Source\PSoC4/cmsis_gcc.h ****  ******************************************************************************/
   7:Generated_Source\PSoC4/cmsis_gcc.h **** /*
   8:Generated_Source\PSoC4/cmsis_gcc.h ****  * Copyright (c) 2009-2016 ARM Limited. All rights reserved.
   9:Generated_Source\PSoC4/cmsis_gcc.h ****  *
  10:Generated_Source\PSoC4/cmsis_gcc.h ****  * SPDX-License-Identifier: Apache-2.0
  11:Generated_Source\PSoC4/cmsis_gcc.h ****  *
  12:Generated_Source\PSoC4/cmsis_gcc.h ****  * Licensed under the Apache License, Version 2.0 (the License); you may
  13:Generated_Source\PSoC4/cmsis_gcc.h ****  * not use this file except in compliance with the License.
  14:Generated_Source\PSoC4/cmsis_gcc.h ****  * You may obtain a copy of the License at
  15:Generated_Source\PSoC4/cmsis_gcc.h ****  *
  16:Generated_Source\PSoC4/cmsis_gcc.h ****  * http://www.apache.org/licenses/LICENSE-2.0
  17:Generated_Source\PSoC4/cmsis_gcc.h ****  *
  18:Generated_Source\PSoC4/cmsis_gcc.h ****  * Unless required by applicable law or agreed to in writing, software
  19:Generated_Source\PSoC4/cmsis_gcc.h ****  * distributed under the License is distributed on an AS IS BASIS, WITHOUT
  20:Generated_Source\PSoC4/cmsis_gcc.h ****  * WARRANTIES OR CONDITIONS OF ANY KIND, either express or implied.
  21:Generated_Source\PSoC4/cmsis_gcc.h ****  * See the License for the specific language governing permissions and
  22:Generated_Source\PSoC4/cmsis_gcc.h ****  * limitations under the License.
  23:Generated_Source\PSoC4/cmsis_gcc.h ****  */
  24:Generated_Source\PSoC4/cmsis_gcc.h **** 
  25:Generated_Source\PSoC4/cmsis_gcc.h **** #ifndef __CMSIS_GCC_H
  26:Generated_Source\PSoC4/cmsis_gcc.h **** #define __CMSIS_GCC_H
  27:Generated_Source\PSoC4/cmsis_gcc.h **** 
  28:Generated_Source\PSoC4/cmsis_gcc.h **** /* ignore some GCC warnings */
  29:Generated_Source\PSoC4/cmsis_gcc.h **** #pragma GCC diagnostic push
  30:Generated_Source\PSoC4/cmsis_gcc.h **** #pragma GCC diagnostic ignored "-Wsign-conversion"
  31:Generated_Source\PSoC4/cmsis_gcc.h **** #pragma GCC diagnostic ignored "-Wconversion"
  32:Generated_Source\PSoC4/cmsis_gcc.h **** #pragma GCC diagnostic ignored "-Wunused-parameter"
  33:Generated_Source\PSoC4/cmsis_gcc.h **** 
  34:Generated_Source\PSoC4/cmsis_gcc.h **** /* CMSIS compiler specific defines */
  35:Generated_Source\PSoC4/cmsis_gcc.h **** #ifndef   __ASM
  36:Generated_Source\PSoC4/cmsis_gcc.h ****   #define __ASM                     __asm
  37:Generated_Source\PSoC4/cmsis_gcc.h **** #endif
  38:Generated_Source\PSoC4/cmsis_gcc.h **** #ifndef   __INLINE
  39:Generated_Source\PSoC4/cmsis_gcc.h ****   #define __INLINE                  inline
  40:Generated_Source\PSoC4/cmsis_gcc.h **** #endif
  41:Generated_Source\PSoC4/cmsis_gcc.h **** #ifndef   __STATIC_INLINE
  42:Generated_Source\PSoC4/cmsis_gcc.h ****   #define __STATIC_INLINE           static inline
  43:Generated_Source\PSoC4/cmsis_gcc.h **** #endif
  44:Generated_Source\PSoC4/cmsis_gcc.h **** #ifndef   __NO_RETURN
  45:Generated_Source\PSoC4/cmsis_gcc.h ****   #define __NO_RETURN               __attribute__((noreturn))
  46:Generated_Source\PSoC4/cmsis_gcc.h **** #endif
  47:Generated_Source\PSoC4/cmsis_gcc.h **** #ifndef   __USED
  48:Generated_Source\PSoC4/cmsis_gcc.h ****   #define __USED                    __attribute__((used))
  49:Generated_Source\PSoC4/cmsis_gcc.h **** #endif
  50:Generated_Source\PSoC4/cmsis_gcc.h **** #ifndef   _WEAK
  51:Generated_Source\PSoC4/cmsis_gcc.h ****   #define __WEAK                    __attribute__((weak))
  52:Generated_Source\PSoC4/cmsis_gcc.h **** #endif
  53:Generated_Source\PSoC4/cmsis_gcc.h **** #ifndef   __UNALIGNED_UINT32
  54:Generated_Source\PSoC4/cmsis_gcc.h ****   struct __attribute__((packed)) T_UINT32 { uint32_t v; };
  55:Generated_Source\PSoC4/cmsis_gcc.h ****   #define __UNALIGNED_UINT32(x)     (((struct T_UINT32 *)(x))->v)
  56:Generated_Source\PSoC4/cmsis_gcc.h **** #endif
  57:Generated_Source\PSoC4/cmsis_gcc.h **** #ifndef   __ALIGNED
ARM GAS  C:\Users\ADMINI~1\AppData\Local\Temp\ccQJEUDY.s 			page 3


  58:Generated_Source\PSoC4/cmsis_gcc.h ****   #define __ALIGNED(x)              __attribute__((aligned(x)))
  59:Generated_Source\PSoC4/cmsis_gcc.h **** #endif
  60:Generated_Source\PSoC4/cmsis_gcc.h **** #ifndef   __PACKED
  61:Generated_Source\PSoC4/cmsis_gcc.h ****   #define __PACKED                  __attribute__((packed, aligned(1)))
  62:Generated_Source\PSoC4/cmsis_gcc.h **** #endif
  63:Generated_Source\PSoC4/cmsis_gcc.h **** 
  64:Generated_Source\PSoC4/cmsis_gcc.h **** 
  65:Generated_Source\PSoC4/cmsis_gcc.h **** /* ###########################  Core Function Access  ########################### */
  66:Generated_Source\PSoC4/cmsis_gcc.h **** /** \ingroup  CMSIS_Core_FunctionInterface
  67:Generated_Source\PSoC4/cmsis_gcc.h ****     \defgroup CMSIS_Core_RegAccFunctions CMSIS Core Register Access Functions
  68:Generated_Source\PSoC4/cmsis_gcc.h ****   @{
  69:Generated_Source\PSoC4/cmsis_gcc.h ****  */
  70:Generated_Source\PSoC4/cmsis_gcc.h **** 
  71:Generated_Source\PSoC4/cmsis_gcc.h **** /**
  72:Generated_Source\PSoC4/cmsis_gcc.h ****   \brief   Enable IRQ Interrupts
  73:Generated_Source\PSoC4/cmsis_gcc.h ****   \details Enables IRQ interrupts by clearing the I-bit in the CPSR.
  74:Generated_Source\PSoC4/cmsis_gcc.h ****            Can only be executed in Privileged modes.
  75:Generated_Source\PSoC4/cmsis_gcc.h ****  */
  76:Generated_Source\PSoC4/cmsis_gcc.h **** __attribute__((always_inline)) __STATIC_INLINE void __enable_irq(void)
  77:Generated_Source\PSoC4/cmsis_gcc.h **** {
  78:Generated_Source\PSoC4/cmsis_gcc.h ****   __ASM volatile ("cpsie i" : : : "memory");
  79:Generated_Source\PSoC4/cmsis_gcc.h **** }
  80:Generated_Source\PSoC4/cmsis_gcc.h **** 
  81:Generated_Source\PSoC4/cmsis_gcc.h **** 
  82:Generated_Source\PSoC4/cmsis_gcc.h **** /**
  83:Generated_Source\PSoC4/cmsis_gcc.h ****   \brief   Disable IRQ Interrupts
  84:Generated_Source\PSoC4/cmsis_gcc.h ****   \details Disables IRQ interrupts by setting the I-bit in the CPSR.
  85:Generated_Source\PSoC4/cmsis_gcc.h ****            Can only be executed in Privileged modes.
  86:Generated_Source\PSoC4/cmsis_gcc.h ****  */
  87:Generated_Source\PSoC4/cmsis_gcc.h **** __attribute__((always_inline)) __STATIC_INLINE void __disable_irq(void)
  88:Generated_Source\PSoC4/cmsis_gcc.h **** {
  89:Generated_Source\PSoC4/cmsis_gcc.h ****   __ASM volatile ("cpsid i" : : : "memory");
  37              		.loc 2 89 0
  38              		.syntax divided
  39              	@ 89 "Generated_Source\PSoC4/cmsis_gcc.h" 1
  40 0000 72B6     		cpsid i
  41              	@ 0 "" 2
  42              		.thumb
  43              		.syntax unified
  44              	.L2:
  45 0002 FEE7     		b	.L2
  46              	.LBE5:
  47              	.LBE4:
  48              		.cfi_endproc
  49              	.LFE36:
  50              		.size	EEPROM_HandleError, .-EEPROM_HandleError
  51              		.section	.text.PSD_Restore,"ax",%progbits
  52              		.align	2
  53              		.global	PSD_Restore
  54              		.code	16
  55              		.thumb_func
  56              		.type	PSD_Restore, %function
  57              	PSD_Restore:
  58              	.LFB37:
  22:eeprom.c      **** #ifdef DEBUG_UART
  23:eeprom.c      ****     DBG_PRINTF("Error! \n\r");
  24:eeprom.c      **** #endif
ARM GAS  C:\Users\ADMINI~1\AppData\Local\Temp\ccQJEUDY.s 			page 4


  25:eeprom.c      ****     /* Disable all interrupts. */
  26:eeprom.c      ****     __disable_irq();
  27:eeprom.c      ****     
  28:eeprom.c      ****     /* Infinite loop. */
  29:eeprom.c      ****     while(1u)
  30:eeprom.c      ****     {
  31:eeprom.c      ****         
  32:eeprom.c      ****     }
  33:eeprom.c      **** }
  34:eeprom.c      **** 
  35:eeprom.c      **** uint8 PSD_Restore()
  36:eeprom.c      **** {
  59              		.loc 1 36 0
  60              		.cfi_startproc
  61              		@ args = 0, pretend = 0, frame = 0
  62              		@ frame_needed = 0, uses_anonymous_args = 0
  63 0000 10B5     		push	{r4, lr}
  64              		.cfi_def_cfa_offset 8
  65              		.cfi_offset 4, -8
  66              		.cfi_offset 14, -4
  37:eeprom.c      ****     eepromReturnValue = Em_EEPROM_Read(EEPROM_START, eepromArray, PSD_EEPROM_SIZE);
  67              		.loc 1 37 0
  68 0002 124B     		ldr	r3, .L9
  69 0004 0822     		movs	r2, #8
  70 0006 1249     		ldr	r1, .L9+4
  71 0008 0020     		movs	r0, #0
  72 000a FFF7FEFF 		bl	Cy_Em_EEPROM_Read
  73              	.LVL0:
  74 000e 114B     		ldr	r3, .L9+8
  75 0010 1870     		strb	r0, [r3]
  38:eeprom.c      ****     if(eepromReturnValue != CY_EM_EEPROM_SUCCESS)
  76              		.loc 1 38 0
  77 0012 0028     		cmp	r0, #0
  78 0014 17D1     		bne	.L7
  39:eeprom.c      ****     {
  40:eeprom.c      ****         return false;
  41:eeprom.c      ****     }
  42:eeprom.c      ****     else
  43:eeprom.c      ****     {
  44:eeprom.c      ****         if((eepromArray[0]==0x5A) & (eepromArray[7]==0xA5))
  79              		.loc 1 44 0
  80 0016 0E4A     		ldr	r2, .L9+4
  81 0018 1378     		ldrb	r3, [r2]
  82 001a D279     		ldrb	r2, [r2, #7]
  83 001c 5A3B     		subs	r3, r3, #90
  84 001e 5942     		rsbs	r1, r3, #0
  85 0020 4B41     		adcs	r3, r3, r1
  86 0022 A53A     		subs	r2, r2, #165
  87 0024 5142     		rsbs	r1, r2, #0
  88 0026 4A41     		adcs	r2, r2, r1
  89 0028 1A42     		tst	r2, r3
  90 002a 07D1     		bne	.L8
  91 002c 0CE0     		b	.L4
  92              	.LVL1:
  93              	.L6:
  94              	.LBB6:
  45:eeprom.c      ****         {
ARM GAS  C:\Users\ADMINI~1\AppData\Local\Temp\ccQJEUDY.s 			page 5


  46:eeprom.c      ****             uint8 i;
  47:eeprom.c      ****             for(i=0;i<6;i++)
  48:eeprom.c      ****             {
  49:eeprom.c      ****                 Password_ID[i]=eepromArray[i+1];
  95              		.loc 1 49 0 discriminator 3
  96 002e 5A1C     		adds	r2, r3, #1
  97 0030 0749     		ldr	r1, .L9+4
  98 0032 885C     		ldrb	r0, [r1, r2]
  99 0034 0849     		ldr	r1, .L9+12
 100 0036 C854     		strb	r0, [r1, r3]
  47:eeprom.c      ****             {
 101              		.loc 1 47 0 discriminator 3
 102 0038 D3B2     		uxtb	r3, r2
 103              	.LVL2:
 104 003a 00E0     		b	.L5
 105              	.LVL3:
 106              	.L8:
 107              	.LBE6:
 108 003c 0023     		movs	r3, #0
 109              	.L5:
 110              	.LVL4:
 111              	.LBB7:
  47:eeprom.c      ****             {
 112              		.loc 1 47 0 is_stmt 0 discriminator 1
 113 003e 052B     		cmp	r3, #5
 114 0040 F5D9     		bls	.L6
  50:eeprom.c      ****             }
  51:eeprom.c      ****             return true;
 115              		.loc 1 51 0 is_stmt 1
 116 0042 0120     		movs	r0, #1
 117 0044 00E0     		b	.L4
 118              	.LVL5:
 119              	.L7:
 120              	.LBE7:
  40:eeprom.c      ****     }
 121              		.loc 1 40 0
 122 0046 0020     		movs	r0, #0
 123              	.L4:
  52:eeprom.c      ****         }
  53:eeprom.c      ****         else return false;
  54:eeprom.c      ****     }
  55:eeprom.c      **** }
 124              		.loc 1 55 0
 125              		@ sp needed
 126 0048 10BD     		pop	{r4, pc}
 127              	.L10:
 128 004a C046     		.align	2
 129              	.L9:
 130 004c 00000000 		.word	Em_EEPROM_context
 131 0050 00000000 		.word	eepromArray
 132 0054 00000000 		.word	eepromReturnValue
 133 0058 00000000 		.word	Password_ID
 134              		.cfi_endproc
 135              	.LFE37:
 136              		.size	PSD_Restore, .-PSD_Restore
 137              		.comm	eepromArray,256,4
 138              		.comm	eepromReturnValue,1,1
ARM GAS  C:\Users\ADMINI~1\AppData\Local\Temp\ccQJEUDY.s 			page 6


 139              		.global	Em_EEPROM_em_EepromStorage
 140              		.section	.rodata
 141              		.align	7
 142              		.type	Em_EEPROM_em_EepromStorage, %object
 143              		.size	Em_EEPROM_em_EepromStorage, 2048
 144              	Em_EEPROM_em_EepromStorage:
 145 0000 00000000 		.space	2048
 145      00000000 
 145      00000000 
 145      00000000 
 145      00000000 
 146              		.text
 147              	.Letext0:
 148              		.file 3 "c:\\program files (x86)\\cypress\\psoc creator\\4.2\\psoc creator\\import\\gnu\\arm\\5.4.
 149              		.file 4 "c:\\program files (x86)\\cypress\\psoc creator\\4.2\\psoc creator\\import\\gnu\\arm\\5.4.
 150              		.file 5 "Generated_Source\\PSoC4/cytypes.h"
 151              		.file 6 "Generated_Source\\PSoC4/cy_em_eeprom.h"
 152              		.file 7 "Generated_Source\\PSoC4/BLE_1_Stack.h"
 153              		.file 8 "Generated_Source\\PSoC4/Em_EEPROM.h"
 154              		.file 9 "zmanager.h"
 155              		.section	.debug_info,"",%progbits
 156              	.Ldebug_info0:
 157 0000 33040000 		.4byte	0x433
 158 0004 0400     		.2byte	0x4
 159 0006 00000000 		.4byte	.Ldebug_abbrev0
 160 000a 04       		.byte	0x4
 161 000b 01       		.uleb128 0x1
 162 000c D1010000 		.4byte	.LASF110
 163 0010 0C       		.byte	0xc
 164 0011 1C080000 		.4byte	.LASF111
 165 0015 80010000 		.4byte	.LASF112
 166 0019 18000000 		.4byte	.Ldebug_ranges0+0x18
 167 001d 00000000 		.4byte	0
 168 0021 00000000 		.4byte	.Ldebug_line0
 169 0025 02       		.uleb128 0x2
 170 0026 01       		.byte	0x1
 171 0027 06       		.byte	0x6
 172 0028 7D050000 		.4byte	.LASF0
 173 002c 03       		.uleb128 0x3
 174 002d 14040000 		.4byte	.LASF9
 175 0031 03       		.byte	0x3
 176 0032 1D       		.byte	0x1d
 177 0033 37000000 		.4byte	0x37
 178 0037 02       		.uleb128 0x2
 179 0038 01       		.byte	0x1
 180 0039 08       		.byte	0x8
 181 003a 26050000 		.4byte	.LASF1
 182 003e 02       		.uleb128 0x2
 183 003f 02       		.byte	0x2
 184 0040 05       		.byte	0x5
 185 0041 98000000 		.4byte	.LASF2
 186 0045 02       		.uleb128 0x2
 187 0046 02       		.byte	0x2
 188 0047 07       		.byte	0x7
 189 0048 23070000 		.4byte	.LASF3
 190 004c 02       		.uleb128 0x2
 191 004d 04       		.byte	0x4
ARM GAS  C:\Users\ADMINI~1\AppData\Local\Temp\ccQJEUDY.s 			page 7


 192 004e 05       		.byte	0x5
 193 004f 9A030000 		.4byte	.LASF4
 194 0053 02       		.uleb128 0x2
 195 0054 04       		.byte	0x4
 196 0055 07       		.byte	0x7
 197 0056 E3030000 		.4byte	.LASF5
 198 005a 02       		.uleb128 0x2
 199 005b 08       		.byte	0x8
 200 005c 05       		.byte	0x5
 201 005d 6B090000 		.4byte	.LASF6
 202 0061 02       		.uleb128 0x2
 203 0062 08       		.byte	0x8
 204 0063 07       		.byte	0x7
 205 0064 62030000 		.4byte	.LASF7
 206 0068 04       		.uleb128 0x4
 207 0069 04       		.byte	0x4
 208 006a 05       		.byte	0x5
 209 006b 696E7400 		.ascii	"int\000"
 210 006f 02       		.uleb128 0x2
 211 0070 04       		.byte	0x4
 212 0071 07       		.byte	0x7
 213 0072 400B0000 		.4byte	.LASF8
 214 0076 03       		.uleb128 0x3
 215 0077 5F020000 		.4byte	.LASF10
 216 007b 04       		.byte	0x4
 217 007c 18       		.byte	0x18
 218 007d 2C000000 		.4byte	0x2c
 219 0081 05       		.uleb128 0x5
 220 0082 8B020000 		.4byte	.LASF11
 221 0086 05       		.byte	0x5
 222 0087 E401     		.2byte	0x1e4
 223 0089 37000000 		.4byte	0x37
 224 008d 05       		.uleb128 0x5
 225 008e 18090000 		.4byte	.LASF12
 226 0092 05       		.byte	0x5
 227 0093 E601     		.2byte	0x1e6
 228 0095 53000000 		.4byte	0x53
 229 0099 02       		.uleb128 0x2
 230 009a 04       		.byte	0x4
 231 009b 04       		.byte	0x4
 232 009c 08030000 		.4byte	.LASF13
 233 00a0 02       		.uleb128 0x2
 234 00a1 08       		.byte	0x8
 235 00a2 04       		.byte	0x4
 236 00a3 DB0A0000 		.4byte	.LASF14
 237 00a7 02       		.uleb128 0x2
 238 00a8 01       		.byte	0x1
 239 00a9 08       		.byte	0x8
 240 00aa 9E070000 		.4byte	.LASF15
 241 00ae 02       		.uleb128 0x2
 242 00af 08       		.byte	0x8
 243 00b0 04       		.byte	0x4
 244 00b1 F4040000 		.4byte	.LASF16
 245 00b5 02       		.uleb128 0x2
 246 00b6 04       		.byte	0x4
 247 00b7 07       		.byte	0x7
 248 00b8 DA030000 		.4byte	.LASF17
ARM GAS  C:\Users\ADMINI~1\AppData\Local\Temp\ccQJEUDY.s 			page 8


 249 00bc 06       		.uleb128 0x6
 250 00bd 01       		.byte	0x1
 251 00be 37000000 		.4byte	0x37
 252 00c2 07       		.byte	0x7
 253 00c3 3501     		.2byte	0x135
 254 00c5 7A020000 		.4byte	0x27a
 255 00c9 07       		.uleb128 0x7
 256 00ca B2020000 		.4byte	.LASF18
 257 00ce 00       		.byte	0
 258 00cf 07       		.uleb128 0x7
 259 00d0 A6010000 		.4byte	.LASF19
 260 00d4 01       		.byte	0x1
 261 00d5 07       		.uleb128 0x7
 262 00d6 C90A0000 		.4byte	.LASF20
 263 00da 02       		.byte	0x2
 264 00db 07       		.uleb128 0x7
 265 00dc 79090000 		.4byte	.LASF21
 266 00e0 03       		.byte	0x3
 267 00e1 07       		.uleb128 0x7
 268 00e2 4A010000 		.4byte	.LASF22
 269 00e6 04       		.byte	0x4
 270 00e7 07       		.uleb128 0x7
 271 00e8 3F040000 		.4byte	.LASF23
 272 00ec 05       		.byte	0x5
 273 00ed 07       		.uleb128 0x7
 274 00ee 43000000 		.4byte	.LASF24
 275 00f2 06       		.byte	0x6
 276 00f3 07       		.uleb128 0x7
 277 00f4 D7090000 		.4byte	.LASF25
 278 00f8 20       		.byte	0x20
 279 00f9 07       		.uleb128 0x7
 280 00fa 6C060000 		.4byte	.LASF26
 281 00fe 21       		.byte	0x21
 282 00ff 07       		.uleb128 0x7
 283 0100 00000000 		.4byte	.LASF27
 284 0104 22       		.byte	0x22
 285 0105 07       		.uleb128 0x7
 286 0106 69040000 		.4byte	.LASF28
 287 010a 23       		.byte	0x23
 288 010b 07       		.uleb128 0x7
 289 010c FA050000 		.4byte	.LASF29
 290 0110 24       		.byte	0x24
 291 0111 07       		.uleb128 0x7
 292 0112 A2000000 		.4byte	.LASF30
 293 0116 25       		.byte	0x25
 294 0117 07       		.uleb128 0x7
 295 0118 BC000000 		.4byte	.LASF31
 296 011c 26       		.byte	0x26
 297 011d 07       		.uleb128 0x7
 298 011e F5030000 		.4byte	.LASF32
 299 0122 27       		.byte	0x27
 300 0123 07       		.uleb128 0x7
 301 0124 7A0B0000 		.4byte	.LASF33
 302 0128 28       		.byte	0x28
 303 0129 07       		.uleb128 0x7
 304 012a CB060000 		.4byte	.LASF34
 305 012e 29       		.byte	0x29
ARM GAS  C:\Users\ADMINI~1\AppData\Local\Temp\ccQJEUDY.s 			page 9


 306 012f 07       		.uleb128 0x7
 307 0130 4E070000 		.4byte	.LASF35
 308 0134 2A       		.byte	0x2a
 309 0135 07       		.uleb128 0x7
 310 0136 5C000000 		.4byte	.LASF36
 311 013a 2B       		.byte	0x2b
 312 013b 07       		.uleb128 0x7
 313 013c 67020000 		.4byte	.LASF37
 314 0140 2C       		.byte	0x2c
 315 0141 07       		.uleb128 0x7
 316 0142 5E080000 		.4byte	.LASF38
 317 0146 2D       		.byte	0x2d
 318 0147 07       		.uleb128 0x7
 319 0148 95050000 		.4byte	.LASF39
 320 014c 2E       		.byte	0x2e
 321 014d 07       		.uleb128 0x7
 322 014e DF0B0000 		.4byte	.LASF40
 323 0152 2F       		.byte	0x2f
 324 0153 07       		.uleb128 0x7
 325 0154 E4000000 		.4byte	.LASF41
 326 0158 30       		.byte	0x30
 327 0159 07       		.uleb128 0x7
 328 015a F4080000 		.4byte	.LASF42
 329 015e 31       		.byte	0x31
 330 015f 07       		.uleb128 0x7
 331 0160 41030000 		.4byte	.LASF43
 332 0164 32       		.byte	0x32
 333 0165 07       		.uleb128 0x7
 334 0166 77070000 		.4byte	.LASF44
 335 016a 33       		.byte	0x33
 336 016b 07       		.uleb128 0x7
 337 016c E8060000 		.4byte	.LASF45
 338 0170 34       		.byte	0x34
 339 0171 07       		.uleb128 0x7
 340 0172 4E090000 		.4byte	.LASF46
 341 0176 35       		.byte	0x35
 342 0177 07       		.uleb128 0x7
 343 0178 79030000 		.4byte	.LASF47
 344 017c 36       		.byte	0x36
 345 017d 07       		.uleb128 0x7
 346 017e BF040000 		.4byte	.LASF48
 347 0182 37       		.byte	0x37
 348 0183 07       		.uleb128 0x7
 349 0184 30010000 		.4byte	.LASF49
 350 0188 40       		.byte	0x40
 351 0189 07       		.uleb128 0x7
 352 018a 43060000 		.4byte	.LASF50
 353 018e 41       		.byte	0x41
 354 018f 07       		.uleb128 0x7
 355 0190 1E0A0000 		.4byte	.LASF51
 356 0194 42       		.byte	0x42
 357 0195 07       		.uleb128 0x7
 358 0196 BF070000 		.4byte	.LASF52
 359 019a 43       		.byte	0x43
 360 019b 07       		.uleb128 0x7
 361 019c 5A0A0000 		.4byte	.LASF53
 362 01a0 44       		.byte	0x44
ARM GAS  C:\Users\ADMINI~1\AppData\Local\Temp\ccQJEUDY.s 			page 10


 363 01a1 07       		.uleb128 0x7
 364 01a2 83060000 		.4byte	.LASF54
 365 01a6 45       		.byte	0x45
 366 01a7 07       		.uleb128 0x7
 367 01a8 5F010000 		.4byte	.LASF55
 368 01ac 46       		.byte	0x46
 369 01ad 07       		.uleb128 0x7
 370 01ae 5F050000 		.4byte	.LASF56
 371 01b2 47       		.byte	0x47
 372 01b3 07       		.uleb128 0x7
 373 01b4 B9050000 		.4byte	.LASF57
 374 01b8 48       		.byte	0x48
 375 01b9 07       		.uleb128 0x7
 376 01ba 0E030000 		.4byte	.LASF58
 377 01be 49       		.byte	0x49
 378 01bf 07       		.uleb128 0x7
 379 01c0 25080000 		.4byte	.LASF59
 380 01c4 4A       		.byte	0x4a
 381 01c5 07       		.uleb128 0x7
 382 01c6 860A0000 		.4byte	.LASF60
 383 01ca 4B       		.byte	0x4b
 384 01cb 07       		.uleb128 0x7
 385 01cc 16060000 		.4byte	.LASF61
 386 01d0 4C       		.byte	0x4c
 387 01d1 07       		.uleb128 0x7
 388 01d2 27030000 		.4byte	.LASF62
 389 01d6 4D       		.byte	0x4d
 390 01d7 07       		.uleb128 0x7
 391 01d8 3C0A0000 		.4byte	.LASF63
 392 01dc 4E       		.byte	0x4e
 393 01dd 07       		.uleb128 0x7
 394 01de 24000000 		.4byte	.LASF64
 395 01e2 4F       		.byte	0x4f
 396 01e3 07       		.uleb128 0x7
 397 01e4 4D0B0000 		.4byte	.LASF65
 398 01e8 50       		.byte	0x50
 399 01e9 07       		.uleb128 0x7
 400 01ea 87080000 		.4byte	.LASF66
 401 01ee 51       		.byte	0x51
 402 01ef 07       		.uleb128 0x7
 403 01f0 1E040000 		.4byte	.LASF67
 404 01f4 52       		.byte	0x52
 405 01f5 07       		.uleb128 0x7
 406 01f6 A3030000 		.4byte	.LASF68
 407 01fa 53       		.byte	0x53
 408 01fb 07       		.uleb128 0x7
 409 01fc 91020000 		.4byte	.LASF69
 410 0200 54       		.byte	0x54
 411 0201 07       		.uleb128 0x7
 412 0202 A90B0000 		.4byte	.LASF70
 413 0206 55       		.byte	0x55
 414 0207 07       		.uleb128 0x7
 415 0208 1E0B0000 		.4byte	.LASF71
 416 020c 56       		.byte	0x56
 417 020d 07       		.uleb128 0x7
 418 020e F50A0000 		.4byte	.LASF72
 419 0212 57       		.byte	0x57
ARM GAS  C:\Users\ADMINI~1\AppData\Local\Temp\ccQJEUDY.s 			page 11


 420 0213 07       		.uleb128 0x7
 421 0214 00070000 		.4byte	.LASF73
 422 0218 58       		.byte	0x58
 423 0219 07       		.uleb128 0x7
 424 021a 00050000 		.4byte	.LASF74
 425 021e 70       		.byte	0x70
 426 021f 07       		.uleb128 0x7
 427 0220 B1090000 		.4byte	.LASF75
 428 0224 71       		.byte	0x71
 429 0225 07       		.uleb128 0x7
 430 0226 A3070000 		.4byte	.LASF76
 431 022a 72       		.byte	0x72
 432 022b 07       		.uleb128 0x7
 433 022c C9020000 		.4byte	.LASF77
 434 0230 73       		.byte	0x73
 435 0231 07       		.uleb128 0x7
 436 0232 A1040000 		.4byte	.LASF78
 437 0236 74       		.byte	0x74
 438 0237 07       		.uleb128 0x7
 439 0238 AA060000 		.4byte	.LASF79
 440 023c 75       		.byte	0x75
 441 023d 07       		.uleb128 0x7
 442 023e E7020000 		.4byte	.LASF80
 443 0242 76       		.byte	0x76
 444 0243 07       		.uleb128 0x7
 445 0244 92090000 		.4byte	.LASF81
 446 0248 77       		.byte	0x77
 447 0249 07       		.uleb128 0x7
 448 024a FB090000 		.4byte	.LASF82
 449 024e 78       		.byte	0x78
 450 024f 07       		.uleb128 0x7
 451 0250 1F090000 		.4byte	.LASF83
 452 0254 79       		.byte	0x79
 453 0255 07       		.uleb128 0x7
 454 0256 A50A0000 		.4byte	.LASF84
 455 025a 7A       		.byte	0x7a
 456 025b 07       		.uleb128 0x7
 457 025c BF080000 		.4byte	.LASF85
 458 0260 FA       		.byte	0xfa
 459 0261 07       		.uleb128 0x7
 460 0262 40050000 		.4byte	.LASF86
 461 0266 FB       		.byte	0xfb
 462 0267 07       		.uleb128 0x7
 463 0268 CD0B0000 		.4byte	.LASF87
 464 026c FC       		.byte	0xfc
 465 026d 07       		.uleb128 0x7
 466 026e 36070000 		.4byte	.LASF88
 467 0272 FD       		.byte	0xfd
 468 0273 07       		.uleb128 0x7
 469 0274 5E060000 		.4byte	.LASF89
 470 0278 FF       		.byte	0xff
 471 0279 00       		.byte	0
 472 027a 08       		.uleb128 0x8
 473 027b 1C       		.byte	0x1c
 474 027c 06       		.byte	0x6
 475 027d 1601     		.2byte	0x116
 476 027f EC020000 		.4byte	0x2ec
ARM GAS  C:\Users\ADMINI~1\AppData\Local\Temp\ccQJEUDY.s 			page 12


 477 0283 09       		.uleb128 0x9
 478 0284 F2070000 		.4byte	.LASF90
 479 0288 06       		.byte	0x6
 480 0289 1B01     		.2byte	0x11b
 481 028b 8D000000 		.4byte	0x8d
 482 028f 00       		.byte	0
 483 0290 09       		.uleb128 0x9
 484 0291 9C0B0000 		.4byte	.LASF91
 485 0295 06       		.byte	0x6
 486 0296 2001     		.2byte	0x120
 487 0298 8D000000 		.4byte	0x8d
 488 029c 04       		.byte	0x4
 489 029d 09       		.uleb128 0x9
 490 029e 6C0B0000 		.4byte	.LASF92
 491 02a2 06       		.byte	0x6
 492 02a3 2301     		.2byte	0x123
 493 02a5 8D000000 		.4byte	0x8d
 494 02a9 08       		.byte	0x8
 495 02aa 09       		.uleb128 0x9
 496 02ab 7B000000 		.4byte	.LASF93
 497 02af 06       		.byte	0x6
 498 02b0 2601     		.2byte	0x126
 499 02b2 8D000000 		.4byte	0x8d
 500 02b6 0C       		.byte	0xc
 501 02b7 09       		.uleb128 0x9
 502 02b8 E20A0000 		.4byte	.LASF94
 503 02bc 06       		.byte	0x6
 504 02bd 2B01     		.2byte	0x12b
 505 02bf 8D000000 		.4byte	0x8d
 506 02c3 10       		.byte	0x10
 507 02c4 09       		.uleb128 0x9
 508 02c5 FC070000 		.4byte	.LASF95
 509 02c9 06       		.byte	0x6
 510 02ca 2E01     		.2byte	0x12e
 511 02cc 81000000 		.4byte	0x81
 512 02d0 14       		.byte	0x14
 513 02d1 09       		.uleb128 0x9
 514 02d2 780A0000 		.4byte	.LASF96
 515 02d6 06       		.byte	0x6
 516 02d7 3301     		.2byte	0x133
 517 02d9 81000000 		.4byte	0x81
 518 02dd 15       		.byte	0x15
 519 02de 09       		.uleb128 0x9
 520 02df 30060000 		.4byte	.LASF97
 521 02e3 06       		.byte	0x6
 522 02e4 3601     		.2byte	0x136
 523 02e6 8D000000 		.4byte	0x8d
 524 02ea 18       		.byte	0x18
 525 02eb 00       		.byte	0
 526 02ec 05       		.uleb128 0x5
 527 02ed 05010000 		.4byte	.LASF98
 528 02f1 06       		.byte	0x6
 529 02f2 3701     		.2byte	0x137
 530 02f4 7A020000 		.4byte	0x27a
 531 02f8 06       		.uleb128 0x6
 532 02f9 01       		.byte	0x1
 533 02fa 37000000 		.4byte	0x37
ARM GAS  C:\Users\ADMINI~1\AppData\Local\Temp\ccQJEUDY.s 			page 13


 534 02fe 06       		.byte	0x6
 535 02ff 5401     		.2byte	0x154
 536 0301 24030000 		.4byte	0x324
 537 0305 07       		.uleb128 0x7
 538 0306 DD070000 		.4byte	.LASF99
 539 030a 00       		.byte	0
 540 030b 07       		.uleb128 0x7
 541 030c DD080000 		.4byte	.LASF100
 542 0310 01       		.byte	0x1
 543 0311 07       		.uleb128 0x7
 544 0312 E0050000 		.4byte	.LASF101
 545 0316 02       		.byte	0x2
 546 0317 07       		.uleb128 0x7
 547 0318 C4030000 		.4byte	.LASF102
 548 031c 03       		.byte	0x3
 549 031d 07       		.uleb128 0x7
 550 031e B9010000 		.4byte	.LASF103
 551 0322 04       		.byte	0x4
 552 0323 00       		.byte	0
 553 0324 05       		.uleb128 0x5
 554 0325 A6080000 		.4byte	.LASF104
 555 0329 06       		.byte	0x6
 556 032a 5A01     		.2byte	0x15a
 557 032c F8020000 		.4byte	0x2f8
 558 0330 0A       		.uleb128 0xa
 559 0331 5B040000 		.4byte	.LASF113
 560 0335 02       		.byte	0x2
 561 0336 57       		.byte	0x57
 562 0337 03       		.byte	0x3
 563 0338 0B       		.uleb128 0xb
 564 0339 1D010000 		.4byte	.LASF114
 565 033d 01       		.byte	0x1
 566 033e 14       		.byte	0x14
 567 033f 00000000 		.4byte	.LFB36
 568 0343 04000000 		.4byte	.LFE36-.LFB36
 569 0347 01       		.uleb128 0x1
 570 0348 9C       		.byte	0x9c
 571 0349 5D030000 		.4byte	0x35d
 572 034d 0C       		.uleb128 0xc
 573 034e 30030000 		.4byte	0x330
 574 0352 00000000 		.4byte	.LBB4
 575 0356 04000000 		.4byte	.LBE4-.LBB4
 576 035a 01       		.byte	0x1
 577 035b 1A       		.byte	0x1a
 578 035c 00       		.byte	0
 579 035d 0D       		.uleb128 0xd
 580 035e 89050000 		.4byte	.LASF115
 581 0362 01       		.byte	0x1
 582 0363 23       		.byte	0x23
 583 0364 81000000 		.4byte	0x81
 584 0368 00000000 		.4byte	.LFB37
 585 036c 5C000000 		.4byte	.LFE37-.LFB37
 586 0370 01       		.uleb128 0x1
 587 0371 9C       		.byte	0x9c
 588 0372 AB030000 		.4byte	0x3ab
 589 0376 0E       		.uleb128 0xe
 590 0377 00000000 		.4byte	.Ldebug_ranges0+0
ARM GAS  C:\Users\ADMINI~1\AppData\Local\Temp\ccQJEUDY.s 			page 14


 591 037b 8D030000 		.4byte	0x38d
 592 037f 0F       		.uleb128 0xf
 593 0380 6900     		.ascii	"i\000"
 594 0382 01       		.byte	0x1
 595 0383 2E       		.byte	0x2e
 596 0384 81000000 		.4byte	0x81
 597 0388 00000000 		.4byte	.LLST0
 598 038c 00       		.byte	0
 599 038d 10       		.uleb128 0x10
 600 038e 0E000000 		.4byte	.LVL0
 601 0392 2A040000 		.4byte	0x42a
 602 0396 11       		.uleb128 0x11
 603 0397 01       		.uleb128 0x1
 604 0398 50       		.byte	0x50
 605 0399 01       		.uleb128 0x1
 606 039a 30       		.byte	0x30
 607 039b 11       		.uleb128 0x11
 608 039c 01       		.uleb128 0x1
 609 039d 51       		.byte	0x51
 610 039e 05       		.uleb128 0x5
 611 039f 03       		.byte	0x3
 612 03a0 00000000 		.4byte	eepromArray
 613 03a4 11       		.uleb128 0x11
 614 03a5 01       		.uleb128 0x1
 615 03a6 52       		.byte	0x52
 616 03a7 01       		.uleb128 0x1
 617 03a8 38       		.byte	0x38
 618 03a9 00       		.byte	0
 619 03aa 00       		.byte	0
 620 03ab 12       		.uleb128 0x12
 621 03ac 8F040000 		.4byte	.LASF105
 622 03b0 08       		.byte	0x8
 623 03b1 82       		.byte	0x82
 624 03b2 EC020000 		.4byte	0x2ec
 625 03b6 13       		.uleb128 0x13
 626 03b7 C7030000 		.4byte	0x3c7
 627 03bb C7030000 		.4byte	0x3c7
 628 03bf 14       		.uleb128 0x14
 629 03c0 B5000000 		.4byte	0xb5
 630 03c4 FF07     		.2byte	0x7ff
 631 03c6 00       		.byte	0
 632 03c7 15       		.uleb128 0x15
 633 03c8 76000000 		.4byte	0x76
 634 03cc 16       		.uleb128 0x16
 635 03cd 43080000 		.4byte	.LASF106
 636 03d1 01       		.byte	0x1
 637 03d2 09       		.byte	0x9
 638 03d3 DD030000 		.4byte	0x3dd
 639 03d7 05       		.uleb128 0x5
 640 03d8 03       		.byte	0x3
 641 03d9 00000000 		.4byte	Em_EEPROM_em_EepromStorage
 642 03dd 15       		.uleb128 0x15
 643 03de B6030000 		.4byte	0x3b6
 644 03e2 13       		.uleb128 0x13
 645 03e3 37000000 		.4byte	0x37
 646 03e7 ED030000 		.4byte	0x3ed
 647 03eb 17       		.uleb128 0x17
ARM GAS  C:\Users\ADMINI~1\AppData\Local\Temp\ccQJEUDY.s 			page 15


 648 03ec 00       		.byte	0
 649 03ed 12       		.uleb128 0x12
 650 03ee 34050000 		.4byte	.LASF107
 651 03f2 09       		.byte	0x9
 652 03f3 08       		.byte	0x8
 653 03f4 E2030000 		.4byte	0x3e2
 654 03f8 16       		.uleb128 0x16
 655 03f9 0A080000 		.4byte	.LASF108
 656 03fd 01       		.byte	0x1
 657 03fe 0E       		.byte	0xe
 658 03ff 24030000 		.4byte	0x324
 659 0403 05       		.uleb128 0x5
 660 0404 03       		.byte	0x3
 661 0405 00000000 		.4byte	eepromReturnValue
 662 0409 13       		.uleb128 0x13
 663 040a 76000000 		.4byte	0x76
 664 040e 19040000 		.4byte	0x419
 665 0412 18       		.uleb128 0x18
 666 0413 B5000000 		.4byte	0xb5
 667 0417 FF       		.byte	0xff
 668 0418 00       		.byte	0
 669 0419 16       		.uleb128 0x16
 670 041a 42090000 		.4byte	.LASF109
 671 041e 01       		.byte	0x1
 672 041f 10       		.byte	0x10
 673 0420 09040000 		.4byte	0x409
 674 0424 05       		.uleb128 0x5
 675 0425 03       		.byte	0x3
 676 0426 00000000 		.4byte	eepromArray
 677 042a 19       		.uleb128 0x19
 678 042b 86000000 		.4byte	.LASF116
 679 042f 86000000 		.4byte	.LASF116
 680 0433 06       		.byte	0x6
 681 0434 6801     		.2byte	0x168
 682 0436 00       		.byte	0
 683              		.section	.debug_abbrev,"",%progbits
 684              	.Ldebug_abbrev0:
 685 0000 01       		.uleb128 0x1
 686 0001 11       		.uleb128 0x11
 687 0002 01       		.byte	0x1
 688 0003 25       		.uleb128 0x25
 689 0004 0E       		.uleb128 0xe
 690 0005 13       		.uleb128 0x13
 691 0006 0B       		.uleb128 0xb
 692 0007 03       		.uleb128 0x3
 693 0008 0E       		.uleb128 0xe
 694 0009 1B       		.uleb128 0x1b
 695 000a 0E       		.uleb128 0xe
 696 000b 55       		.uleb128 0x55
 697 000c 17       		.uleb128 0x17
 698 000d 11       		.uleb128 0x11
 699 000e 01       		.uleb128 0x1
 700 000f 10       		.uleb128 0x10
 701 0010 17       		.uleb128 0x17
 702 0011 00       		.byte	0
 703 0012 00       		.byte	0
 704 0013 02       		.uleb128 0x2
ARM GAS  C:\Users\ADMINI~1\AppData\Local\Temp\ccQJEUDY.s 			page 16


 705 0014 24       		.uleb128 0x24
 706 0015 00       		.byte	0
 707 0016 0B       		.uleb128 0xb
 708 0017 0B       		.uleb128 0xb
 709 0018 3E       		.uleb128 0x3e
 710 0019 0B       		.uleb128 0xb
 711 001a 03       		.uleb128 0x3
 712 001b 0E       		.uleb128 0xe
 713 001c 00       		.byte	0
 714 001d 00       		.byte	0
 715 001e 03       		.uleb128 0x3
 716 001f 16       		.uleb128 0x16
 717 0020 00       		.byte	0
 718 0021 03       		.uleb128 0x3
 719 0022 0E       		.uleb128 0xe
 720 0023 3A       		.uleb128 0x3a
 721 0024 0B       		.uleb128 0xb
 722 0025 3B       		.uleb128 0x3b
 723 0026 0B       		.uleb128 0xb
 724 0027 49       		.uleb128 0x49
 725 0028 13       		.uleb128 0x13
 726 0029 00       		.byte	0
 727 002a 00       		.byte	0
 728 002b 04       		.uleb128 0x4
 729 002c 24       		.uleb128 0x24
 730 002d 00       		.byte	0
 731 002e 0B       		.uleb128 0xb
 732 002f 0B       		.uleb128 0xb
 733 0030 3E       		.uleb128 0x3e
 734 0031 0B       		.uleb128 0xb
 735 0032 03       		.uleb128 0x3
 736 0033 08       		.uleb128 0x8
 737 0034 00       		.byte	0
 738 0035 00       		.byte	0
 739 0036 05       		.uleb128 0x5
 740 0037 16       		.uleb128 0x16
 741 0038 00       		.byte	0
 742 0039 03       		.uleb128 0x3
 743 003a 0E       		.uleb128 0xe
 744 003b 3A       		.uleb128 0x3a
 745 003c 0B       		.uleb128 0xb
 746 003d 3B       		.uleb128 0x3b
 747 003e 05       		.uleb128 0x5
 748 003f 49       		.uleb128 0x49
 749 0040 13       		.uleb128 0x13
 750 0041 00       		.byte	0
 751 0042 00       		.byte	0
 752 0043 06       		.uleb128 0x6
 753 0044 04       		.uleb128 0x4
 754 0045 01       		.byte	0x1
 755 0046 0B       		.uleb128 0xb
 756 0047 0B       		.uleb128 0xb
 757 0048 49       		.uleb128 0x49
 758 0049 13       		.uleb128 0x13
 759 004a 3A       		.uleb128 0x3a
 760 004b 0B       		.uleb128 0xb
 761 004c 3B       		.uleb128 0x3b
ARM GAS  C:\Users\ADMINI~1\AppData\Local\Temp\ccQJEUDY.s 			page 17


 762 004d 05       		.uleb128 0x5
 763 004e 01       		.uleb128 0x1
 764 004f 13       		.uleb128 0x13
 765 0050 00       		.byte	0
 766 0051 00       		.byte	0
 767 0052 07       		.uleb128 0x7
 768 0053 28       		.uleb128 0x28
 769 0054 00       		.byte	0
 770 0055 03       		.uleb128 0x3
 771 0056 0E       		.uleb128 0xe
 772 0057 1C       		.uleb128 0x1c
 773 0058 0B       		.uleb128 0xb
 774 0059 00       		.byte	0
 775 005a 00       		.byte	0
 776 005b 08       		.uleb128 0x8
 777 005c 13       		.uleb128 0x13
 778 005d 01       		.byte	0x1
 779 005e 0B       		.uleb128 0xb
 780 005f 0B       		.uleb128 0xb
 781 0060 3A       		.uleb128 0x3a
 782 0061 0B       		.uleb128 0xb
 783 0062 3B       		.uleb128 0x3b
 784 0063 05       		.uleb128 0x5
 785 0064 01       		.uleb128 0x1
 786 0065 13       		.uleb128 0x13
 787 0066 00       		.byte	0
 788 0067 00       		.byte	0
 789 0068 09       		.uleb128 0x9
 790 0069 0D       		.uleb128 0xd
 791 006a 00       		.byte	0
 792 006b 03       		.uleb128 0x3
 793 006c 0E       		.uleb128 0xe
 794 006d 3A       		.uleb128 0x3a
 795 006e 0B       		.uleb128 0xb
 796 006f 3B       		.uleb128 0x3b
 797 0070 05       		.uleb128 0x5
 798 0071 49       		.uleb128 0x49
 799 0072 13       		.uleb128 0x13
 800 0073 38       		.uleb128 0x38
 801 0074 0B       		.uleb128 0xb
 802 0075 00       		.byte	0
 803 0076 00       		.byte	0
 804 0077 0A       		.uleb128 0xa
 805 0078 2E       		.uleb128 0x2e
 806 0079 00       		.byte	0
 807 007a 03       		.uleb128 0x3
 808 007b 0E       		.uleb128 0xe
 809 007c 3A       		.uleb128 0x3a
 810 007d 0B       		.uleb128 0xb
 811 007e 3B       		.uleb128 0x3b
 812 007f 0B       		.uleb128 0xb
 813 0080 27       		.uleb128 0x27
 814 0081 19       		.uleb128 0x19
 815 0082 20       		.uleb128 0x20
 816 0083 0B       		.uleb128 0xb
 817 0084 00       		.byte	0
 818 0085 00       		.byte	0
ARM GAS  C:\Users\ADMINI~1\AppData\Local\Temp\ccQJEUDY.s 			page 18


 819 0086 0B       		.uleb128 0xb
 820 0087 2E       		.uleb128 0x2e
 821 0088 01       		.byte	0x1
 822 0089 3F       		.uleb128 0x3f
 823 008a 19       		.uleb128 0x19
 824 008b 03       		.uleb128 0x3
 825 008c 0E       		.uleb128 0xe
 826 008d 3A       		.uleb128 0x3a
 827 008e 0B       		.uleb128 0xb
 828 008f 3B       		.uleb128 0x3b
 829 0090 0B       		.uleb128 0xb
 830 0091 27       		.uleb128 0x27
 831 0092 19       		.uleb128 0x19
 832 0093 8701     		.uleb128 0x87
 833 0095 19       		.uleb128 0x19
 834 0096 11       		.uleb128 0x11
 835 0097 01       		.uleb128 0x1
 836 0098 12       		.uleb128 0x12
 837 0099 06       		.uleb128 0x6
 838 009a 40       		.uleb128 0x40
 839 009b 18       		.uleb128 0x18
 840 009c 9742     		.uleb128 0x2117
 841 009e 19       		.uleb128 0x19
 842 009f 01       		.uleb128 0x1
 843 00a0 13       		.uleb128 0x13
 844 00a1 00       		.byte	0
 845 00a2 00       		.byte	0
 846 00a3 0C       		.uleb128 0xc
 847 00a4 1D       		.uleb128 0x1d
 848 00a5 00       		.byte	0
 849 00a6 31       		.uleb128 0x31
 850 00a7 13       		.uleb128 0x13
 851 00a8 11       		.uleb128 0x11
 852 00a9 01       		.uleb128 0x1
 853 00aa 12       		.uleb128 0x12
 854 00ab 06       		.uleb128 0x6
 855 00ac 58       		.uleb128 0x58
 856 00ad 0B       		.uleb128 0xb
 857 00ae 59       		.uleb128 0x59
 858 00af 0B       		.uleb128 0xb
 859 00b0 00       		.byte	0
 860 00b1 00       		.byte	0
 861 00b2 0D       		.uleb128 0xd
 862 00b3 2E       		.uleb128 0x2e
 863 00b4 01       		.byte	0x1
 864 00b5 3F       		.uleb128 0x3f
 865 00b6 19       		.uleb128 0x19
 866 00b7 03       		.uleb128 0x3
 867 00b8 0E       		.uleb128 0xe
 868 00b9 3A       		.uleb128 0x3a
 869 00ba 0B       		.uleb128 0xb
 870 00bb 3B       		.uleb128 0x3b
 871 00bc 0B       		.uleb128 0xb
 872 00bd 49       		.uleb128 0x49
 873 00be 13       		.uleb128 0x13
 874 00bf 11       		.uleb128 0x11
 875 00c0 01       		.uleb128 0x1
ARM GAS  C:\Users\ADMINI~1\AppData\Local\Temp\ccQJEUDY.s 			page 19


 876 00c1 12       		.uleb128 0x12
 877 00c2 06       		.uleb128 0x6
 878 00c3 40       		.uleb128 0x40
 879 00c4 18       		.uleb128 0x18
 880 00c5 9742     		.uleb128 0x2117
 881 00c7 19       		.uleb128 0x19
 882 00c8 01       		.uleb128 0x1
 883 00c9 13       		.uleb128 0x13
 884 00ca 00       		.byte	0
 885 00cb 00       		.byte	0
 886 00cc 0E       		.uleb128 0xe
 887 00cd 0B       		.uleb128 0xb
 888 00ce 01       		.byte	0x1
 889 00cf 55       		.uleb128 0x55
 890 00d0 17       		.uleb128 0x17
 891 00d1 01       		.uleb128 0x1
 892 00d2 13       		.uleb128 0x13
 893 00d3 00       		.byte	0
 894 00d4 00       		.byte	0
 895 00d5 0F       		.uleb128 0xf
 896 00d6 34       		.uleb128 0x34
 897 00d7 00       		.byte	0
 898 00d8 03       		.uleb128 0x3
 899 00d9 08       		.uleb128 0x8
 900 00da 3A       		.uleb128 0x3a
 901 00db 0B       		.uleb128 0xb
 902 00dc 3B       		.uleb128 0x3b
 903 00dd 0B       		.uleb128 0xb
 904 00de 49       		.uleb128 0x49
 905 00df 13       		.uleb128 0x13
 906 00e0 02       		.uleb128 0x2
 907 00e1 17       		.uleb128 0x17
 908 00e2 00       		.byte	0
 909 00e3 00       		.byte	0
 910 00e4 10       		.uleb128 0x10
 911 00e5 898201   		.uleb128 0x4109
 912 00e8 01       		.byte	0x1
 913 00e9 11       		.uleb128 0x11
 914 00ea 01       		.uleb128 0x1
 915 00eb 31       		.uleb128 0x31
 916 00ec 13       		.uleb128 0x13
 917 00ed 00       		.byte	0
 918 00ee 00       		.byte	0
 919 00ef 11       		.uleb128 0x11
 920 00f0 8A8201   		.uleb128 0x410a
 921 00f3 00       		.byte	0
 922 00f4 02       		.uleb128 0x2
 923 00f5 18       		.uleb128 0x18
 924 00f6 9142     		.uleb128 0x2111
 925 00f8 18       		.uleb128 0x18
 926 00f9 00       		.byte	0
 927 00fa 00       		.byte	0
 928 00fb 12       		.uleb128 0x12
 929 00fc 34       		.uleb128 0x34
 930 00fd 00       		.byte	0
 931 00fe 03       		.uleb128 0x3
 932 00ff 0E       		.uleb128 0xe
ARM GAS  C:\Users\ADMINI~1\AppData\Local\Temp\ccQJEUDY.s 			page 20


 933 0100 3A       		.uleb128 0x3a
 934 0101 0B       		.uleb128 0xb
 935 0102 3B       		.uleb128 0x3b
 936 0103 0B       		.uleb128 0xb
 937 0104 49       		.uleb128 0x49
 938 0105 13       		.uleb128 0x13
 939 0106 3F       		.uleb128 0x3f
 940 0107 19       		.uleb128 0x19
 941 0108 3C       		.uleb128 0x3c
 942 0109 19       		.uleb128 0x19
 943 010a 00       		.byte	0
 944 010b 00       		.byte	0
 945 010c 13       		.uleb128 0x13
 946 010d 01       		.uleb128 0x1
 947 010e 01       		.byte	0x1
 948 010f 49       		.uleb128 0x49
 949 0110 13       		.uleb128 0x13
 950 0111 01       		.uleb128 0x1
 951 0112 13       		.uleb128 0x13
 952 0113 00       		.byte	0
 953 0114 00       		.byte	0
 954 0115 14       		.uleb128 0x14
 955 0116 21       		.uleb128 0x21
 956 0117 00       		.byte	0
 957 0118 49       		.uleb128 0x49
 958 0119 13       		.uleb128 0x13
 959 011a 2F       		.uleb128 0x2f
 960 011b 05       		.uleb128 0x5
 961 011c 00       		.byte	0
 962 011d 00       		.byte	0
 963 011e 15       		.uleb128 0x15
 964 011f 26       		.uleb128 0x26
 965 0120 00       		.byte	0
 966 0121 49       		.uleb128 0x49
 967 0122 13       		.uleb128 0x13
 968 0123 00       		.byte	0
 969 0124 00       		.byte	0
 970 0125 16       		.uleb128 0x16
 971 0126 34       		.uleb128 0x34
 972 0127 00       		.byte	0
 973 0128 03       		.uleb128 0x3
 974 0129 0E       		.uleb128 0xe
 975 012a 3A       		.uleb128 0x3a
 976 012b 0B       		.uleb128 0xb
 977 012c 3B       		.uleb128 0x3b
 978 012d 0B       		.uleb128 0xb
 979 012e 49       		.uleb128 0x49
 980 012f 13       		.uleb128 0x13
 981 0130 3F       		.uleb128 0x3f
 982 0131 19       		.uleb128 0x19
 983 0132 02       		.uleb128 0x2
 984 0133 18       		.uleb128 0x18
 985 0134 00       		.byte	0
 986 0135 00       		.byte	0
 987 0136 17       		.uleb128 0x17
 988 0137 21       		.uleb128 0x21
 989 0138 00       		.byte	0
ARM GAS  C:\Users\ADMINI~1\AppData\Local\Temp\ccQJEUDY.s 			page 21


 990 0139 00       		.byte	0
 991 013a 00       		.byte	0
 992 013b 18       		.uleb128 0x18
 993 013c 21       		.uleb128 0x21
 994 013d 00       		.byte	0
 995 013e 49       		.uleb128 0x49
 996 013f 13       		.uleb128 0x13
 997 0140 2F       		.uleb128 0x2f
 998 0141 0B       		.uleb128 0xb
 999 0142 00       		.byte	0
 1000 0143 00       		.byte	0
 1001 0144 19       		.uleb128 0x19
 1002 0145 2E       		.uleb128 0x2e
 1003 0146 00       		.byte	0
 1004 0147 3F       		.uleb128 0x3f
 1005 0148 19       		.uleb128 0x19
 1006 0149 3C       		.uleb128 0x3c
 1007 014a 19       		.uleb128 0x19
 1008 014b 6E       		.uleb128 0x6e
 1009 014c 0E       		.uleb128 0xe
 1010 014d 03       		.uleb128 0x3
 1011 014e 0E       		.uleb128 0xe
 1012 014f 3A       		.uleb128 0x3a
 1013 0150 0B       		.uleb128 0xb
 1014 0151 3B       		.uleb128 0x3b
 1015 0152 05       		.uleb128 0x5
 1016 0153 00       		.byte	0
 1017 0154 00       		.byte	0
 1018 0155 00       		.byte	0
 1019              		.section	.debug_loc,"",%progbits
 1020              	.Ldebug_loc0:
 1021              	.LLST0:
 1022 0000 2E000000 		.4byte	.LVL1
 1023 0004 3C000000 		.4byte	.LVL3
 1024 0008 0100     		.2byte	0x1
 1025 000a 53       		.byte	0x53
 1026 000b 3E000000 		.4byte	.LVL4
 1027 000f 46000000 		.4byte	.LVL5
 1028 0013 0100     		.2byte	0x1
 1029 0015 53       		.byte	0x53
 1030 0016 00000000 		.4byte	0
 1031 001a 00000000 		.4byte	0
 1032              		.section	.debug_aranges,"",%progbits
 1033 0000 24000000 		.4byte	0x24
 1034 0004 0200     		.2byte	0x2
 1035 0006 00000000 		.4byte	.Ldebug_info0
 1036 000a 04       		.byte	0x4
 1037 000b 00       		.byte	0
 1038 000c 0000     		.2byte	0
 1039 000e 0000     		.2byte	0
 1040 0010 00000000 		.4byte	.LFB36
 1041 0014 04000000 		.4byte	.LFE36-.LFB36
 1042 0018 00000000 		.4byte	.LFB37
 1043 001c 5C000000 		.4byte	.LFE37-.LFB37
 1044 0020 00000000 		.4byte	0
 1045 0024 00000000 		.4byte	0
 1046              		.section	.debug_ranges,"",%progbits
ARM GAS  C:\Users\ADMINI~1\AppData\Local\Temp\ccQJEUDY.s 			page 22


 1047              	.Ldebug_ranges0:
 1048 0000 2E000000 		.4byte	.LBB6
 1049 0004 3C000000 		.4byte	.LBE6
 1050 0008 3E000000 		.4byte	.LBB7
 1051 000c 46000000 		.4byte	.LBE7
 1052 0010 00000000 		.4byte	0
 1053 0014 00000000 		.4byte	0
 1054 0018 00000000 		.4byte	.LFB36
 1055 001c 04000000 		.4byte	.LFE36
 1056 0020 00000000 		.4byte	.LFB37
 1057 0024 5C000000 		.4byte	.LFE37
 1058 0028 00000000 		.4byte	0
 1059 002c 00000000 		.4byte	0
 1060              		.section	.debug_line,"",%progbits
 1061              	.Ldebug_line0:
 1062 0000 D4010000 		.section	.debug_str,"MS",%progbits,1
 1062      02008F01 
 1062      00000201 
 1062      FB0E0D00 
 1062      01010101 
 1063              	.LASF27:
 1064 0000 4359424C 		.ascii	"CYBLE_EVT_GAP_PASSKEY_ENTRY_REQUEST\000"
 1064      455F4556 
 1064      545F4741 
 1064      505F5041 
 1064      53534B45 
 1065              	.LASF64:
 1066 0024 4359424C 		.ascii	"CYBLE_EVT_GATTS_PREP_WRITE_REQ\000"
 1066      455F4556 
 1066      545F4741 
 1066      5454535F 
 1066      50524550 
 1067              	.LASF24:
 1068 0043 4359424C 		.ascii	"CYBLE_EVT_MEMORY_REQUEST\000"
 1068      455F4556 
 1068      545F4D45 
 1068      4D4F5259 
 1068      5F524551 
 1069              	.LASF36:
 1070 005c 4359424C 		.ascii	"CYBLE_EVT_GAPC_SCAN_START_STOP\000"
 1070      455F4556 
 1070      545F4741 
 1070      50435F53 
 1070      43414E5F 
 1071              	.LASF93:
 1072 007b 65657072 		.ascii	"eepromSize\000"
 1072      6F6D5369 
 1072      7A6500
 1073              	.LASF116:
 1074 0086 43795F45 		.ascii	"Cy_Em_EEPROM_Read\000"
 1074      6D5F4545 
 1074      50524F4D 
 1074      5F526561 
 1074      6400
 1075              	.LASF2:
 1076 0098 73686F72 		.ascii	"short int\000"
 1076      7420696E 
ARM GAS  C:\Users\ADMINI~1\AppData\Local\Temp\ccQJEUDY.s 			page 23


 1076      7400
 1077              	.LASF30:
 1078 00a2 4359424C 		.ascii	"CYBLE_EVT_GAP_AUTH_FAILED\000"
 1078      455F4556 
 1078      545F4741 
 1078      505F4155 
 1078      54485F46 
 1079              	.LASF31:
 1080 00bc 4359424C 		.ascii	"CYBLE_EVT_GAPP_ADVERTISEMENT_START_STOP\000"
 1080      455F4556 
 1080      545F4741 
 1080      50505F41 
 1080      44564552 
 1081              	.LASF41:
 1082 00e4 4359424C 		.ascii	"CYBLE_EVT_GAP_DATA_LENGTH_CHANGE\000"
 1082      455F4556 
 1082      545F4741 
 1082      505F4441 
 1082      54415F4C 
 1083              	.LASF98:
 1084 0105 63795F73 		.ascii	"cy_stc_eeprom_context_t\000"
 1084      74635F65 
 1084      6570726F 
 1084      6D5F636F 
 1084      6E746578 
 1085              	.LASF114:
 1086 011d 45455052 		.ascii	"EEPROM_HandleError\000"
 1086      4F4D5F48 
 1086      616E646C 
 1086      65457272 
 1086      6F7200
 1087              	.LASF49:
 1088 0130 4359424C 		.ascii	"CYBLE_EVT_GATTC_ERROR_RSP\000"
 1088      455F4556 
 1088      545F4741 
 1088      5454435F 
 1088      4552524F 
 1089              	.LASF22:
 1090 014a 4359424C 		.ascii	"CYBLE_EVT_HCI_STATUS\000"
 1090      455F4556 
 1090      545F4843 
 1090      495F5354 
 1090      41545553 
 1091              	.LASF55:
 1092 015f 4359424C 		.ascii	"CYBLE_EVT_GATTC_READ_BY_TYPE_RSP\000"
 1092      455F4556 
 1092      545F4741 
 1092      5454435F 
 1092      52454144 
 1093              	.LASF112:
 1094 0180 443A5C43 		.ascii	"D:\\CYTEST\\MyELock\\eLock\\MyELock.cydsn\000"
 1094      59544553 
 1094      545C4D79 
 1094      454C6F63 
 1094      6B5C654C 
 1095              	.LASF19:
 1096 01a6 4359424C 		.ascii	"CYBLE_EVT_STACK_ON\000"
ARM GAS  C:\Users\ADMINI~1\AppData\Local\Temp\ccQJEUDY.s 			page 24


 1096      455F4556 
 1096      545F5354 
 1096      41434B5F 
 1096      4F4E00
 1097              	.LASF103:
 1098 01b9 43595F45 		.ascii	"CY_EM_EEPROM_WRITE_FAIL\000"
 1098      4D5F4545 
 1098      50524F4D 
 1098      5F575249 
 1098      54455F46 
 1099              	.LASF110:
 1100 01d1 474E5520 		.ascii	"GNU C11 5.4.1 20160609 (release) [ARM/embedded-5-br"
 1100      43313120 
 1100      352E342E 
 1100      31203230 
 1100      31363036 
 1101 0204 616E6368 		.ascii	"anch revision 237715] -mcpu=cortex-m0 -mthumb -g -O"
 1101      20726576 
 1101      6973696F 
 1101      6E203233 
 1101      37373135 
 1102 0237 67202D66 		.ascii	"g -ffunction-sections -ffat-lto-objects\000"
 1102      66756E63 
 1102      74696F6E 
 1102      2D736563 
 1102      74696F6E 
 1103              	.LASF10:
 1104 025f 75696E74 		.ascii	"uint8_t\000"
 1104      385F7400 
 1105              	.LASF37:
 1106 0267 4359424C 		.ascii	"CYBLE_EVT_GAP_KEYINFO_EXCHNGE_CMPLT\000"
 1106      455F4556 
 1106      545F4741 
 1106      505F4B45 
 1106      59494E46 
 1107              	.LASF11:
 1108 028b 75696E74 		.ascii	"uint8\000"
 1108      3800
 1109              	.LASF69:
 1110 0291 4359424C 		.ascii	"CYBLE_EVT_GATTS_HANDLE_VALUE_CNF\000"
 1110      455F4556 
 1110      545F4741 
 1110      5454535F 
 1110      48414E44 
 1111              	.LASF18:
 1112 02b2 4359424C 		.ascii	"CYBLE_EVT_HOST_INVALID\000"
 1112      455F4556 
 1112      545F484F 
 1112      53545F49 
 1112      4E56414C 
 1113              	.LASF77:
 1114 02c9 4359424C 		.ascii	"CYBLE_EVT_L2CAP_CBFC_CONN_IND\000"
 1114      455F4556 
 1114      545F4C32 
 1114      4341505F 
 1114      43424643 
 1115              	.LASF80:
ARM GAS  C:\Users\ADMINI~1\AppData\Local\Temp\ccQJEUDY.s 			page 25


 1116 02e7 4359424C 		.ascii	"CYBLE_EVT_L2CAP_CBFC_DISCONN_CNF\000"
 1116      455F4556 
 1116      545F4C32 
 1116      4341505F 
 1116      43424643 
 1117              	.LASF13:
 1118 0308 666C6F61 		.ascii	"float\000"
 1118      7400
 1119              	.LASF58:
 1120 030e 4359424C 		.ascii	"CYBLE_EVT_GATTC_READ_RSP\000"
 1120      455F4556 
 1120      545F4741 
 1120      5454435F 
 1120      52454144 
 1121              	.LASF62:
 1122 0327 4359424C 		.ascii	"CYBLE_EVT_GATTC_WRITE_RSP\000"
 1122      455F4556 
 1122      545F4741 
 1122      5454435F 
 1122      57524954 
 1123              	.LASF43:
 1124 0341 4359424C 		.ascii	"CYBLE_EVT_GAPC_DIRECT_ADV_REPORT\000"
 1124      455F4556 
 1124      545F4741 
 1124      50435F44 
 1124      49524543 
 1125              	.LASF7:
 1126 0362 6C6F6E67 		.ascii	"long long unsigned int\000"
 1126      206C6F6E 
 1126      6720756E 
 1126      7369676E 
 1126      65642069 
 1127              	.LASF47:
 1128 0379 4359424C 		.ascii	"CYBLE_EVT_GAP_AUTH_REQ_REPLY_ERR\000"
 1128      455F4556 
 1128      545F4741 
 1128      505F4155 
 1128      54485F52 
 1129              	.LASF4:
 1130 039a 6C6F6E67 		.ascii	"long int\000"
 1130      20696E74 
 1130      00
 1131              	.LASF68:
 1132 03a3 4359424C 		.ascii	"CYBLE_EVT_GATTC_HANDLE_VALUE_IND\000"
 1132      455F4556 
 1132      545F4741 
 1132      5454435F 
 1132      48414E44 
 1133              	.LASF102:
 1134 03c4 43595F45 		.ascii	"CY_EM_EEPROM_BAD_DATA\000"
 1134      4D5F4545 
 1134      50524F4D 
 1134      5F424144 
 1134      5F444154 
 1135              	.LASF17:
 1136 03da 73697A65 		.ascii	"sizetype\000"
 1136      74797065 
ARM GAS  C:\Users\ADMINI~1\AppData\Local\Temp\ccQJEUDY.s 			page 26


 1136      00
 1137              	.LASF5:
 1138 03e3 6C6F6E67 		.ascii	"long unsigned int\000"
 1138      20756E73 
 1138      69676E65 
 1138      6420696E 
 1138      7400
 1139              	.LASF32:
 1140 03f5 4359424C 		.ascii	"CYBLE_EVT_GAP_DEVICE_CONNECTED\000"
 1140      455F4556 
 1140      545F4741 
 1140      505F4445 
 1140      56494345 
 1141              	.LASF9:
 1142 0414 5F5F7569 		.ascii	"__uint8_t\000"
 1142      6E74385F 
 1142      7400
 1143              	.LASF67:
 1144 041e 4359424C 		.ascii	"CYBLE_EVT_GATTC_HANDLE_VALUE_NTF\000"
 1144      455F4556 
 1144      545F4741 
 1144      5454435F 
 1144      48414E44 
 1145              	.LASF23:
 1146 043f 4359424C 		.ascii	"CYBLE_EVT_STACK_BUSY_STATUS\000"
 1146      455F4556 
 1146      545F5354 
 1146      41434B5F 
 1146      42555359 
 1147              	.LASF113:
 1148 045b 5F5F6469 		.ascii	"__disable_irq\000"
 1148      7361626C 
 1148      655F6972 
 1148      7100
 1149              	.LASF28:
 1150 0469 4359424C 		.ascii	"CYBLE_EVT_GAP_PASSKEY_DISPLAY_REQUEST\000"
 1150      455F4556 
 1150      545F4741 
 1150      505F5041 
 1150      53534B45 
 1151              	.LASF105:
 1152 048f 456D5F45 		.ascii	"Em_EEPROM_context\000"
 1152      4550524F 
 1152      4D5F636F 
 1152      6E746578 
 1152      7400
 1153              	.LASF78:
 1154 04a1 4359424C 		.ascii	"CYBLE_EVT_L2CAP_CBFC_CONN_CNF\000"
 1154      455F4556 
 1154      545F4C32 
 1154      4341505F 
 1154      43424643 
 1155              	.LASF48:
 1156 04bf 4359424C 		.ascii	"CYBLE_EVT_GAP_SMP_LOC_P256_KEYS_GEN_AND_SET_COMPLET"
 1156      455F4556 
 1156      545F4741 
 1156      505F534D 
ARM GAS  C:\Users\ADMINI~1\AppData\Local\Temp\ccQJEUDY.s 			page 27


 1156      505F4C4F 
 1157 04f2 4500     		.ascii	"E\000"
 1158              	.LASF16:
 1159 04f4 6C6F6E67 		.ascii	"long double\000"
 1159      20646F75 
 1159      626C6500 
 1160              	.LASF74:
 1161 0500 4359424C 		.ascii	"CYBLE_EVT_L2CAP_CONN_PARAM_UPDATE_REQ\000"
 1161      455F4556 
 1161      545F4C32 
 1161      4341505F 
 1161      434F4E4E 
 1162              	.LASF1:
 1163 0526 756E7369 		.ascii	"unsigned char\000"
 1163      676E6564 
 1163      20636861 
 1163      7200
 1164              	.LASF107:
 1165 0534 50617373 		.ascii	"Password_ID\000"
 1165      776F7264 
 1165      5F494400 
 1166              	.LASF86:
 1167 0540 4359424C 		.ascii	"CYBLE_EVT_LE_PING_AUTH_TIMEOUT\000"
 1167      455F4556 
 1167      545F4C45 
 1167      5F50494E 
 1167      475F4155 
 1168              	.LASF56:
 1169 055f 4359424C 		.ascii	"CYBLE_EVT_GATTC_FIND_INFO_RSP\000"
 1169      455F4556 
 1169      545F4741 
 1169      5454435F 
 1169      46494E44 
 1170              	.LASF0:
 1171 057d 7369676E 		.ascii	"signed char\000"
 1171      65642063 
 1171      68617200 
 1172              	.LASF115:
 1173 0589 5053445F 		.ascii	"PSD_Restore\000"
 1173      52657374 
 1173      6F726500 
 1174              	.LASF39:
 1175 0595 4359424C 		.ascii	"CYBLE_EVT_GAP_KEYPRESS_NOTIFICATION\000"
 1175      455F4556 
 1175      545F4741 
 1175      505F4B45 
 1175      59505245 
 1176              	.LASF57:
 1177 05b9 4359424C 		.ascii	"CYBLE_EVT_GATTC_FIND_BY_TYPE_VALUE_RSP\000"
 1177      455F4556 
 1177      545F4741 
 1177      5454435F 
 1177      46494E44 
 1178              	.LASF101:
 1179 05e0 43595F45 		.ascii	"CY_EM_EEPROM_BAD_CHECKSUM\000"
 1179      4D5F4545 
 1179      50524F4D 
ARM GAS  C:\Users\ADMINI~1\AppData\Local\Temp\ccQJEUDY.s 			page 28


 1179      5F424144 
 1179      5F434845 
 1180              	.LASF29:
 1181 05fa 4359424C 		.ascii	"CYBLE_EVT_GAP_AUTH_COMPLETE\000"
 1181      455F4556 
 1181      545F4741 
 1181      505F4155 
 1181      54485F43 
 1182              	.LASF61:
 1183 0616 4359424C 		.ascii	"CYBLE_EVT_GATTS_WRITE_REQ\000"
 1183      455F4556 
 1183      545F4741 
 1183      5454535F 
 1183      57524954 
 1184              	.LASF97:
 1185 0630 75736572 		.ascii	"userFlashStartAddr\000"
 1185      466C6173 
 1185      68537461 
 1185      72744164 
 1185      647200
 1186              	.LASF50:
 1187 0643 4359424C 		.ascii	"CYBLE_EVT_GATT_CONNECT_IND\000"
 1187      455F4556 
 1187      545F4741 
 1187      54545F43 
 1187      4F4E4E45 
 1188              	.LASF89:
 1189 065e 4359424C 		.ascii	"CYBLE_EVT_MAX\000"
 1189      455F4556 
 1189      545F4D41 
 1189      5800
 1190              	.LASF26:
 1191 066c 4359424C 		.ascii	"CYBLE_EVT_GAP_AUTH_REQ\000"
 1191      455F4556 
 1191      545F4741 
 1191      505F4155 
 1191      54485F52 
 1192              	.LASF54:
 1193 0683 4359424C 		.ascii	"CYBLE_EVT_GATTC_READ_BY_GROUP_TYPE_RSP\000"
 1193      455F4556 
 1193      545F4741 
 1193      5454435F 
 1193      52454144 
 1194              	.LASF79:
 1195 06aa 4359424C 		.ascii	"CYBLE_EVT_L2CAP_CBFC_DISCONN_IND\000"
 1195      455F4556 
 1195      545F4C32 
 1195      4341505F 
 1195      43424643 
 1196              	.LASF34:
 1197 06cb 4359424C 		.ascii	"CYBLE_EVT_GAP_ENCRYPT_CHANGE\000"
 1197      455F4556 
 1197      545F4741 
 1197      505F454E 
 1197      43525950 
 1198              	.LASF45:
 1199 06e8 4359424C 		.ascii	"CYBLE_EVT_GAP_CONN_ESTB\000"
ARM GAS  C:\Users\ADMINI~1\AppData\Local\Temp\ccQJEUDY.s 			page 29


 1199      455F4556 
 1199      545F4741 
 1199      505F434F 
 1199      4E4E5F45 
 1200              	.LASF73:
 1201 0700 4359424C 		.ascii	"CYBLE_EVT_GATTC_LONG_PROCEDURE_END\000"
 1201      455F4556 
 1201      545F4741 
 1201      5454435F 
 1201      4C4F4E47 
 1202              	.LASF3:
 1203 0723 73686F72 		.ascii	"short unsigned int\000"
 1203      7420756E 
 1203      7369676E 
 1203      65642069 
 1203      6E7400
 1204              	.LASF88:
 1205 0736 4359424C 		.ascii	"CYBLE_EVT_FLASH_CORRUPT\000"
 1205      455F4556 
 1205      545F464C 
 1205      4153485F 
 1205      434F5252 
 1206              	.LASF35:
 1207 074e 4359424C 		.ascii	"CYBLE_EVT_GAP_CONNECTION_UPDATE_COMPLETE\000"
 1207      455F4556 
 1207      545F4741 
 1207      505F434F 
 1207      4E4E4543 
 1208              	.LASF44:
 1209 0777 4359424C 		.ascii	"CYBLE_EVT_GAP_SMP_NEGOTIATED_AUTH_INFO\000"
 1209      455F4556 
 1209      545F4741 
 1209      505F534D 
 1209      505F4E45 
 1210              	.LASF15:
 1211 079e 63686172 		.ascii	"char\000"
 1211      00
 1212              	.LASF76:
 1213 07a3 4359424C 		.ascii	"CYBLE_EVT_L2CAP_COMMAND_REJ\000"
 1213      455F4556 
 1213      545F4C32 
 1213      4341505F 
 1213      434F4D4D 
 1214              	.LASF52:
 1215 07bf 4359424C 		.ascii	"CYBLE_EVT_GATTS_XCNHG_MTU_REQ\000"
 1215      455F4556 
 1215      545F4741 
 1215      5454535F 
 1215      58434E48 
 1216              	.LASF99:
 1217 07dd 43595F45 		.ascii	"CY_EM_EEPROM_SUCCESS\000"
 1217      4D5F4545 
 1217      50524F4D 
 1217      5F535543 
 1217      43455353 
 1218              	.LASF90:
 1219 07f2 776C456E 		.ascii	"wlEndAddr\000"
ARM GAS  C:\Users\ADMINI~1\AppData\Local\Temp\ccQJEUDY.s 			page 30


 1219      64416464 
 1219      7200
 1220              	.LASF95:
 1221 07fc 72656475 		.ascii	"redundantCopy\000"
 1221      6E64616E 
 1221      74436F70 
 1221      7900
 1222              	.LASF108:
 1223 080a 65657072 		.ascii	"eepromReturnValue\000"
 1223      6F6D5265 
 1223      7475726E 
 1223      56616C75 
 1223      6500
 1224              	.LASF111:
 1225 081c 65657072 		.ascii	"eeprom.c\000"
 1225      6F6D2E63 
 1225      00
 1226              	.LASF59:
 1227 0825 4359424C 		.ascii	"CYBLE_EVT_GATTC_READ_BLOB_RSP\000"
 1227      455F4556 
 1227      545F4741 
 1227      5454435F 
 1227      52454144 
 1228              	.LASF106:
 1229 0843 456D5F45 		.ascii	"Em_EEPROM_em_EepromStorage\000"
 1229      4550524F 
 1229      4D5F656D 
 1229      5F456570 
 1229      726F6D53 
 1230              	.LASF38:
 1231 085e 4359424C 		.ascii	"CYBLE_EVT_GAP_NUMERIC_COMPARISON_REQUEST\000"
 1231      455F4556 
 1231      545F4741 
 1231      505F4E55 
 1231      4D455249 
 1232              	.LASF66:
 1233 0887 4359424C 		.ascii	"CYBLE_EVT_GATTC_EXEC_WRITE_RSP\000"
 1233      455F4556 
 1233      545F4741 
 1233      5454435F 
 1233      45584543 
 1234              	.LASF104:
 1235 08a6 63795F65 		.ascii	"cy_en_em_eeprom_status_t\000"
 1235      6E5F656D 
 1235      5F656570 
 1235      726F6D5F 
 1235      73746174 
 1236              	.LASF85:
 1237 08bf 4359424C 		.ascii	"CYBLE_EVT_PENDING_FLASH_WRITE\000"
 1237      455F4556 
 1237      545F5045 
 1237      4E44494E 
 1237      475F464C 
 1238              	.LASF100:
 1239 08dd 43595F45 		.ascii	"CY_EM_EEPROM_BAD_PARAM\000"
 1239      4D5F4545 
 1239      50524F4D 
ARM GAS  C:\Users\ADMINI~1\AppData\Local\Temp\ccQJEUDY.s 			page 31


 1239      5F424144 
 1239      5F504152 
 1240              	.LASF42:
 1241 08f4 4359424C 		.ascii	"CYBLE_EVT_GAP_ENHANCE_CONN_COMPLETE\000"
 1241      455F4556 
 1241      545F4741 
 1241      505F454E 
 1241      48414E43 
 1242              	.LASF12:
 1243 0918 75696E74 		.ascii	"uint32\000"
 1243      333200
 1244              	.LASF83:
 1245 091f 4359424C 		.ascii	"CYBLE_EVT_L2CAP_CBFC_TX_CREDIT_IND\000"
 1245      455F4556 
 1245      545F4C32 
 1245      4341505F 
 1245      43424643 
 1246              	.LASF109:
 1247 0942 65657072 		.ascii	"eepromArray\000"
 1247      6F6D4172 
 1247      72617900 
 1248              	.LASF46:
 1249 094e 4359424C 		.ascii	"CYBLE_EVT_GAP_SCAN_REQ_RECVD\000"
 1249      455F4556 
 1249      545F4741 
 1249      505F5343 
 1249      414E5F52 
 1250              	.LASF6:
 1251 096b 6C6F6E67 		.ascii	"long long int\000"
 1251      206C6F6E 
 1251      6720696E 
 1251      7400
 1252              	.LASF21:
 1253 0979 4359424C 		.ascii	"CYBLE_EVT_HARDWARE_ERROR\000"
 1253      455F4556 
 1253      545F4841 
 1253      52445741 
 1253      52455F45 
 1254              	.LASF81:
 1255 0992 4359424C 		.ascii	"CYBLE_EVT_L2CAP_CBFC_DATA_READ\000"
 1255      455F4556 
 1255      545F4C32 
 1255      4341505F 
 1255      43424643 
 1256              	.LASF75:
 1257 09b1 4359424C 		.ascii	"CYBLE_EVT_L2CAP_CONN_PARAM_UPDATE_RSP\000"
 1257      455F4556 
 1257      545F4C32 
 1257      4341505F 
 1257      434F4E4E 
 1258              	.LASF25:
 1259 09d7 4359424C 		.ascii	"CYBLE_EVT_GAPC_SCAN_PROGRESS_RESULT\000"
 1259      455F4556 
 1259      545F4741 
 1259      50435F53 
 1259      43414E5F 
 1260              	.LASF82:
ARM GAS  C:\Users\ADMINI~1\AppData\Local\Temp\ccQJEUDY.s 			page 32


 1261 09fb 4359424C 		.ascii	"CYBLE_EVT_L2CAP_CBFC_RX_CREDIT_IND\000"
 1261      455F4556 
 1261      545F4C32 
 1261      4341505F 
 1261      43424643 
 1262              	.LASF51:
 1263 0a1e 4359424C 		.ascii	"CYBLE_EVT_GATT_DISCONNECT_IND\000"
 1263      455F4556 
 1263      545F4741 
 1263      54545F44 
 1263      4953434F 
 1264              	.LASF63:
 1265 0a3c 4359424C 		.ascii	"CYBLE_EVT_GATTS_WRITE_CMD_REQ\000"
 1265      455F4556 
 1265      545F4741 
 1265      5454535F 
 1265      57524954 
 1266              	.LASF53:
 1267 0a5a 4359424C 		.ascii	"CYBLE_EVT_GATTC_XCHNG_MTU_RSP\000"
 1267      455F4556 
 1267      545F4741 
 1267      5454435F 
 1267      5843484E 
 1268              	.LASF96:
 1269 0a78 626C6F63 		.ascii	"blockingWrite\000"
 1269      6B696E67 
 1269      57726974 
 1269      6500
 1270              	.LASF60:
 1271 0a86 4359424C 		.ascii	"CYBLE_EVT_GATTC_READ_MULTI_RSP\000"
 1271      455F4556 
 1271      545F4741 
 1271      5454435F 
 1271      52454144 
 1272              	.LASF84:
 1273 0aa5 4359424C 		.ascii	"CYBLE_EVT_L2CAP_CBFC_DATA_WRITE_IND\000"
 1273      455F4556 
 1273      545F4C32 
 1273      4341505F 
 1273      43424643 
 1274              	.LASF20:
 1275 0ac9 4359424C 		.ascii	"CYBLE_EVT_TIMEOUT\000"
 1275      455F4556 
 1275      545F5449 
 1275      4D454F55 
 1275      5400
 1276              	.LASF14:
 1277 0adb 646F7562 		.ascii	"double\000"
 1277      6C6500
 1278              	.LASF94:
 1279 0ae2 77656172 		.ascii	"wearLevelingFactor\000"
 1279      4C657665 
 1279      6C696E67 
 1279      46616374 
 1279      6F7200
 1280              	.LASF72:
 1281 0af5 4359424C 		.ascii	"CYBLE_EVT_GATTS_READ_CHAR_VAL_ACCESS_REQ\000"
ARM GAS  C:\Users\ADMINI~1\AppData\Local\Temp\ccQJEUDY.s 			page 33


 1281      455F4556 
 1281      545F4741 
 1281      5454535F 
 1281      52454144 
 1282              	.LASF71:
 1283 0b1e 4359424C 		.ascii	"CYBLE_EVT_GATTC_STOP_CMD_COMPLETE\000"
 1283      455F4556 
 1283      545F4741 
 1283      5454435F 
 1283      53544F50 
 1284              	.LASF8:
 1285 0b40 756E7369 		.ascii	"unsigned int\000"
 1285      676E6564 
 1285      20696E74 
 1285      00
 1286              	.LASF65:
 1287 0b4d 4359424C 		.ascii	"CYBLE_EVT_GATTS_EXEC_WRITE_REQ\000"
 1287      455F4556 
 1287      545F4741 
 1287      5454535F 
 1287      45584543 
 1288              	.LASF92:
 1289 0b6c 6C617374 		.ascii	"lastWrRowAddr\000"
 1289      5772526F 
 1289      77416464 
 1289      7200
 1290              	.LASF33:
 1291 0b7a 4359424C 		.ascii	"CYBLE_EVT_GAP_DEVICE_DISCONNECTED\000"
 1291      455F4556 
 1291      545F4741 
 1291      505F4445 
 1291      56494345 
 1292              	.LASF91:
 1293 0b9c 6E756D62 		.ascii	"numberOfRows\000"
 1293      65724F66 
 1293      526F7773 
 1293      00
 1294              	.LASF70:
 1295 0ba9 4359424C 		.ascii	"CYBLE_EVT_GATTS_DATA_SIGNED_CMD_REQ\000"
 1295      455F4556 
 1295      545F4741 
 1295      5454535F 
 1295      44415441 
 1296              	.LASF87:
 1297 0bcd 4359424C 		.ascii	"CYBLE_EVT_HCI_PKT\000"
 1297      455F4556 
 1297      545F4843 
 1297      495F504B 
 1297      5400
 1298              	.LASF40:
 1299 0bdf 4359424C 		.ascii	"CYBLE_EVT_GAP_OOB_GENERATED_NOTIFICATION\000"
 1299      455F4556 
 1299      545F4741 
 1299      505F4F4F 
 1299      425F4745 
 1300              		.ident	"GCC: (GNU Tools for ARM Embedded Processors) 5.4.1 20160609 (release) [ARM/embedded-5-bran
