ARM GAS  C:\Users\ADMINI~1\AppData\Local\Temp\ccN5pE43.s 			page 1


   1              		.syntax unified
   2              		.cpu cortex-m0
   3              		.fpu softvfp
   4              		.eabi_attribute 20, 1
   5              		.eabi_attribute 21, 1
   6              		.eabi_attribute 23, 3
   7              		.eabi_attribute 24, 1
   8              		.eabi_attribute 25, 1
   9              		.eabi_attribute 26, 1
  10              		.eabi_attribute 30, 1
  11              		.eabi_attribute 34, 0
  12              		.eabi_attribute 18, 4
  13              		.thumb
  14              		.syntax unified
  15              		.file	"main.c"
  16              		.text
  17              	.Ltext0:
  18              		.cfi_sections	.debug_frame
  19              		.section	.text.InterruptHandler_PWM,"ax",%progbits
  20              		.align	2
  21              		.global	InterruptHandler_PWM
  22              		.code	16
  23              		.thumb_func
  24              		.type	InterruptHandler_PWM, %function
  25              	InterruptHandler_PWM:
  26              	.LFB36:
  27              		.file 1 "main.c"
   1:main.c        **** #include <project.h>
   2:main.c        **** #include "zmain.h"
   3:main.c        **** 
   4:main.c        **** CYBLE_API_RESULT_T      bleApiResult;
   5:main.c        **** 
   6:main.c        **** CY_ISR(InterruptHandler_PWM)
   7:main.c        **** {
  28              		.loc 1 7 0
  29              		.cfi_startproc
  30              		@ args = 0, pretend = 0, frame = 0
  31              		@ frame_needed = 0, uses_anonymous_args = 0
  32 0000 10B5     		push	{r4, lr}
  33              		.cfi_def_cfa_offset 8
  34              		.cfi_offset 4, -8
  35              		.cfi_offset 14, -4
   8:main.c        ****     ZWakeup(&pcb_ZClockchain);
  36              		.loc 1 8 0
  37 0002 0348     		ldr	r0, .L2
  38 0004 FFF7FEFF 		bl	ZWakeup
  39              	.LVL0:
   9:main.c        ****     PWM_ClearInterrupt(PWM_INTR_MASK_TC);
  40              		.loc 1 9 0
  41 0008 0120     		movs	r0, #1
  42 000a FFF7FEFF 		bl	PWM_ClearInterrupt
  43              	.LVL1:
  10:main.c        **** }
  44              		.loc 1 10 0
  45              		@ sp needed
  46 000e 10BD     		pop	{r4, pc}
  47              	.L3:
ARM GAS  C:\Users\ADMINI~1\AppData\Local\Temp\ccN5pE43.s 			page 2


  48              		.align	2
  49              	.L2:
  50 0010 00000000 		.word	pcb_ZClockchain
  51              		.cfi_endproc
  52              	.LFE36:
  53              		.size	InterruptHandler_PWM, .-InterruptHandler_PWM
  54              		.section	.text.InterruptHandler_Finger,"ax",%progbits
  55              		.align	2
  56              		.global	InterruptHandler_Finger
  57              		.code	16
  58              		.thumb_func
  59              		.type	InterruptHandler_Finger, %function
  60              	InterruptHandler_Finger:
  61              	.LFB37:
  11:main.c        **** 
  12:main.c        **** CY_ISR(InterruptHandler_Finger)
  13:main.c        **** {
  62              		.loc 1 13 0
  63              		.cfi_startproc
  64              		@ args = 0, pretend = 0, frame = 0
  65              		@ frame_needed = 0, uses_anonymous_args = 0
  66 0000 10B5     		push	{r4, lr}
  67              		.cfi_def_cfa_offset 8
  68              		.cfi_offset 4, -8
  69              		.cfi_offset 14, -4
  14:main.c        ****     ISR_Finger_ClearPending();
  70              		.loc 1 14 0
  71 0002 FFF7FEFF 		bl	ISR_Finger_ClearPending
  72              	.LVL2:
  15:main.c        **** 
  16:main.c        **** }
  73              		.loc 1 16 0
  74              		@ sp needed
  75 0006 10BD     		pop	{r4, pc}
  76              		.cfi_endproc
  77              	.LFE37:
  78              		.size	InterruptHandler_Finger, .-InterruptHandler_Finger
  79              		.section	.text.main,"ax",%progbits
  80              		.align	2
  81              		.global	main
  82              		.code	16
  83              		.thumb_func
  84              		.type	main, %function
  85              	main:
  86              	.LFB38:
  17:main.c        **** 
  18:main.c        **** /*******************************************************************************
  19:main.c        **** * Function Name: main
  20:main.c        **** ********************************************************************************
  21:main.c        **** *
  22:main.c        **** *  The main function performs the following actions:
  23:main.c        **** *   1. Sets up and enables the PWM and its interrupt.
  24:main.c        **** *   2. Starts the PWM Component
  25:main.c        **** *
  26:main.c        **** *******************************************************************************/
  27:main.c        **** int main(void)
  28:main.c        **** {
ARM GAS  C:\Users\ADMINI~1\AppData\Local\Temp\ccN5pE43.s 			page 3


  87              		.loc 1 28 0
  88              		.cfi_startproc
  89              		@ Volatile: function does not return.
  90              		@ args = 0, pretend = 0, frame = 0
  91              		@ frame_needed = 0, uses_anonymous_args = 0
  92 0000 10B5     		push	{r4, lr}
  93              		.cfi_def_cfa_offset 8
  94              		.cfi_offset 4, -8
  95              		.cfi_offset 14, -4
  29:main.c        ****     MOTOR_A_Write(0);
  96              		.loc 1 29 0
  97 0002 0020     		movs	r0, #0
  98 0004 FFF7FEFF 		bl	MOTOR_A_Write
  99              	.LVL3:
  30:main.c        ****     MOTOR_B_Write(0);
 100              		.loc 1 30 0
 101 0008 0020     		movs	r0, #0
 102 000a FFF7FEFF 		bl	MOTOR_B_Write
 103              	.LVL4:
  31:main.c        ****     MOTOR_C_Write(0);
 104              		.loc 1 31 0
 105 000e 0020     		movs	r0, #0
 106 0010 FFF7FEFF 		bl	MOTOR_C_Write
 107              	.LVL5:
  32:main.c        ****     MOTOR_D_Write(0);
 108              		.loc 1 32 0
 109 0014 0020     		movs	r0, #0
 110 0016 FFF7FEFF 		bl	MOTOR_D_Write
 111              	.LVL6:
  33:main.c        ****     
  34:main.c        **** //    DIM;
  35:main.c        ****     Pin_G_Write(1);
 112              		.loc 1 35 0
 113 001a 0120     		movs	r0, #1
 114 001c FFF7FEFF 		bl	Pin_G_Write
 115              	.LVL7:
  36:main.c        ****     Pin_B_Write(0);
 116              		.loc 1 36 0
 117 0020 0020     		movs	r0, #0
 118 0022 FFF7FEFF 		bl	Pin_B_Write
 119              	.LVL8:
  37:main.c        **** 
  38:main.c        ****     ZpcbInit();
 120              		.loc 1 38 0
 121 0026 FFF7FEFF 		bl	ZpcbInit
 122              	.LVL9:
  39:main.c        ****     
  40:main.c        ****     CyGlobalIntEnable;
 123              		.loc 1 40 0
 124              		.syntax divided
 125              	@ 40 "main.c" 1
 126 002a 62B6     		CPSIE   i
 127              	@ 0 "" 2
  41:main.c        **** 
  42:main.c        ****     keyBufferIndex =0;
 128              		.loc 1 42 0
 129              		.thumb
ARM GAS  C:\Users\ADMINI~1\AppData\Local\Temp\ccN5pE43.s 			page 4


 130              		.syntax unified
 131 002c 0022     		movs	r2, #0
 132 002e 244B     		ldr	r3, .L14
 133 0030 1A70     		strb	r2, [r3]
  43:main.c        ****     
  44:main.c        ****     ISR_Finger_StartEx(InterruptHandler_Finger);  
 134              		.loc 1 44 0
 135 0032 2448     		ldr	r0, .L14+4
 136 0034 FFF7FEFF 		bl	ISR_Finger_StartEx
 137              	.LVL10:
  45:main.c        ****     ISR_PWM_StartEx(InterruptHandler_PWM);
 138              		.loc 1 45 0
 139 0038 2348     		ldr	r0, .L14+8
 140 003a FFF7FEFF 		bl	ISR_PWM_StartEx
 141              	.LVL11:
  46:main.c        **** 
  47:main.c        **** #ifdef ezi2c
  48:main.c        ****     EZI2C_Start();
  49:main.c        ****     EZI2C_EzI2CSetBuffer1(sizeof(CapSense_dsRam), sizeof(CapSense_dsRam),(uint8 *)&CapSense_dsRam);
  50:main.c        **** #endif 
  51:main.c        **** 
  52:main.c        ****     bleApiResult = CyBle_Start(AppCallBack);
 142              		.loc 1 52 0
 143 003e 2348     		ldr	r0, .L14+12
 144 0040 FFF7FEFF 		bl	CyBle_Start
 145              	.LVL12:
 146 0044 224B     		ldr	r3, .L14+16
 147 0046 1880     		strh	r0, [r3]
  53:main.c        ****     CapSense_Start();
 148              		.loc 1 53 0
 149 0048 FFF7FEFF 		bl	CapSense_Start
 150              	.LVL13:
  54:main.c        ****     PWM_Start();
 151              		.loc 1 54 0
 152 004c FFF7FEFF 		bl	PWM_Start
 153              	.LVL14:
  55:main.c        **** 
  56:main.c        **** #ifdef DEBUG_UART
  57:main.c        ****     UART_DEB_Start();
  58:main.c        ****     if(bleApiResult != CYBLE_ERROR_OK)
  59:main.c        ****     {
  60:main.c        ****         DBG_PRINTF("\n\r\t\tCyBle stack initilization FAILED!!! \n\r ");
  61:main.c        ****     }    
  62:main.c        **** #endif
  63:main.c        ****     eepromReturnValue = Em_EEPROM_Init((uint32_t)Em_EEPROM_em_EepromStorage);
 154              		.loc 1 63 0
 155 0050 2048     		ldr	r0, .L14+20
 156 0052 FFF7FEFF 		bl	Em_EEPROM_Init
 157              	.LVL15:
 158 0056 204B     		ldr	r3, .L14+24
 159 0058 1870     		strb	r0, [r3]
  64:main.c        ****     if(eepromReturnValue != CY_EM_EEPROM_SUCCESS)
 160              		.loc 1 64 0
 161 005a 0028     		cmp	r0, #0
 162 005c 05D0     		beq	.L6
  65:main.c        ****     {
  66:main.c        ****         ZCreate(&pcb_ZBeep,mdBeep,eeprom_error);
ARM GAS  C:\Users\ADMINI~1\AppData\Local\Temp\ccN5pE43.s 			page 5


 163              		.loc 1 66 0
 164 005e 0522     		movs	r2, #5
 165 0060 0421     		movs	r1, #4
 166 0062 1E48     		ldr	r0, .L14+28
 167 0064 FFF7FEFF 		bl	ZCreate
 168              	.LVL16:
 169 0068 08E0     		b	.L12
 170              	.L6:
  67:main.c        ****     }
  68:main.c        ****     else
  69:main.c        ****     {
  70:main.c        ****         if(PSD_Restore() == false)
 171              		.loc 1 70 0
 172 006a FFF7FEFF 		bl	PSD_Restore
 173              	.LVL17:
 174 006e 0028     		cmp	r0, #0
 175 0070 04D1     		bne	.L12
  71:main.c        ****         {
  72:main.c        ****             ZCreate(&pcb_ZBeep,mdBeep,eeprom_error);        
 176              		.loc 1 72 0
 177 0072 0522     		movs	r2, #5
 178 0074 0421     		movs	r1, #4
 179 0076 1948     		ldr	r0, .L14+28
 180 0078 FFF7FEFF 		bl	ZCreate
 181              	.LVL18:
 182              	.L12:
  73:main.c        ****         }
  74:main.c        ****     }
  75:main.c        ****     while(1)
  76:main.c        ****     {
  77:main.c        ****         CyBle_ProcessEvents(); 
 183              		.loc 1 77 0
 184 007c FFF7FEFF 		bl	CyBle_ProcessEvents
 185              	.LVL19:
  78:main.c        ****         
  79:main.c        ****         if(pcb_ZClockchain.status == ready)	ZClock_Chain();
 186              		.loc 1 79 0
 187 0080 174B     		ldr	r3, .L14+32
 188 0082 1B78     		ldrb	r3, [r3]
 189 0084 012B     		cmp	r3, #1
 190 0086 01D1     		bne	.L8
 191              		.loc 1 79 0 is_stmt 0 discriminator 1
 192 0088 FFF7FEFF 		bl	ZClock_Chain
 193              	.LVL20:
 194              	.L8:
  80:main.c        ****         if(pcb_ZKey.status == ready) ZKey();
 195              		.loc 1 80 0 is_stmt 1
 196 008c 154B     		ldr	r3, .L14+36
 197 008e 1B78     		ldrb	r3, [r3]
 198 0090 012B     		cmp	r3, #1
 199 0092 01D1     		bne	.L9
 200              		.loc 1 80 0 is_stmt 0 discriminator 1
 201 0094 FFF7FEFF 		bl	ZKey
 202              	.LVL21:
 203              	.L9:
  81:main.c        **** 		if(pcb_ZMoto.status == ready) ZMoto();
 204              		.loc 1 81 0 is_stmt 1
ARM GAS  C:\Users\ADMINI~1\AppData\Local\Temp\ccN5pE43.s 			page 6


 205 0098 134B     		ldr	r3, .L14+40
 206 009a 1B78     		ldrb	r3, [r3]
 207 009c 012B     		cmp	r3, #1
 208 009e 01D1     		bne	.L10
 209              		.loc 1 81 0 is_stmt 0 discriminator 1
 210 00a0 FFF7FEFF 		bl	ZMoto
 211              	.LVL22:
 212              	.L10:
  82:main.c        **** 		if(pcb_ZBeep.status == ready) ZBeep();
 213              		.loc 1 82 0 is_stmt 1
 214 00a4 0D4B     		ldr	r3, .L14+28
 215 00a6 1B78     		ldrb	r3, [r3]
 216 00a8 012B     		cmp	r3, #1
 217 00aa 01D1     		bne	.L11
 218              		.loc 1 82 0 is_stmt 0 discriminator 1
 219 00ac FFF7FEFF 		bl	ZBeep
 220              	.LVL23:
 221              	.L11:
  83:main.c        ****         if(pcb_ZManager.status == ready) ZManager();
 222              		.loc 1 83 0 is_stmt 1
 223 00b0 0E4B     		ldr	r3, .L14+44
 224 00b2 1B78     		ldrb	r3, [r3]
 225 00b4 012B     		cmp	r3, #1
 226 00b6 E1D1     		bne	.L12
 227              		.loc 1 83 0 is_stmt 0 discriminator 1
 228 00b8 FFF7FEFF 		bl	ZManager
 229              	.LVL24:
 230 00bc DEE7     		b	.L12
 231              	.L15:
 232 00be C046     		.align	2
 233              	.L14:
 234 00c0 00000000 		.word	keyBufferIndex
 235 00c4 00000000 		.word	InterruptHandler_Finger
 236 00c8 00000000 		.word	InterruptHandler_PWM
 237 00cc 00000000 		.word	AppCallBack
 238 00d0 00000000 		.word	bleApiResult
 239 00d4 00000000 		.word	Em_EEPROM_em_EepromStorage
 240 00d8 00000000 		.word	eepromReturnValue
 241 00dc 00000000 		.word	pcb_ZBeep
 242 00e0 00000000 		.word	pcb_ZClockchain
 243 00e4 00000000 		.word	pcb_ZKey
 244 00e8 00000000 		.word	pcb_ZMoto
 245 00ec 00000000 		.word	pcb_ZManager
 246              		.cfi_endproc
 247              	.LFE38:
 248              		.size	main, .-main
 249              		.comm	bleApiResult,2,2
 250              		.text
 251              	.Letext0:
 252              		.file 2 "c:\\program files (x86)\\cypress\\psoc creator\\4.2\\psoc creator\\import\\gnu\\arm\\5.4.
 253              		.file 3 "c:\\program files (x86)\\cypress\\psoc creator\\4.2\\psoc creator\\import\\gnu\\arm\\5.4.
 254              		.file 4 "Generated_Source\\PSoC4/cytypes.h"
 255              		.file 5 "Generated_Source\\PSoC4/BLE_1_Stack.h"
 256              		.file 6 "Generated_Source\\PSoC4/cy_em_eeprom.h"
 257              		.file 7 "zglobal.h"
 258              		.file 8 "Generated_Source\\PSoC4/Em_EEPROM.h"
 259              		.file 9 "zmanager.h"
ARM GAS  C:\Users\ADMINI~1\AppData\Local\Temp\ccN5pE43.s 			page 7


 260              		.file 10 "eeprom.h"
 261              		.file 11 "Generated_Source\\PSoC4/PWM.h"
 262              		.file 12 "Generated_Source\\PSoC4/ISR_Finger.h"
 263              		.file 13 "Generated_Source\\PSoC4/MOTOR_A.h"
 264              		.file 14 "Generated_Source\\PSoC4/MOTOR_B.h"
 265              		.file 15 "Generated_Source\\PSoC4/MOTOR_C.h"
 266              		.file 16 "Generated_Source\\PSoC4/MOTOR_D.h"
 267              		.file 17 "Generated_Source\\PSoC4/Pin_G.h"
 268              		.file 18 "Generated_Source\\PSoC4/Pin_B.h"
 269              		.file 19 "Generated_Source\\PSoC4/ISR_PWM.h"
 270              		.file 20 "Generated_Source\\PSoC4/BLE_1.h"
 271              		.file 21 "Generated_Source\\PSoC4/CapSense_Control.h"
 272              		.file 22 "ztimer.h"
 273              		.file 23 "zkey.h"
 274              		.file 24 "zmoto.h"
 275              		.file 25 "zbeep.h"
 276              		.section	.debug_info,"",%progbits
 277              	.Ldebug_info0:
 278 0000 9D070000 		.4byte	0x79d
 279 0004 0400     		.2byte	0x4
 280 0006 00000000 		.4byte	.Ldebug_abbrev0
 281 000a 04       		.byte	0x4
 282 000b 01       		.uleb128 0x1
 283 000c EE010000 		.4byte	.LASF184
 284 0010 0C       		.byte	0xc
 285 0011 520B0000 		.4byte	.LASF185
 286 0015 2E000000 		.4byte	.LASF186
 287 0019 00000000 		.4byte	.Ldebug_ranges0+0
 288 001d 00000000 		.4byte	0
 289 0021 00000000 		.4byte	.Ldebug_line0
 290 0025 02       		.uleb128 0x2
 291 0026 01       		.byte	0x1
 292 0027 06       		.byte	0x6
 293 0028 01040000 		.4byte	.LASF0
 294 002c 02       		.uleb128 0x2
 295 002d 01       		.byte	0x1
 296 002e 08       		.byte	0x8
 297 002f 2B0C0000 		.4byte	.LASF1
 298 0033 02       		.uleb128 0x2
 299 0034 02       		.byte	0x2
 300 0035 05       		.byte	0x5
 301 0036 620C0000 		.4byte	.LASF2
 302 003a 02       		.uleb128 0x2
 303 003b 02       		.byte	0x2
 304 003c 07       		.byte	0x7
 305 003d CA0E0000 		.4byte	.LASF3
 306 0041 02       		.uleb128 0x2
 307 0042 04       		.byte	0x4
 308 0043 05       		.byte	0x5
 309 0044 E5010000 		.4byte	.LASF4
 310 0048 03       		.uleb128 0x3
 311 0049 660E0000 		.4byte	.LASF9
 312 004d 02       		.byte	0x2
 313 004e 41       		.byte	0x41
 314 004f 53000000 		.4byte	0x53
 315 0053 02       		.uleb128 0x2
 316 0054 04       		.byte	0x4
ARM GAS  C:\Users\ADMINI~1\AppData\Local\Temp\ccN5pE43.s 			page 8


 317 0055 07       		.byte	0x7
 318 0056 E4060000 		.4byte	.LASF5
 319 005a 02       		.uleb128 0x2
 320 005b 08       		.byte	0x8
 321 005c 05       		.byte	0x5
 322 005d F3030000 		.4byte	.LASF6
 323 0061 02       		.uleb128 0x2
 324 0062 08       		.byte	0x8
 325 0063 07       		.byte	0x7
 326 0064 97020000 		.4byte	.LASF7
 327 0068 04       		.uleb128 0x4
 328 0069 04       		.byte	0x4
 329 006a 05       		.byte	0x5
 330 006b 696E7400 		.ascii	"int\000"
 331 006f 02       		.uleb128 0x2
 332 0070 04       		.byte	0x4
 333 0071 07       		.byte	0x7
 334 0072 110E0000 		.4byte	.LASF8
 335 0076 03       		.uleb128 0x3
 336 0077 23030000 		.4byte	.LASF10
 337 007b 03       		.byte	0x3
 338 007c 30       		.byte	0x30
 339 007d 48000000 		.4byte	0x48
 340 0081 05       		.uleb128 0x5
 341 0082 4E050000 		.4byte	.LASF11
 342 0086 04       		.byte	0x4
 343 0087 E401     		.2byte	0x1e4
 344 0089 2C000000 		.4byte	0x2c
 345 008d 05       		.uleb128 0x5
 346 008e 26040000 		.4byte	.LASF12
 347 0092 04       		.byte	0x4
 348 0093 E601     		.2byte	0x1e6
 349 0095 53000000 		.4byte	0x53
 350 0099 02       		.uleb128 0x2
 351 009a 04       		.byte	0x4
 352 009b 04       		.byte	0x4
 353 009c 9E0B0000 		.4byte	.LASF13
 354 00a0 02       		.uleb128 0x2
 355 00a1 08       		.byte	0x8
 356 00a2 04       		.byte	0x4
 357 00a3 73050000 		.4byte	.LASF14
 358 00a7 02       		.uleb128 0x2
 359 00a8 01       		.byte	0x1
 360 00a9 08       		.byte	0x8
 361 00aa CF0D0000 		.4byte	.LASF15
 362 00ae 02       		.uleb128 0x2
 363 00af 08       		.byte	0x8
 364 00b0 04       		.byte	0x4
 365 00b1 C30D0000 		.4byte	.LASF16
 366 00b5 02       		.uleb128 0x2
 367 00b6 04       		.byte	0x4
 368 00b7 07       		.byte	0x7
 369 00b8 180A0000 		.4byte	.LASF17
 370 00bc 06       		.uleb128 0x6
 371 00bd 01       		.byte	0x1
 372 00be 2C000000 		.4byte	0x2c
 373 00c2 05       		.byte	0x5
ARM GAS  C:\Users\ADMINI~1\AppData\Local\Temp\ccN5pE43.s 			page 9


 374 00c3 3501     		.2byte	0x135
 375 00c5 7A020000 		.4byte	0x27a
 376 00c9 07       		.uleb128 0x7
 377 00ca C0070000 		.4byte	.LASF18
 378 00ce 00       		.byte	0
 379 00cf 07       		.uleb128 0x7
 380 00d0 0D040000 		.4byte	.LASF19
 381 00d4 01       		.byte	0x1
 382 00d5 07       		.uleb128 0x7
 383 00d6 D3010000 		.4byte	.LASF20
 384 00da 02       		.byte	0x2
 385 00db 07       		.uleb128 0x7
 386 00dc B10E0000 		.4byte	.LASF21
 387 00e0 03       		.byte	0x3
 388 00e1 07       		.uleb128 0x7
 389 00e2 D1020000 		.4byte	.LASF22
 390 00e6 04       		.byte	0x4
 391 00e7 07       		.uleb128 0x7
 392 00e8 5B010000 		.4byte	.LASF23
 393 00ec 05       		.byte	0x5
 394 00ed 07       		.uleb128 0x7
 395 00ee F5070000 		.4byte	.LASF24
 396 00f2 06       		.byte	0x6
 397 00f3 07       		.uleb128 0x7
 398 00f4 56090000 		.4byte	.LASF25
 399 00f8 20       		.byte	0x20
 400 00f9 07       		.uleb128 0x7
 401 00fa 62040000 		.4byte	.LASF26
 402 00fe 21       		.byte	0x21
 403 00ff 07       		.uleb128 0x7
 404 0100 62080000 		.4byte	.LASF27
 405 0104 22       		.byte	0x22
 406 0105 07       		.uleb128 0x7
 407 0106 F9080000 		.4byte	.LASF28
 408 010a 23       		.byte	0x23
 409 010b 07       		.uleb128 0x7
 410 010c BE0A0000 		.4byte	.LASF29
 411 0110 24       		.byte	0x24
 412 0111 07       		.uleb128 0x7
 413 0112 280A0000 		.4byte	.LASF30
 414 0116 25       		.byte	0x25
 415 0117 07       		.uleb128 0x7
 416 0118 03050000 		.4byte	.LASF31
 417 011c 26       		.byte	0x26
 418 011d 07       		.uleb128 0x7
 419 011e 86080000 		.4byte	.LASF32
 420 0122 27       		.byte	0x27
 421 0123 07       		.uleb128 0x7
 422 0124 68030000 		.4byte	.LASF33
 423 0128 28       		.byte	0x28
 424 0129 07       		.uleb128 0x7
 425 012a 8A030000 		.4byte	.LASF34
 426 012e 29       		.byte	0x29
 427 012f 07       		.uleb128 0x7
 428 0130 98000000 		.4byte	.LASF35
 429 0134 2A       		.byte	0x2a
 430 0135 07       		.uleb128 0x7
ARM GAS  C:\Users\ADMINI~1\AppData\Local\Temp\ccN5pE43.s 			page 10


 431 0136 E6020000 		.4byte	.LASF36
 432 013a 2B       		.byte	0x2b
 433 013b 07       		.uleb128 0x7
 434 013c 0F100000 		.4byte	.LASF37
 435 0140 2C       		.byte	0x2c
 436 0141 07       		.uleb128 0x7
 437 0142 A7030000 		.4byte	.LASF38
 438 0146 2D       		.byte	0x2d
 439 0147 07       		.uleb128 0x7
 440 0148 390C0000 		.4byte	.LASF39
 441 014c 2E       		.byte	0x2e
 442 014d 07       		.uleb128 0x7
 443 014e 19010000 		.4byte	.LASF40
 444 0152 2F       		.byte	0x2f
 445 0153 07       		.uleb128 0x7
 446 0154 840A0000 		.4byte	.LASF41
 447 0158 30       		.byte	0x30
 448 0159 07       		.uleb128 0x7
 449 015a D1100000 		.4byte	.LASF42
 450 015e 31       		.byte	0x31
 451 015f 07       		.uleb128 0x7
 452 0160 5C0A0000 		.4byte	.LASF43
 453 0164 32       		.byte	0x32
 454 0165 07       		.uleb128 0x7
 455 0166 7B0D0000 		.4byte	.LASF44
 456 016a 33       		.byte	0x33
 457 016b 07       		.uleb128 0x7
 458 016c F6060000 		.4byte	.LASF45
 459 0170 34       		.byte	0x34
 460 0171 07       		.uleb128 0x7
 461 0172 29060000 		.4byte	.LASF46
 462 0176 35       		.byte	0x35
 463 0177 07       		.uleb128 0x7
 464 0178 CC080000 		.4byte	.LASF47
 465 017c 36       		.byte	0x36
 466 017d 07       		.uleb128 0x7
 467 017e 91090000 		.4byte	.LASF48
 468 0182 37       		.byte	0x37
 469 0183 07       		.uleb128 0x7
 470 0184 610D0000 		.4byte	.LASF49
 471 0188 40       		.byte	0x40
 472 0189 07       		.uleb128 0x7
 473 018a 1F090000 		.4byte	.LASF50
 474 018e 41       		.byte	0x41
 475 018f 07       		.uleb128 0x7
 476 0190 F5100000 		.4byte	.LASF51
 477 0194 42       		.byte	0x42
 478 0195 07       		.uleb128 0x7
 479 0196 380F0000 		.4byte	.LASF52
 480 019a 43       		.byte	0x43
 481 019b 07       		.uleb128 0x7
 482 019c 28070000 		.4byte	.LASF53
 483 01a0 44       		.byte	0x44
 484 01a1 07       		.uleb128 0x7
 485 01a2 770B0000 		.4byte	.LASF54
 486 01a6 45       		.byte	0x45
 487 01a7 07       		.uleb128 0x7
ARM GAS  C:\Users\ADMINI~1\AppData\Local\Temp\ccN5pE43.s 			page 11


 488 01a8 F0090000 		.4byte	.LASF55
 489 01ac 46       		.byte	0x46
 490 01ad 07       		.uleb128 0x7
 491 01ae D7070000 		.4byte	.LASF56
 492 01b2 47       		.byte	0x47
 493 01b3 07       		.uleb128 0x7
 494 01b4 E50E0000 		.4byte	.LASF57
 495 01b8 48       		.byte	0x48
 496 01b9 07       		.uleb128 0x7
 497 01ba 91040000 		.4byte	.LASF58
 498 01be 49       		.byte	0x49
 499 01bf 07       		.uleb128 0x7
 500 01c0 00000000 		.4byte	.LASF59
 501 01c4 4A       		.byte	0x4a
 502 01c5 07       		.uleb128 0x7
 503 01c6 77010000 		.4byte	.LASF60
 504 01ca 4B       		.byte	0x4b
 505 01cb 07       		.uleb128 0x7
 506 01cc 0E070000 		.4byte	.LASF61
 507 01d0 4C       		.byte	0x4c
 508 01d1 07       		.uleb128 0x7
 509 01d2 420A0000 		.4byte	.LASF62
 510 01d6 4D       		.byte	0x4d
 511 01d7 07       		.uleb128 0x7
 512 01d8 C4040000 		.4byte	.LASF63
 513 01dc 4E       		.byte	0x4e
 514 01dd 07       		.uleb128 0x7
 515 01de DB0C0000 		.4byte	.LASF64
 516 01e2 4F       		.byte	0x4f
 517 01e3 07       		.uleb128 0x7
 518 01e4 96010000 		.4byte	.LASF65
 519 01e8 50       		.byte	0x50
 520 01e9 07       		.uleb128 0x7
 521 01ea 54050000 		.4byte	.LASF66
 522 01ee 51       		.byte	0x51
 523 01ef 07       		.uleb128 0x7
 524 01f0 ED0A0000 		.4byte	.LASF67
 525 01f4 52       		.byte	0x52
 526 01f5 07       		.uleb128 0x7
 527 01f6 6C0C0000 		.4byte	.LASF68
 528 01fa 53       		.byte	0x53
 529 01fb 07       		.uleb128 0x7
 530 01fc 400D0000 		.4byte	.LASF69
 531 0200 54       		.byte	0x54
 532 0201 07       		.uleb128 0x7
 533 0202 46070000 		.4byte	.LASF70
 534 0206 55       		.byte	0x55
 535 0207 07       		.uleb128 0x7
 536 0208 56060000 		.4byte	.LASF71
 537 020c 56       		.byte	0x56
 538 020d 07       		.uleb128 0x7
 539 020e 2D0E0000 		.4byte	.LASF72
 540 0212 57       		.byte	0x57
 541 0213 07       		.uleb128 0x7
 542 0214 6A070000 		.4byte	.LASF73
 543 0218 58       		.byte	0x58
 544 0219 07       		.uleb128 0x7
ARM GAS  C:\Users\ADMINI~1\AppData\Local\Temp\ccN5pE43.s 			page 12


 545 021a D3050000 		.4byte	.LASF74
 546 021e 70       		.byte	0x70
 547 021f 07       		.uleb128 0x7
 548 0220 78100000 		.4byte	.LASF75
 549 0224 71       		.byte	0x71
 550 0225 07       		.uleb128 0x7
 551 0226 3A090000 		.4byte	.LASF76
 552 022a 72       		.byte	0x72
 553 022b 07       		.uleb128 0x7
 554 022c B5010000 		.4byte	.LASF77
 555 0230 73       		.byte	0x73
 556 0231 07       		.uleb128 0x7
 557 0232 590B0000 		.4byte	.LASF78
 558 0236 74       		.byte	0x74
 559 0237 07       		.uleb128 0x7
 560 0238 33100000 		.4byte	.LASF79
 561 023c 75       		.byte	0x75
 562 023d 07       		.uleb128 0x7
 563 023e E2040000 		.4byte	.LASF80
 564 0242 76       		.byte	0x76
 565 0243 07       		.uleb128 0x7
 566 0244 54000000 		.4byte	.LASF81
 567 0248 77       		.byte	0x77
 568 0249 07       		.uleb128 0x7
 569 024a 2F0B0000 		.4byte	.LASF82
 570 024e 78       		.byte	0x78
 571 024f 07       		.uleb128 0x7
 572 0250 D0030000 		.4byte	.LASF83
 573 0254 79       		.byte	0x79
 574 0255 07       		.uleb128 0x7
 575 0256 05060000 		.4byte	.LASF84
 576 025a 7A       		.byte	0x7a
 577 025b 07       		.uleb128 0x7
 578 025c 05030000 		.4byte	.LASF85
 579 0260 FA       		.byte	0xfa
 580 0261 07       		.uleb128 0x7
 581 0262 9C060000 		.4byte	.LASF86
 582 0266 FB       		.byte	0xfb
 583 0267 07       		.uleb128 0x7
 584 0268 8D0C0000 		.4byte	.LASF87
 585 026c FC       		.byte	0xfc
 586 026d 07       		.uleb128 0x7
 587 026e 3B110000 		.4byte	.LASF88
 588 0272 FD       		.byte	0xfd
 589 0273 07       		.uleb128 0x7
 590 0274 B6050000 		.4byte	.LASF89
 591 0278 FF       		.byte	0xff
 592 0279 00       		.byte	0
 593 027a 06       		.uleb128 0x6
 594 027b 02       		.byte	0x2
 595 027c 3A000000 		.4byte	0x3a
 596 0280 05       		.byte	0x5
 597 0281 EA03     		.2byte	0x3ea
 598 0283 59030000 		.4byte	0x359
 599 0287 07       		.uleb128 0x7
 600 0288 C4050000 		.4byte	.LASF90
 601 028c 00       		.byte	0
ARM GAS  C:\Users\ADMINI~1\AppData\Local\Temp\ccN5pE43.s 			page 13


 602 028d 07       		.uleb128 0x7
 603 028e 7A050000 		.4byte	.LASF91
 604 0292 01       		.byte	0x1
 605 0293 07       		.uleb128 0x7
 606 0294 0C0F0000 		.4byte	.LASF92
 607 0298 02       		.byte	0x2
 608 0299 07       		.uleb128 0x7
 609 029a 73000000 		.4byte	.LASF93
 610 029e 03       		.byte	0x3
 611 029f 07       		.uleb128 0x7
 612 02a0 AE020000 		.4byte	.LASF94
 613 02a4 04       		.byte	0x4
 614 02a5 07       		.uleb128 0x7
 615 02a6 7E060000 		.4byte	.LASF95
 616 02aa 05       		.byte	0x5
 617 02ab 07       		.uleb128 0x7
 618 02ac 9F0C0000 		.4byte	.LASF96
 619 02b0 06       		.byte	0x6
 620 02b1 07       		.uleb128 0x7
 621 02b2 A5080000 		.4byte	.LASF97
 622 02b6 07       		.byte	0x7
 623 02b7 07       		.uleb128 0x7
 624 02b8 70110000 		.4byte	.LASF98
 625 02bc 08       		.byte	0x8
 626 02bd 07       		.uleb128 0x7
 627 02be FA0F0000 		.4byte	.LASF99
 628 02c2 09       		.byte	0x9
 629 02c3 07       		.uleb128 0x7
 630 02c4 E40B0000 		.4byte	.LASF100
 631 02c8 0A       		.byte	0xa
 632 02c9 07       		.uleb128 0x7
 633 02ca EC0D0000 		.4byte	.LASF101
 634 02ce 0B       		.byte	0xb
 635 02cf 07       		.uleb128 0x7
 636 02d0 51030000 		.4byte	.LASF102
 637 02d4 0C       		.byte	0xc
 638 02d5 07       		.uleb128 0x7
 639 02d6 9E100000 		.4byte	.LASF103
 640 02da 0D       		.byte	0xd
 641 02db 07       		.uleb128 0x7
 642 02dc BB060000 		.4byte	.LASF104
 643 02e0 0E       		.byte	0xe
 644 02e1 07       		.uleb128 0x7
 645 02e2 C1000000 		.4byte	.LASF105
 646 02e6 0F       		.byte	0xf
 647 02e7 07       		.uleb128 0x7
 648 02e8 2E080000 		.4byte	.LASF106
 649 02ec 10       		.byte	0x10
 650 02ed 07       		.uleb128 0x7
 651 02ee 54100000 		.4byte	.LASF107
 652 02f2 11       		.byte	0x11
 653 02f3 07       		.uleb128 0x7
 654 02f4 2B050000 		.4byte	.LASF108
 655 02f8 12       		.byte	0x12
 656 02f9 07       		.uleb128 0x7
 657 02fa 13110000 		.4byte	.LASF109
 658 02fe 13       		.byte	0x13
ARM GAS  C:\Users\ADMINI~1\AppData\Local\Temp\ccN5pE43.s 			page 14


 659 02ff 07       		.uleb128 0x7
 660 0300 2D040000 		.4byte	.LASF110
 661 0304 27       		.byte	0x27
 662 0305 07       		.uleb128 0x7
 663 0306 710E0000 		.4byte	.LASF111
 664 030a 28       		.byte	0x28
 665 030b 07       		.uleb128 0x7
 666 030c C20F0000 		.4byte	.LASF112
 667 0310 29       		.byte	0x29
 668 0311 07       		.uleb128 0x7
 669 0312 53110000 		.4byte	.LASF113
 670 0316 2A       		.byte	0x2a
 671 0317 07       		.uleb128 0x7
 672 0318 E6000000 		.4byte	.LASF114
 673 031c 2B       		.byte	0x2b
 674 031d 07       		.uleb128 0x7
 675 031e B90C0000 		.4byte	.LASF115
 676 0322 2C       		.byte	0x2c
 677 0323 07       		.uleb128 0x7
 678 0324 160D0000 		.4byte	.LASF116
 679 0328 2D       		.byte	0x2d
 680 0329 07       		.uleb128 0x7
 681 032a 990F0000 		.4byte	.LASF117
 682 032e FE       		.byte	0xfe
 683 032f 07       		.uleb128 0x7
 684 0330 C6090000 		.4byte	.LASF118
 685 0334 FF       		.byte	0xff
 686 0335 08       		.uleb128 0x8
 687 0336 A7070000 		.4byte	.LASF119
 688 033a 0001     		.2byte	0x100
 689 033c 08       		.uleb128 0x8
 690 033d 0E0B0000 		.4byte	.LASF120
 691 0341 0101     		.2byte	0x101
 692 0343 08       		.uleb128 0x8
 693 0344 FE0B0000 		.4byte	.LASF121
 694 0348 0201     		.2byte	0x102
 695 034a 08       		.uleb128 0x8
 696 034b AA040000 		.4byte	.LASF122
 697 034f 0301     		.2byte	0x103
 698 0351 08       		.uleb128 0x8
 699 0352 AC0D0000 		.4byte	.LASF123
 700 0356 0401     		.2byte	0x104
 701 0358 00       		.byte	0
 702 0359 05       		.uleb128 0x5
 703 035a DA0A0000 		.4byte	.LASF124
 704 035e 05       		.byte	0x5
 705 035f 5C04     		.2byte	0x45c
 706 0361 7A020000 		.4byte	0x27a
 707 0365 06       		.uleb128 0x6
 708 0366 01       		.byte	0x1
 709 0367 2C000000 		.4byte	0x2c
 710 036b 06       		.byte	0x6
 711 036c 5401     		.2byte	0x154
 712 036e 91030000 		.4byte	0x391
 713 0372 07       		.uleb128 0x7
 714 0373 840F0000 		.4byte	.LASF125
 715 0377 00       		.byte	0
ARM GAS  C:\Users\ADMINI~1\AppData\Local\Temp\ccN5pE43.s 			page 15


 716 0378 07       		.uleb128 0x7
 717 0379 7A090000 		.4byte	.LASF126
 718 037d 01       		.byte	0x1
 719 037e 07       		.uleb128 0x7
 720 037f D6090000 		.4byte	.LASF127
 721 0383 02       		.byte	0x2
 722 0384 07       		.uleb128 0x7
 723 0385 CE0B0000 		.4byte	.LASF128
 724 0389 03       		.byte	0x3
 725 038a 07       		.uleb128 0x7
 726 038b 79040000 		.4byte	.LASF129
 727 038f 04       		.byte	0x4
 728 0390 00       		.byte	0
 729 0391 05       		.uleb128 0x5
 730 0392 42010000 		.4byte	.LASF130
 731 0396 06       		.byte	0x6
 732 0397 5A01     		.2byte	0x15a
 733 0399 65030000 		.4byte	0x365
 734 039d 09       		.uleb128 0x9
 735 039e 01       		.byte	0x1
 736 039f 2C000000 		.4byte	0x2c
 737 03a3 07       		.byte	0x7
 738 03a4 0B       		.byte	0xb
 739 03a5 E0030000 		.4byte	0x3e0
 740 03a9 07       		.uleb128 0x7
 741 03aa 7D0A0000 		.4byte	.LASF131
 742 03ae 00       		.byte	0
 743 03af 07       		.uleb128 0x7
 744 03b0 2C030000 		.4byte	.LASF132
 745 03b4 01       		.byte	0x1
 746 03b5 07       		.uleb128 0x7
 747 03b6 89020000 		.4byte	.LASF133
 748 03ba 02       		.byte	0x2
 749 03bb 07       		.uleb128 0x7
 750 03bc 5C080000 		.4byte	.LASF134
 751 03c0 03       		.byte	0x3
 752 03c1 07       		.uleb128 0x7
 753 03c2 110A0000 		.4byte	.LASF135
 754 03c6 04       		.byte	0x4
 755 03c7 07       		.uleb128 0x7
 756 03c8 210A0000 		.4byte	.LASF136
 757 03cc 05       		.byte	0x5
 758 03cd 07       		.uleb128 0x7
 759 03ce 560E0000 		.4byte	.LASF137
 760 03d2 06       		.byte	0x6
 761 03d3 07       		.uleb128 0x7
 762 03d4 210C0000 		.4byte	.LASF138
 763 03d8 07       		.byte	0x7
 764 03d9 07       		.uleb128 0x7
 765 03da F30F0000 		.4byte	.LASF139
 766 03de 08       		.byte	0x8
 767 03df 00       		.byte	0
 768 03e0 0A       		.uleb128 0xa
 769 03e1 6D7600   		.ascii	"mv\000"
 770 03e4 07       		.byte	0x7
 771 03e5 0D       		.byte	0xd
 772 03e6 9D030000 		.4byte	0x39d
ARM GAS  C:\Users\ADMINI~1\AppData\Local\Temp\ccN5pE43.s 			page 16


 773 03ea 09       		.uleb128 0x9
 774 03eb 01       		.byte	0x1
 775 03ec 2C000000 		.4byte	0x2c
 776 03f0 07       		.byte	0x7
 777 03f1 0E       		.byte	0xe
 778 03f2 0F040000 		.4byte	0x40f
 779 03f6 07       		.uleb128 0x7
 780 03f7 DD0E0000 		.4byte	.LASF140
 781 03fb 00       		.byte	0
 782 03fc 07       		.uleb128 0x7
 783 03fd E50F0000 		.4byte	.LASF141
 784 0401 01       		.byte	0x1
 785 0402 07       		.uleb128 0x7
 786 0403 DE0F0000 		.4byte	.LASF142
 787 0407 02       		.byte	0x2
 788 0408 07       		.uleb128 0x7
 789 0409 78060000 		.4byte	.LASF143
 790 040d 03       		.byte	0x3
 791 040e 00       		.byte	0
 792 040f 0A       		.uleb128 0xa
 793 0410 737600   		.ascii	"sv\000"
 794 0413 07       		.byte	0x7
 795 0414 0E       		.byte	0xe
 796 0415 EA030000 		.4byte	0x3ea
 797 0419 0B       		.uleb128 0xb
 798 041a 0F0D0000 		.4byte	.LASF187
 799 041e 08       		.byte	0x8
 800 041f 07       		.byte	0x7
 801 0420 0F       		.byte	0xf
 802 0421 62040000 		.4byte	0x462
 803 0425 0C       		.uleb128 0xc
 804 0426 5C0F0000 		.4byte	.LASF144
 805 042a 07       		.byte	0x7
 806 042b 11       		.byte	0x11
 807 042c 0F040000 		.4byte	0x40f
 808 0430 00       		.byte	0
 809 0431 0C       		.uleb128 0xc
 810 0432 0C0E0000 		.4byte	.LASF145
 811 0436 07       		.byte	0x7
 812 0437 12       		.byte	0x12
 813 0438 E0030000 		.4byte	0x3e0
 814 043c 01       		.byte	0x1
 815 043d 0C       		.uleb128 0xc
 816 043e 5D0C0000 		.4byte	.LASF146
 817 0442 07       		.byte	0x7
 818 0443 13       		.byte	0x13
 819 0444 2C000000 		.4byte	0x2c
 820 0448 02       		.byte	0x2
 821 0449 0C       		.uleb128 0xc
 822 044a 560F0000 		.4byte	.LASF147
 823 044e 07       		.byte	0x7
 824 044f 14       		.byte	0x14
 825 0450 2C000000 		.4byte	0x2c
 826 0454 03       		.byte	0x3
 827 0455 0D       		.uleb128 0xd
 828 0456 636C6B00 		.ascii	"clk\000"
 829 045a 07       		.byte	0x7
ARM GAS  C:\Users\ADMINI~1\AppData\Local\Temp\ccN5pE43.s 			page 17


 830 045b 15       		.byte	0x15
 831 045c 6F000000 		.4byte	0x6f
 832 0460 04       		.byte	0x4
 833 0461 00       		.byte	0
 834 0462 03       		.uleb128 0x3
 835 0463 270B0000 		.4byte	.LASF148
 836 0467 07       		.byte	0x7
 837 0468 18       		.byte	0x18
 838 0469 19040000 		.4byte	0x419
 839 046d 0E       		.uleb128 0xe
 840 046e FA0C0000 		.4byte	.LASF149
 841 0472 01       		.byte	0x1
 842 0473 06       		.byte	0x6
 843 0474 00000000 		.4byte	.LFB36
 844 0478 14000000 		.4byte	.LFE36-.LFB36
 845 047c 01       		.uleb128 0x1
 846 047d 9C       		.byte	0x9c
 847 047e 9B040000 		.4byte	0x49b
 848 0482 0F       		.uleb128 0xf
 849 0483 08000000 		.4byte	.LVL0
 850 0487 94060000 		.4byte	0x694
 851 048b 10       		.uleb128 0x10
 852 048c 0E000000 		.4byte	.LVL1
 853 0490 9F060000 		.4byte	0x69f
 854 0494 11       		.uleb128 0x11
 855 0495 01       		.uleb128 0x1
 856 0496 50       		.byte	0x50
 857 0497 01       		.uleb128 0x1
 858 0498 31       		.byte	0x31
 859 0499 00       		.byte	0
 860 049a 00       		.byte	0
 861 049b 0E       		.uleb128 0xe
 862 049c 39030000 		.4byte	.LASF150
 863 04a0 01       		.byte	0x1
 864 04a1 0C       		.byte	0xc
 865 04a2 00000000 		.4byte	.LFB37
 866 04a6 08000000 		.4byte	.LFE37-.LFB37
 867 04aa 01       		.uleb128 0x1
 868 04ab 9C       		.byte	0x9c
 869 04ac BA040000 		.4byte	0x4ba
 870 04b0 0F       		.uleb128 0xf
 871 04b1 06000000 		.4byte	.LVL2
 872 04b5 AB060000 		.4byte	0x6ab
 873 04b9 00       		.byte	0
 874 04ba 12       		.uleb128 0x12
 875 04bb C3100000 		.4byte	.LASF188
 876 04bf 01       		.byte	0x1
 877 04c0 1B       		.byte	0x1b
 878 04c1 68000000 		.4byte	0x68
 879 04c5 00000000 		.4byte	.LFB38
 880 04c9 F0000000 		.4byte	.LFE38-.LFB38
 881 04cd 01       		.uleb128 0x1
 882 04ce 9C       		.byte	0x9c
 883 04cf 10060000 		.4byte	0x610
 884 04d3 13       		.uleb128 0x13
 885 04d4 08000000 		.4byte	.LVL3
 886 04d8 B6060000 		.4byte	0x6b6
ARM GAS  C:\Users\ADMINI~1\AppData\Local\Temp\ccN5pE43.s 			page 18


 887 04dc E6040000 		.4byte	0x4e6
 888 04e0 11       		.uleb128 0x11
 889 04e1 01       		.uleb128 0x1
 890 04e2 50       		.byte	0x50
 891 04e3 01       		.uleb128 0x1
 892 04e4 30       		.byte	0x30
 893 04e5 00       		.byte	0
 894 04e6 13       		.uleb128 0x13
 895 04e7 0E000000 		.4byte	.LVL4
 896 04eb C1060000 		.4byte	0x6c1
 897 04ef F9040000 		.4byte	0x4f9
 898 04f3 11       		.uleb128 0x11
 899 04f4 01       		.uleb128 0x1
 900 04f5 50       		.byte	0x50
 901 04f6 01       		.uleb128 0x1
 902 04f7 30       		.byte	0x30
 903 04f8 00       		.byte	0
 904 04f9 13       		.uleb128 0x13
 905 04fa 14000000 		.4byte	.LVL5
 906 04fe CC060000 		.4byte	0x6cc
 907 0502 0C050000 		.4byte	0x50c
 908 0506 11       		.uleb128 0x11
 909 0507 01       		.uleb128 0x1
 910 0508 50       		.byte	0x50
 911 0509 01       		.uleb128 0x1
 912 050a 30       		.byte	0x30
 913 050b 00       		.byte	0
 914 050c 13       		.uleb128 0x13
 915 050d 1A000000 		.4byte	.LVL6
 916 0511 D7060000 		.4byte	0x6d7
 917 0515 1F050000 		.4byte	0x51f
 918 0519 11       		.uleb128 0x11
 919 051a 01       		.uleb128 0x1
 920 051b 50       		.byte	0x50
 921 051c 01       		.uleb128 0x1
 922 051d 30       		.byte	0x30
 923 051e 00       		.byte	0
 924 051f 13       		.uleb128 0x13
 925 0520 20000000 		.4byte	.LVL7
 926 0524 E2060000 		.4byte	0x6e2
 927 0528 32050000 		.4byte	0x532
 928 052c 11       		.uleb128 0x11
 929 052d 01       		.uleb128 0x1
 930 052e 50       		.byte	0x50
 931 052f 01       		.uleb128 0x1
 932 0530 31       		.byte	0x31
 933 0531 00       		.byte	0
 934 0532 13       		.uleb128 0x13
 935 0533 26000000 		.4byte	.LVL8
 936 0537 ED060000 		.4byte	0x6ed
 937 053b 45050000 		.4byte	0x545
 938 053f 11       		.uleb128 0x11
 939 0540 01       		.uleb128 0x1
 940 0541 50       		.byte	0x50
 941 0542 01       		.uleb128 0x1
 942 0543 30       		.byte	0x30
 943 0544 00       		.byte	0
ARM GAS  C:\Users\ADMINI~1\AppData\Local\Temp\ccN5pE43.s 			page 19


 944 0545 0F       		.uleb128 0xf
 945 0546 2A000000 		.4byte	.LVL9
 946 054a F8060000 		.4byte	0x6f8
 947 054e 13       		.uleb128 0x13
 948 054f 38000000 		.4byte	.LVL10
 949 0553 03070000 		.4byte	0x703
 950 0557 65050000 		.4byte	0x565
 951 055b 11       		.uleb128 0x11
 952 055c 01       		.uleb128 0x1
 953 055d 50       		.byte	0x50
 954 055e 05       		.uleb128 0x5
 955 055f 03       		.byte	0x3
 956 0560 00000000 		.4byte	InterruptHandler_Finger
 957 0564 00       		.byte	0
 958 0565 13       		.uleb128 0x13
 959 0566 3E000000 		.4byte	.LVL11
 960 056a 0E070000 		.4byte	0x70e
 961 056e 7C050000 		.4byte	0x57c
 962 0572 11       		.uleb128 0x11
 963 0573 01       		.uleb128 0x1
 964 0574 50       		.byte	0x50
 965 0575 05       		.uleb128 0x5
 966 0576 03       		.byte	0x3
 967 0577 00000000 		.4byte	InterruptHandler_PWM
 968 057b 00       		.byte	0
 969 057c 0F       		.uleb128 0xf
 970 057d 44000000 		.4byte	.LVL12
 971 0581 19070000 		.4byte	0x719
 972 0585 0F       		.uleb128 0xf
 973 0586 4C000000 		.4byte	.LVL13
 974 058a 25070000 		.4byte	0x725
 975 058e 0F       		.uleb128 0xf
 976 058f 50000000 		.4byte	.LVL14
 977 0593 30070000 		.4byte	0x730
 978 0597 0F       		.uleb128 0xf
 979 0598 56000000 		.4byte	.LVL15
 980 059c 3C070000 		.4byte	0x73c
 981 05a0 13       		.uleb128 0x13
 982 05a1 68000000 		.4byte	.LVL16
 983 05a5 47070000 		.4byte	0x747
 984 05a9 B8050000 		.4byte	0x5b8
 985 05ad 11       		.uleb128 0x11
 986 05ae 01       		.uleb128 0x1
 987 05af 51       		.byte	0x51
 988 05b0 01       		.uleb128 0x1
 989 05b1 34       		.byte	0x34
 990 05b2 11       		.uleb128 0x11
 991 05b3 01       		.uleb128 0x1
 992 05b4 52       		.byte	0x52
 993 05b5 01       		.uleb128 0x1
 994 05b6 35       		.byte	0x35
 995 05b7 00       		.byte	0
 996 05b8 0F       		.uleb128 0xf
 997 05b9 6E000000 		.4byte	.LVL17
 998 05bd 52070000 		.4byte	0x752
 999 05c1 13       		.uleb128 0x13
 1000 05c2 7C000000 		.4byte	.LVL18
ARM GAS  C:\Users\ADMINI~1\AppData\Local\Temp\ccN5pE43.s 			page 20


 1001 05c6 47070000 		.4byte	0x747
 1002 05ca D9050000 		.4byte	0x5d9
 1003 05ce 11       		.uleb128 0x11
 1004 05cf 01       		.uleb128 0x1
 1005 05d0 51       		.byte	0x51
 1006 05d1 01       		.uleb128 0x1
 1007 05d2 34       		.byte	0x34
 1008 05d3 11       		.uleb128 0x11
 1009 05d4 01       		.uleb128 0x1
 1010 05d5 52       		.byte	0x52
 1011 05d6 01       		.uleb128 0x1
 1012 05d7 35       		.byte	0x35
 1013 05d8 00       		.byte	0
 1014 05d9 0F       		.uleb128 0xf
 1015 05da 80000000 		.4byte	.LVL19
 1016 05de 5D070000 		.4byte	0x75d
 1017 05e2 0F       		.uleb128 0xf
 1018 05e3 8C000000 		.4byte	.LVL20
 1019 05e7 69070000 		.4byte	0x769
 1020 05eb 0F       		.uleb128 0xf
 1021 05ec 98000000 		.4byte	.LVL21
 1022 05f0 74070000 		.4byte	0x774
 1023 05f4 0F       		.uleb128 0xf
 1024 05f5 A4000000 		.4byte	.LVL22
 1025 05f9 7F070000 		.4byte	0x77f
 1026 05fd 0F       		.uleb128 0xf
 1027 05fe B0000000 		.4byte	.LVL23
 1028 0602 8A070000 		.4byte	0x78a
 1029 0606 0F       		.uleb128 0xf
 1030 0607 BC000000 		.4byte	.LVL24
 1031 060b 95070000 		.4byte	0x795
 1032 060f 00       		.byte	0
 1033 0610 14       		.uleb128 0x14
 1034 0611 21060000 		.4byte	0x621
 1035 0615 21060000 		.4byte	0x621
 1036 0619 15       		.uleb128 0x15
 1037 061a B5000000 		.4byte	0xb5
 1038 061e FF07     		.2byte	0x7ff
 1039 0620 00       		.byte	0
 1040 0621 16       		.uleb128 0x16
 1041 0622 81000000 		.4byte	0x81
 1042 0626 17       		.uleb128 0x17
 1043 0627 A40B0000 		.4byte	.LASF151
 1044 062b 08       		.byte	0x8
 1045 062c 83       		.byte	0x83
 1046 062d 31060000 		.4byte	0x631
 1047 0631 16       		.uleb128 0x16
 1048 0632 10060000 		.4byte	0x610
 1049 0636 17       		.uleb128 0x17
 1050 0637 1E000000 		.4byte	.LASF152
 1051 063b 07       		.byte	0x7
 1052 063c 1A       		.byte	0x1a
 1053 063d 62040000 		.4byte	0x462
 1054 0641 17       		.uleb128 0x17
 1055 0642 D10C0000 		.4byte	.LASF153
 1056 0646 07       		.byte	0x7
 1057 0647 1B       		.byte	0x1b
ARM GAS  C:\Users\ADMINI~1\AppData\Local\Temp\ccN5pE43.s 			page 21


 1058 0648 62040000 		.4byte	0x462
 1059 064c 17       		.uleb128 0x17
 1060 064d A20D0000 		.4byte	.LASF154
 1061 0651 07       		.byte	0x7
 1062 0652 1C       		.byte	0x1c
 1063 0653 62040000 		.4byte	0x462
 1064 0657 17       		.uleb128 0x17
 1065 0658 A9050000 		.4byte	.LASF155
 1066 065c 07       		.byte	0x7
 1067 065d 1D       		.byte	0x1d
 1068 065e 62040000 		.4byte	0x462
 1069 0662 17       		.uleb128 0x17
 1070 0663 C8100000 		.4byte	.LASF156
 1071 0667 07       		.byte	0x7
 1072 0668 1E       		.byte	0x1e
 1073 0669 62040000 		.4byte	0x462
 1074 066d 17       		.uleb128 0x17
 1075 066e 1E0E0000 		.4byte	.LASF157
 1076 0672 09       		.byte	0x9
 1077 0673 0B       		.byte	0xb
 1078 0674 81000000 		.4byte	0x81
 1079 0678 17       		.uleb128 0x17
 1080 0679 1C080000 		.4byte	.LASF158
 1081 067d 0A       		.byte	0xa
 1082 067e 0C       		.byte	0xc
 1083 067f 91030000 		.4byte	0x391
 1084 0683 18       		.uleb128 0x18
 1085 0684 B50F0000 		.4byte	.LASF159
 1086 0688 01       		.byte	0x1
 1087 0689 04       		.byte	0x4
 1088 068a 59030000 		.4byte	0x359
 1089 068e 05       		.uleb128 0x5
 1090 068f 03       		.byte	0x3
 1091 0690 00000000 		.4byte	bleApiResult
 1092 0694 19       		.uleb128 0x19
 1093 0695 A1050000 		.4byte	.LASF160
 1094 0699 A1050000 		.4byte	.LASF160
 1095 069d 07       		.byte	0x7
 1096 069e 28       		.byte	0x28
 1097 069f 1A       		.uleb128 0x1a
 1098 06a0 4F040000 		.4byte	.LASF161
 1099 06a4 4F040000 		.4byte	.LASF161
 1100 06a8 0B       		.byte	0xb
 1101 06a9 4701     		.2byte	0x147
 1102 06ab 19       		.uleb128 0x19
 1103 06ac D40D0000 		.4byte	.LASF162
 1104 06b0 D40D0000 		.4byte	.LASF162
 1105 06b4 0C       		.byte	0xc
 1106 06b5 28       		.byte	0x28
 1107 06b6 19       		.uleb128 0x19
 1108 06b7 2A0F0000 		.4byte	.LASF163
 1109 06bb 2A0F0000 		.4byte	.LASF163
 1110 06bf 0D       		.byte	0xd
 1111 06c0 33       		.byte	0x33
 1112 06c1 19       		.uleb128 0x19
 1113 06c2 8D070000 		.4byte	.LASF164
 1114 06c6 8D070000 		.4byte	.LASF164
ARM GAS  C:\Users\ADMINI~1\AppData\Local\Temp\ccN5pE43.s 			page 22


 1115 06ca 0E       		.byte	0xe
 1116 06cb 33       		.byte	0x33
 1117 06cc 19       		.uleb128 0x19
 1118 06cd 630F0000 		.4byte	.LASF165
 1119 06d1 630F0000 		.4byte	.LASF165
 1120 06d5 0F       		.byte	0xf
 1121 06d6 33       		.byte	0x33
 1122 06d7 19       		.uleb128 0x19
 1123 06d8 0E080000 		.4byte	.LASF166
 1124 06dc 0E080000 		.4byte	.LASF166
 1125 06e0 10       		.byte	0x10
 1126 06e1 33       		.byte	0x33
 1127 06e2 19       		.uleb128 0x19
 1128 06e3 9B070000 		.4byte	.LASF167
 1129 06e7 9B070000 		.4byte	.LASF167
 1130 06eb 11       		.byte	0x11
 1131 06ec 33       		.byte	0x33
 1132 06ed 19       		.uleb128 0x19
 1133 06ee 960E0000 		.4byte	.LASF168
 1134 06f2 960E0000 		.4byte	.LASF168
 1135 06f6 12       		.byte	0x12
 1136 06f7 33       		.byte	0x33
 1137 06f8 19       		.uleb128 0x19
 1138 06f9 5D0E0000 		.4byte	.LASF169
 1139 06fd 5D0E0000 		.4byte	.LASF169
 1140 0701 07       		.byte	0x7
 1141 0702 2A       		.byte	0x2a
 1142 0703 19       		.uleb128 0x19
 1143 0704 710F0000 		.4byte	.LASF170
 1144 0708 710F0000 		.4byte	.LASF170
 1145 070c 0C       		.byte	0xc
 1146 070d 18       		.byte	0x18
 1147 070e 19       		.uleb128 0x19
 1148 070f 46060000 		.4byte	.LASF171
 1149 0713 46060000 		.4byte	.LASF171
 1150 0717 13       		.byte	0x13
 1151 0718 18       		.byte	0x18
 1152 0719 1A       		.uleb128 0x1a
 1153 071a ED080000 		.4byte	.LASF172
 1154 071e ED080000 		.4byte	.LASF172
 1155 0722 14       		.byte	0x14
 1156 0723 6F02     		.2byte	0x26f
 1157 0725 19       		.uleb128 0x19
 1158 0726 A20E0000 		.4byte	.LASF173
 1159 072a A20E0000 		.4byte	.LASF173
 1160 072e 15       		.byte	0x15
 1161 072f 3B       		.byte	0x3b
 1162 0730 1A       		.uleb128 0x1a
 1163 0731 C2080000 		.4byte	.LASF174
 1164 0735 C2080000 		.4byte	.LASF174
 1165 0739 0B       		.byte	0xb
 1166 073a 3201     		.2byte	0x132
 1167 073c 19       		.uleb128 0x19
 1168 073d BF0B0000 		.4byte	.LASF175
 1169 0741 BF0B0000 		.4byte	.LASF175
 1170 0745 08       		.byte	0x8
 1171 0746 31       		.byte	0x31
ARM GAS  C:\Users\ADMINI~1\AppData\Local\Temp\ccN5pE43.s 			page 23


 1172 0747 19       		.uleb128 0x19
 1173 0748 EB0F0000 		.4byte	.LASF176
 1174 074c EB0F0000 		.4byte	.LASF176
 1175 0750 07       		.byte	0x7
 1176 0751 26       		.byte	0x26
 1177 0752 19       		.uleb128 0x19
 1178 0753 F9050000 		.4byte	.LASF177
 1179 0757 F9050000 		.4byte	.LASF177
 1180 075b 0A       		.byte	0xa
 1181 075c 13       		.byte	0x13
 1182 075d 1A       		.uleb128 0x1a
 1183 075e AA0A0000 		.4byte	.LASF178
 1184 0762 AA0A0000 		.4byte	.LASF178
 1185 0766 05       		.byte	0x5
 1186 0767 CF07     		.2byte	0x7cf
 1187 0769 19       		.uleb128 0x19
 1188 076a 7C020000 		.4byte	.LASF179
 1189 076e 7C020000 		.4byte	.LASF179
 1190 0772 16       		.byte	0x16
 1191 0773 29       		.byte	0x29
 1192 0774 19       		.uleb128 0x19
 1193 0775 A50A0000 		.4byte	.LASF180
 1194 0779 A50A0000 		.4byte	.LASF180
 1195 077d 17       		.byte	0x17
 1196 077e 0B       		.byte	0xb
 1197 077f 19       		.uleb128 0x19
 1198 0780 20040000 		.4byte	.LASF181
 1199 0784 20040000 		.4byte	.LASF181
 1200 0788 18       		.byte	0x18
 1201 0789 0A       		.byte	0xa
 1202 078a 19       		.uleb128 0x19
 1203 078b 8E110000 		.4byte	.LASF182
 1204 078f 8E110000 		.4byte	.LASF182
 1205 0793 19       		.byte	0x19
 1206 0794 0E       		.byte	0xe
 1207 0795 19       		.uleb128 0x19
 1208 0796 98050000 		.4byte	.LASF183
 1209 079a 98050000 		.4byte	.LASF183
 1210 079e 09       		.byte	0x9
 1211 079f 0D       		.byte	0xd
 1212 07a0 00       		.byte	0
 1213              		.section	.debug_abbrev,"",%progbits
 1214              	.Ldebug_abbrev0:
 1215 0000 01       		.uleb128 0x1
 1216 0001 11       		.uleb128 0x11
 1217 0002 01       		.byte	0x1
 1218 0003 25       		.uleb128 0x25
 1219 0004 0E       		.uleb128 0xe
 1220 0005 13       		.uleb128 0x13
 1221 0006 0B       		.uleb128 0xb
 1222 0007 03       		.uleb128 0x3
 1223 0008 0E       		.uleb128 0xe
 1224 0009 1B       		.uleb128 0x1b
 1225 000a 0E       		.uleb128 0xe
 1226 000b 55       		.uleb128 0x55
 1227 000c 17       		.uleb128 0x17
 1228 000d 11       		.uleb128 0x11
ARM GAS  C:\Users\ADMINI~1\AppData\Local\Temp\ccN5pE43.s 			page 24


 1229 000e 01       		.uleb128 0x1
 1230 000f 10       		.uleb128 0x10
 1231 0010 17       		.uleb128 0x17
 1232 0011 00       		.byte	0
 1233 0012 00       		.byte	0
 1234 0013 02       		.uleb128 0x2
 1235 0014 24       		.uleb128 0x24
 1236 0015 00       		.byte	0
 1237 0016 0B       		.uleb128 0xb
 1238 0017 0B       		.uleb128 0xb
 1239 0018 3E       		.uleb128 0x3e
 1240 0019 0B       		.uleb128 0xb
 1241 001a 03       		.uleb128 0x3
 1242 001b 0E       		.uleb128 0xe
 1243 001c 00       		.byte	0
 1244 001d 00       		.byte	0
 1245 001e 03       		.uleb128 0x3
 1246 001f 16       		.uleb128 0x16
 1247 0020 00       		.byte	0
 1248 0021 03       		.uleb128 0x3
 1249 0022 0E       		.uleb128 0xe
 1250 0023 3A       		.uleb128 0x3a
 1251 0024 0B       		.uleb128 0xb
 1252 0025 3B       		.uleb128 0x3b
 1253 0026 0B       		.uleb128 0xb
 1254 0027 49       		.uleb128 0x49
 1255 0028 13       		.uleb128 0x13
 1256 0029 00       		.byte	0
 1257 002a 00       		.byte	0
 1258 002b 04       		.uleb128 0x4
 1259 002c 24       		.uleb128 0x24
 1260 002d 00       		.byte	0
 1261 002e 0B       		.uleb128 0xb
 1262 002f 0B       		.uleb128 0xb
 1263 0030 3E       		.uleb128 0x3e
 1264 0031 0B       		.uleb128 0xb
 1265 0032 03       		.uleb128 0x3
 1266 0033 08       		.uleb128 0x8
 1267 0034 00       		.byte	0
 1268 0035 00       		.byte	0
 1269 0036 05       		.uleb128 0x5
 1270 0037 16       		.uleb128 0x16
 1271 0038 00       		.byte	0
 1272 0039 03       		.uleb128 0x3
 1273 003a 0E       		.uleb128 0xe
 1274 003b 3A       		.uleb128 0x3a
 1275 003c 0B       		.uleb128 0xb
 1276 003d 3B       		.uleb128 0x3b
 1277 003e 05       		.uleb128 0x5
 1278 003f 49       		.uleb128 0x49
 1279 0040 13       		.uleb128 0x13
 1280 0041 00       		.byte	0
 1281 0042 00       		.byte	0
 1282 0043 06       		.uleb128 0x6
 1283 0044 04       		.uleb128 0x4
 1284 0045 01       		.byte	0x1
 1285 0046 0B       		.uleb128 0xb
ARM GAS  C:\Users\ADMINI~1\AppData\Local\Temp\ccN5pE43.s 			page 25


 1286 0047 0B       		.uleb128 0xb
 1287 0048 49       		.uleb128 0x49
 1288 0049 13       		.uleb128 0x13
 1289 004a 3A       		.uleb128 0x3a
 1290 004b 0B       		.uleb128 0xb
 1291 004c 3B       		.uleb128 0x3b
 1292 004d 05       		.uleb128 0x5
 1293 004e 01       		.uleb128 0x1
 1294 004f 13       		.uleb128 0x13
 1295 0050 00       		.byte	0
 1296 0051 00       		.byte	0
 1297 0052 07       		.uleb128 0x7
 1298 0053 28       		.uleb128 0x28
 1299 0054 00       		.byte	0
 1300 0055 03       		.uleb128 0x3
 1301 0056 0E       		.uleb128 0xe
 1302 0057 1C       		.uleb128 0x1c
 1303 0058 0B       		.uleb128 0xb
 1304 0059 00       		.byte	0
 1305 005a 00       		.byte	0
 1306 005b 08       		.uleb128 0x8
 1307 005c 28       		.uleb128 0x28
 1308 005d 00       		.byte	0
 1309 005e 03       		.uleb128 0x3
 1310 005f 0E       		.uleb128 0xe
 1311 0060 1C       		.uleb128 0x1c
 1312 0061 05       		.uleb128 0x5
 1313 0062 00       		.byte	0
 1314 0063 00       		.byte	0
 1315 0064 09       		.uleb128 0x9
 1316 0065 04       		.uleb128 0x4
 1317 0066 01       		.byte	0x1
 1318 0067 0B       		.uleb128 0xb
 1319 0068 0B       		.uleb128 0xb
 1320 0069 49       		.uleb128 0x49
 1321 006a 13       		.uleb128 0x13
 1322 006b 3A       		.uleb128 0x3a
 1323 006c 0B       		.uleb128 0xb
 1324 006d 3B       		.uleb128 0x3b
 1325 006e 0B       		.uleb128 0xb
 1326 006f 01       		.uleb128 0x1
 1327 0070 13       		.uleb128 0x13
 1328 0071 00       		.byte	0
 1329 0072 00       		.byte	0
 1330 0073 0A       		.uleb128 0xa
 1331 0074 16       		.uleb128 0x16
 1332 0075 00       		.byte	0
 1333 0076 03       		.uleb128 0x3
 1334 0077 08       		.uleb128 0x8
 1335 0078 3A       		.uleb128 0x3a
 1336 0079 0B       		.uleb128 0xb
 1337 007a 3B       		.uleb128 0x3b
 1338 007b 0B       		.uleb128 0xb
 1339 007c 49       		.uleb128 0x49
 1340 007d 13       		.uleb128 0x13
 1341 007e 00       		.byte	0
 1342 007f 00       		.byte	0
ARM GAS  C:\Users\ADMINI~1\AppData\Local\Temp\ccN5pE43.s 			page 26


 1343 0080 0B       		.uleb128 0xb
 1344 0081 13       		.uleb128 0x13
 1345 0082 01       		.byte	0x1
 1346 0083 03       		.uleb128 0x3
 1347 0084 0E       		.uleb128 0xe
 1348 0085 0B       		.uleb128 0xb
 1349 0086 0B       		.uleb128 0xb
 1350 0087 3A       		.uleb128 0x3a
 1351 0088 0B       		.uleb128 0xb
 1352 0089 3B       		.uleb128 0x3b
 1353 008a 0B       		.uleb128 0xb
 1354 008b 01       		.uleb128 0x1
 1355 008c 13       		.uleb128 0x13
 1356 008d 00       		.byte	0
 1357 008e 00       		.byte	0
 1358 008f 0C       		.uleb128 0xc
 1359 0090 0D       		.uleb128 0xd
 1360 0091 00       		.byte	0
 1361 0092 03       		.uleb128 0x3
 1362 0093 0E       		.uleb128 0xe
 1363 0094 3A       		.uleb128 0x3a
 1364 0095 0B       		.uleb128 0xb
 1365 0096 3B       		.uleb128 0x3b
 1366 0097 0B       		.uleb128 0xb
 1367 0098 49       		.uleb128 0x49
 1368 0099 13       		.uleb128 0x13
 1369 009a 38       		.uleb128 0x38
 1370 009b 0B       		.uleb128 0xb
 1371 009c 00       		.byte	0
 1372 009d 00       		.byte	0
 1373 009e 0D       		.uleb128 0xd
 1374 009f 0D       		.uleb128 0xd
 1375 00a0 00       		.byte	0
 1376 00a1 03       		.uleb128 0x3
 1377 00a2 08       		.uleb128 0x8
 1378 00a3 3A       		.uleb128 0x3a
 1379 00a4 0B       		.uleb128 0xb
 1380 00a5 3B       		.uleb128 0x3b
 1381 00a6 0B       		.uleb128 0xb
 1382 00a7 49       		.uleb128 0x49
 1383 00a8 13       		.uleb128 0x13
 1384 00a9 38       		.uleb128 0x38
 1385 00aa 0B       		.uleb128 0xb
 1386 00ab 00       		.byte	0
 1387 00ac 00       		.byte	0
 1388 00ad 0E       		.uleb128 0xe
 1389 00ae 2E       		.uleb128 0x2e
 1390 00af 01       		.byte	0x1
 1391 00b0 3F       		.uleb128 0x3f
 1392 00b1 19       		.uleb128 0x19
 1393 00b2 03       		.uleb128 0x3
 1394 00b3 0E       		.uleb128 0xe
 1395 00b4 3A       		.uleb128 0x3a
 1396 00b5 0B       		.uleb128 0xb
 1397 00b6 3B       		.uleb128 0x3b
 1398 00b7 0B       		.uleb128 0xb
 1399 00b8 27       		.uleb128 0x27
ARM GAS  C:\Users\ADMINI~1\AppData\Local\Temp\ccN5pE43.s 			page 27


 1400 00b9 19       		.uleb128 0x19
 1401 00ba 11       		.uleb128 0x11
 1402 00bb 01       		.uleb128 0x1
 1403 00bc 12       		.uleb128 0x12
 1404 00bd 06       		.uleb128 0x6
 1405 00be 40       		.uleb128 0x40
 1406 00bf 18       		.uleb128 0x18
 1407 00c0 9742     		.uleb128 0x2117
 1408 00c2 19       		.uleb128 0x19
 1409 00c3 01       		.uleb128 0x1
 1410 00c4 13       		.uleb128 0x13
 1411 00c5 00       		.byte	0
 1412 00c6 00       		.byte	0
 1413 00c7 0F       		.uleb128 0xf
 1414 00c8 898201   		.uleb128 0x4109
 1415 00cb 00       		.byte	0
 1416 00cc 11       		.uleb128 0x11
 1417 00cd 01       		.uleb128 0x1
 1418 00ce 31       		.uleb128 0x31
 1419 00cf 13       		.uleb128 0x13
 1420 00d0 00       		.byte	0
 1421 00d1 00       		.byte	0
 1422 00d2 10       		.uleb128 0x10
 1423 00d3 898201   		.uleb128 0x4109
 1424 00d6 01       		.byte	0x1
 1425 00d7 11       		.uleb128 0x11
 1426 00d8 01       		.uleb128 0x1
 1427 00d9 31       		.uleb128 0x31
 1428 00da 13       		.uleb128 0x13
 1429 00db 00       		.byte	0
 1430 00dc 00       		.byte	0
 1431 00dd 11       		.uleb128 0x11
 1432 00de 8A8201   		.uleb128 0x410a
 1433 00e1 00       		.byte	0
 1434 00e2 02       		.uleb128 0x2
 1435 00e3 18       		.uleb128 0x18
 1436 00e4 9142     		.uleb128 0x2111
 1437 00e6 18       		.uleb128 0x18
 1438 00e7 00       		.byte	0
 1439 00e8 00       		.byte	0
 1440 00e9 12       		.uleb128 0x12
 1441 00ea 2E       		.uleb128 0x2e
 1442 00eb 01       		.byte	0x1
 1443 00ec 3F       		.uleb128 0x3f
 1444 00ed 19       		.uleb128 0x19
 1445 00ee 03       		.uleb128 0x3
 1446 00ef 0E       		.uleb128 0xe
 1447 00f0 3A       		.uleb128 0x3a
 1448 00f1 0B       		.uleb128 0xb
 1449 00f2 3B       		.uleb128 0x3b
 1450 00f3 0B       		.uleb128 0xb
 1451 00f4 27       		.uleb128 0x27
 1452 00f5 19       		.uleb128 0x19
 1453 00f6 49       		.uleb128 0x49
 1454 00f7 13       		.uleb128 0x13
 1455 00f8 8701     		.uleb128 0x87
 1456 00fa 19       		.uleb128 0x19
ARM GAS  C:\Users\ADMINI~1\AppData\Local\Temp\ccN5pE43.s 			page 28


 1457 00fb 11       		.uleb128 0x11
 1458 00fc 01       		.uleb128 0x1
 1459 00fd 12       		.uleb128 0x12
 1460 00fe 06       		.uleb128 0x6
 1461 00ff 40       		.uleb128 0x40
 1462 0100 18       		.uleb128 0x18
 1463 0101 9742     		.uleb128 0x2117
 1464 0103 19       		.uleb128 0x19
 1465 0104 01       		.uleb128 0x1
 1466 0105 13       		.uleb128 0x13
 1467 0106 00       		.byte	0
 1468 0107 00       		.byte	0
 1469 0108 13       		.uleb128 0x13
 1470 0109 898201   		.uleb128 0x4109
 1471 010c 01       		.byte	0x1
 1472 010d 11       		.uleb128 0x11
 1473 010e 01       		.uleb128 0x1
 1474 010f 31       		.uleb128 0x31
 1475 0110 13       		.uleb128 0x13
 1476 0111 01       		.uleb128 0x1
 1477 0112 13       		.uleb128 0x13
 1478 0113 00       		.byte	0
 1479 0114 00       		.byte	0
 1480 0115 14       		.uleb128 0x14
 1481 0116 01       		.uleb128 0x1
 1482 0117 01       		.byte	0x1
 1483 0118 49       		.uleb128 0x49
 1484 0119 13       		.uleb128 0x13
 1485 011a 01       		.uleb128 0x1
 1486 011b 13       		.uleb128 0x13
 1487 011c 00       		.byte	0
 1488 011d 00       		.byte	0
 1489 011e 15       		.uleb128 0x15
 1490 011f 21       		.uleb128 0x21
 1491 0120 00       		.byte	0
 1492 0121 49       		.uleb128 0x49
 1493 0122 13       		.uleb128 0x13
 1494 0123 2F       		.uleb128 0x2f
 1495 0124 05       		.uleb128 0x5
 1496 0125 00       		.byte	0
 1497 0126 00       		.byte	0
 1498 0127 16       		.uleb128 0x16
 1499 0128 26       		.uleb128 0x26
 1500 0129 00       		.byte	0
 1501 012a 49       		.uleb128 0x49
 1502 012b 13       		.uleb128 0x13
 1503 012c 00       		.byte	0
 1504 012d 00       		.byte	0
 1505 012e 17       		.uleb128 0x17
 1506 012f 34       		.uleb128 0x34
 1507 0130 00       		.byte	0
 1508 0131 03       		.uleb128 0x3
 1509 0132 0E       		.uleb128 0xe
 1510 0133 3A       		.uleb128 0x3a
 1511 0134 0B       		.uleb128 0xb
 1512 0135 3B       		.uleb128 0x3b
 1513 0136 0B       		.uleb128 0xb
ARM GAS  C:\Users\ADMINI~1\AppData\Local\Temp\ccN5pE43.s 			page 29


 1514 0137 49       		.uleb128 0x49
 1515 0138 13       		.uleb128 0x13
 1516 0139 3F       		.uleb128 0x3f
 1517 013a 19       		.uleb128 0x19
 1518 013b 3C       		.uleb128 0x3c
 1519 013c 19       		.uleb128 0x19
 1520 013d 00       		.byte	0
 1521 013e 00       		.byte	0
 1522 013f 18       		.uleb128 0x18
 1523 0140 34       		.uleb128 0x34
 1524 0141 00       		.byte	0
 1525 0142 03       		.uleb128 0x3
 1526 0143 0E       		.uleb128 0xe
 1527 0144 3A       		.uleb128 0x3a
 1528 0145 0B       		.uleb128 0xb
 1529 0146 3B       		.uleb128 0x3b
 1530 0147 0B       		.uleb128 0xb
 1531 0148 49       		.uleb128 0x49
 1532 0149 13       		.uleb128 0x13
 1533 014a 3F       		.uleb128 0x3f
 1534 014b 19       		.uleb128 0x19
 1535 014c 02       		.uleb128 0x2
 1536 014d 18       		.uleb128 0x18
 1537 014e 00       		.byte	0
 1538 014f 00       		.byte	0
 1539 0150 19       		.uleb128 0x19
 1540 0151 2E       		.uleb128 0x2e
 1541 0152 00       		.byte	0
 1542 0153 3F       		.uleb128 0x3f
 1543 0154 19       		.uleb128 0x19
 1544 0155 3C       		.uleb128 0x3c
 1545 0156 19       		.uleb128 0x19
 1546 0157 6E       		.uleb128 0x6e
 1547 0158 0E       		.uleb128 0xe
 1548 0159 03       		.uleb128 0x3
 1549 015a 0E       		.uleb128 0xe
 1550 015b 3A       		.uleb128 0x3a
 1551 015c 0B       		.uleb128 0xb
 1552 015d 3B       		.uleb128 0x3b
 1553 015e 0B       		.uleb128 0xb
 1554 015f 00       		.byte	0
 1555 0160 00       		.byte	0
 1556 0161 1A       		.uleb128 0x1a
 1557 0162 2E       		.uleb128 0x2e
 1558 0163 00       		.byte	0
 1559 0164 3F       		.uleb128 0x3f
 1560 0165 19       		.uleb128 0x19
 1561 0166 3C       		.uleb128 0x3c
 1562 0167 19       		.uleb128 0x19
 1563 0168 6E       		.uleb128 0x6e
 1564 0169 0E       		.uleb128 0xe
 1565 016a 03       		.uleb128 0x3
 1566 016b 0E       		.uleb128 0xe
 1567 016c 3A       		.uleb128 0x3a
 1568 016d 0B       		.uleb128 0xb
 1569 016e 3B       		.uleb128 0x3b
 1570 016f 05       		.uleb128 0x5
ARM GAS  C:\Users\ADMINI~1\AppData\Local\Temp\ccN5pE43.s 			page 30


 1571 0170 00       		.byte	0
 1572 0171 00       		.byte	0
 1573 0172 00       		.byte	0
 1574              		.section	.debug_aranges,"",%progbits
 1575 0000 2C000000 		.4byte	0x2c
 1576 0004 0200     		.2byte	0x2
 1577 0006 00000000 		.4byte	.Ldebug_info0
 1578 000a 04       		.byte	0x4
 1579 000b 00       		.byte	0
 1580 000c 0000     		.2byte	0
 1581 000e 0000     		.2byte	0
 1582 0010 00000000 		.4byte	.LFB36
 1583 0014 14000000 		.4byte	.LFE36-.LFB36
 1584 0018 00000000 		.4byte	.LFB37
 1585 001c 08000000 		.4byte	.LFE37-.LFB37
 1586 0020 00000000 		.4byte	.LFB38
 1587 0024 F0000000 		.4byte	.LFE38-.LFB38
 1588 0028 00000000 		.4byte	0
 1589 002c 00000000 		.4byte	0
 1590              		.section	.debug_ranges,"",%progbits
 1591              	.Ldebug_ranges0:
 1592 0000 00000000 		.4byte	.LFB36
 1593 0004 14000000 		.4byte	.LFE36
 1594 0008 00000000 		.4byte	.LFB37
 1595 000c 08000000 		.4byte	.LFE37
 1596 0010 00000000 		.4byte	.LFB38
 1597 0014 F0000000 		.4byte	.LFE38
 1598 0018 00000000 		.4byte	0
 1599 001c 00000000 		.4byte	0
 1600              		.section	.debug_line,"",%progbits
 1601              	.Ldebug_line0:
 1602 0000 C7020000 		.section	.debug_str,"MS",%progbits,1
 1602      02005402 
 1602      00000201 
 1602      FB0E0D00 
 1602      01010101 
 1603              	.LASF59:
 1604 0000 4359424C 		.ascii	"CYBLE_EVT_GATTC_READ_BLOB_RSP\000"
 1604      455F4556 
 1604      545F4741 
 1604      5454435F 
 1604      52454144 
 1605              	.LASF152:
 1606 001e 7063625F 		.ascii	"pcb_ZClockchain\000"
 1606      5A436C6F 
 1606      636B6368 
 1606      61696E00 
 1607              	.LASF186:
 1608 002e 443A5C43 		.ascii	"D:\\CYTEST\\MyELock\\eLock\\MyELock.cydsn\000"
 1608      59544553 
 1608      545C4D79 
 1608      454C6F63 
 1608      6B5C654C 
 1609              	.LASF81:
 1610 0054 4359424C 		.ascii	"CYBLE_EVT_L2CAP_CBFC_DATA_READ\000"
 1610      455F4556 
 1610      545F4C32 
ARM GAS  C:\Users\ADMINI~1\AppData\Local\Temp\ccN5pE43.s 			page 31


 1610      4341505F 
 1610      43424643 
 1611              	.LASF93:
 1612 0073 4359424C 		.ascii	"CYBLE_ERROR_MEMORY_ALLOCATION_FAILED\000"
 1612      455F4552 
 1612      524F525F 
 1612      4D454D4F 
 1612      52595F41 
 1613              	.LASF35:
 1614 0098 4359424C 		.ascii	"CYBLE_EVT_GAP_CONNECTION_UPDATE_COMPLETE\000"
 1614      455F4556 
 1614      545F4741 
 1614      505F434F 
 1614      4E4E4543 
 1615              	.LASF105:
 1616 00c1 4359424C 		.ascii	"CYBLE_ERROR_L2CAP_PSM_NOT_REGISTERED\000"
 1616      455F4552 
 1616      524F525F 
 1616      4C324341 
 1616      505F5053 
 1617              	.LASF114:
 1618 00e6 4359424C 		.ascii	"CYBLE_ERROR_UNSUPPORTED_FEATURE_OR_PARAMETER_VALUE\000"
 1618      455F4552 
 1618      524F525F 
 1618      554E5355 
 1618      50504F52 
 1619              	.LASF40:
 1620 0119 4359424C 		.ascii	"CYBLE_EVT_GAP_OOB_GENERATED_NOTIFICATION\000"
 1620      455F4556 
 1620      545F4741 
 1620      505F4F4F 
 1620      425F4745 
 1621              	.LASF130:
 1622 0142 63795F65 		.ascii	"cy_en_em_eeprom_status_t\000"
 1622      6E5F656D 
 1622      5F656570 
 1622      726F6D5F 
 1622      73746174 
 1623              	.LASF23:
 1624 015b 4359424C 		.ascii	"CYBLE_EVT_STACK_BUSY_STATUS\000"
 1624      455F4556 
 1624      545F5354 
 1624      41434B5F 
 1624      42555359 
 1625              	.LASF60:
 1626 0177 4359424C 		.ascii	"CYBLE_EVT_GATTC_READ_MULTI_RSP\000"
 1626      455F4556 
 1626      545F4741 
 1626      5454435F 
 1626      52454144 
 1627              	.LASF65:
 1628 0196 4359424C 		.ascii	"CYBLE_EVT_GATTS_EXEC_WRITE_REQ\000"
 1628      455F4556 
 1628      545F4741 
 1628      5454535F 
 1628      45584543 
 1629              	.LASF77:
ARM GAS  C:\Users\ADMINI~1\AppData\Local\Temp\ccN5pE43.s 			page 32


 1630 01b5 4359424C 		.ascii	"CYBLE_EVT_L2CAP_CBFC_CONN_IND\000"
 1630      455F4556 
 1630      545F4C32 
 1630      4341505F 
 1630      43424643 
 1631              	.LASF20:
 1632 01d3 4359424C 		.ascii	"CYBLE_EVT_TIMEOUT\000"
 1632      455F4556 
 1632      545F5449 
 1632      4D454F55 
 1632      5400
 1633              	.LASF4:
 1634 01e5 6C6F6E67 		.ascii	"long int\000"
 1634      20696E74 
 1634      00
 1635              	.LASF184:
 1636 01ee 474E5520 		.ascii	"GNU C11 5.4.1 20160609 (release) [ARM/embedded-5-br"
 1636      43313120 
 1636      352E342E 
 1636      31203230 
 1636      31363036 
 1637 0221 616E6368 		.ascii	"anch revision 237715] -mcpu=cortex-m0 -mthumb -g -O"
 1637      20726576 
 1637      6973696F 
 1637      6E203233 
 1637      37373135 
 1638 0254 67202D66 		.ascii	"g -ffunction-sections -ffat-lto-objects\000"
 1638      66756E63 
 1638      74696F6E 
 1638      2D736563 
 1638      74696F6E 
 1639              	.LASF179:
 1640 027c 5A436C6F 		.ascii	"ZClock_Chain\000"
 1640      636B5F43 
 1640      6861696E 
 1640      00
 1641              	.LASF133:
 1642 0289 6D644D4F 		.ascii	"mdMOTO_CCLOCK\000"
 1642      544F5F43 
 1642      434C4F43 
 1642      4B00
 1643              	.LASF7:
 1644 0297 6C6F6E67 		.ascii	"long long unsigned int\000"
 1644      206C6F6E 
 1644      6720756E 
 1644      7369676E 
 1644      65642069 
 1645              	.LASF94:
 1646 02ae 4359424C 		.ascii	"CYBLE_ERROR_INSUFFICIENT_RESOURCES\000"
 1646      455F4552 
 1646      524F525F 
 1646      494E5355 
 1646      46464943 
 1647              	.LASF22:
 1648 02d1 4359424C 		.ascii	"CYBLE_EVT_HCI_STATUS\000"
 1648      455F4556 
 1648      545F4843 
ARM GAS  C:\Users\ADMINI~1\AppData\Local\Temp\ccN5pE43.s 			page 33


 1648      495F5354 
 1648      41545553 
 1649              	.LASF36:
 1650 02e6 4359424C 		.ascii	"CYBLE_EVT_GAPC_SCAN_START_STOP\000"
 1650      455F4556 
 1650      545F4741 
 1650      50435F53 
 1650      43414E5F 
 1651              	.LASF85:
 1652 0305 4359424C 		.ascii	"CYBLE_EVT_PENDING_FLASH_WRITE\000"
 1652      455F4556 
 1652      545F5045 
 1652      4E44494E 
 1652      475F464C 
 1653              	.LASF10:
 1654 0323 75696E74 		.ascii	"uint32_t\000"
 1654      33325F74 
 1654      00
 1655              	.LASF132:
 1656 032c 6D644D4F 		.ascii	"mdMOTO_CLOCK\000"
 1656      544F5F43 
 1656      4C4F434B 
 1656      00
 1657              	.LASF150:
 1658 0339 496E7465 		.ascii	"InterruptHandler_Finger\000"
 1658      72727570 
 1658      7448616E 
 1658      646C6572 
 1658      5F46696E 
 1659              	.LASF102:
 1660 0351 4359424C 		.ascii	"CYBLE_ERROR_SEC_FAILED\000"
 1660      455F4552 
 1660      524F525F 
 1660      5345435F 
 1660      4641494C 
 1661              	.LASF33:
 1662 0368 4359424C 		.ascii	"CYBLE_EVT_GAP_DEVICE_DISCONNECTED\000"
 1662      455F4556 
 1662      545F4741 
 1662      505F4445 
 1662      56494345 
 1663              	.LASF34:
 1664 038a 4359424C 		.ascii	"CYBLE_EVT_GAP_ENCRYPT_CHANGE\000"
 1664      455F4556 
 1664      545F4741 
 1664      505F454E 
 1664      43525950 
 1665              	.LASF38:
 1666 03a7 4359424C 		.ascii	"CYBLE_EVT_GAP_NUMERIC_COMPARISON_REQUEST\000"
 1666      455F4556 
 1666      545F4741 
 1666      505F4E55 
 1666      4D455249 
 1667              	.LASF83:
 1668 03d0 4359424C 		.ascii	"CYBLE_EVT_L2CAP_CBFC_TX_CREDIT_IND\000"
 1668      455F4556 
 1668      545F4C32 
ARM GAS  C:\Users\ADMINI~1\AppData\Local\Temp\ccN5pE43.s 			page 34


 1668      4341505F 
 1668      43424643 
 1669              	.LASF6:
 1670 03f3 6C6F6E67 		.ascii	"long long int\000"
 1670      206C6F6E 
 1670      6720696E 
 1670      7400
 1671              	.LASF0:
 1672 0401 7369676E 		.ascii	"signed char\000"
 1672      65642063 
 1672      68617200 
 1673              	.LASF19:
 1674 040d 4359424C 		.ascii	"CYBLE_EVT_STACK_ON\000"
 1674      455F4556 
 1674      545F5354 
 1674      41434B5F 
 1674      4F4E00
 1675              	.LASF181:
 1676 0420 5A4D6F74 		.ascii	"ZMoto\000"
 1676      6F00
 1677              	.LASF12:
 1678 0426 75696E74 		.ascii	"uint32\000"
 1678      333200
 1679              	.LASF110:
 1680 042d 4359424C 		.ascii	"CYBLE_ERROR_DEVICE_ALREADY_EXISTS\000"
 1680      455F4552 
 1680      524F525F 
 1680      44455649 
 1680      43455F41 
 1681              	.LASF161:
 1682 044f 50574D5F 		.ascii	"PWM_ClearInterrupt\000"
 1682      436C6561 
 1682      72496E74 
 1682      65727275 
 1682      707400
 1683              	.LASF26:
 1684 0462 4359424C 		.ascii	"CYBLE_EVT_GAP_AUTH_REQ\000"
 1684      455F4556 
 1684      545F4741 
 1684      505F4155 
 1684      54485F52 
 1685              	.LASF129:
 1686 0479 43595F45 		.ascii	"CY_EM_EEPROM_WRITE_FAIL\000"
 1686      4D5F4545 
 1686      50524F4D 
 1686      5F575249 
 1686      54455F46 
 1687              	.LASF58:
 1688 0491 4359424C 		.ascii	"CYBLE_EVT_GATTC_READ_RSP\000"
 1688      455F4556 
 1688      545F4741 
 1688      5454435F 
 1688      52454144 
 1689              	.LASF122:
 1690 04aa 4359424C 		.ascii	"CYBLE_ERROR_INVALID_STATE\000"
 1690      455F4552 
 1690      524F525F 
ARM GAS  C:\Users\ADMINI~1\AppData\Local\Temp\ccN5pE43.s 			page 35


 1690      494E5641 
 1690      4C49445F 
 1691              	.LASF63:
 1692 04c4 4359424C 		.ascii	"CYBLE_EVT_GATTS_WRITE_CMD_REQ\000"
 1692      455F4556 
 1692      545F4741 
 1692      5454535F 
 1692      57524954 
 1693              	.LASF80:
 1694 04e2 4359424C 		.ascii	"CYBLE_EVT_L2CAP_CBFC_DISCONN_CNF\000"
 1694      455F4556 
 1694      545F4C32 
 1694      4341505F 
 1694      43424643 
 1695              	.LASF31:
 1696 0503 4359424C 		.ascii	"CYBLE_EVT_GAPP_ADVERTISEMENT_START_STOP\000"
 1696      455F4556 
 1696      545F4741 
 1696      50505F41 
 1696      44564552 
 1697              	.LASF108:
 1698 052b 4359424C 		.ascii	"CYBLE_ERROR_L2CAP_PSM_NOT_IN_RANGE\000"
 1698      455F4552 
 1698      524F525F 
 1698      4C324341 
 1698      505F5053 
 1699              	.LASF11:
 1700 054e 75696E74 		.ascii	"uint8\000"
 1700      3800
 1701              	.LASF66:
 1702 0554 4359424C 		.ascii	"CYBLE_EVT_GATTC_EXEC_WRITE_RSP\000"
 1702      455F4556 
 1702      545F4741 
 1702      5454435F 
 1702      45584543 
 1703              	.LASF14:
 1704 0573 646F7562 		.ascii	"double\000"
 1704      6C6500
 1705              	.LASF91:
 1706 057a 4359424C 		.ascii	"CYBLE_ERROR_INVALID_PARAMETER\000"
 1706      455F4552 
 1706      524F525F 
 1706      494E5641 
 1706      4C49445F 
 1707              	.LASF183:
 1708 0598 5A4D616E 		.ascii	"ZManager\000"
 1708      61676572 
 1708      00
 1709              	.LASF160:
 1710 05a1 5A57616B 		.ascii	"ZWakeup\000"
 1710      65757000 
 1711              	.LASF155:
 1712 05a9 7063625F 		.ascii	"pcb_ZManager\000"
 1712      5A4D616E 
 1712      61676572 
 1712      00
 1713              	.LASF89:
ARM GAS  C:\Users\ADMINI~1\AppData\Local\Temp\ccN5pE43.s 			page 36


 1714 05b6 4359424C 		.ascii	"CYBLE_EVT_MAX\000"
 1714      455F4556 
 1714      545F4D41 
 1714      5800
 1715              	.LASF90:
 1716 05c4 4359424C 		.ascii	"CYBLE_ERROR_OK\000"
 1716      455F4552 
 1716      524F525F 
 1716      4F4B00
 1717              	.LASF74:
 1718 05d3 4359424C 		.ascii	"CYBLE_EVT_L2CAP_CONN_PARAM_UPDATE_REQ\000"
 1718      455F4556 
 1718      545F4C32 
 1718      4341505F 
 1718      434F4E4E 
 1719              	.LASF177:
 1720 05f9 5053445F 		.ascii	"PSD_Restore\000"
 1720      52657374 
 1720      6F726500 
 1721              	.LASF84:
 1722 0605 4359424C 		.ascii	"CYBLE_EVT_L2CAP_CBFC_DATA_WRITE_IND\000"
 1722      455F4556 
 1722      545F4C32 
 1722      4341505F 
 1722      43424643 
 1723              	.LASF46:
 1724 0629 4359424C 		.ascii	"CYBLE_EVT_GAP_SCAN_REQ_RECVD\000"
 1724      455F4556 
 1724      545F4741 
 1724      505F5343 
 1724      414E5F52 
 1725              	.LASF171:
 1726 0646 4953525F 		.ascii	"ISR_PWM_StartEx\000"
 1726      50574D5F 
 1726      53746172 
 1726      74457800 
 1727              	.LASF71:
 1728 0656 4359424C 		.ascii	"CYBLE_EVT_GATTC_STOP_CMD_COMPLETE\000"
 1728      455F4556 
 1728      545F4741 
 1728      5454435F 
 1728      53544F50 
 1729              	.LASF143:
 1730 0678 626C6F63 		.ascii	"block\000"
 1730      6B00
 1731              	.LASF95:
 1732 067e 4359424C 		.ascii	"CYBLE_ERROR_OOB_NOT_AVAILABLE\000"
 1732      455F4552 
 1732      524F525F 
 1732      4F4F425F 
 1732      4E4F545F 
 1733              	.LASF86:
 1734 069c 4359424C 		.ascii	"CYBLE_EVT_LE_PING_AUTH_TIMEOUT\000"
 1734      455F4556 
 1734      545F4C45 
 1734      5F50494E 
 1734      475F4155 
ARM GAS  C:\Users\ADMINI~1\AppData\Local\Temp\ccN5pE43.s 			page 37


 1735              	.LASF104:
 1736 06bb 4359424C 		.ascii	"CYBLE_ERROR_L2CAP_PSM_ALREADY_REGISTERED\000"
 1736      455F4552 
 1736      524F525F 
 1736      4C324341 
 1736      505F5053 
 1737              	.LASF5:
 1738 06e4 6C6F6E67 		.ascii	"long unsigned int\000"
 1738      20756E73 
 1738      69676E65 
 1738      6420696E 
 1738      7400
 1739              	.LASF45:
 1740 06f6 4359424C 		.ascii	"CYBLE_EVT_GAP_CONN_ESTB\000"
 1740      455F4556 
 1740      545F4741 
 1740      505F434F 
 1740      4E4E5F45 
 1741              	.LASF61:
 1742 070e 4359424C 		.ascii	"CYBLE_EVT_GATTS_WRITE_REQ\000"
 1742      455F4556 
 1742      545F4741 
 1742      5454535F 
 1742      57524954 
 1743              	.LASF53:
 1744 0728 4359424C 		.ascii	"CYBLE_EVT_GATTC_XCHNG_MTU_RSP\000"
 1744      455F4556 
 1744      545F4741 
 1744      5454435F 
 1744      5843484E 
 1745              	.LASF70:
 1746 0746 4359424C 		.ascii	"CYBLE_EVT_GATTS_DATA_SIGNED_CMD_REQ\000"
 1746      455F4556 
 1746      545F4741 
 1746      5454535F 
 1746      44415441 
 1747              	.LASF73:
 1748 076a 4359424C 		.ascii	"CYBLE_EVT_GATTC_LONG_PROCEDURE_END\000"
 1748      455F4556 
 1748      545F4741 
 1748      5454435F 
 1748      4C4F4E47 
 1749              	.LASF164:
 1750 078d 4D4F544F 		.ascii	"MOTOR_B_Write\000"
 1750      525F425F 
 1750      57726974 
 1750      6500
 1751              	.LASF167:
 1752 079b 50696E5F 		.ascii	"Pin_G_Write\000"
 1752      475F5772 
 1752      69746500 
 1753              	.LASF119:
 1754 07a7 4359424C 		.ascii	"CYBLE_ERROR_NTF_DISABLED\000"
 1754      455F4552 
 1754      524F525F 
 1754      4E54465F 
 1754      44495341 
ARM GAS  C:\Users\ADMINI~1\AppData\Local\Temp\ccN5pE43.s 			page 38


 1755              	.LASF18:
 1756 07c0 4359424C 		.ascii	"CYBLE_EVT_HOST_INVALID\000"
 1756      455F4556 
 1756      545F484F 
 1756      53545F49 
 1756      4E56414C 
 1757              	.LASF56:
 1758 07d7 4359424C 		.ascii	"CYBLE_EVT_GATTC_FIND_INFO_RSP\000"
 1758      455F4556 
 1758      545F4741 
 1758      5454435F 
 1758      46494E44 
 1759              	.LASF24:
 1760 07f5 4359424C 		.ascii	"CYBLE_EVT_MEMORY_REQUEST\000"
 1760      455F4556 
 1760      545F4D45 
 1760      4D4F5259 
 1760      5F524551 
 1761              	.LASF166:
 1762 080e 4D4F544F 		.ascii	"MOTOR_D_Write\000"
 1762      525F445F 
 1762      57726974 
 1762      6500
 1763              	.LASF158:
 1764 081c 65657072 		.ascii	"eepromReturnValue\000"
 1764      6F6D5265 
 1764      7475726E 
 1764      56616C75 
 1764      6500
 1765              	.LASF106:
 1766 082e 4359424C 		.ascii	"CYBLE_ERROR_L2CAP_CONNECTION_ENTITY_NOT_FOUND\000"
 1766      455F4552 
 1766      524F525F 
 1766      4C324341 
 1766      505F434F 
 1767              	.LASF134:
 1768 085c 6D644449 		.ascii	"mdDIM\000"
 1768      4D00
 1769              	.LASF27:
 1770 0862 4359424C 		.ascii	"CYBLE_EVT_GAP_PASSKEY_ENTRY_REQUEST\000"
 1770      455F4556 
 1770      545F4741 
 1770      505F5041 
 1770      53534B45 
 1771              	.LASF32:
 1772 0886 4359424C 		.ascii	"CYBLE_EVT_GAP_DEVICE_CONNECTED\000"
 1772      455F4556 
 1772      545F4741 
 1772      505F4445 
 1772      56494345 
 1773              	.LASF97:
 1774 08a5 4359424C 		.ascii	"CYBLE_ERROR_NO_DEVICE_ENTITY\000"
 1774      455F4552 
 1774      524F525F 
 1774      4E4F5F44 
 1774      45564943 
 1775              	.LASF174:
ARM GAS  C:\Users\ADMINI~1\AppData\Local\Temp\ccN5pE43.s 			page 39


 1776 08c2 50574D5F 		.ascii	"PWM_Start\000"
 1776      53746172 
 1776      7400
 1777              	.LASF47:
 1778 08cc 4359424C 		.ascii	"CYBLE_EVT_GAP_AUTH_REQ_REPLY_ERR\000"
 1778      455F4556 
 1778      545F4741 
 1778      505F4155 
 1778      54485F52 
 1779              	.LASF172:
 1780 08ed 4379426C 		.ascii	"CyBle_Start\000"
 1780      655F5374 
 1780      61727400 
 1781              	.LASF28:
 1782 08f9 4359424C 		.ascii	"CYBLE_EVT_GAP_PASSKEY_DISPLAY_REQUEST\000"
 1782      455F4556 
 1782      545F4741 
 1782      505F5041 
 1782      53534B45 
 1783              	.LASF50:
 1784 091f 4359424C 		.ascii	"CYBLE_EVT_GATT_CONNECT_IND\000"
 1784      455F4556 
 1784      545F4741 
 1784      54545F43 
 1784      4F4E4E45 
 1785              	.LASF76:
 1786 093a 4359424C 		.ascii	"CYBLE_EVT_L2CAP_COMMAND_REJ\000"
 1786      455F4556 
 1786      545F4C32 
 1786      4341505F 
 1786      434F4D4D 
 1787              	.LASF25:
 1788 0956 4359424C 		.ascii	"CYBLE_EVT_GAPC_SCAN_PROGRESS_RESULT\000"
 1788      455F4556 
 1788      545F4741 
 1788      50435F53 
 1788      43414E5F 
 1789              	.LASF126:
 1790 097a 43595F45 		.ascii	"CY_EM_EEPROM_BAD_PARAM\000"
 1790      4D5F4545 
 1790      50524F4D 
 1790      5F424144 
 1790      5F504152 
 1791              	.LASF48:
 1792 0991 4359424C 		.ascii	"CYBLE_EVT_GAP_SMP_LOC_P256_KEYS_GEN_AND_SET_COMPLET"
 1792      455F4556 
 1792      545F4741 
 1792      505F534D 
 1792      505F4C4F 
 1793 09c4 4500     		.ascii	"E\000"
 1794              	.LASF118:
 1795 09c6 4359424C 		.ascii	"CYBLE_ERROR_MAX\000"
 1795      455F4552 
 1795      524F525F 
 1795      4D415800 
 1796              	.LASF127:
 1797 09d6 43595F45 		.ascii	"CY_EM_EEPROM_BAD_CHECKSUM\000"
ARM GAS  C:\Users\ADMINI~1\AppData\Local\Temp\ccN5pE43.s 			page 40


 1797      4D5F4545 
 1797      50524F4D 
 1797      5F424144 
 1797      5F434845 
 1798              	.LASF55:
 1799 09f0 4359424C 		.ascii	"CYBLE_EVT_GATTC_READ_BY_TYPE_RSP\000"
 1799      455F4556 
 1799      545F4741 
 1799      5454435F 
 1799      52454144 
 1800              	.LASF135:
 1801 0a11 6D644265 		.ascii	"mdBeep\000"
 1801      657000
 1802              	.LASF17:
 1803 0a18 73697A65 		.ascii	"sizetype\000"
 1803      74797065 
 1803      00
 1804              	.LASF136:
 1805 0a21 6D644D42 		.ascii	"mdMBle\000"
 1805      6C6500
 1806              	.LASF30:
 1807 0a28 4359424C 		.ascii	"CYBLE_EVT_GAP_AUTH_FAILED\000"
 1807      455F4556 
 1807      545F4741 
 1807      505F4155 
 1807      54485F46 
 1808              	.LASF62:
 1809 0a42 4359424C 		.ascii	"CYBLE_EVT_GATTC_WRITE_RSP\000"
 1809      455F4556 
 1809      545F4741 
 1809      5454435F 
 1809      57524954 
 1810              	.LASF43:
 1811 0a5c 4359424C 		.ascii	"CYBLE_EVT_GAPC_DIRECT_ADV_REPORT\000"
 1811      455F4556 
 1811      545F4741 
 1811      50435F44 
 1811      49524543 
 1812              	.LASF131:
 1813 0a7d 6D644E6F 		.ascii	"mdNone\000"
 1813      6E6500
 1814              	.LASF41:
 1815 0a84 4359424C 		.ascii	"CYBLE_EVT_GAP_DATA_LENGTH_CHANGE\000"
 1815      455F4556 
 1815      545F4741 
 1815      505F4441 
 1815      54415F4C 
 1816              	.LASF180:
 1817 0aa5 5A4B6579 		.ascii	"ZKey\000"
 1817      00
 1818              	.LASF178:
 1819 0aaa 4379426C 		.ascii	"CyBle_ProcessEvents\000"
 1819      655F5072 
 1819      6F636573 
 1819      73457665 
 1819      6E747300 
 1820              	.LASF29:
ARM GAS  C:\Users\ADMINI~1\AppData\Local\Temp\ccN5pE43.s 			page 41


 1821 0abe 4359424C 		.ascii	"CYBLE_EVT_GAP_AUTH_COMPLETE\000"
 1821      455F4556 
 1821      545F4741 
 1821      505F4155 
 1821      54485F43 
 1822              	.LASF124:
 1823 0ada 4359424C 		.ascii	"CYBLE_API_RESULT_T\000"
 1823      455F4150 
 1823      495F5245 
 1823      53554C54 
 1823      5F5400
 1824              	.LASF67:
 1825 0aed 4359424C 		.ascii	"CYBLE_EVT_GATTC_HANDLE_VALUE_NTF\000"
 1825      455F4556 
 1825      545F4741 
 1825      5454435F 
 1825      48414E44 
 1826              	.LASF120:
 1827 0b0e 4359424C 		.ascii	"CYBLE_ERROR_IND_DISABLED\000"
 1827      455F4552 
 1827      524F525F 
 1827      494E445F 
 1827      44495341 
 1828              	.LASF148:
 1829 0b27 7063625F 		.ascii	"pcb_def\000"
 1829      64656600 
 1830              	.LASF82:
 1831 0b2f 4359424C 		.ascii	"CYBLE_EVT_L2CAP_CBFC_RX_CREDIT_IND\000"
 1831      455F4556 
 1831      545F4C32 
 1831      4341505F 
 1831      43424643 
 1832              	.LASF185:
 1833 0b52 6D61696E 		.ascii	"main.c\000"
 1833      2E6300
 1834              	.LASF78:
 1835 0b59 4359424C 		.ascii	"CYBLE_EVT_L2CAP_CBFC_CONN_CNF\000"
 1835      455F4556 
 1835      545F4C32 
 1835      4341505F 
 1835      43424643 
 1836              	.LASF54:
 1837 0b77 4359424C 		.ascii	"CYBLE_EVT_GATTC_READ_BY_GROUP_TYPE_RSP\000"
 1837      455F4556 
 1837      545F4741 
 1837      5454435F 
 1837      52454144 
 1838              	.LASF13:
 1839 0b9e 666C6F61 		.ascii	"float\000"
 1839      7400
 1840              	.LASF151:
 1841 0ba4 456D5F45 		.ascii	"Em_EEPROM_em_EepromStorage\000"
 1841      4550524F 
 1841      4D5F656D 
 1841      5F456570 
 1841      726F6D53 
 1842              	.LASF175:
ARM GAS  C:\Users\ADMINI~1\AppData\Local\Temp\ccN5pE43.s 			page 42


 1843 0bbf 456D5F45 		.ascii	"Em_EEPROM_Init\000"
 1843      4550524F 
 1843      4D5F496E 
 1843      697400
 1844              	.LASF128:
 1845 0bce 43595F45 		.ascii	"CY_EM_EEPROM_BAD_DATA\000"
 1845      4D5F4545 
 1845      50524F4D 
 1845      5F424144 
 1845      5F444154 
 1846              	.LASF100:
 1847 0be4 4359424C 		.ascii	"CYBLE_ERROR_TX_POWER_READ\000"
 1847      455F4552 
 1847      524F525F 
 1847      54585F50 
 1847      4F574552 
 1848              	.LASF121:
 1849 0bfe 4359424C 		.ascii	"CYBLE_ERROR_CHAR_IS_NOT_DISCOVERED\000"
 1849      455F4552 
 1849      524F525F 
 1849      43484152 
 1849      5F49535F 
 1850              	.LASF138:
 1851 0c21 6D644B65 		.ascii	"mdKeyScan\000"
 1851      79536361 
 1851      6E00
 1852              	.LASF1:
 1853 0c2b 756E7369 		.ascii	"unsigned char\000"
 1853      676E6564 
 1853      20636861 
 1853      7200
 1854              	.LASF39:
 1855 0c39 4359424C 		.ascii	"CYBLE_EVT_GAP_KEYPRESS_NOTIFICATION\000"
 1855      455F4556 
 1855      545F4741 
 1855      505F4B45 
 1855      59505245 
 1856              	.LASF146:
 1857 0c5d 73746570 		.ascii	"step\000"
 1857      00
 1858              	.LASF2:
 1859 0c62 73686F72 		.ascii	"short int\000"
 1859      7420696E 
 1859      7400
 1860              	.LASF68:
 1861 0c6c 4359424C 		.ascii	"CYBLE_EVT_GATTC_HANDLE_VALUE_IND\000"
 1861      455F4556 
 1861      545F4741 
 1861      5454435F 
 1861      48414E44 
 1862              	.LASF87:
 1863 0c8d 4359424C 		.ascii	"CYBLE_EVT_HCI_PKT\000"
 1863      455F4556 
 1863      545F4843 
 1863      495F504B 
 1863      5400
 1864              	.LASF96:
ARM GAS  C:\Users\ADMINI~1\AppData\Local\Temp\ccN5pE43.s 			page 43


 1865 0c9f 4359424C 		.ascii	"CYBLE_ERROR_NO_CONNECTION\000"
 1865      455F4552 
 1865      524F525F 
 1865      4E4F5F43 
 1865      4F4E4E45 
 1866              	.LASF115:
 1867 0cb9 4359424C 		.ascii	"CYBLE_ERROR_FLASH_WRITE\000"
 1867      455F4552 
 1867      524F525F 
 1867      464C4153 
 1867      485F5752 
 1868              	.LASF153:
 1869 0cd1 7063625F 		.ascii	"pcb_ZMoto\000"
 1869      5A4D6F74 
 1869      6F00
 1870              	.LASF64:
 1871 0cdb 4359424C 		.ascii	"CYBLE_EVT_GATTS_PREP_WRITE_REQ\000"
 1871      455F4556 
 1871      545F4741 
 1871      5454535F 
 1871      50524550 
 1872              	.LASF149:
 1873 0cfa 496E7465 		.ascii	"InterruptHandler_PWM\000"
 1873      72727570 
 1873      7448616E 
 1873      646C6572 
 1873      5F50574D 
 1874              	.LASF187:
 1875 0d0f 74616770 		.ascii	"tagpcb\000"
 1875      636200
 1876              	.LASF116:
 1877 0d16 4359424C 		.ascii	"CYBLE_ERROR_LL_SAME_TRANSACTION_COLLISION\000"
 1877      455F4552 
 1877      524F525F 
 1877      4C4C5F53 
 1877      414D455F 
 1878              	.LASF69:
 1879 0d40 4359424C 		.ascii	"CYBLE_EVT_GATTS_HANDLE_VALUE_CNF\000"
 1879      455F4556 
 1879      545F4741 
 1879      5454535F 
 1879      48414E44 
 1880              	.LASF49:
 1881 0d61 4359424C 		.ascii	"CYBLE_EVT_GATTC_ERROR_RSP\000"
 1881      455F4556 
 1881      545F4741 
 1881      5454435F 
 1881      4552524F 
 1882              	.LASF44:
 1883 0d7b 4359424C 		.ascii	"CYBLE_EVT_GAP_SMP_NEGOTIATED_AUTH_INFO\000"
 1883      455F4556 
 1883      545F4741 
 1883      505F534D 
 1883      505F4E45 
 1884              	.LASF154:
 1885 0da2 7063625F 		.ascii	"pcb_ZBeep\000"
 1885      5A426565 
ARM GAS  C:\Users\ADMINI~1\AppData\Local\Temp\ccN5pE43.s 			page 44


 1885      7000
 1886              	.LASF123:
 1887 0dac 4359424C 		.ascii	"CYBLE_ERROR_STACK_BUSY\000"
 1887      455F4552 
 1887      524F525F 
 1887      53544143 
 1887      4B5F4255 
 1888              	.LASF16:
 1889 0dc3 6C6F6E67 		.ascii	"long double\000"
 1889      20646F75 
 1889      626C6500 
 1890              	.LASF15:
 1891 0dcf 63686172 		.ascii	"char\000"
 1891      00
 1892              	.LASF162:
 1893 0dd4 4953525F 		.ascii	"ISR_Finger_ClearPending\000"
 1893      46696E67 
 1893      65725F43 
 1893      6C656172 
 1893      50656E64 
 1894              	.LASF101:
 1895 0dec 4359424C 		.ascii	"CYBLE_ERROR_BT_ON_NOT_COMPLETED\000"
 1895      455F4552 
 1895      524F525F 
 1895      42545F4F 
 1895      4E5F4E4F 
 1896              	.LASF145:
 1897 0e0c 6D6F6465 		.ascii	"mode\000"
 1897      00
 1898              	.LASF8:
 1899 0e11 756E7369 		.ascii	"unsigned int\000"
 1899      676E6564 
 1899      20696E74 
 1899      00
 1900              	.LASF157:
 1901 0e1e 6B657942 		.ascii	"keyBufferIndex\000"
 1901      75666665 
 1901      72496E64 
 1901      657800
 1902              	.LASF72:
 1903 0e2d 4359424C 		.ascii	"CYBLE_EVT_GATTS_READ_CHAR_VAL_ACCESS_REQ\000"
 1903      455F4556 
 1903      545F4741 
 1903      5454535F 
 1903      52454144 
 1904              	.LASF137:
 1905 0e56 6D644D4B 		.ascii	"mdMKey\000"
 1905      657900
 1906              	.LASF169:
 1907 0e5d 5A706362 		.ascii	"ZpcbInit\000"
 1907      496E6974 
 1907      00
 1908              	.LASF9:
 1909 0e66 5F5F7569 		.ascii	"__uint32_t\000"
 1909      6E743332 
 1909      5F7400
 1910              	.LASF111:
ARM GAS  C:\Users\ADMINI~1\AppData\Local\Temp\ccN5pE43.s 			page 45


 1911 0e71 4359424C 		.ascii	"CYBLE_ERROR_FLASH_WRITE_NOT_PERMITED\000"
 1911      455F4552 
 1911      524F525F 
 1911      464C4153 
 1911      485F5752 
 1912              	.LASF168:
 1913 0e96 50696E5F 		.ascii	"Pin_B_Write\000"
 1913      425F5772 
 1913      69746500 
 1914              	.LASF173:
 1915 0ea2 43617053 		.ascii	"CapSense_Start\000"
 1915      656E7365 
 1915      5F537461 
 1915      727400
 1916              	.LASF21:
 1917 0eb1 4359424C 		.ascii	"CYBLE_EVT_HARDWARE_ERROR\000"
 1917      455F4556 
 1917      545F4841 
 1917      52445741 
 1917      52455F45 
 1918              	.LASF3:
 1919 0eca 73686F72 		.ascii	"short unsigned int\000"
 1919      7420756E 
 1919      7369676E 
 1919      65642069 
 1919      6E7400
 1920              	.LASF140:
 1921 0edd 64657374 		.ascii	"destroy\000"
 1921      726F7900 
 1922              	.LASF57:
 1923 0ee5 4359424C 		.ascii	"CYBLE_EVT_GATTC_FIND_BY_TYPE_VALUE_RSP\000"
 1923      455F4556 
 1923      545F4741 
 1923      5454435F 
 1923      46494E44 
 1924              	.LASF92:
 1925 0f0c 4359424C 		.ascii	"CYBLE_ERROR_INVALID_OPERATION\000"
 1925      455F4552 
 1925      524F525F 
 1925      494E5641 
 1925      4C49445F 
 1926              	.LASF163:
 1927 0f2a 4D4F544F 		.ascii	"MOTOR_A_Write\000"
 1927      525F415F 
 1927      57726974 
 1927      6500
 1928              	.LASF52:
 1929 0f38 4359424C 		.ascii	"CYBLE_EVT_GATTS_XCNHG_MTU_REQ\000"
 1929      455F4556 
 1929      545F4741 
 1929      5454535F 
 1929      58434E48 
 1930              	.LASF147:
 1931 0f56 6379636C 		.ascii	"cycle\000"
 1931      6500
 1932              	.LASF144:
 1933 0f5c 73746174 		.ascii	"status\000"
ARM GAS  C:\Users\ADMINI~1\AppData\Local\Temp\ccN5pE43.s 			page 46


 1933      757300
 1934              	.LASF165:
 1935 0f63 4D4F544F 		.ascii	"MOTOR_C_Write\000"
 1935      525F435F 
 1935      57726974 
 1935      6500
 1936              	.LASF170:
 1937 0f71 4953525F 		.ascii	"ISR_Finger_StartEx\000"
 1937      46696E67 
 1937      65725F53 
 1937      74617274 
 1937      457800
 1938              	.LASF125:
 1939 0f84 43595F45 		.ascii	"CY_EM_EEPROM_SUCCESS\000"
 1939      4D5F4545 
 1939      50524F4D 
 1939      5F535543 
 1939      43455353 
 1940              	.LASF117:
 1941 0f99 4359424C 		.ascii	"CYBLE_ERROR_CONTROLLER_BUSY\000"
 1941      455F4552 
 1941      524F525F 
 1941      434F4E54 
 1941      524F4C4C 
 1942              	.LASF159:
 1943 0fb5 626C6541 		.ascii	"bleApiResult\000"
 1943      70695265 
 1943      73756C74 
 1943      00
 1944              	.LASF112:
 1945 0fc2 4359424C 		.ascii	"CYBLE_ERROR_MIC_AUTH_FAILED\000"
 1945      455F4552 
 1945      524F525F 
 1945      4D49435F 
 1945      41555448 
 1946              	.LASF142:
 1947 0fde 65786375 		.ascii	"excute\000"
 1947      746500
 1948              	.LASF141:
 1949 0fe5 72656164 		.ascii	"ready\000"
 1949      7900
 1950              	.LASF176:
 1951 0feb 5A437265 		.ascii	"ZCreate\000"
 1951      61746500 
 1952              	.LASF139:
 1953 0ff3 6D645072 		.ascii	"mdProx\000"
 1953      6F7800
 1954              	.LASF99:
 1955 0ffa 4359424C 		.ascii	"CYBLE_ERROR_GAP_ROLE\000"
 1955      455F4552 
 1955      524F525F 
 1955      4741505F 
 1955      524F4C45 
 1956              	.LASF37:
 1957 100f 4359424C 		.ascii	"CYBLE_EVT_GAP_KEYINFO_EXCHNGE_CMPLT\000"
 1957      455F4556 
 1957      545F4741 
ARM GAS  C:\Users\ADMINI~1\AppData\Local\Temp\ccN5pE43.s 			page 47


 1957      505F4B45 
 1957      59494E46 
 1958              	.LASF79:
 1959 1033 4359424C 		.ascii	"CYBLE_EVT_L2CAP_CBFC_DISCONN_IND\000"
 1959      455F4556 
 1959      545F4C32 
 1959      4341505F 
 1959      43424643 
 1960              	.LASF107:
 1961 1054 4359424C 		.ascii	"CYBLE_ERROR_L2CAP_CHANNEL_NOT_FOUND\000"
 1961      455F4552 
 1961      524F525F 
 1961      4C324341 
 1961      505F4348 
 1962              	.LASF75:
 1963 1078 4359424C 		.ascii	"CYBLE_EVT_L2CAP_CONN_PARAM_UPDATE_RSP\000"
 1963      455F4556 
 1963      545F4C32 
 1963      4341505F 
 1963      434F4E4E 
 1964              	.LASF103:
 1965 109e 4359424C 		.ascii	"CYBLE_ERROR_L2CAP_PSM_WRONG_ENCODING\000"
 1965      455F4552 
 1965      524F525F 
 1965      4C324341 
 1965      505F5053 
 1966              	.LASF188:
 1967 10c3 6D61696E 		.ascii	"main\000"
 1967      00
 1968              	.LASF156:
 1969 10c8 7063625F 		.ascii	"pcb_ZKey\000"
 1969      5A4B6579 
 1969      00
 1970              	.LASF42:
 1971 10d1 4359424C 		.ascii	"CYBLE_EVT_GAP_ENHANCE_CONN_COMPLETE\000"
 1971      455F4556 
 1971      545F4741 
 1971      505F454E 
 1971      48414E43 
 1972              	.LASF51:
 1973 10f5 4359424C 		.ascii	"CYBLE_EVT_GATT_DISCONNECT_IND\000"
 1973      455F4556 
 1973      545F4741 
 1973      54545F44 
 1973      4953434F 
 1974              	.LASF109:
 1975 1113 4359424C 		.ascii	"CYBLE_ERROR_GATT_DB_INVALID_ATTR_HANDLE\000"
 1975      455F4552 
 1975      524F525F 
 1975      47415454 
 1975      5F44425F 
 1976              	.LASF88:
 1977 113b 4359424C 		.ascii	"CYBLE_EVT_FLASH_CORRUPT\000"
 1977      455F4556 
 1977      545F464C 
 1977      4153485F 
 1977      434F5252 
ARM GAS  C:\Users\ADMINI~1\AppData\Local\Temp\ccN5pE43.s 			page 48


 1978              	.LASF113:
 1979 1153 4359424C 		.ascii	"CYBLE_ERROR_HARDWARE_FAILURE\000"
 1979      455F4552 
 1979      524F525F 
 1979      48415244 
 1979      57415245 
 1980              	.LASF98:
 1981 1170 4359424C 		.ascii	"CYBLE_ERROR_REPEATED_ATTEMPTS\000"
 1981      455F4552 
 1981      524F525F 
 1981      52455045 
 1981      41544544 
 1982              	.LASF182:
 1983 118e 5A426565 		.ascii	"ZBeep\000"
 1983      7000
 1984              		.ident	"GCC: (GNU Tools for ARM Embedded Processors) 5.4.1 20160609 (release) [ARM/embedded-5-bran
