--------------- Build Started: 12/20/2018 21:11:24 Project: MyELock, Configuration: ARM GCC 5.4-2016-q2-update Debug ---------------
The code generation step is up to date.
arm-none-eabi-gcc.exe -mcpu=cortex-m0 -mthumb -I. -IGenerated_Source\PSoC4 -Wa,-alh=.\CortexM0\ARM_GCC_541\Debug/main.lst -g -D DEBUG -D CY_CORE_ID=0 -Wall -ffunction-sections -ffat-lto-objects -Og -c main.c -o .\CortexM0\ARM_GCC_541\Debug\main.o
In file included from main.c:2:0:
zmain.h:7:1: warning: multi-line comment [-Wcomment]
 //#define RED \
 ^
zmain.h:11:1: warning: multi-line comment [-Wcomment]
 //#define GREEN \
 ^
zmain.h:15:1: warning: multi-line comment [-Wcomment]
 //#define DIM \
 ^
arm-none-eabi-gcc.exe -mcpu=cortex-m0 -mthumb -I. -IGenerated_Source\PSoC4 -Wa,-alh=.\CortexM0\ARM_GCC_541\Debug/ztimer.lst -g -D DEBUG -D CY_CORE_ID=0 -Wall -ffunction-sections -ffat-lto-objects -Og -c ztimer.c -o .\CortexM0\ARM_GCC_541\Debug\ztimer.o
In file included from ztimer.c:1:0:
zmain.h:7:1: warning: multi-line comment [-Wcomment]
 //#define RED \
 ^
zmain.h:11:1: warning: multi-line comment [-Wcomment]
 //#define GREEN \
 ^
zmain.h:15:1: warning: multi-line comment [-Wcomment]
 //#define DIM \
 ^
arm-none-eabi-gcc.exe -mcpu=cortex-m0 -mthumb -I. -IGenerated_Source\PSoC4 -Wa,-alh=.\CortexM0\ARM_GCC_541\Debug/zmoto.lst -g -D DEBUG -D CY_CORE_ID=0 -Wall -ffunction-sections -ffat-lto-objects -Og -c zmoto.c -o .\CortexM0\ARM_GCC_541\Debug\zmoto.o
In file included from zmoto.c:2:0:
zmain.h:7:1: warning: multi-line comment [-Wcomment]
 //#define RED \
 ^
zmain.h:11:1: warning: multi-line comment [-Wcomment]
 //#define GREEN \
 ^
zmain.h:15:1: warning: multi-line comment [-Wcomment]
 //#define DIM \
 ^
arm-none-eabi-gcc.exe -mcpu=cortex-m0 -mthumb -I. -IGenerated_Source\PSoC4 -Wa,-alh=.\CortexM0\ARM_GCC_541\Debug/zbeep.lst -g -D DEBUG -D CY_CORE_ID=0 -Wall -ffunction-sections -ffat-lto-objects -Og -c zbeep.c -o .\CortexM0\ARM_GCC_541\Debug\zbeep.o
In file included from zbeep.c:2:0:
zmain.h:7:1: warning: multi-line comment [-Wcomment]
 //#define RED \
 ^
zmain.h:11:1: warning: multi-line comment [-Wcomment]
 //#define GREEN \
 ^
zmain.h:15:1: warning: multi-line comment [-Wcomment]
 //#define DIM \
 ^
arm-none-eabi-gcc.exe -mcpu=cortex-m0 -mthumb -I. -IGenerated_Source\PSoC4 -Wa,-alh=.\CortexM0\ARM_GCC_541\Debug/zble.lst -g -D DEBUG -D CY_CORE_ID=0 -Wall -ffunction-sections -ffat-lto-objects -Og -c zble.c -o .\CortexM0\ARM_GCC_541\Debug\zble.o
In file included from zble.c:13:0:
zmain.h:7:1: warning: multi-line comment [-Wcomment]
 //#define RED \
 ^
zmain.h:11:1: warning: multi-line comment [-Wcomment]
 //#define GREEN \
 ^
zmain.h:15:1: warning: multi-line comment [-Wcomment]
 //#define DIM \
 ^
arm-none-eabi-gcc.exe -mcpu=cortex-m0 -mthumb -I. -IGenerated_Source\PSoC4 -Wa,-alh=.\CortexM0\ARM_GCC_541\Debug/zmanager.lst -g -D DEBUG -D CY_CORE_ID=0 -Wall -ffunction-sections -ffat-lto-objects -Og -c zmanager.c -o .\CortexM0\ARM_GCC_541\Debug\zmanager.o
In file included from zmanager.c:2:0:
zmain.h:7:1: warning: multi-line comment [-Wcomment]
 //#define RED \
 ^
zmain.h:11:1: warning: multi-line comment [-Wcomment]
 //#define GREEN \
 ^
zmain.h:15:1: warning: multi-line comment [-Wcomment]
 //#define DIM \
 ^
arm-none-eabi-gcc.exe -mcpu=cortex-m0 -mthumb -I. -IGenerated_Source\PSoC4 -Wa,-alh=.\CortexM0\ARM_GCC_541\Debug/zkey.lst -g -D DEBUG -D CY_CORE_ID=0 -Wall -ffunction-sections -ffat-lto-objects -Og -c zkey.c -o .\CortexM0\ARM_GCC_541\Debug\zkey.o
In file included from zkey.c:2:0:
zmain.h:7:1: warning: multi-line comment [-Wcomment]
 //#define RED \
 ^
zmain.h:11:1: warning: multi-line comment [-Wcomment]
 //#define GREEN \
 ^
zmain.h:15:1: warning: multi-line comment [-Wcomment]
 //#define DIM \
 ^
arm-none-eabi-gcc.exe -mcpu=cortex-m0 -mthumb -I. -IGenerated_Source\PSoC4 -Wa,-alh=.\CortexM0\ARM_GCC_541\Debug/eeprom.lst -g -D DEBUG -D CY_CORE_ID=0 -Wall -ffunction-sections -ffat-lto-objects -Og -c eeprom.c -o .\CortexM0\ARM_GCC_541\Debug\eeprom.o
In file included from eeprom.c:2:0:
zmain.h:7:1: warning: multi-line comment [-Wcomment]
 //#define RED \
 ^
zmain.h:11:1: warning: multi-line comment [-Wcomment]
 //#define GREEN \
 ^
zmain.h:15:1: warning: multi-line comment [-Wcomment]
 //#define DIM \
 ^
arm-none-eabi-ar.exe -rs .\CortexM0\ARM_GCC_541\Debug\MyELock.a .\CortexM0\ARM_GCC_541\Debug\PWM.o .\CortexM0\ARM_GCC_541\Debug\PWM_PM.o .\CortexM0\ARM_GCC_541\Debug\cy_em_eeprom.o .\CortexM0\ARM_GCC_541\Debug\CyFlash.o .\CortexM0\ARM_GCC_541\Debug\CyLib.o .\CortexM0\ARM_GCC_541\Debug\cyPm.o .\CortexM0\ARM_GCC_541\Debug\cyutils.o .\CortexM0\ARM_GCC_541\Debug\CyLFClk.o .\CortexM0\ARM_GCC_541\Debug\MOTOR_A.o .\CortexM0\ARM_GCC_541\Debug\MOTOR_A_PM.o .\CortexM0\ARM_GCC_541\Debug\MOTOR_B.o .\CortexM0\ARM_GCC_541\Debug\MOTOR_B_PM.o .\CortexM0\ARM_GCC_541\Debug\MOTOR_C.o .\CortexM0\ARM_GCC_541\Debug\MOTOR_C_PM.o .\CortexM0\ARM_GCC_541\Debug\MOTOR_D.o .\CortexM0\ARM_GCC_541\Debug\MOTOR_D_PM.o .\CortexM0\ARM_GCC_541\Debug\Pin_BackLight.o .\CortexM0\ARM_GCC_541\Debug\Pin_BackLight_PM.o .\CortexM0\ARM_GCC_541\Debug\Pin_Buzz.o .\CortexM0\ARM_GCC_541\Debug\Pin_Buzz_PM.o .\CortexM0\ARM_GCC_541\Debug\Clock_1.o .\CortexM0\ARM_GCC_541\Debug\ISR_PWM.o .\CortexM0\ARM_GCC_541\Debug\BLE_1.o .\CortexM0\ARM_GCC_541\Debug\BLE_1_gatt.o .\CortexM0\ARM_GCC_541\Debug\BLE_1_eventHandler.o .\CortexM0\ARM_GCC_541\Debug\BLE_1_HAL_INT.o .\CortexM0\ARM_GCC_541\Debug\BLE_1_HAL_PVT.o .\CortexM0\ARM_GCC_541\Debug\BLE_1_custom.o .\CortexM0\ARM_GCC_541\Debug\BLE_1_bless_isr.o .\CortexM0\ARM_GCC_541\Debug\CapSense_Control.o .\CortexM0\ARM_GCC_541\Debug\CapSense_Processing.o .\CortexM0\ARM_GCC_541\Debug\CapSense_Structure.o .\CortexM0\ARM_GCC_541\Debug\CapSense_Tuner.o .\CortexM0\ARM_GCC_541\Debug\CapSense_Filter.o .\CortexM0\ARM_GCC_541\Debug\CapSense_Sensing.o .\CortexM0\ARM_GCC_541\Debug\CapSense_INT.o .\CortexM0\ARM_GCC_541\Debug\CapSense_SensingCSD_LL.o .\CortexM0\ARM_GCC_541\Debug\CapSense_SelfTest.o .\CortexM0\ARM_GCC_541\Debug\CapSense_ISR.o .\CortexM0\ARM_GCC_541\Debug\ISR_Finger.o .\CortexM0\ARM_GCC_541\Debug\Pin_Finger.o .\CortexM0\ARM_GCC_541\Debug\Pin_Finger_PM.o .\CortexM0\ARM_GCC_541\Debug\Pin_G.o .\CortexM0\ARM_GCC_541\Debug\Pin_G_PM.o .\CortexM0\ARM_GCC_541\Debug\Pin_B.o .\CortexM0\ARM_GCC_541\Debug\Pin_B_PM.o .\CortexM0\ARM_GCC_541\Debug\Em_EEPROM.o .\CortexM0\ARM_GCC_541\Debug\CyBootAsmGnu.o
arm-none-eabi-ar.exe: creating .\CortexM0\ARM_GCC_541\Debug\MyELock.a
arm-none-eabi-gcc.exe -Wl,--start-group -o D:\CYTEST\MyELock\eLock\MyELock.cydsn\CortexM0\ARM_GCC_541\Debug\MyELock.elf .\CortexM0\ARM_GCC_541\Debug\main.o .\CortexM0\ARM_GCC_541\Debug\zglobal.o .\CortexM0\ARM_GCC_541\Debug\ztimer.o .\CortexM0\ARM_GCC_541\Debug\zmoto.o .\CortexM0\ARM_GCC_541\Debug\zbeep.o .\CortexM0\ARM_GCC_541\Debug\zble.o .\CortexM0\ARM_GCC_541\Debug\zmanager.o .\CortexM0\ARM_GCC_541\Debug\zkey.o .\CortexM0\ARM_GCC_541\Debug\zdebug.o .\CortexM0\ARM_GCC_541\Debug\eeprom.o .\CortexM0\ARM_GCC_541\Debug\cyfitter_cfg.o .\CortexM0\ARM_GCC_541\Debug\cymetadata.o .\CortexM0\ARM_GCC_541\Debug\Cm0Start.o .\CortexM0\ARM_GCC_541\Debug\MyELock.a "C:\Users\Administrator\Documents\PSoC Creator\4.2\Downloads ( 4.2).cylib\BLE_v3_54\Library\gccCyBLEStack_BLE_SOC_PERIPHERAL.a" "C:\Users\Administrator\Documents\PSoC Creator\4.2\Downloads ( 4.2).cylib\CapSense_P4_v6_0\PSoC4\Library\Capsense_P4Library_GCC.a" -mcpu=cortex-m0 -mthumb -L Generated_Source\PSoC4 -Wl,-Map,.\CortexM0\ARM_GCC_541\Debug/MyELock.map -T Generated_Source\PSoC4\cm0gcc.ld -specs=nano.specs -Wl,--gc-sections -g -ffunction-sections -Og -ffat-lto-objects -Wl,--end-group
cyelftool.exe -C D:\CYTEST\MyELock\eLock\MyELock.cydsn\CortexM0\ARM_GCC_541\Debug\MyELock.elf --flash_row_size 128 --flash_size 131072 --flash_offset 0x00000000
No ELF section .cychecksum found, creating one
Application checksum calculated and stored in ELF section .cychecksum
Checksum calculated and stored in ELF section .cymeta
cyelftool.exe -S D:\CYTEST\MyELock\eLock\MyELock.cydsn\CortexM0\ARM_GCC_541\Debug\MyELock.elf
Flash used: 93788 of 131072 bytes (71.6%).
SRAM used: 13872 of 16384 bytes (84.7%). Stack: 3072 bytes. Heap: 1024 bytes.
--------------- Build Succeeded: 12/20/2018 21:11:41 ---------------
