--------------- Rebuild Started: 12/09/2018 23:56:47 Project: MyELock, Configuration: ARM GCC 5.4-2016-q2-update Debug ---------------
Deleting file ".\CortexM0\ARM_GCC_541\Debug\main.o"
Deleting file ".\CortexM0\ARM_GCC_541\Debug\zglobal.o"
Deleting file ".\CortexM0\ARM_GCC_541\Debug\ztimer.o"
Deleting file ".\CortexM0\ARM_GCC_541\Debug\zmoto.o"
Deleting file ".\CortexM0\ARM_GCC_541\Debug\zbeep.o"
Deleting file ".\CortexM0\ARM_GCC_541\Debug\zble.o"
Deleting file ".\CortexM0\ARM_GCC_541\Debug\zmanager.o"
Deleting file ".\CortexM0\ARM_GCC_541\Debug\zkey.o"
Deleting file ".\CortexM0\ARM_GCC_541\Debug\cyfitter_cfg.o"
Deleting file ".\CortexM0\ARM_GCC_541\Debug\cymetadata.o"
Deleting file ".\CortexM0\ARM_GCC_541\Debug\PWM.o"
Deleting file ".\CortexM0\ARM_GCC_541\Debug\PWM_PM.o"
Deleting file ".\CortexM0\ARM_GCC_541\Debug\cy_em_eeprom.o"
Deleting file ".\CortexM0\ARM_GCC_541\Debug\Cm0Start.o"
Deleting file ".\CortexM0\ARM_GCC_541\Debug\CyFlash.o"
Deleting file ".\CortexM0\ARM_GCC_541\Debug\CyLib.o"
Deleting file ".\CortexM0\ARM_GCC_541\Debug\cyPm.o"
Deleting file ".\CortexM0\ARM_GCC_541\Debug\cyutils.o"
Deleting file ".\CortexM0\ARM_GCC_541\Debug\CyBootAsmGnu.o"
Deleting file ".\CortexM0\ARM_GCC_541\Debug\CyLFClk.o"
Deleting file ".\CortexM0\ARM_GCC_541\Debug\MOTOR_A.o"
Deleting file ".\CortexM0\ARM_GCC_541\Debug\MOTOR_A_PM.o"
Deleting file ".\CortexM0\ARM_GCC_541\Debug\MOTOR_B.o"
Deleting file ".\CortexM0\ARM_GCC_541\Debug\MOTOR_B_PM.o"
Deleting file ".\CortexM0\ARM_GCC_541\Debug\MOTOR_C.o"
Deleting file ".\CortexM0\ARM_GCC_541\Debug\MOTOR_C_PM.o"
Deleting file ".\CortexM0\ARM_GCC_541\Debug\MOTOR_D.o"
Deleting file ".\CortexM0\ARM_GCC_541\Debug\MOTOR_D_PM.o"
Deleting file ".\CortexM0\ARM_GCC_541\Debug\Pin_BackLight.o"
Deleting file ".\CortexM0\ARM_GCC_541\Debug\Pin_BackLight_PM.o"
Deleting file ".\CortexM0\ARM_GCC_541\Debug\Pin_Buzz.o"
Deleting file ".\CortexM0\ARM_GCC_541\Debug\Pin_Buzz_PM.o"
Deleting file ".\CortexM0\ARM_GCC_541\Debug\Clock_1.o"
Deleting file ".\CortexM0\ARM_GCC_541\Debug\ISR_PWM.o"
Deleting file ".\CortexM0\ARM_GCC_541\Debug\BLE_1.o"
Deleting file ".\CortexM0\ARM_GCC_541\Debug\BLE_1_gatt.o"
Deleting file ".\CortexM0\ARM_GCC_541\Debug\BLE_1_eventHandler.o"
Deleting file ".\CortexM0\ARM_GCC_541\Debug\BLE_1_HAL_INT.o"
Deleting file ".\CortexM0\ARM_GCC_541\Debug\BLE_1_HAL_PVT.o"
Deleting file ".\CortexM0\ARM_GCC_541\Debug\BLE_1_custom.o"
Deleting file ".\CortexM0\ARM_GCC_541\Debug\BLE_1_bless_isr.o"
Deleting file ".\CortexM0\ARM_GCC_541\Debug\CapSense_Control.o"
Deleting file ".\CortexM0\ARM_GCC_541\Debug\CapSense_Processing.o"
Deleting file ".\CortexM0\ARM_GCC_541\Debug\CapSense_Structure.o"
Deleting file ".\CortexM0\ARM_GCC_541\Debug\CapSense_Tuner.o"
Deleting file ".\CortexM0\ARM_GCC_541\Debug\CapSense_Filter.o"
Deleting file ".\CortexM0\ARM_GCC_541\Debug\CapSense_Sensing.o"
Deleting file ".\CortexM0\ARM_GCC_541\Debug\CapSense_INT.o"
Deleting file ".\CortexM0\ARM_GCC_541\Debug\CapSense_SensingCSD_LL.o"
Deleting file ".\CortexM0\ARM_GCC_541\Debug\CapSense_SelfTest.o"
Deleting file ".\CortexM0\ARM_GCC_541\Debug\CapSense_ISR.o"
Deleting file ".\CortexM0\ARM_GCC_541\Debug\ISR_Finger.o"
Deleting file ".\CortexM0\ARM_GCC_541\Debug\Pin_Finger.o"
Deleting file ".\CortexM0\ARM_GCC_541\Debug\Pin_Finger_PM.o"
Deleting file ".\CortexM0\ARM_GCC_541\Debug\UART.o"
Deleting file ".\CortexM0\ARM_GCC_541\Debug\UART_SPI_UART.o"
Deleting file ".\CortexM0\ARM_GCC_541\Debug\UART_SPI_UART_INT.o"
Deleting file ".\CortexM0\ARM_GCC_541\Debug\UART_PM.o"
Deleting file ".\CortexM0\ARM_GCC_541\Debug\UART_UART.o"
Deleting file ".\CortexM0\ARM_GCC_541\Debug\UART_BOOT.o"
Deleting file ".\CortexM0\ARM_GCC_541\Debug\UART_UART_BOOT.o"
Deleting file ".\CortexM0\ARM_GCC_541\Debug\UART_SCBCLK.o"
Deleting file ".\CortexM0\ARM_GCC_541\Debug\UART_tx.o"
Deleting file ".\CortexM0\ARM_GCC_541\Debug\UART_tx_PM.o"
Deleting file ".\CortexM0\ARM_GCC_541\Debug\UART_SCB_IRQ.o"
Deleting file ".\CortexM0\ARM_GCC_541\Debug\UART_rx.o"
Deleting file ".\CortexM0\ARM_GCC_541\Debug\UART_rx_PM.o"
Deleting file ".\CortexM0\ARM_GCC_541\Debug\MyELock.hex"
Deleting file ".\CortexM0\ARM_GCC_541\Debug\MyELock.map"
Deleting file ".\MyELock.cycdx"
Deleting file ".\MyELock.svd"
Deleting file ".\MyELock.rpt"
Deleting file ".\MyELock_timing.html"
Deleting file ".\CortexM0\ARM_GCC_541\Debug\.deps\SOURCE_C__ARM_GCC_GENERIC.P"
Deleting file ".\CortexM0\ARM_GCC_541\Debug\.deps\SOURCE_ASM__ARM_GCC_GENERIC.P"
cydsfit.exe -.appdatapath "C:\Users\Administrator\AppData\Local\Cypress Semiconductor\PSoC Creator\4.2" -.fdsnotice -.fdswarpdepfile=warp_dependencies.txt -.fdselabdepfile=elab_dependencies.txt -.fdsbldfile=generated_files.txt -.fdsreffile=referenced_files.txt -p D:\CYTEST\MyELock\MyELock.cydsn\MyELock.cyprj -d CY8C4247LQI-BL483 -s D:\CYTEST\MyELock\MyELock.cydsn\Generated_Source\PSoC4 -- -yv2 -q10 -ygs -o2 -v3 -.fftcfgtype=LE
Elaborating Design...
HDL Generation...
Synthesis...
Tech Mapping...
Analog Placement...
Analog Routing...
Analog Code Generation...
Digital Placement...
Digital Routing...
Bitstream Generation...
Bitstream Verification...
Static timing analysis...
API Generation...
Dependency Generation...
Cleanup...
arm-none-eabi-gcc.exe -mcpu=cortex-m0 -mthumb -I. -IGenerated_Source\PSoC4 -Wa,-alh=.\CortexM0\ARM_GCC_541\Debug/main.lst -g -D DEBUG -D CY_CORE_ID=0 -Wall -ffunction-sections -ffat-lto-objects -Og -c main.c -o .\CortexM0\ARM_GCC_541\Debug\main.o
arm-none-eabi-gcc.exe -mcpu=cortex-m0 -mthumb -I. -IGenerated_Source\PSoC4 -Wa,-alh=.\CortexM0\ARM_GCC_541\Debug/zglobal.lst -g -D DEBUG -D CY_CORE_ID=0 -Wall -ffunction-sections -ffat-lto-objects -Og -c zglobal.c -o .\CortexM0\ARM_GCC_541\Debug\zglobal.o
arm-none-eabi-gcc.exe -mcpu=cortex-m0 -mthumb -I. -IGenerated_Source\PSoC4 -Wa,-alh=.\CortexM0\ARM_GCC_541\Debug/ztimer.lst -g -D DEBUG -D CY_CORE_ID=0 -Wall -ffunction-sections -ffat-lto-objects -Og -c ztimer.c -o .\CortexM0\ARM_GCC_541\Debug\ztimer.o
arm-none-eabi-gcc.exe -mcpu=cortex-m0 -mthumb -I. -IGenerated_Source\PSoC4 -Wa,-alh=.\CortexM0\ARM_GCC_541\Debug/zmoto.lst -g -D DEBUG -D CY_CORE_ID=0 -Wall -ffunction-sections -ffat-lto-objects -Og -c zmoto.c -o .\CortexM0\ARM_GCC_541\Debug\zmoto.o
arm-none-eabi-gcc.exe -mcpu=cortex-m0 -mthumb -I. -IGenerated_Source\PSoC4 -Wa,-alh=.\CortexM0\ARM_GCC_541\Debug/zbeep.lst -g -D DEBUG -D CY_CORE_ID=0 -Wall -ffunction-sections -ffat-lto-objects -Og -c zbeep.c -o .\CortexM0\ARM_GCC_541\Debug\zbeep.o
arm-none-eabi-gcc.exe -mcpu=cortex-m0 -mthumb -I. -IGenerated_Source\PSoC4 -Wa,-alh=.\CortexM0\ARM_GCC_541\Debug/zble.lst -g -D DEBUG -D CY_CORE_ID=0 -Wall -ffunction-sections -ffat-lto-objects -Og -c zble.c -o .\CortexM0\ARM_GCC_541\Debug\zble.o
arm-none-eabi-gcc.exe -mcpu=cortex-m0 -mthumb -I. -IGenerated_Source\PSoC4 -Wa,-alh=.\CortexM0\ARM_GCC_541\Debug/zmanager.lst -g -D DEBUG -D CY_CORE_ID=0 -Wall -ffunction-sections -ffat-lto-objects -Og -c zmanager.c -o .\CortexM0\ARM_GCC_541\Debug\zmanager.o
arm-none-eabi-gcc.exe -mcpu=cortex-m0 -mthumb -I. -IGenerated_Source\PSoC4 -Wa,-alh=.\CortexM0\ARM_GCC_541\Debug/zkey.lst -g -D DEBUG -D CY_CORE_ID=0 -Wall -ffunction-sections -ffat-lto-objects -Og -c zkey.c -o .\CortexM0\ARM_GCC_541\Debug\zkey.o
arm-none-eabi-gcc.exe -mcpu=cortex-m0 -mthumb -I. -IGenerated_Source\PSoC4 -Wa,-alh=.\CortexM0\ARM_GCC_541\Debug/cyfitter_cfg.lst -g -D DEBUG -D CY_CORE_ID=0 -Wall -ffunction-sections -ffat-lto-objects -Og -c Generated_Source\PSoC4\cyfitter_cfg.c -o .\CortexM0\ARM_GCC_541\Debug\cyfitter_cfg.o
arm-none-eabi-gcc.exe -mcpu=cortex-m0 -mthumb -I. -IGenerated_Source\PSoC4 -Wa,-alh=.\CortexM0\ARM_GCC_541\Debug/cymetadata.lst -g -D DEBUG -D CY_CORE_ID=0 -Wall -ffunction-sections -ffat-lto-objects -Og -c Generated_Source\PSoC4\cymetadata.c -o .\CortexM0\ARM_GCC_541\Debug\cymetadata.o
arm-none-eabi-gcc.exe -mcpu=cortex-m0 -mthumb -I. -IGenerated_Source\PSoC4 -Wa,-alh=.\CortexM0\ARM_GCC_541\Debug/PWM.lst -g -D DEBUG -D CY_CORE_ID=0 -Wall -ffunction-sections -ffat-lto-objects -Og -c Generated_Source\PSoC4\PWM.c -o .\CortexM0\ARM_GCC_541\Debug\PWM.o
arm-none-eabi-gcc.exe -mcpu=cortex-m0 -mthumb -I. -IGenerated_Source\PSoC4 -Wa,-alh=.\CortexM0\ARM_GCC_541\Debug/PWM_PM.lst -g -D DEBUG -D CY_CORE_ID=0 -Wall -ffunction-sections -ffat-lto-objects -Og -c Generated_Source\PSoC4\PWM_PM.c -o .\CortexM0\ARM_GCC_541\Debug\PWM_PM.o
arm-none-eabi-gcc.exe -mcpu=cortex-m0 -mthumb -I. -IGenerated_Source\PSoC4 -Wa,-alh=.\CortexM0\ARM_GCC_541\Debug/cy_em_eeprom.lst -g -D DEBUG -D CY_CORE_ID=0 -Wall -ffunction-sections -ffat-lto-objects -Og -c Generated_Source\PSoC4\cy_em_eeprom.c -o .\CortexM0\ARM_GCC_541\Debug\cy_em_eeprom.o
arm-none-eabi-gcc.exe -mcpu=cortex-m0 -mthumb -I. -IGenerated_Source\PSoC4 -Wa,-alh=.\CortexM0\ARM_GCC_541\Debug/Cm0Start.lst -g -D DEBUG -D CY_CORE_ID=0 -Wall -ffunction-sections -ffat-lto-objects -Og -c Generated_Source\PSoC4\Cm0Start.c -o .\CortexM0\ARM_GCC_541\Debug\Cm0Start.o
arm-none-eabi-gcc.exe -mcpu=cortex-m0 -mthumb -I. -IGenerated_Source\PSoC4 -Wa,-alh=.\CortexM0\ARM_GCC_541\Debug/CyFlash.lst -g -D DEBUG -D CY_CORE_ID=0 -Wall -ffunction-sections -ffat-lto-objects -Og -c Generated_Source\PSoC4\CyFlash.c -o .\CortexM0\ARM_GCC_541\Debug\CyFlash.o
arm-none-eabi-gcc.exe -mcpu=cortex-m0 -mthumb -I. -IGenerated_Source\PSoC4 -Wa,-alh=.\CortexM0\ARM_GCC_541\Debug/CyLib.lst -g -D DEBUG -D CY_CORE_ID=0 -Wall -ffunction-sections -ffat-lto-objects -Og -c Generated_Source\PSoC4\CyLib.c -o .\CortexM0\ARM_GCC_541\Debug\CyLib.o
arm-none-eabi-gcc.exe -mcpu=cortex-m0 -mthumb -I. -IGenerated_Source\PSoC4 -Wa,-alh=.\CortexM0\ARM_GCC_541\Debug/cyPm.lst -g -D DEBUG -D CY_CORE_ID=0 -Wall -ffunction-sections -ffat-lto-objects -Og -c Generated_Source\PSoC4\cyPm.c -o .\CortexM0\ARM_GCC_541\Debug\cyPm.o
arm-none-eabi-gcc.exe -mcpu=cortex-m0 -mthumb -I. -IGenerated_Source\PSoC4 -Wa,-alh=.\CortexM0\ARM_GCC_541\Debug/cyutils.lst -g -D DEBUG -D CY_CORE_ID=0 -Wall -ffunction-sections -ffat-lto-objects -Og -c Generated_Source\PSoC4\cyutils.c -o .\CortexM0\ARM_GCC_541\Debug\cyutils.o
arm-none-eabi-gcc.exe -mcpu=cortex-m0 -mthumb -I. -IGenerated_Source\PSoC4 -Wa,-alh=.\CortexM0\ARM_GCC_541\Debug/CyLFClk.lst -g -D DEBUG -D CY_CORE_ID=0 -Wall -ffunction-sections -ffat-lto-objects -Og -c Generated_Source\PSoC4\CyLFClk.c -o .\CortexM0\ARM_GCC_541\Debug\CyLFClk.o
arm-none-eabi-gcc.exe -mcpu=cortex-m0 -mthumb -I. -IGenerated_Source\PSoC4 -Wa,-alh=.\CortexM0\ARM_GCC_541\Debug/MOTOR_A.lst -g -D DEBUG -D CY_CORE_ID=0 -Wall -ffunction-sections -ffat-lto-objects -Og -c Generated_Source\PSoC4\MOTOR_A.c -o .\CortexM0\ARM_GCC_541\Debug\MOTOR_A.o
arm-none-eabi-gcc.exe -mcpu=cortex-m0 -mthumb -I. -IGenerated_Source\PSoC4 -Wa,-alh=.\CortexM0\ARM_GCC_541\Debug/MOTOR_A_PM.lst -g -D DEBUG -D CY_CORE_ID=0 -Wall -ffunction-sections -ffat-lto-objects -Og -c Generated_Source\PSoC4\MOTOR_A_PM.c -o .\CortexM0\ARM_GCC_541\Debug\MOTOR_A_PM.o
arm-none-eabi-gcc.exe -mcpu=cortex-m0 -mthumb -I. -IGenerated_Source\PSoC4 -Wa,-alh=.\CortexM0\ARM_GCC_541\Debug/MOTOR_B.lst -g -D DEBUG -D CY_CORE_ID=0 -Wall -ffunction-sections -ffat-lto-objects -Og -c Generated_Source\PSoC4\MOTOR_B.c -o .\CortexM0\ARM_GCC_541\Debug\MOTOR_B.o
arm-none-eabi-gcc.exe -mcpu=cortex-m0 -mthumb -I. -IGenerated_Source\PSoC4 -Wa,-alh=.\CortexM0\ARM_GCC_541\Debug/MOTOR_B_PM.lst -g -D DEBUG -D CY_CORE_ID=0 -Wall -ffunction-sections -ffat-lto-objects -Og -c Generated_Source\PSoC4\MOTOR_B_PM.c -o .\CortexM0\ARM_GCC_541\Debug\MOTOR_B_PM.o
arm-none-eabi-gcc.exe -mcpu=cortex-m0 -mthumb -I. -IGenerated_Source\PSoC4 -Wa,-alh=.\CortexM0\ARM_GCC_541\Debug/MOTOR_C.lst -g -D DEBUG -D CY_CORE_ID=0 -Wall -ffunction-sections -ffat-lto-objects -Og -c Generated_Source\PSoC4\MOTOR_C.c -o .\CortexM0\ARM_GCC_541\Debug\MOTOR_C.o
arm-none-eabi-gcc.exe -mcpu=cortex-m0 -mthumb -I. -IGenerated_Source\PSoC4 -Wa,-alh=.\CortexM0\ARM_GCC_541\Debug/MOTOR_C_PM.lst -g -D DEBUG -D CY_CORE_ID=0 -Wall -ffunction-sections -ffat-lto-objects -Og -c Generated_Source\PSoC4\MOTOR_C_PM.c -o .\CortexM0\ARM_GCC_541\Debug\MOTOR_C_PM.o
arm-none-eabi-gcc.exe -mcpu=cortex-m0 -mthumb -I. -IGenerated_Source\PSoC4 -Wa,-alh=.\CortexM0\ARM_GCC_541\Debug/MOTOR_D.lst -g -D DEBUG -D CY_CORE_ID=0 -Wall -ffunction-sections -ffat-lto-objects -Og -c Generated_Source\PSoC4\MOTOR_D.c -o .\CortexM0\ARM_GCC_541\Debug\MOTOR_D.o
arm-none-eabi-gcc.exe -mcpu=cortex-m0 -mthumb -I. -IGenerated_Source\PSoC4 -Wa,-alh=.\CortexM0\ARM_GCC_541\Debug/MOTOR_D_PM.lst -g -D DEBUG -D CY_CORE_ID=0 -Wall -ffunction-sections -ffat-lto-objects -Og -c Generated_Source\PSoC4\MOTOR_D_PM.c -o .\CortexM0\ARM_GCC_541\Debug\MOTOR_D_PM.o
arm-none-eabi-gcc.exe -mcpu=cortex-m0 -mthumb -I. -IGenerated_Source\PSoC4 -Wa,-alh=.\CortexM0\ARM_GCC_541\Debug/Pin_BackLight.lst -g -D DEBUG -D CY_CORE_ID=0 -Wall -ffunction-sections -ffat-lto-objects -Og -c Generated_Source\PSoC4\Pin_BackLight.c -o .\CortexM0\ARM_GCC_541\Debug\Pin_BackLight.o
arm-none-eabi-gcc.exe -mcpu=cortex-m0 -mthumb -I. -IGenerated_Source\PSoC4 -Wa,-alh=.\CortexM0\ARM_GCC_541\Debug/Pin_BackLight_PM.lst -g -D DEBUG -D CY_CORE_ID=0 -Wall -ffunction-sections -ffat-lto-objects -Og -c Generated_Source\PSoC4\Pin_BackLight_PM.c -o .\CortexM0\ARM_GCC_541\Debug\Pin_BackLight_PM.o
arm-none-eabi-gcc.exe -mcpu=cortex-m0 -mthumb -I. -IGenerated_Source\PSoC4 -Wa,-alh=.\CortexM0\ARM_GCC_541\Debug/Pin_Buzz.lst -g -D DEBUG -D CY_CORE_ID=0 -Wall -ffunction-sections -ffat-lto-objects -Og -c Generated_Source\PSoC4\Pin_Buzz.c -o .\CortexM0\ARM_GCC_541\Debug\Pin_Buzz.o
arm-none-eabi-gcc.exe -mcpu=cortex-m0 -mthumb -I. -IGenerated_Source\PSoC4 -Wa,-alh=.\CortexM0\ARM_GCC_541\Debug/Pin_Buzz_PM.lst -g -D DEBUG -D CY_CORE_ID=0 -Wall -ffunction-sections -ffat-lto-objects -Og -c Generated_Source\PSoC4\Pin_Buzz_PM.c -o .\CortexM0\ARM_GCC_541\Debug\Pin_Buzz_PM.o
arm-none-eabi-gcc.exe -mcpu=cortex-m0 -mthumb -I. -IGenerated_Source\PSoC4 -Wa,-alh=.\CortexM0\ARM_GCC_541\Debug/Clock_1.lst -g -D DEBUG -D CY_CORE_ID=0 -Wall -ffunction-sections -ffat-lto-objects -Og -c Generated_Source\PSoC4\Clock_1.c -o .\CortexM0\ARM_GCC_541\Debug\Clock_1.o
arm-none-eabi-gcc.exe -mcpu=cortex-m0 -mthumb -I. -IGenerated_Source\PSoC4 -Wa,-alh=.\CortexM0\ARM_GCC_541\Debug/ISR_PWM.lst -g -D DEBUG -D CY_CORE_ID=0 -Wall -ffunction-sections -ffat-lto-objects -Og -c Generated_Source\PSoC4\ISR_PWM.c -o .\CortexM0\ARM_GCC_541\Debug\ISR_PWM.o
arm-none-eabi-gcc.exe -mcpu=cortex-m0 -mthumb -I. -IGenerated_Source\PSoC4 -Wa,-alh=.\CortexM0\ARM_GCC_541\Debug/BLE_1.lst -g -D DEBUG -D CY_CORE_ID=0 -Wall -ffunction-sections -ffat-lto-objects -Og -c Generated_Source\PSoC4\BLE_1.c -o .\CortexM0\ARM_GCC_541\Debug\BLE_1.o
arm-none-eabi-gcc.exe -mcpu=cortex-m0 -mthumb -I. -IGenerated_Source\PSoC4 -Wa,-alh=.\CortexM0\ARM_GCC_541\Debug/BLE_1_gatt.lst -g -D DEBUG -D CY_CORE_ID=0 -Wall -ffunction-sections -ffat-lto-objects -Og -c Generated_Source\PSoC4\BLE_1_gatt.c -o .\CortexM0\ARM_GCC_541\Debug\BLE_1_gatt.o
arm-none-eabi-gcc.exe -mcpu=cortex-m0 -mthumb -I. -IGenerated_Source\PSoC4 -Wa,-alh=.\CortexM0\ARM_GCC_541\Debug/BLE_1_eventHandler.lst -g -D DEBUG -D CY_CORE_ID=0 -Wall -ffunction-sections -ffat-lto-objects -Og -c Generated_Source\PSoC4\BLE_1_eventHandler.c -o .\CortexM0\ARM_GCC_541\Debug\BLE_1_eventHandler.o
arm-none-eabi-gcc.exe -mcpu=cortex-m0 -mthumb -I. -IGenerated_Source\PSoC4 -Wa,-alh=.\CortexM0\ARM_GCC_541\Debug/BLE_1_HAL_INT.lst -g -D DEBUG -D CY_CORE_ID=0 -Wall -ffunction-sections -ffat-lto-objects -Og -c Generated_Source\PSoC4\BLE_1_HAL_INT.c -o .\CortexM0\ARM_GCC_541\Debug\BLE_1_HAL_INT.o
arm-none-eabi-gcc.exe -mcpu=cortex-m0 -mthumb -I. -IGenerated_Source\PSoC4 -Wa,-alh=.\CortexM0\ARM_GCC_541\Debug/BLE_1_HAL_PVT.lst -g -D DEBUG -D CY_CORE_ID=0 -Wall -ffunction-sections -ffat-lto-objects -Og -c Generated_Source\PSoC4\BLE_1_HAL_PVT.c -o .\CortexM0\ARM_GCC_541\Debug\BLE_1_HAL_PVT.o
arm-none-eabi-gcc.exe -mcpu=cortex-m0 -mthumb -I. -IGenerated_Source\PSoC4 -Wa,-alh=.\CortexM0\ARM_GCC_541\Debug/BLE_1_custom.lst -g -D DEBUG -D CY_CORE_ID=0 -Wall -ffunction-sections -ffat-lto-objects -Og -c Generated_Source\PSoC4\BLE_1_custom.c -o .\CortexM0\ARM_GCC_541\Debug\BLE_1_custom.o
arm-none-eabi-gcc.exe -mcpu=cortex-m0 -mthumb -I. -IGenerated_Source\PSoC4 -Wa,-alh=.\CortexM0\ARM_GCC_541\Debug/BLE_1_bless_isr.lst -g -D DEBUG -D CY_CORE_ID=0 -Wall -ffunction-sections -ffat-lto-objects -Og -c Generated_Source\PSoC4\BLE_1_bless_isr.c -o .\CortexM0\ARM_GCC_541\Debug\BLE_1_bless_isr.o
arm-none-eabi-gcc.exe -mcpu=cortex-m0 -mthumb -I. -IGenerated_Source\PSoC4 -Wa,-alh=.\CortexM0\ARM_GCC_541\Debug/CapSense_Control.lst -g -D DEBUG -D CY_CORE_ID=0 -Wall -ffunction-sections -ffat-lto-objects -Og -c Generated_Source\PSoC4\CapSense_Control.c -o .\CortexM0\ARM_GCC_541\Debug\CapSense_Control.o
arm-none-eabi-gcc.exe -mcpu=cortex-m0 -mthumb -I. -IGenerated_Source\PSoC4 -Wa,-alh=.\CortexM0\ARM_GCC_541\Debug/CapSense_Processing.lst -g -D DEBUG -D CY_CORE_ID=0 -Wall -ffunction-sections -ffat-lto-objects -Og -c Generated_Source\PSoC4\CapSense_Processing.c -o .\CortexM0\ARM_GCC_541\Debug\CapSense_Processing.o
arm-none-eabi-gcc.exe -mcpu=cortex-m0 -mthumb -I. -IGenerated_Source\PSoC4 -Wa,-alh=.\CortexM0\ARM_GCC_541\Debug/CapSense_Structure.lst -g -D DEBUG -D CY_CORE_ID=0 -Wall -ffunction-sections -ffat-lto-objects -Og -c Generated_Source\PSoC4\CapSense_Structure.c -o .\CortexM0\ARM_GCC_541\Debug\CapSense_Structure.o
arm-none-eabi-gcc.exe -mcpu=cortex-m0 -mthumb -I. -IGenerated_Source\PSoC4 -Wa,-alh=.\CortexM0\ARM_GCC_541\Debug/CapSense_Tuner.lst -g -D DEBUG -D CY_CORE_ID=0 -Wall -ffunction-sections -ffat-lto-objects -Og -c Generated_Source\PSoC4\CapSense_Tuner.c -o .\CortexM0\ARM_GCC_541\Debug\CapSense_Tuner.o
arm-none-eabi-gcc.exe -mcpu=cortex-m0 -mthumb -I. -IGenerated_Source\PSoC4 -Wa,-alh=.\CortexM0\ARM_GCC_541\Debug/CapSense_Filter.lst -g -D DEBUG -D CY_CORE_ID=0 -Wall -ffunction-sections -ffat-lto-objects -Og -c Generated_Source\PSoC4\CapSense_Filter.c -o .\CortexM0\ARM_GCC_541\Debug\CapSense_Filter.o
arm-none-eabi-gcc.exe -mcpu=cortex-m0 -mthumb -I. -IGenerated_Source\PSoC4 -Wa,-alh=.\CortexM0\ARM_GCC_541\Debug/CapSense_Sensing.lst -g -D DEBUG -D CY_CORE_ID=0 -Wall -ffunction-sections -ffat-lto-objects -Og -c Generated_Source\PSoC4\CapSense_Sensing.c -o .\CortexM0\ARM_GCC_541\Debug\CapSense_Sensing.o
arm-none-eabi-gcc.exe -mcpu=cortex-m0 -mthumb -I. -IGenerated_Source\PSoC4 -Wa,-alh=.\CortexM0\ARM_GCC_541\Debug/CapSense_INT.lst -g -D DEBUG -D CY_CORE_ID=0 -Wall -ffunction-sections -ffat-lto-objects -Og -c Generated_Source\PSoC4\CapSense_INT.c -o .\CortexM0\ARM_GCC_541\Debug\CapSense_INT.o
arm-none-eabi-gcc.exe -mcpu=cortex-m0 -mthumb -I. -IGenerated_Source\PSoC4 -Wa,-alh=.\CortexM0\ARM_GCC_541\Debug/CapSense_SensingCSD_LL.lst -g -D DEBUG -D CY_CORE_ID=0 -Wall -ffunction-sections -ffat-lto-objects -Og -c Generated_Source\PSoC4\CapSense_SensingCSD_LL.c -o .\CortexM0\ARM_GCC_541\Debug\CapSense_SensingCSD_LL.o
arm-none-eabi-gcc.exe -mcpu=cortex-m0 -mthumb -I. -IGenerated_Source\PSoC4 -Wa,-alh=.\CortexM0\ARM_GCC_541\Debug/CapSense_SelfTest.lst -g -D DEBUG -D CY_CORE_ID=0 -Wall -ffunction-sections -ffat-lto-objects -Og -c Generated_Source\PSoC4\CapSense_SelfTest.c -o .\CortexM0\ARM_GCC_541\Debug\CapSense_SelfTest.o
arm-none-eabi-gcc.exe -mcpu=cortex-m0 -mthumb -I. -IGenerated_Source\PSoC4 -Wa,-alh=.\CortexM0\ARM_GCC_541\Debug/CapSense_ISR.lst -g -D DEBUG -D CY_CORE_ID=0 -Wall -ffunction-sections -ffat-lto-objects -Og -c Generated_Source\PSoC4\CapSense_ISR.c -o .\CortexM0\ARM_GCC_541\Debug\CapSense_ISR.o
arm-none-eabi-gcc.exe -mcpu=cortex-m0 -mthumb -I. -IGenerated_Source\PSoC4 -Wa,-alh=.\CortexM0\ARM_GCC_541\Debug/ISR_Finger.lst -g -D DEBUG -D CY_CORE_ID=0 -Wall -ffunction-sections -ffat-lto-objects -Og -c Generated_Source\PSoC4\ISR_Finger.c -o .\CortexM0\ARM_GCC_541\Debug\ISR_Finger.o
arm-none-eabi-gcc.exe -mcpu=cortex-m0 -mthumb -I. -IGenerated_Source\PSoC4 -Wa,-alh=.\CortexM0\ARM_GCC_541\Debug/Pin_Finger.lst -g -D DEBUG -D CY_CORE_ID=0 -Wall -ffunction-sections -ffat-lto-objects -Og -c Generated_Source\PSoC4\Pin_Finger.c -o .\CortexM0\ARM_GCC_541\Debug\Pin_Finger.o
arm-none-eabi-gcc.exe -mcpu=cortex-m0 -mthumb -I. -IGenerated_Source\PSoC4 -Wa,-alh=.\CortexM0\ARM_GCC_541\Debug/Pin_Finger_PM.lst -g -D DEBUG -D CY_CORE_ID=0 -Wall -ffunction-sections -ffat-lto-objects -Og -c Generated_Source\PSoC4\Pin_Finger_PM.c -o .\CortexM0\ARM_GCC_541\Debug\Pin_Finger_PM.o
arm-none-eabi-gcc.exe -mcpu=cortex-m0 -mthumb -I. -IGenerated_Source\PSoC4 -Wa,-alh=.\CortexM0\ARM_GCC_541\Debug/UART.lst -g -D DEBUG -D CY_CORE_ID=0 -Wall -ffunction-sections -ffat-lto-objects -Og -c Generated_Source\PSoC4\UART.c -o .\CortexM0\ARM_GCC_541\Debug\UART.o
arm-none-eabi-gcc.exe -mcpu=cortex-m0 -mthumb -I. -IGenerated_Source\PSoC4 -Wa,-alh=.\CortexM0\ARM_GCC_541\Debug/UART_SPI_UART.lst -g -D DEBUG -D CY_CORE_ID=0 -Wall -ffunction-sections -ffat-lto-objects -Og -c Generated_Source\PSoC4\UART_SPI_UART.c -o .\CortexM0\ARM_GCC_541\Debug\UART_SPI_UART.o
arm-none-eabi-gcc.exe -mcpu=cortex-m0 -mthumb -I. -IGenerated_Source\PSoC4 -Wa,-alh=.\CortexM0\ARM_GCC_541\Debug/UART_SPI_UART_INT.lst -g -D DEBUG -D CY_CORE_ID=0 -Wall -ffunction-sections -ffat-lto-objects -Og -c Generated_Source\PSoC4\UART_SPI_UART_INT.c -o .\CortexM0\ARM_GCC_541\Debug\UART_SPI_UART_INT.o
arm-none-eabi-gcc.exe -mcpu=cortex-m0 -mthumb -I. -IGenerated_Source\PSoC4 -Wa,-alh=.\CortexM0\ARM_GCC_541\Debug/UART_PM.lst -g -D DEBUG -D CY_CORE_ID=0 -Wall -ffunction-sections -ffat-lto-objects -Og -c Generated_Source\PSoC4\UART_PM.c -o .\CortexM0\ARM_GCC_541\Debug\UART_PM.o
arm-none-eabi-gcc.exe -mcpu=cortex-m0 -mthumb -I. -IGenerated_Source\PSoC4 -Wa,-alh=.\CortexM0\ARM_GCC_541\Debug/UART_UART.lst -g -D DEBUG -D CY_CORE_ID=0 -Wall -ffunction-sections -ffat-lto-objects -Og -c Generated_Source\PSoC4\UART_UART.c -o .\CortexM0\ARM_GCC_541\Debug\UART_UART.o
arm-none-eabi-gcc.exe -mcpu=cortex-m0 -mthumb -I. -IGenerated_Source\PSoC4 -Wa,-alh=.\CortexM0\ARM_GCC_541\Debug/UART_BOOT.lst -g -D DEBUG -D CY_CORE_ID=0 -Wall -ffunction-sections -ffat-lto-objects -Og -c Generated_Source\PSoC4\UART_BOOT.c -o .\CortexM0\ARM_GCC_541\Debug\UART_BOOT.o
arm-none-eabi-gcc.exe -mcpu=cortex-m0 -mthumb -I. -IGenerated_Source\PSoC4 -Wa,-alh=.\CortexM0\ARM_GCC_541\Debug/UART_UART_BOOT.lst -g -D DEBUG -D CY_CORE_ID=0 -Wall -ffunction-sections -ffat-lto-objects -Og -c Generated_Source\PSoC4\UART_UART_BOOT.c -o .\CortexM0\ARM_GCC_541\Debug\UART_UART_BOOT.o
arm-none-eabi-gcc.exe -mcpu=cortex-m0 -mthumb -I. -IGenerated_Source\PSoC4 -Wa,-alh=.\CortexM0\ARM_GCC_541\Debug/UART_SCBCLK.lst -g -D DEBUG -D CY_CORE_ID=0 -Wall -ffunction-sections -ffat-lto-objects -Og -c Generated_Source\PSoC4\UART_SCBCLK.c -o .\CortexM0\ARM_GCC_541\Debug\UART_SCBCLK.o
arm-none-eabi-gcc.exe -mcpu=cortex-m0 -mthumb -I. -IGenerated_Source\PSoC4 -Wa,-alh=.\CortexM0\ARM_GCC_541\Debug/UART_tx.lst -g -D DEBUG -D CY_CORE_ID=0 -Wall -ffunction-sections -ffat-lto-objects -Og -c Generated_Source\PSoC4\UART_tx.c -o .\CortexM0\ARM_GCC_541\Debug\UART_tx.o
arm-none-eabi-gcc.exe -mcpu=cortex-m0 -mthumb -I. -IGenerated_Source\PSoC4 -Wa,-alh=.\CortexM0\ARM_GCC_541\Debug/UART_tx_PM.lst -g -D DEBUG -D CY_CORE_ID=0 -Wall -ffunction-sections -ffat-lto-objects -Og -c Generated_Source\PSoC4\UART_tx_PM.c -o .\CortexM0\ARM_GCC_541\Debug\UART_tx_PM.o
arm-none-eabi-gcc.exe -mcpu=cortex-m0 -mthumb -I. -IGenerated_Source\PSoC4 -Wa,-alh=.\CortexM0\ARM_GCC_541\Debug/UART_SCB_IRQ.lst -g -D DEBUG -D CY_CORE_ID=0 -Wall -ffunction-sections -ffat-lto-objects -Og -c Generated_Source\PSoC4\UART_SCB_IRQ.c -o .\CortexM0\ARM_GCC_541\Debug\UART_SCB_IRQ.o
arm-none-eabi-gcc.exe -mcpu=cortex-m0 -mthumb -I. -IGenerated_Source\PSoC4 -Wa,-alh=.\CortexM0\ARM_GCC_541\Debug/UART_rx.lst -g -D DEBUG -D CY_CORE_ID=0 -Wall -ffunction-sections -ffat-lto-objects -Og -c Generated_Source\PSoC4\UART_rx.c -o .\CortexM0\ARM_GCC_541\Debug\UART_rx.o
arm-none-eabi-gcc.exe -mcpu=cortex-m0 -mthumb -I. -IGenerated_Source\PSoC4 -Wa,-alh=.\CortexM0\ARM_GCC_541\Debug/UART_rx_PM.lst -g -D DEBUG -D CY_CORE_ID=0 -Wall -ffunction-sections -ffat-lto-objects -Og -c Generated_Source\PSoC4\UART_rx_PM.c -o .\CortexM0\ARM_GCC_541\Debug\UART_rx_PM.o
arm-none-eabi-as.exe -mcpu=cortex-m0 -mthumb -I. -IGenerated_Source\PSoC4 -alh=.\CortexM0\ARM_GCC_541\Debug/CyBootAsmGnu.lst -g -W -o .\CortexM0\ARM_GCC_541\Debug\CyBootAsmGnu.o Generated_Source\PSoC4\CyBootAsmGnu.s
arm-none-eabi-ar.exe -rs .\CortexM0\ARM_GCC_541\Debug\MyELock.a .\CortexM0\ARM_GCC_541\Debug\PWM.o .\CortexM0\ARM_GCC_541\Debug\PWM_PM.o .\CortexM0\ARM_GCC_541\Debug\cy_em_eeprom.o .\CortexM0\ARM_GCC_541\Debug\CyFlash.o .\CortexM0\ARM_GCC_541\Debug\CyLib.o .\CortexM0\ARM_GCC_541\Debug\cyPm.o .\CortexM0\ARM_GCC_541\Debug\cyutils.o .\CortexM0\ARM_GCC_541\Debug\CyLFClk.o .\CortexM0\ARM_GCC_541\Debug\MOTOR_A.o .\CortexM0\ARM_GCC_541\Debug\MOTOR_A_PM.o .\CortexM0\ARM_GCC_541\Debug\MOTOR_B.o .\CortexM0\ARM_GCC_541\Debug\MOTOR_B_PM.o .\CortexM0\ARM_GCC_541\Debug\MOTOR_C.o .\CortexM0\ARM_GCC_541\Debug\MOTOR_C_PM.o .\CortexM0\ARM_GCC_541\Debug\MOTOR_D.o .\CortexM0\ARM_GCC_541\Debug\MOTOR_D_PM.o .\CortexM0\ARM_GCC_541\Debug\Pin_BackLight.o .\CortexM0\ARM_GCC_541\Debug\Pin_BackLight_PM.o .\CortexM0\ARM_GCC_541\Debug\Pin_Buzz.o .\CortexM0\ARM_GCC_541\Debug\Pin_Buzz_PM.o .\CortexM0\ARM_GCC_541\Debug\Clock_1.o .\CortexM0\ARM_GCC_541\Debug\ISR_PWM.o .\CortexM0\ARM_GCC_541\Debug\BLE_1.o .\CortexM0\ARM_GCC_541\Debug\BLE_1_gatt.o .\CortexM0\ARM_GCC_541\Debug\BLE_1_eventHandler.o .\CortexM0\ARM_GCC_541\Debug\BLE_1_HAL_INT.o .\CortexM0\ARM_GCC_541\Debug\BLE_1_HAL_PVT.o .\CortexM0\ARM_GCC_541\Debug\BLE_1_custom.o .\CortexM0\ARM_GCC_541\Debug\BLE_1_bless_isr.o .\CortexM0\ARM_GCC_541\Debug\CapSense_Control.o .\CortexM0\ARM_GCC_541\Debug\CapSense_Processing.o .\CortexM0\ARM_GCC_541\Debug\CapSense_Structure.o .\CortexM0\ARM_GCC_541\Debug\CapSense_Tuner.o .\CortexM0\ARM_GCC_541\Debug\CapSense_Filter.o .\CortexM0\ARM_GCC_541\Debug\CapSense_Sensing.o .\CortexM0\ARM_GCC_541\Debug\CapSense_INT.o .\CortexM0\ARM_GCC_541\Debug\CapSense_SensingCSD_LL.o .\CortexM0\ARM_GCC_541\Debug\CapSense_SelfTest.o .\CortexM0\ARM_GCC_541\Debug\CapSense_ISR.o .\CortexM0\ARM_GCC_541\Debug\ISR_Finger.o .\CortexM0\ARM_GCC_541\Debug\Pin_Finger.o .\CortexM0\ARM_GCC_541\Debug\Pin_Finger_PM.o .\CortexM0\ARM_GCC_541\Debug\UART.o .\CortexM0\ARM_GCC_541\Debug\UART_SPI_UART.o .\CortexM0\ARM_GCC_541\Debug\UART_SPI_UART_INT.o .\CortexM0\ARM_GCC_541\Debug\UART_PM.o .\CortexM0\ARM_GCC_541\Debug\UART_UART.o .\CortexM0\ARM_GCC_541\Debug\UART_BOOT.o .\CortexM0\ARM_GCC_541\Debug\UART_UART_BOOT.o .\CortexM0\ARM_GCC_541\Debug\UART_SCBCLK.o .\CortexM0\ARM_GCC_541\Debug\UART_tx.o .\CortexM0\ARM_GCC_541\Debug\UART_tx_PM.o .\CortexM0\ARM_GCC_541\Debug\UART_SCB_IRQ.o .\CortexM0\ARM_GCC_541\Debug\UART_rx.o .\CortexM0\ARM_GCC_541\Debug\UART_rx_PM.o .\CortexM0\ARM_GCC_541\Debug\CyBootAsmGnu.o
arm-none-eabi-ar.exe: creating .\CortexM0\ARM_GCC_541\Debug\MyELock.a
arm-none-eabi-gcc.exe -Wl,--start-group -o D:\CYTEST\MyELock\MyELock.cydsn\CortexM0\ARM_GCC_541\Debug\MyELock.elf .\CortexM0\ARM_GCC_541\Debug\main.o .\CortexM0\ARM_GCC_541\Debug\zglobal.o .\CortexM0\ARM_GCC_541\Debug\ztimer.o .\CortexM0\ARM_GCC_541\Debug\zmoto.o .\CortexM0\ARM_GCC_541\Debug\zbeep.o .\CortexM0\ARM_GCC_541\Debug\zble.o .\CortexM0\ARM_GCC_541\Debug\zmanager.o .\CortexM0\ARM_GCC_541\Debug\zkey.o .\CortexM0\ARM_GCC_541\Debug\cyfitter_cfg.o .\CortexM0\ARM_GCC_541\Debug\cymetadata.o .\CortexM0\ARM_GCC_541\Debug\Cm0Start.o .\CortexM0\ARM_GCC_541\Debug\MyELock.a "C:\Users\Administrator\Documents\PSoC Creator\4.2\Downloads ( 4.2).cylib\BLE_v3_54\Library\gccCyBLEStack_BLE_SOC_PERIPHERAL.a" "C:\Users\Administrator\Documents\PSoC Creator\4.2\Downloads ( 4.2).cylib\CapSense_P4_v6_0\PSoC4\Library\Capsense_P4Library_GCC.a" -mcpu=cortex-m0 -mthumb -L Generated_Source\PSoC4 -Wl,-Map,.\CortexM0\ARM_GCC_541\Debug/MyELock.map -T Generated_Source\PSoC4\cm0gcc.ld -specs=nano.specs -Wl,--gc-sections -g -ffunction-sections -Og -ffat-lto-objects -Wl,--end-group
ERROR: region RAM overflowed with stackcollect2.exe: error: ld returned 1 exit status
The command 'arm-none-eabi-gcc.exe' failed with exit code '1'.
--------------- Rebuild Failed: 12/09/2018 23:57:33 ---------------
